L 07/09/2022 - 20:51:01: Log file started (file "logs\L0709014.log") (game "C:\Users\kazza\Desktop\Garry's Mod\steamcmd\steamapps\common\GarrysModDS\garrysmod") (version "8607")
L 07/09/2022 - 20:51:01: server_cvar: "sbox_noclip" "0"
L 07/09/2022 - 20:51:01: server_cvar: "sbox_maxprops" "80"
L 07/09/2022 - 20:51:01: server_cvar: "sbox_maxragdolls" "0"
L 07/09/2022 - 20:51:01: server_cvar: "sbox_maxnpcs" "0"
L 07/09/2022 - 20:51:01: server_cvar: "sbox_maxballoons" "0"
L 07/09/2022 - 20:51:01: server_cvar: "sbox_maxeffects" "0"
L 07/09/2022 - 20:51:01: server_cvar: "sbox_maxdynamite" "0"
L 07/09/2022 - 20:51:01: server_cvar: "sbox_maxlamps" "0"
L 07/09/2022 - 20:51:01: server_cvar: "sbox_maxthrusters" "0"
L 07/09/2022 - 20:51:01: server_cvar: "sbox_maxwheels" "0"
L 07/09/2022 - 20:51:01: server_cvar: "sbox_maxhoverballs" "0"
L 07/09/2022 - 20:51:01: server_cvar: "sbox_maxvehicles" "1"
L 07/09/2022 - 20:51:01: server_cvar: "sbox_maxbuttons" "6"
L 07/09/2022 - 20:51:01: server_cvar: "sbox_maxemitters" "0"
L 07/09/2022 - 20:51:01: server_cvar: "sv_allowcslua" "1"
L 07/09/2022 - 20:51:01: server_cvar: "sv_airaccelerate" "1000"
L 07/09/2022 - 20:51:03: Connection to Steam servers successful.
L 07/09/2022 - 20:51:03:    Public IP is 60.241.142.139.
L 07/09/2022 - 20:51:03: Assigned persistent gameserver Steam ID [G-1:3987399].
L 07/09/2022 - 20:51:03: VAC secure mode is activated.
L 07/09/2022 - 20:51:07: "Al Shebab<2><STEAM_0:0:103364981><>" connected, address "60.241.142.139:27006"
L 07/09/2022 - 20:51:07: "Al Shebab<2><STEAM_0:0:103364981><>" STEAM USERID validated
L 07/09/2022 - 20:51:16: [FAdmin] Al Shebab (STEAM_0:0:103364981) is Authed
L 07/09/2022 - 20:51:16: [FAdmin] Al Shebab (STEAM_0:0:103364981) Spawned for the first time
L 07/09/2022 - 20:51:16: [FAdmin] Al Shebab (STEAM_0:0:103364981) Spawned
L 07/09/2022 - 20:51:16: "Al Shebab<2><STEAM_0:0:103364981><>" entered the game
L 07/09/2022 - 20:51:16: [FAdmin] Al Shebab (STEAM_0:0:103364981) Attempted to pick up a keys
L 07/09/2022 - 20:51:16: [FAdmin] Al Shebab (STEAM_0:0:103364981) Attempted to pick up a weapon_physcannon
L 07/09/2022 - 20:51:16: [FAdmin] Al Shebab (STEAM_0:0:103364981) Attempted to pick up a gmod_camera
L 07/09/2022 - 20:51:16: [FAdmin] Al Shebab (STEAM_0:0:103364981) Attempted to pick up a gmod_tool
L 07/09/2022 - 20:51:16: [FAdmin] Al Shebab (STEAM_0:0:103364981) Attempted to pick up a pocket
L 07/09/2022 - 20:51:16: [FAdmin] Al Shebab (STEAM_0:0:103364981) Attempted to pick up a weapon_physgun
L 07/09/2022 - 20:51:16: [FAdmin] Al Shebab (STEAM_0:0:103364981) Attempted to pick up a weapon_keypadchecker
L 07/09/2022 - 20:51:16: [FAdmin] Al Shebab (STEAM_0:0:103364981) Attempted to pick up a door_ram
L 07/09/2022 - 20:51:16: [FAdmin] Al Shebab (STEAM_0:0:103364981) Attempted to pick up a arrest_stick
L 07/09/2022 - 20:51:16: [FAdmin] Al Shebab (STEAM_0:0:103364981) Attempted to pick up a unarrest_stick
L 07/09/2022 - 20:51:16: [FAdmin] Al Shebab (STEAM_0:0:103364981) Attempted to pick up a stunstick
L 07/09/2022 - 20:51:16: [FAdmin] Al Shebab (STEAM_0:0:103364981) Attempted to pick up a weaponchecker
L 07/09/2022 - 20:59:39: "Binchicken<3><STEAM_0:0:437291733><>" connected, address "149.167.60.156:20863"
L 07/09/2022 - 20:59:40: "Binchicken<3><STEAM_0:0:437291733><>" STEAM USERID validated
L 07/09/2022 - 21:01:20: [FAdmin] Binchicken (STEAM_0:0:437291733) is Authed
L 07/09/2022 - 21:01:20: [FAdmin] Binchicken (STEAM_0:0:437291733) Spawned for the first time
L 07/09/2022 - 21:01:20: [FAdmin] Binchicken (STEAM_0:0:437291733) Spawned
L 07/09/2022 - 21:01:20: "Binchicken<3><STEAM_0:0:437291733><>" entered the game
L 07/09/2022 - 21:01:20: [FAdmin] Binchicken (STEAM_0:0:437291733) Attempted to pick up a keys
L 07/09/2022 - 21:01:20: [FAdmin] Binchicken (STEAM_0:0:437291733) Attempted to pick up a weapon_physcannon
L 07/09/2022 - 21:01:20: [FAdmin] Binchicken (STEAM_0:0:437291733) Attempted to pick up a gmod_camera
L 07/09/2022 - 21:01:20: [FAdmin] Binchicken (STEAM_0:0:437291733) Attempted to pick up a gmod_tool
L 07/09/2022 - 21:01:20: [FAdmin] Binchicken (STEAM_0:0:437291733) Attempted to pick up a pocket
L 07/09/2022 - 21:01:20: [FAdmin] Binchicken (STEAM_0:0:437291733) Attempted to pick up a weapon_physgun
L 07/09/2022 - 21:02:45: [FAdmin] Al Shebab (STEAM_0:0:103364981) Spawned a models/props_junk/PlasticCrate01a.mdl
L 07/09/2022 - 21:02:45: [ULX] Al Shebab<STEAM_0:0:103364981> spawned model models/props_junk/plasticcrate01a.mdl
L 07/09/2022 - 21:03:05: [FAdmin] Binchicken (STEAM_0:0:437291733) Spawned a models/props_combine/combine_window001.mdl
L 07/09/2022 - 21:03:05: [ULX] Binchicken<STEAM_0:0:437291733> spawned model models/props_combine/combine_window001.mdl
L 07/09/2022 - 21:03:38: [FAdmin] prop_physics(models/props_combine/combine_window001.mdl) Got removed
L 07/09/2022 - 21:06:19: [ULX] Al Shebab created group staff-manager which inherits rights from group admin
L 07/09/2022 - 21:06:23: [ULX] Al Shebab removed group noaccess
L 07/09/2022 - 21:06:26: [ULX] Al Shebab removed group admin
L 07/09/2022 - 21:06:27: [ULX] Al Shebab removed group operator
L 07/09/2022 - 21:06:38: [ULX] Al Shebab added Binchicken to group staff-manager
L 07/09/2022 - 21:07:03: [ULX] Al Shebab created group trial-moderator which inherits rights from group user
L 07/09/2022 - 21:07:36: "Volcun<4><STEAM_0:0:497589869><>" connected, address "121.200.4.229:22397"
L 07/09/2022 - 21:07:36: "Volcun<4><STEAM_0:0:497589869><>" STEAM USERID validated
L 07/09/2022 - 21:08:42: [FAdmin] Volcun (STEAM_0:0:497589869) is Authed
L 07/09/2022 - 21:08:42: [FAdmin] Volcun (STEAM_0:0:497589869) Spawned for the first time
L 07/09/2022 - 21:08:42: [FAdmin] Volcun (STEAM_0:0:497589869) Spawned
L 07/09/2022 - 21:08:42: "Volcun<4><STEAM_0:0:497589869><>" entered the game
L 07/09/2022 - 21:08:42: [FAdmin] Volcun (STEAM_0:0:497589869) Attempted to pick up a keys
L 07/09/2022 - 21:08:42: [FAdmin] Volcun (STEAM_0:0:497589869) Attempted to pick up a weapon_physcannon
L 07/09/2022 - 21:08:42: [FAdmin] Volcun (STEAM_0:0:497589869) Attempted to pick up a gmod_camera
L 07/09/2022 - 21:08:42: [FAdmin] Volcun (STEAM_0:0:497589869) Attempted to pick up a gmod_tool
L 07/09/2022 - 21:08:42: [FAdmin] Volcun (STEAM_0:0:497589869) Attempted to pick up a pocket
L 07/09/2022 - 21:08:42: [FAdmin] Volcun (STEAM_0:0:497589869) Attempted to pick up a weapon_physgun
L 07/09/2022 - 21:09:05: [ULX] Al Shebab added Volcun to group trial-moderator
L 07/09/2022 - 21:09:18: [ULX] Al Shebab granted access "fspectate" to group staff-manager
L 07/09/2022 - 21:09:18: [ULX] Al Shebab granted access "fspectateteleport" to group staff-manager
L 07/09/2022 - 21:09:19: [ULX] Al Shebab granted access "fpp_touchotherplayersprops" to group staff-manager
L 07/09/2022 - 21:09:19: [ULX] Al Shebab granted access "fpp_settings" to group staff-manager
L 07/09/2022 - 21:09:19: [ULX] Al Shebab granted access "fpp_cleanup" to group staff-manager
L 07/09/2022 - 21:09:20: [ULX] Al Shebab granted access "darkrp_setmoney" to group staff-manager
L 07/09/2022 - 21:09:20: [ULX] Al Shebab granted access "darkrp_setlicense" to group staff-manager
L 07/09/2022 - 21:09:20: [ULX] Al Shebab granted access "darkrp_setdoorowner" to group staff-manager
L 07/09/2022 - 21:09:21: [ULX] Al Shebab granted access "darkrp_seeevents" to group staff-manager
L 07/09/2022 - 21:09:21: [ULX] Al Shebab granted access "darkrp_getjob_mayor" to group staff-manager
L 07/09/2022 - 21:09:21: [ULX] Al Shebab granted access "darkrp_getjob_cp" to group staff-manager
L 07/09/2022 - 21:09:22: [ULX] Al Shebab granted access "darkrp_getadminweapons" to group staff-manager
L 07/09/2022 - 21:09:22: [ULX] Al Shebab granted access "darkrp_changedoorsettings" to group staff-manager
L 07/09/2022 - 21:09:22: [ULX] Al Shebab granted access "darkrp_admincommands" to group staff-manager
L 07/09/2022 - 21:09:25: [ULX] Al Shebab granted access "ulx csay" to group staff-manager
L 07/09/2022 - 21:09:25: [ULX] Al Shebab granted access "ulx gag" to group staff-manager
L 07/09/2022 - 21:09:26: [ULX] Al Shebab granted access "ulx gimp" to group staff-manager
L 07/09/2022 - 21:09:26: [ULX] Al Shebab granted access "ulx mute" to group staff-manager
L 07/09/2022 - 21:09:27: [ULX] Al Shebab granted access "ulx tsay" to group staff-manager
L 07/09/2022 - 21:09:27: [ULX] Al Shebab granted access "ulx ungag" to group staff-manager
L 07/09/2022 - 21:09:28: [ULX] Al Shebab granted access "ulx ungimp" to group staff-manager
L 07/09/2022 - 21:09:28: [ULX] Al Shebab granted access "ulx unmute" to group staff-manager
L 07/09/2022 - 21:09:29: [ULX] Al Shebab granted access "ulx armor" to group staff-manager
L 07/09/2022 - 21:09:29: [ULX] Al Shebab granted access "ulx blind" to group staff-manager
L 07/09/2022 - 21:09:30: [ULX] Al Shebab granted access "ulx cloak" to group staff-manager
L 07/09/2022 - 21:09:30: [ULX] Al Shebab granted access "ulx hp" to group staff-manager
L 07/09/2022 - 21:09:31: [ULX] Al Shebab revoked access "ulx cloak" to group staff-manager
L 07/09/2022 - 21:09:31: [ULX] Al Shebab granted access "ulx god" to group staff-manager
L 07/09/2022 - 21:09:31: [ULX] Al Shebab granted access "ulx freeze" to group staff-manager
L 07/09/2022 - 21:09:32: [ULX] Al Shebab granted access "ulx cloak" to group staff-manager
L 07/09/2022 - 21:09:33: [ULX] Al Shebab granted access "ulx ignite" to group staff-manager
L 07/09/2022 - 21:09:33: [ULX] Al Shebab granted access "ulx jail" to group staff-manager
L 07/09/2022 - 21:09:33: [ULX] Al Shebab granted access "ulx jailtp" to group staff-manager
L 07/09/2022 - 21:09:34: [ULX] Al Shebab granted access "ulx maul" to group staff-manager
L 07/09/2022 - 21:09:34: [ULX] Al Shebab granted access "ulx playsound" to group staff-manager
L 07/09/2022 - 21:09:34: [ULX] Al Shebab granted access "ulx ragdoll" to group staff-manager
L 07/09/2022 - 21:09:34: [ULX] Al Shebab granted access "ulx slap" to group staff-manager
L 07/09/2022 - 21:09:34: [ULX] Al Shebab granted access "ulx slay" to group staff-manager
L 07/09/2022 - 21:09:35: [ULX] Al Shebab granted access "ulx sslay" to group staff-manager
L 07/09/2022 - 21:09:35: [ULX] Al Shebab granted access "ulx strip" to group staff-manager
L 07/09/2022 - 21:09:36: [ULX] Al Shebab revoked access "ulx strip" to group staff-manager
L 07/09/2022 - 21:09:37: [ULX] Al Shebab granted access "ulx unblind" to group staff-manager
L 07/09/2022 - 21:09:37: [ULX] Al Shebab granted access "ulx strip" to group staff-manager
L 07/09/2022 - 21:09:38: [ULX] Al Shebab granted access "ulx uncloak" to group staff-manager
L 07/09/2022 - 21:09:39: [ULX] Al Shebab granted access "ulx unfreeze" to group staff-manager
L 07/09/2022 - 21:09:39: [ULX] Al Shebab granted access "ulx ungod" to group staff-manager
L 07/09/2022 - 21:09:39: [ULX] Al Shebab granted access "ulx unignite" to group staff-manager
L 07/09/2022 - 21:09:40: [ULX] Al Shebab granted access "ulx unigniteall" to group staff-manager
L 07/09/2022 - 21:09:40: [ULX] Al Shebab granted access "ulx unjail" to group staff-manager
L 07/09/2022 - 21:09:40: [ULX] Al Shebab granted access "ulx unragdoll" to group staff-manager
L 07/09/2022 - 21:09:41: [ULX] Al Shebab granted access "ulx whip" to group staff-manager
L 07/09/2022 - 21:09:43: [ULX] Al Shebab granted access "ulx cexec" to group staff-manager
L 07/09/2022 - 21:09:43: [ULX] Al Shebab granted access "ulx ent" to group staff-manager
L 07/09/2022 - 21:09:44: [ULX] Al Shebab granted access "ulx exec" to group staff-manager
L 07/09/2022 - 21:09:44: [ULX] Al Shebab granted access "ulx luarun" to group staff-manager
L 07/09/2022 - 21:09:45: [ULX] Al Shebab granted access "ulx rcon" to group staff-manager
L 07/09/2022 - 21:09:45: [ULX] Al Shebab revoked access "ulx rcon" to group staff-manager
L 07/09/2022 - 21:09:45: [ULX] Al Shebab revoked access "ulx luarun" to group staff-manager
L 07/09/2022 - 21:09:46: [ULX] Al Shebab revoked access "ulx exec" to group staff-manager
L 07/09/2022 - 21:09:46: [ULX] Al Shebab revoked access "ulx ent" to group staff-manager
L 07/09/2022 - 21:09:47: [ULX] Al Shebab revoked access "ulx cexec" to group staff-manager
L 07/09/2022 - 21:09:48: [ULX] Al Shebab granted access "ulx bring" to group staff-manager
L 07/09/2022 - 21:09:48: [ULX] Al Shebab granted access "ulx goto" to group staff-manager
L 07/09/2022 - 21:09:48: [ULX] Al Shebab granted access "ulx return" to group staff-manager
L 07/09/2022 - 21:09:49: [ULX] Al Shebab granted access "ulx send" to group staff-manager
L 07/09/2022 - 21:09:50: [ULX] Al Shebab granted access "ulx teleport" to group staff-manager
L 07/09/2022 - 21:09:51: [ULX] Al Shebab granted access "ulx addgroup" to group staff-manager
L 07/09/2022 - 21:09:51: [ULX] Al Shebab granted access "ulx adduser" to group staff-manager
L 07/09/2022 - 21:09:51: [ULX] Al Shebab granted access "ulx adduserid" to group staff-manager
L 07/09/2022 - 21:09:52: [ULX] Al Shebab granted access "ulx groupallow" to group staff-manager
L 07/09/2022 - 21:09:52: [ULX] Al Shebab granted access "ulx groupdeny" to group staff-manager
L 07/09/2022 - 21:09:53: [ULX] Al Shebab granted access "ulx removegroup" to group staff-manager
L 07/09/2022 - 21:09:54: [ULX] Al Shebab granted access "ulx removeuser" to group staff-manager
L 07/09/2022 - 21:09:54: [ULX] Al Shebab granted access "ulx removeuserid" to group staff-manager
L 07/09/2022 - 21:09:54: [ULX] Al Shebab granted access "ulx renamegroup" to group staff-manager
L 07/09/2022 - 21:09:55: [ULX] Al Shebab granted access "ulx setgroupcantarget" to group staff-manager
L 07/09/2022 - 21:09:55: [ULX] Al Shebab granted access "ulx userallow" to group staff-manager
L 07/09/2022 - 21:09:56: [ULX] Al Shebab granted access "ulx userallowid" to group staff-manager
L 07/09/2022 - 21:09:57: [ULX] Al Shebab granted access "ulx userdenyid" to group staff-manager
L 07/09/2022 - 21:09:57: [ULX] Al Shebab granted access "ulx userdeny" to group staff-manager
L 07/09/2022 - 21:09:59: [ULX] Al Shebab granted access "ulx unban" to group staff-manager
L 07/09/2022 - 21:09:59: [ULX] Al Shebab granted access "ulx spectate" to group staff-manager
L 07/09/2022 - 21:10:00: [ULX] Al Shebab granted access "ulx noclip" to group staff-manager
L 07/09/2022 - 21:10:00: [ULX] Al Shebab granted access "ulx map" to group staff-manager
L 07/09/2022 - 21:10:01: [ULX] Al Shebab granted access "ulx kick" to group staff-manager
L 07/09/2022 - 21:10:01: [ULX] Al Shebab granted access "ulx banid" to group staff-manager
L 07/09/2022 - 21:10:01: [ULX] Al Shebab granted access "ulx ban" to group staff-manager
L 07/09/2022 - 21:10:03: [ULX] Al Shebab granted access "ulx votekick" to group staff-manager
L 07/09/2022 - 21:10:03: [ULX] Al Shebab granted access "ulx voteban" to group staff-manager
L 07/09/2022 - 21:10:04: [ULX] Al Shebab granted access "ulx veto" to group staff-manager
L 07/09/2022 - 21:10:04: [ULX] Al Shebab granted access "ulx vote" to group staff-manager
L 07/09/2022 - 21:10:05: [ULX] Al Shebab granted access "ulx stopvote" to group staff-manager
L 07/09/2022 - 21:10:05: [ULX] Al Shebab granted access "ulx votemap2" to group staff-manager
L 07/09/2022 - 21:10:06: [ULX] Al Shebab granted access "ulx kickafternamechangeswarning" to group staff-manager
L 07/09/2022 - 21:10:07: [ULX] Al Shebab granted access "ulx kickafternamechangescooldown" to group staff-manager
L 07/09/2022 - 21:10:07: [ULX] Al Shebab granted access "ulx kickafternamechanges" to group staff-manager
L 07/09/2022 - 21:10:07: [ULX] Al Shebab granted access "ulx chattime" to group staff-manager
L 07/09/2022 - 21:10:09: [ULX] Al Shebab granted access "ulx logchat" to group staff-manager
L 07/09/2022 - 21:10:09: [ULX] Al Shebab granted access "ulx logdir" to group staff-manager
L 07/09/2022 - 21:10:09: [ULX] Al Shebab granted access "ulx logecho" to group staff-manager
L 07/09/2022 - 21:10:09: [ULX] Al Shebab granted access "ulx logechocolorconsole" to group staff-manager
L 07/09/2022 - 21:10:10: [FAdmin] Binchicken (STEAM_0:0:437291733) Attempted to switch noclip
L 07/09/2022 - 21:10:10: [ULX] Al Shebab granted access "ulx logechocolordefault" to group staff-manager
L 07/09/2022 - 21:10:11: [ULX] Al Shebab granted access "ulx logechocoloreveryone" to group staff-manager
L 07/09/2022 - 21:10:11: [ULX] Al Shebab granted access "ulx logechocolormisc" to group staff-manager
L 07/09/2022 - 21:10:11: [ULX] Al Shebab granted access "ulx logechocolorplayer" to group staff-manager
L 07/09/2022 - 21:10:12: [ULX] Al Shebab granted access "ulx logechocolorplayerasgroup" to group staff-manager
L 07/09/2022 - 21:10:13: [ULX] Al Shebab granted access "ulx logechocolors" to group staff-manager
L 07/09/2022 - 21:10:13: [ULX] Al Shebab granted access "ulx logechocolorself" to group staff-manager
L 07/09/2022 - 21:10:14: [ULX] Al Shebab granted access "ulx logevents" to group staff-manager
L 07/09/2022 - 21:10:15: [ULX] Al Shebab granted access "ulx logfile" to group staff-manager
L 07/09/2022 - 21:10:15: [ULX] Al Shebab granted access "ulx logjoinleaveecho" to group staff-manager
L 07/09/2022 - 21:10:15: [ULX] Al Shebab granted access "ulx logspawns" to group staff-manager
L 07/09/2022 - 21:10:16: [ULX] Al Shebab granted access "ulx logspawnsecho" to group staff-manager
L 07/09/2022 - 21:10:16: [ULX] Al Shebab granted access "ulx mechatenabled" to group staff-manager
L 07/09/2022 - 21:10:16: [ULX] Al Shebab revoked access "ulx mechatenabled" to group staff-manager
L 07/09/2022 - 21:10:17: [ULX] Al Shebab granted access "ulx mechatenabled" to group staff-manager
L 07/09/2022 - 21:10:17: [ULX] Al Shebab granted access "ulx motdfile" to group staff-manager
L 07/09/2022 - 21:10:18: [ULX] Al Shebab granted access "ulx motdurl" to group staff-manager
L 07/09/2022 - 21:10:18: [ULX] Al Shebab granted access "ulx rslots" to group staff-manager
L 07/09/2022 - 21:10:18: [ULX] Al Shebab granted access "ulx rslotsmode" to group staff-manager
L 07/09/2022 - 21:10:19: [ULX] Al Shebab granted access "ulx rslotsvisible" to group staff-manager
L 07/09/2022 - 21:10:19: [ULX] Al Shebab granted access "ulx showmotd" to group staff-manager
L 07/09/2022 - 21:10:20: [ULX] Al Shebab granted access "ulx votebanminvotes" to group staff-manager
L 07/09/2022 - 21:10:20: [ULX] Al Shebab granted access "ulx votebansuccessratio" to group staff-manager
L 07/09/2022 - 21:10:21: [ULX] Al Shebab granted access "ulx voteecho" to group staff-manager
L 07/09/2022 - 21:10:21: [ULX] Al Shebab revoked access "ulx voteecho" to group staff-manager
L 07/09/2022 - 21:10:22: [ULX] Al Shebab granted access "ulx votekicksuccessratio" to group staff-manager
L 07/09/2022 - 21:10:22: [ULX] Al Shebab granted access "ulx votekickminvotes" to group staff-manager
L 07/09/2022 - 21:10:22: [ULX] Al Shebab granted access "ulx voteecho" to group staff-manager
L 07/09/2022 - 21:10:23: [ULX] Al Shebab granted access "ulx votemap2minvotes" to group staff-manager
L 07/09/2022 - 21:10:23: [ULX] Al Shebab granted access "ulx votemap2successratio" to group staff-manager
L 07/09/2022 - 21:10:24: [ULX] Al Shebab granted access "ulx votemapenabled" to group staff-manager
L 07/09/2022 - 21:10:24: [ULX] Al Shebab granted access "ulx votemapmapmode" to group staff-manager
L 07/09/2022 - 21:10:24: [ULX] Al Shebab granted access "ulx votemapmintime" to group staff-manager
L 07/09/2022 - 21:10:24: [ULX] Al Shebab granted access "ulx votemapminvotes" to group staff-manager
L 07/09/2022 - 21:10:25: [ULX] Al Shebab granted access "ulx votemapsuccessratio" to group staff-manager
L 07/09/2022 - 21:10:25: [ULX] Al Shebab revoked access "ulx votemapsuccessratio" to group staff-manager
L 07/09/2022 - 21:10:26: [ULX] Al Shebab granted access "ulx votemapvetotime" to group staff-manager
L 07/09/2022 - 21:10:26: [ULX] Al Shebab granted access "ulx votemapsuccessratio" to group staff-manager
L 07/09/2022 - 21:10:28: [ULX] Al Shebab granted access "ulx votemapwaittime" to group staff-manager
L 07/09/2022 - 21:10:28: [ULX] Al Shebab granted access "ulx welcomemessage" to group staff-manager
L 07/09/2022 - 21:10:30: [ULX] Al Shebab granted access "ulx hiddenecho" to group staff-manager
L 07/09/2022 - 21:10:30: [ULX] Al Shebab granted access "ulx physgunplayer" to group staff-manager
L 07/09/2022 - 21:10:30: [ULX] Al Shebab granted access "ulx reservedslots" to group staff-manager
L 07/09/2022 - 21:10:31: [ULX] Al Shebab granted access "ulx seeanonymousechoes" to group staff-manager
L 07/09/2022 - 21:10:31: [ULX] Al Shebab granted access "ulx seeasay" to group staff-manager
L 07/09/2022 - 21:10:31: [ULX] Al Shebab granted access "ulx spawnecho" to group staff-manager
L 07/09/2022 - 21:10:33: [ULX] Al Shebab granted access "xgui_gmsettings" to group staff-manager
L 07/09/2022 - 21:10:33: [ULX] Al Shebab granted access "xgui_managebans" to group staff-manager
L 07/09/2022 - 21:10:33: [ULX] Al Shebab granted access "xgui_managegroups" to group staff-manager
L 07/09/2022 - 21:10:34: [ULX] Al Shebab granted access "xgui_svsettings" to group staff-manager
L 07/09/2022 - 21:10:47: [FAdmin] Binchicken (STEAM_0:0:437291733) Attempted to switch noclip
L 07/09/2022 - 21:10:47: [FAdmin] Binchicken (STEAM_0:0:437291733) Attempted to switch noclip
L 07/09/2022 - 21:10:59: "Binchicken<3><STEAM_0:0:437291733><Citizen>" say "!menu"

L 07/09/2022 - 21:11:10: "Volcun<4><STEAM_0:0:497589869><Citizen>" say "!menu"

L 07/09/2022 - 21:11:29: [ULX] Al Shebab revoked access "ulx motd" to group user
L 07/09/2022 - 21:11:33: [ULX] Al Shebab revoked access "ulx psay" to group user
L 07/09/2022 - 21:11:47: [ULX] Al Shebab revoked access "ulx votemap" to group user
L 07/09/2022 - 21:11:47: "Binchicken<3><STEAM_0:0:437291733><Citizen>" say "!noc;ip"

L 07/09/2022 - 21:11:51: [ULX] Al Shebab revoked access "ulx help" to group user
L 07/09/2022 - 21:11:52: [ULX] Al Shebab revoked access "ulx version" to group user
L 07/09/2022 - 21:11:53: [ULX] Al Shebab revoked access "ulx who" to group user
L 07/09/2022 - 21:11:54: "Binchicken<3><STEAM_0:0:437291733><Citizen>" say "!menu"

L 07/09/2022 - 21:12:03: [ULX] Al Shebab revoked access "ulx usermanagementhelp" to group user
L 07/09/2022 - 21:12:13: [FAdmin] Volcun (STEAM_0:0:497589869) changed from Citizen to Gun Dealer
L 07/09/2022 - 21:12:13: [FAdmin] Volcun (STEAM_0:0:497589869) Attempted to pick up a keys
L 07/09/2022 - 21:12:13: [FAdmin] Volcun (STEAM_0:0:497589869) Attempted to pick up a weapon_physcannon
L 07/09/2022 - 21:12:13: [FAdmin] Volcun (STEAM_0:0:497589869) Attempted to pick up a gmod_camera
L 07/09/2022 - 21:12:13: [FAdmin] Volcun (STEAM_0:0:497589869) Attempted to pick up a gmod_tool
L 07/09/2022 - 21:12:13: [FAdmin] Volcun (STEAM_0:0:497589869) Attempted to pick up a pocket
L 07/09/2022 - 21:12:13: [FAdmin] Volcun (STEAM_0:0:497589869) Attempted to pick up a weapon_physgun
L 07/09/2022 - 21:12:23: [FAdmin] Volcun (STEAM_0:0:497589869) changed from Gun Dealer to Mob boss
L 07/09/2022 - 21:12:23: [FAdmin] Volcun (STEAM_0:0:497589869) Attempted to pick up a lockpick
L 07/09/2022 - 21:12:23: [FAdmin] Volcun (STEAM_0:0:497589869) Attempted to pick up a unarrest_stick
L 07/09/2022 - 21:12:23: [FAdmin] Volcun (STEAM_0:0:497589869) Attempted to pick up a keys
L 07/09/2022 - 21:12:23: [FAdmin] Volcun (STEAM_0:0:497589869) Attempted to pick up a weapon_physcannon
L 07/09/2022 - 21:12:23: [FAdmin] Volcun (STEAM_0:0:497589869) Attempted to pick up a gmod_camera
L 07/09/2022 - 21:12:23: [FAdmin] Volcun (STEAM_0:0:497589869) Attempted to pick up a gmod_tool
L 07/09/2022 - 21:12:23: [FAdmin] Volcun (STEAM_0:0:497589869) Attempted to pick up a pocket
L 07/09/2022 - 21:12:23: [FAdmin] Volcun (STEAM_0:0:497589869) Attempted to pick up a weapon_physgun
L 07/09/2022 - 21:12:45: [ULX] Al Shebab created group moderator which inherits rights from group trial-moderator
L 07/09/2022 - 21:12:57: [ULX] Al Shebab created group senior-moderator which inherits rights from group trial-moderator
L 07/09/2022 - 21:13:05: [ULX] Al Shebab created group administrator which inherits rights from group senior-moderator
L 07/09/2022 - 21:13:09: [FAdmin] Volcun (STEAM_0:0:497589869) changed from Mob boss to Gun Dealer
L 07/09/2022 - 21:13:09: [FAdmin] Volcun (STEAM_0:0:497589869) Attempted to pick up a keys
L 07/09/2022 - 21:13:09: [FAdmin] Volcun (STEAM_0:0:497589869) Attempted to pick up a weapon_physcannon
L 07/09/2022 - 21:13:09: [FAdmin] Volcun (STEAM_0:0:497589869) Attempted to pick up a gmod_camera
L 07/09/2022 - 21:13:09: [FAdmin] Volcun (STEAM_0:0:497589869) Attempted to pick up a gmod_tool
L 07/09/2022 - 21:13:09: [FAdmin] Volcun (STEAM_0:0:497589869) Attempted to pick up a pocket
L 07/09/2022 - 21:13:09: [FAdmin] Volcun (STEAM_0:0:497589869) Attempted to pick up a weapon_physgun
L 07/09/2022 - 21:13:21: [ULX] Binchicken granted access "ulx noclip" to group trial-moderator
L 07/09/2022 - 21:13:26: [FAdmin] Volcun (STEAM_0:0:497589869) Attempted to pick up a weapon_glock2
L 07/09/2022 - 21:13:33: [ULX] Binchicken granted access "ulx kick" to group trial-moderator
L 07/09/2022 - 21:13:43: [ULX] Al Shebab created group senior-administrator which inherits rights from group trial-moderator
L 07/09/2022 - 21:14:38: [ULX] Binchicken granted access "ulx ungag" to group trial-moderator
L 07/09/2022 - 21:14:40: [ULX] Binchicken granted access "ulx gag" to group trial-moderator
L 07/09/2022 - 21:14:53: [ULX] Al Shebab changed group staff-manager to only be able to target !%superadmin
L 07/09/2022 - 21:14:55: [ULX] Binchicken granted access "ulx bring" to group trial-moderator
L 07/09/2022 - 21:14:57: [ULX] Binchicken granted access "ulx goto" to group trial-moderator
L 07/09/2022 - 21:14:58: [ULX] Binchicken granted access "ulx return" to group trial-moderator
L 07/09/2022 - 21:15:00: [ULX] Binchicken granted access "ulx teleport" to group trial-moderator
L 07/09/2022 - 21:15:18: [ULX] Al Shebab changed group senior-administrator to only be able to target !%senior-administrator
L 07/09/2022 - 21:15:32: [ULX] Al Shebab changed group senior-administrator to only be able to target !%staff-manager
L 07/09/2022 - 21:15:41: [FAdmin] Binchicken (STEAM_0:0:437291733) Attempted to switch noclip
L 07/09/2022 - 21:16:04: [ULX] Al Shebab changed group administrator to only be able to target !%senior-administrator
L 07/09/2022 - 21:16:21: [FAdmin] Binchicken (STEAM_0:0:437291733) Spawned a models/props_c17/oildrum001.mdl
L 07/09/2022 - 21:16:21: [ULX] Binchicken<STEAM_0:0:437291733> spawned model models/props_c17/oildrum001.mdl
L 07/09/2022 - 21:16:35: [FAdmin] Binchicken (STEAM_0:0:437291733) Got killed by Binchicken with a prop_physics
L 07/09/2022 - 21:16:37: [FAdmin] Binchicken (STEAM_0:0:437291733) Spawned
L 07/09/2022 - 21:16:37: [FAdmin] Binchicken (STEAM_0:0:437291733) Attempted to pick up a keys
L 07/09/2022 - 21:16:37: [FAdmin] Binchicken (STEAM_0:0:437291733) Attempted to pick up a weapon_physcannon
L 07/09/2022 - 21:16:37: [FAdmin] Binchicken (STEAM_0:0:437291733) Attempted to pick up a gmod_camera
L 07/09/2022 - 21:16:37: [FAdmin] Binchicken (STEAM_0:0:437291733) Attempted to pick up a gmod_tool
L 07/09/2022 - 21:16:37: [FAdmin] Binchicken (STEAM_0:0:437291733) Attempted to pick up a pocket
L 07/09/2022 - 21:16:37: [FAdmin] Binchicken (STEAM_0:0:437291733) Attempted to pick up a weapon_physgun
L 07/09/2022 - 21:16:38: [FAdmin] prop_physics(models/props_c17/oildrum001.mdl) Got removed
L 07/09/2022 - 21:16:46: [FAdmin] Binchicken (STEAM_0:0:437291733) Spawned a models/props_c17/oildrum001.mdl
L 07/09/2022 - 21:16:46: [ULX] Binchicken<STEAM_0:0:437291733> spawned model models/props_c17/oildrum001.mdl
L 07/09/2022 - 21:17:03: [FAdmin] Volcun (STEAM_0:0:497589869) Spawned a models/props_borealis/bluebarrel001.mdl
L 07/09/2022 - 21:17:03: [ULX] Volcun<STEAM_0:0:497589869> spawned model models/props_borealis/bluebarrel001.mdl
L 07/09/2022 - 21:17:05: [ULX] Al Shebab changed group moderator to only be able to target !%senior-moderator
L 07/09/2022 - 21:17:14: [FAdmin] prop_physics(models/props_c17/oildrum001.mdl) Got removed
L 07/09/2022 - 21:17:27: [FAdmin] Volcun (STEAM_0:0:497589869) Got killed by Al Shebab with a prop_physics
L 07/09/2022 - 21:17:27: [FAdmin] Al Shebab (STEAM_0:0:103364981) Got killed by Volcun with a prop_physics
L 07/09/2022 - 21:17:28: [FAdmin] Volcun (STEAM_0:0:497589869) Spawned
L 07/09/2022 - 21:17:28: [FAdmin] Volcun (STEAM_0:0:497589869) Attempted to pick up a keys
L 07/09/2022 - 21:17:28: [FAdmin] Volcun (STEAM_0:0:497589869) Attempted to pick up a weapon_physcannon
L 07/09/2022 - 21:17:28: [FAdmin] Volcun (STEAM_0:0:497589869) Attempted to pick up a gmod_camera
L 07/09/2022 - 21:17:28: [FAdmin] Volcun (STEAM_0:0:497589869) Attempted to pick up a gmod_tool
L 07/09/2022 - 21:17:28: [FAdmin] Volcun (STEAM_0:0:497589869) Attempted to pick up a pocket
L 07/09/2022 - 21:17:28: [FAdmin] Volcun (STEAM_0:0:497589869) Attempted to pick up a weapon_physgun
L 07/09/2022 - 21:17:29: [FAdmin] Al Shebab (STEAM_0:0:103364981) Spawned
L 07/09/2022 - 21:17:29: [FAdmin] Al Shebab (STEAM_0:0:103364981) Attempted to pick up a keys
L 07/09/2022 - 21:17:29: [FAdmin] Al Shebab (STEAM_0:0:103364981) Attempted to pick up a weapon_physcannon
L 07/09/2022 - 21:17:29: [FAdmin] Al Shebab (STEAM_0:0:103364981) Attempted to pick up a gmod_camera
L 07/09/2022 - 21:17:29: [FAdmin] Al Shebab (STEAM_0:0:103364981) Attempted to pick up a gmod_tool
L 07/09/2022 - 21:17:29: [FAdmin] Al Shebab (STEAM_0:0:103364981) Attempted to pick up a pocket
L 07/09/2022 - 21:17:29: [FAdmin] Al Shebab (STEAM_0:0:103364981) Attempted to pick up a weapon_physgun
L 07/09/2022 - 21:17:29: [FAdmin] Al Shebab (STEAM_0:0:103364981) Attempted to pick up a weapon_keypadchecker
L 07/09/2022 - 21:17:29: [FAdmin] Al Shebab (STEAM_0:0:103364981) Attempted to pick up a door_ram
L 07/09/2022 - 21:17:29: [FAdmin] Al Shebab (STEAM_0:0:103364981) Attempted to pick up a arrest_stick
L 07/09/2022 - 21:17:29: [FAdmin] Al Shebab (STEAM_0:0:103364981) Attempted to pick up a unarrest_stick
L 07/09/2022 - 21:17:29: [FAdmin] Al Shebab (STEAM_0:0:103364981) Attempted to pick up a stunstick
L 07/09/2022 - 21:17:29: [FAdmin] Al Shebab (STEAM_0:0:103364981) Attempted to pick up a weaponchecker
L 07/09/2022 - 21:17:32: [FAdmin] Al Shebab (STEAM_0:0:103364981) Spawned a models/props_combine/breendesk.mdl
L 07/09/2022 - 21:17:32: [ULX] Al Shebab<STEAM_0:0:103364981> spawned model models/props_combine/breendesk.mdl
L 07/09/2022 - 21:17:33: [FAdmin] Al Shebab (STEAM_0:0:103364981) Spawned a models/props_combine/breendesk.mdl
L 07/09/2022 - 21:17:33: [ULX] Al Shebab<STEAM_0:0:103364981> spawned model models/props_combine/breendesk.mdl
L 07/09/2022 - 21:17:35: [FAdmin] Al Shebab (STEAM_0:0:103364981) Attempted to use tool weld
L 07/09/2022 - 21:17:35: [FAdmin] Al Shebab (STEAM_0:0:103364981) Attempted to use tool weld
L 07/09/2022 - 21:17:36: [FAdmin] Binchicken (STEAM_0:0:437291733) Got killed by prop_physics with a prop_physics
L 07/09/2022 - 21:17:38: [FAdmin] Volcun (STEAM_0:0:497589869) Got killed by prop_physics with a prop_physics
L 07/09/2022 - 21:17:38: [FAdmin] Binchicken (STEAM_0:0:437291733) Spawned
L 07/09/2022 - 21:17:38: [FAdmin] Binchicken (STEAM_0:0:437291733) Attempted to pick up a keys
L 07/09/2022 - 21:17:38: [FAdmin] Binchicken (STEAM_0:0:437291733) Attempted to pick up a weapon_physcannon
L 07/09/2022 - 21:17:38: [FAdmin] Binchicken (STEAM_0:0:437291733) Attempted to pick up a gmod_camera
L 07/09/2022 - 21:17:38: [FAdmin] Binchicken (STEAM_0:0:437291733) Attempted to pick up a gmod_tool
L 07/09/2022 - 21:17:38: [FAdmin] Binchicken (STEAM_0:0:437291733) Attempted to pick up a pocket
L 07/09/2022 - 21:17:38: [FAdmin] Binchicken (STEAM_0:0:437291733) Attempted to pick up a weapon_physgun
L 07/09/2022 - 21:17:39: [FAdmin] Volcun (STEAM_0:0:497589869) Spawned
L 07/09/2022 - 21:17:39: [FAdmin] Volcun (STEAM_0:0:497589869) Attempted to pick up a keys
L 07/09/2022 - 21:17:39: [FAdmin] Volcun (STEAM_0:0:497589869) Attempted to pick up a weapon_physcannon
L 07/09/2022 - 21:17:39: [FAdmin] Volcun (STEAM_0:0:497589869) Attempted to pick up a gmod_camera
L 07/09/2022 - 21:17:39: [FAdmin] Volcun (STEAM_0:0:497589869) Attempted to pick up a gmod_tool
L 07/09/2022 - 21:17:39: [FAdmin] Volcun (STEAM_0:0:497589869) Attempted to pick up a pocket
L 07/09/2022 - 21:17:39: [FAdmin] Volcun (STEAM_0:0:497589869) Attempted to pick up a weapon_physgun
L 07/09/2022 - 21:17:47: [FAdmin] Al Shebab (STEAM_0:0:103364981) Spawned a models/props_combine/breendesk.mdl
L 07/09/2022 - 21:17:47: [ULX] Al Shebab<STEAM_0:0:103364981> spawned model models/props_combine/breendesk.mdl
L 07/09/2022 - 21:17:48: [FAdmin] Al Shebab (STEAM_0:0:103364981) Spawned a models/props_combine/breendesk.mdl
L 07/09/2022 - 21:17:48: [ULX] Al Shebab<STEAM_0:0:103364981> spawned model models/props_combine/breendesk.mdl
L 07/09/2022 - 21:17:48: [FAdmin] Volcun (STEAM_0:0:497589869) Spawned a models/props_c17/FurnitureDrawer001a.mdl
L 07/09/2022 - 21:17:48: [ULX] Volcun<STEAM_0:0:497589869> spawned model models/props_c17/furnituredrawer001a.mdl
L 07/09/2022 - 21:17:48: [FAdmin] Al Shebab (STEAM_0:0:103364981) Spawned a models/props_combine/breendesk.mdl
L 07/09/2022 - 21:17:48: [ULX] Al Shebab<STEAM_0:0:103364981> spawned model models/props_combine/breendesk.mdl
L 07/09/2022 - 21:17:48: [FAdmin] Volcun (STEAM_0:0:497589869) Spawned a models/props_c17/FurnitureCupboard001a.mdl
L 07/09/2022 - 21:17:48: [ULX] Volcun<STEAM_0:0:497589869> spawned model models/props_c17/furniturecupboard001a.mdl
L 07/09/2022 - 21:17:48: [FAdmin] Al Shebab (STEAM_0:0:103364981) Spawned a models/props_combine/breendesk.mdl
L 07/09/2022 - 21:17:48: [ULX] Al Shebab<STEAM_0:0:103364981> spawned model models/props_combine/breendesk.mdl
L 07/09/2022 - 21:17:49: [FAdmin] Volcun (STEAM_0:0:497589869) Spawned a models/props_c17/FurnitureDrawer001a.mdl
L 07/09/2022 - 21:17:49: [ULX] Volcun<STEAM_0:0:497589869> spawned model models/props_c17/furnituredrawer001a.mdl
L 07/09/2022 - 21:17:49: [FAdmin] Volcun (STEAM_0:0:497589869) Spawned a models/props_c17/FurnitureCupboard001a.mdl
L 07/09/2022 - 21:17:49: [ULX] Volcun<STEAM_0:0:497589869> spawned model models/props_c17/furniturecupboard001a.mdl
L 07/09/2022 - 21:17:49: [FAdmin] Al Shebab (STEAM_0:0:103364981) Spawned a models/props_combine/breendesk.mdl
L 07/09/2022 - 21:17:49: [ULX] Al Shebab<STEAM_0:0:103364981> spawned model models/props_combine/breendesk.mdl
L 07/09/2022 - 21:17:49: [FAdmin] Al Shebab (STEAM_0:0:103364981) Spawned a models/props_combine/breendesk.mdl
L 07/09/2022 - 21:17:49: [ULX] Al Shebab<STEAM_0:0:103364981> spawned model models/props_combine/breendesk.mdl
L 07/09/2022 - 21:17:55: [FAdmin] Al Shebab (STEAM_0:0:103364981) Attempted to use tool weld
L 07/09/2022 - 21:17:55: [FAdmin] Al Shebab (STEAM_0:0:103364981) Attempted to use tool weld
L 07/09/2022 - 21:17:56: [FAdmin] Al Shebab (STEAM_0:0:103364981) Attempted to use tool weld
L 07/09/2022 - 21:17:56: [FAdmin] Al Shebab (STEAM_0:0:103364981) Attempted to use tool weld
L 07/09/2022 - 21:17:57: [FAdmin] Al Shebab (STEAM_0:0:103364981) Attempted to use tool weld
L 07/09/2022 - 21:17:57: [FAdmin] Al Shebab (STEAM_0:0:103364981) Attempted to use tool weld
L 07/09/2022 - 21:17:57: [FAdmin] Al Shebab (STEAM_0:0:103364981) Attempted to use tool weld
L 07/09/2022 - 21:17:58: [FAdmin] Al Shebab (STEAM_0:0:103364981) Attempted to use tool weld
L 07/09/2022 - 21:17:58: [FAdmin] Al Shebab (STEAM_0:0:103364981) Attempted to use tool weld
L 07/09/2022 - 21:17:59: [FAdmin] Al Shebab (STEAM_0:0:103364981) Attempted to use tool weld
L 07/09/2022 - 21:17:59: [FAdmin] Al Shebab (STEAM_0:0:103364981) Attempted to use tool weld
L 07/09/2022 - 21:18:00: [FAdmin] Al Shebab (STEAM_0:0:103364981) Attempted to use tool weld
L 07/09/2022 - 21:18:00: [FAdmin] Al Shebab (STEAM_0:0:103364981) Attempted to use tool weld
L 07/09/2022 - 21:18:01: [FAdmin] Al Shebab (STEAM_0:0:103364981) Attempted to use tool weld
L 07/09/2022 - 21:18:01: [FAdmin] Al Shebab (STEAM_0:0:103364981) Attempted to use tool weld
L 07/09/2022 - 21:18:02: [FAdmin] Al Shebab (STEAM_0:0:103364981) Attempted to use tool weld
L 07/09/2022 - 21:18:02: [FAdmin] Al Shebab (STEAM_0:0:103364981) Attempted to use tool weld
L 07/09/2022 - 21:18:02: [FAdmin] Al Shebab (STEAM_0:0:103364981) Attempted to use tool weld
L 07/09/2022 - 21:18:03: [FAdmin] Al Shebab (STEAM_0:0:103364981) Attempted to use tool weld
L 07/09/2022 - 21:18:03: [FAdmin] Al Shebab (STEAM_0:0:103364981) Attempted to use tool weld
L 07/09/2022 - 21:18:03: [FAdmin] Al Shebab (STEAM_0:0:103364981) Attempted to use tool weld
L 07/09/2022 - 21:18:04: [FAdmin] Al Shebab (STEAM_0:0:103364981) Attempted to use tool weld
L 07/09/2022 - 21:18:04: [FAdmin] Al Shebab (STEAM_0:0:103364981) Attempted to use tool weld
L 07/09/2022 - 21:18:04: [FAdmin] Al Shebab (STEAM_0:0:103364981) Attempted to use tool weld
L 07/09/2022 - 21:18:05: [FAdmin] Al Shebab (STEAM_0:0:103364981) Attempted to use tool weld
L 07/09/2022 - 21:18:05: [FAdmin] Al Shebab (STEAM_0:0:103364981) Attempted to use tool weld
L 07/09/2022 - 21:18:05: [FAdmin] Al Shebab (STEAM_0:0:103364981) Attempted to use tool weld
L 07/09/2022 - 21:18:05: [FAdmin] Al Shebab (STEAM_0:0:103364981) Attempted to use tool weld
L 07/09/2022 - 21:18:06: [FAdmin] Al Shebab (STEAM_0:0:103364981) Attempted to use tool weld
L 07/09/2022 - 21:18:06: [FAdmin] Al Shebab (STEAM_0:0:103364981) Attempted to use tool weld
L 07/09/2022 - 21:18:06: [FAdmin] Al Shebab (STEAM_0:0:103364981) Attempted to use tool weld
L 07/09/2022 - 21:18:07: [FAdmin] Al Shebab (STEAM_0:0:103364981) Attempted to use tool weld
L 07/09/2022 - 21:18:07: [FAdmin] Al Shebab (STEAM_0:0:103364981) Attempted to use tool weld
L 07/09/2022 - 21:18:07: [FAdmin] Al Shebab (STEAM_0:0:103364981) Attempted to use tool weld
L 07/09/2022 - 21:18:07: [FAdmin] Al Shebab (STEAM_0:0:103364981) Attempted to use tool weld
L 07/09/2022 - 21:18:07: [FAdmin] Al Shebab (STEAM_0:0:103364981) Attempted to use tool weld
L 07/09/2022 - 21:18:08: [FAdmin] Al Shebab (STEAM_0:0:103364981) Attempted to use tool weld
L 07/09/2022 - 21:18:08: [FAdmin] Al Shebab (STEAM_0:0:103364981) Attempted to use tool weld
L 07/09/2022 - 21:18:08: [FAdmin] Al Shebab (STEAM_0:0:103364981) Attempted to use tool weld
L 07/09/2022 - 21:18:08: [FAdmin] Al Shebab (STEAM_0:0:103364981) Attempted to use tool weld
L 07/09/2022 - 21:18:09: [FAdmin] Al Shebab (STEAM_0:0:103364981) Attempted to use tool weld
L 07/09/2022 - 21:18:09: [FAdmin] Al Shebab (STEAM_0:0:103364981) Attempted to use tool weld
L 07/09/2022 - 21:18:10: [FAdmin] Volcun (STEAM_0:0:497589869) Attempted to use tool creator
L 07/09/2022 - 21:18:10: [FAdmin] Volcun (STEAM_0:0:497589869) Spawned a models/props_lab/blastdoor001c.mdl
L 07/09/2022 - 21:18:10: [ULX] Volcun<STEAM_0:0:497589869> spawned model models/props_lab/blastdoor001c.mdl
L 07/09/2022 - 21:18:10: [FAdmin] Volcun (STEAM_0:0:497589869) Attempted to use tool creator
L 07/09/2022 - 21:18:10: [FAdmin] Volcun (STEAM_0:0:497589869) Spawned a models/props_lab/blastdoor001c.mdl
L 07/09/2022 - 21:18:10: [ULX] Volcun<STEAM_0:0:497589869> spawned model models/props_lab/blastdoor001c.mdl
L 07/09/2022 - 21:18:10: [FAdmin] Volcun (STEAM_0:0:497589869) Attempted to use tool creator
L 07/09/2022 - 21:18:10: [FAdmin] Volcun (STEAM_0:0:497589869) Spawned a models/props_lab/blastdoor001c.mdl
L 07/09/2022 - 21:18:10: [ULX] Volcun<STEAM_0:0:497589869> spawned model models/props_lab/blastdoor001c.mdl
L 07/09/2022 - 21:18:10: [FAdmin] Volcun (STEAM_0:0:497589869) Attempted to use tool creator
L 07/09/2022 - 21:18:10: [FAdmin] Volcun (STEAM_0:0:497589869) Spawned a models/props_lab/blastdoor001c.mdl
L 07/09/2022 - 21:18:10: [ULX] Volcun<STEAM_0:0:497589869> spawned model models/props_lab/blastdoor001c.mdl
L 07/09/2022 - 21:18:10: [FAdmin] Volcun (STEAM_0:0:497589869) Attempted to use tool creator
L 07/09/2022 - 21:18:10: [FAdmin] Volcun (STEAM_0:0:497589869) Spawned a models/props_lab/blastdoor001c.mdl
L 07/09/2022 - 21:18:10: [ULX] Volcun<STEAM_0:0:497589869> spawned model models/props_lab/blastdoor001c.mdl
L 07/09/2022 - 21:18:11: [FAdmin] Volcun (STEAM_0:0:497589869) Attempted to use tool creator
L 07/09/2022 - 21:18:11: [FAdmin] Volcun (STEAM_0:0:497589869) Spawned a models/props_lab/blastdoor001c.mdl
L 07/09/2022 - 21:18:11: [ULX] Volcun<STEAM_0:0:497589869> spawned model models/props_lab/blastdoor001c.mdl
L 07/09/2022 - 21:18:11: [FAdmin] prop_physics(models/props_c17/furnituredrawer001a.mdl) Got removed
L 07/09/2022 - 21:18:12: [FAdmin] Volcun (STEAM_0:0:497589869) Attempted to use tool creator
L 07/09/2022 - 21:18:12: [FAdmin] Volcun (STEAM_0:0:497589869) Spawned a models/props_lab/blastdoor001c.mdl
L 07/09/2022 - 21:18:12: [ULX] Volcun<STEAM_0:0:497589869> spawned model models/props_lab/blastdoor001c.mdl
L 07/09/2022 - 21:18:12: [FAdmin] Volcun (STEAM_0:0:497589869) Attempted to use tool creator
L 07/09/2022 - 21:18:12: [FAdmin] Volcun (STEAM_0:0:497589869) Spawned a models/props_lab/blastdoor001c.mdl
L 07/09/2022 - 21:18:12: [ULX] Volcun<STEAM_0:0:497589869> spawned model models/props_lab/blastdoor001c.mdl
L 07/09/2022 - 21:18:12: [FAdmin] Volcun (STEAM_0:0:497589869) Attempted to use tool creator
L 07/09/2022 - 21:18:12: [FAdmin] Volcun (STEAM_0:0:497589869) Spawned a models/props_lab/blastdoor001c.mdl
L 07/09/2022 - 21:18:12: [ULX] Volcun<STEAM_0:0:497589869> spawned model models/props_lab/blastdoor001c.mdl
L 07/09/2022 - 21:18:13: [FAdmin] Volcun (STEAM_0:0:497589869) Attempted to use tool creator
L 07/09/2022 - 21:18:13: [FAdmin] Volcun (STEAM_0:0:497589869) Spawned a models/props_lab/blastdoor001c.mdl
L 07/09/2022 - 21:18:13: [ULX] Volcun<STEAM_0:0:497589869> spawned model models/props_lab/blastdoor001c.mdl
L 07/09/2022 - 21:18:13: [FAdmin] prop_physics(models/props_c17/furniturecupboard001a.mdl) Got removed
L 07/09/2022 - 21:18:14: [FAdmin] Volcun (STEAM_0:0:497589869) Attempted to use tool creator
L 07/09/2022 - 21:18:14: [FAdmin] Volcun (STEAM_0:0:497589869) Spawned a models/props_lab/blastdoor001c.mdl
L 07/09/2022 - 21:18:14: [ULX] Volcun<STEAM_0:0:497589869> spawned model models/props_lab/blastdoor001c.mdl
L 07/09/2022 - 21:18:14: [FAdmin] Volcun (STEAM_0:0:497589869) Attempted to use tool creator
L 07/09/2022 - 21:18:14: [FAdmin] Volcun (STEAM_0:0:497589869) Spawned a models/props_lab/blastdoor001c.mdl
L 07/09/2022 - 21:18:14: [ULX] Volcun<STEAM_0:0:497589869> spawned model models/props_lab/blastdoor001c.mdl
L 07/09/2022 - 21:18:14: [FAdmin] Volcun (STEAM_0:0:497589869) Attempted to use tool creator
L 07/09/2022 - 21:18:14: [FAdmin] Volcun (STEAM_0:0:497589869) Spawned a models/props_lab/blastdoor001c.mdl
L 07/09/2022 - 21:18:14: [ULX] Volcun<STEAM_0:0:497589869> spawned model models/props_lab/blastdoor001c.mdl
L 07/09/2022 - 21:18:14: [FAdmin] Volcun (STEAM_0:0:497589869) Attempted to use tool creator
L 07/09/2022 - 21:18:14: [FAdmin] Volcun (STEAM_0:0:497589869) Spawned a models/props_lab/blastdoor001c.mdl
L 07/09/2022 - 21:18:14: [ULX] Volcun<STEAM_0:0:497589869> spawned model models/props_lab/blastdoor001c.mdl
L 07/09/2022 - 21:18:15: [FAdmin] Volcun (STEAM_0:0:497589869) Attempted to use tool creator
L 07/09/2022 - 21:18:15: [FAdmin] Volcun (STEAM_0:0:497589869) Spawned a models/props_lab/blastdoor001c.mdl
L 07/09/2022 - 21:18:15: [ULX] Volcun<STEAM_0:0:497589869> spawned model models/props_lab/blastdoor001c.mdl
L 07/09/2022 - 21:18:15: [FAdmin] Volcun (STEAM_0:0:497589869) Attempted to use tool creator
L 07/09/2022 - 21:18:15: [FAdmin] Volcun (STEAM_0:0:497589869) Spawned a models/props_lab/blastdoor001c.mdl
L 07/09/2022 - 21:18:15: [ULX] Volcun<STEAM_0:0:497589869> spawned model models/props_lab/blastdoor001c.mdl
L 07/09/2022 - 21:18:15: [FAdmin] Volcun (STEAM_0:0:497589869) Attempted to use tool creator
L 07/09/2022 - 21:18:15: [FAdmin] Volcun (STEAM_0:0:497589869) Spawned a models/props_lab/blastdoor001c.mdl
L 07/09/2022 - 21:18:15: [ULX] Volcun<STEAM_0:0:497589869> spawned model models/props_lab/blastdoor001c.mdl
L 07/09/2022 - 21:18:16: [FAdmin] Volcun (STEAM_0:0:497589869) Attempted to use tool creator
L 07/09/2022 - 21:18:16: [FAdmin] Volcun (STEAM_0:0:497589869) Spawned a models/props_lab/blastdoor001c.mdl
L 07/09/2022 - 21:18:16: [ULX] Volcun<STEAM_0:0:497589869> spawned model models/props_lab/blastdoor001c.mdl
L 07/09/2022 - 21:18:16: [FAdmin] Volcun (STEAM_0:0:497589869) Attempted to use tool creator
L 07/09/2022 - 21:18:16: [FAdmin] Volcun (STEAM_0:0:497589869) Spawned a models/props_lab/blastdoor001c.mdl
L 07/09/2022 - 21:18:16: [ULX] Volcun<STEAM_0:0:497589869> spawned model models/props_lab/blastdoor001c.mdl
L 07/09/2022 - 21:18:16: [FAdmin] prop_physics(models/props_c17/furniturecupboard001a.mdl) Got removed
L 07/09/2022 - 21:18:16: [FAdmin] Volcun (STEAM_0:0:497589869) Got killed by Al Shebab with a prop_physics
L 07/09/2022 - 21:18:17: [FAdmin] Volcun (STEAM_0:0:497589869) Spawned
L 07/09/2022 - 21:18:17: [FAdmin] Volcun (STEAM_0:0:497589869) Attempted to pick up a keys
L 07/09/2022 - 21:18:17: [FAdmin] Volcun (STEAM_0:0:497589869) Attempted to pick up a weapon_physcannon
L 07/09/2022 - 21:18:17: [FAdmin] Volcun (STEAM_0:0:497589869) Attempted to pick up a gmod_camera
L 07/09/2022 - 21:18:17: [FAdmin] Volcun (STEAM_0:0:497589869) Attempted to pick up a gmod_tool
L 07/09/2022 - 21:18:17: [FAdmin] Volcun (STEAM_0:0:497589869) Attempted to pick up a pocket
L 07/09/2022 - 21:18:17: [FAdmin] Volcun (STEAM_0:0:497589869) Attempted to pick up a weapon_physgun
L 07/09/2022 - 21:18:18: [FAdmin] Binchicken (STEAM_0:0:437291733) Got killed by prop_physics with a prop_physics
L 07/09/2022 - 21:18:19: [FAdmin] Binchicken (STEAM_0:0:437291733) Spawned
L 07/09/2022 - 21:18:19: [FAdmin] Binchicken (STEAM_0:0:437291733) Attempted to pick up a keys
L 07/09/2022 - 21:18:19: [FAdmin] Binchicken (STEAM_0:0:437291733) Attempted to pick up a weapon_physcannon
L 07/09/2022 - 21:18:19: [FAdmin] Binchicken (STEAM_0:0:437291733) Attempted to pick up a gmod_camera
L 07/09/2022 - 21:18:19: [FAdmin] Binchicken (STEAM_0:0:437291733) Attempted to pick up a gmod_tool
L 07/09/2022 - 21:18:19: [FAdmin] Binchicken (STEAM_0:0:437291733) Attempted to pick up a pocket
L 07/09/2022 - 21:18:19: [FAdmin] Binchicken (STEAM_0:0:437291733) Attempted to pick up a weapon_physgun
L 07/09/2022 - 21:18:20: [FAdmin] prop_physics(models/props_c17/furnituredrawer001a.mdl) Got removed
L 07/09/2022 - 21:18:20: [FAdmin] Binchicken (STEAM_0:0:437291733) Attempted to switch noclip
L 07/09/2022 - 21:18:21: [FAdmin] Binchicken (STEAM_0:0:437291733) Attempted to switch noclip
L 07/09/2022 - 21:18:22: [FAdmin] Binchicken (STEAM_0:0:437291733) Attempted to switch noclip
L 07/09/2022 - 21:18:23: [FAdmin] prop_physics(models/props_lab/blastdoor001c.mdl) Got removed
L 07/09/2022 - 21:18:23: [FAdmin] prop_physics(models/props_lab/blastdoor001c.mdl) Got removed
L 07/09/2022 - 21:18:23: [FAdmin] prop_physics(models/props_lab/blastdoor001c.mdl) Got removed
L 07/09/2022 - 21:18:23: [FAdmin] prop_physics(models/props_lab/blastdoor001c.mdl) Got removed
L 07/09/2022 - 21:18:23: [FAdmin] prop_physics(models/props_lab/blastdoor001c.mdl) Got removed
L 07/09/2022 - 21:18:24: [FAdmin] prop_physics(models/props_lab/blastdoor001c.mdl) Got removed
L 07/09/2022 - 21:18:24: [FAdmin] prop_physics(models/props_lab/blastdoor001c.mdl) Got removed
L 07/09/2022 - 21:18:24: [FAdmin] prop_physics(models/props_lab/blastdoor001c.mdl) Got removed
L 07/09/2022 - 21:18:24: [FAdmin] prop_physics(models/props_lab/blastdoor001c.mdl) Got removed
L 07/09/2022 - 21:18:24: [FAdmin] prop_physics(models/props_lab/blastdoor001c.mdl) Got removed
L 07/09/2022 - 21:18:24: [FAdmin] prop_physics(models/props_lab/blastdoor001c.mdl) Got removed
L 07/09/2022 - 21:18:25: [FAdmin] prop_physics(models/props_lab/blastdoor001c.mdl) Got removed
L 07/09/2022 - 21:18:25: [FAdmin] prop_physics(models/props_lab/blastdoor001c.mdl) Got removed
L 07/09/2022 - 21:18:25: [FAdmin] prop_physics(models/props_lab/blastdoor001c.mdl) Got removed
L 07/09/2022 - 21:18:25: [FAdmin] prop_physics(models/props_lab/blastdoor001c.mdl) Got removed
L 07/09/2022 - 21:18:25: [FAdmin] prop_physics(models/props_lab/blastdoor001c.mdl) Got removed
L 07/09/2022 - 21:18:25: [FAdmin] prop_physics(models/props_lab/blastdoor001c.mdl) Got removed
L 07/09/2022 - 21:18:26: [FAdmin] prop_physics(models/props_lab/blastdoor001c.mdl) Got removed
L 07/09/2022 - 21:18:26: [FAdmin] prop_physics(models/props_lab/blastdoor001c.mdl) Got removed
L 07/09/2022 - 21:18:26: [FAdmin] prop_physics(models/props_borealis/bluebarrel001.mdl) Got removed
L 07/09/2022 - 21:18:46: [FAdmin] Volcun (STEAM_0:0:497589869) Got killed by prop_physics with a prop_physics
L 07/09/2022 - 21:18:49: [FAdmin] Volcun (STEAM_0:0:497589869) Spawned
L 07/09/2022 - 21:18:49: [FAdmin] Volcun (STEAM_0:0:497589869) Attempted to pick up a keys
L 07/09/2022 - 21:18:49: [FAdmin] Volcun (STEAM_0:0:497589869) Attempted to pick up a weapon_physcannon
L 07/09/2022 - 21:18:49: [FAdmin] Volcun (STEAM_0:0:497589869) Attempted to pick up a gmod_camera
L 07/09/2022 - 21:18:49: [FAdmin] Volcun (STEAM_0:0:497589869) Attempted to pick up a gmod_tool
L 07/09/2022 - 21:18:49: [FAdmin] Volcun (STEAM_0:0:497589869) Attempted to pick up a pocket
L 07/09/2022 - 21:18:49: [FAdmin] Volcun (STEAM_0:0:497589869) Attempted to pick up a weapon_physgun
L 07/09/2022 - 21:18:52: [FAdmin] Binchicken (STEAM_0:0:437291733) Attempted to switch noclip
L 07/09/2022 - 21:18:53: [FAdmin] Binchicken (STEAM_0:0:437291733) Attempted to switch noclip
L 07/09/2022 - 21:18:53: [FAdmin] Binchicken (STEAM_0:0:437291733) Attempted to switch noclip
L 07/09/2022 - 21:18:54: [FAdmin] Binchicken (STEAM_0:0:437291733) Attempted to switch noclip
L 07/09/2022 - 21:18:54: [FAdmin] Binchicken (STEAM_0:0:437291733) Attempted to switch noclip
L 07/09/2022 - 21:18:55: [FAdmin] Binchicken (STEAM_0:0:437291733) Attempted to switch noclip
L 07/09/2022 - 21:18:55: [FAdmin] Binchicken (STEAM_0:0:437291733) Attempted to switch noclip
L 07/09/2022 - 21:18:55: [FAdmin] Binchicken (STEAM_0:0:437291733) Attempted to switch noclip
L 07/09/2022 - 21:19:06: [FAdmin] Volcun (STEAM_0:0:497589869) Got killed by N/A with a N/A
L 07/09/2022 - 21:19:08: [FAdmin] Volcun (STEAM_0:0:497589869) Spawned
L 07/09/2022 - 21:19:08: [FAdmin] Volcun (STEAM_0:0:497589869) Attempted to pick up a keys
L 07/09/2022 - 21:19:08: [FAdmin] Volcun (STEAM_0:0:497589869) Attempted to pick up a weapon_physcannon
L 07/09/2022 - 21:19:08: [FAdmin] Volcun (STEAM_0:0:497589869) Attempted to pick up a gmod_camera
L 07/09/2022 - 21:19:08: [FAdmin] Volcun (STEAM_0:0:497589869) Attempted to pick up a gmod_tool
L 07/09/2022 - 21:19:08: [FAdmin] Volcun (STEAM_0:0:497589869) Attempted to pick up a pocket
L 07/09/2022 - 21:19:08: [FAdmin] Volcun (STEAM_0:0:497589869) Attempted to pick up a weapon_physgun
L 07/09/2022 - 21:19:20: [FAdmin] Al Shebab (STEAM_0:0:103364981) Got killed by prop_physics with a prop_physics
L 07/09/2022 - 21:19:21: [FAdmin] Al Shebab (STEAM_0:0:103364981) Spawned
L 07/09/2022 - 21:19:21: [FAdmin] Al Shebab (STEAM_0:0:103364981) Attempted to pick up a keys
L 07/09/2022 - 21:19:21: [FAdmin] Al Shebab (STEAM_0:0:103364981) Attempted to pick up a weapon_physcannon
L 07/09/2022 - 21:19:21: [FAdmin] Al Shebab (STEAM_0:0:103364981) Attempted to pick up a gmod_camera
L 07/09/2022 - 21:19:21: [FAdmin] Al Shebab (STEAM_0:0:103364981) Attempted to pick up a gmod_tool
L 07/09/2022 - 21:19:21: [FAdmin] Al Shebab (STEAM_0:0:103364981) Attempted to pick up a pocket
L 07/09/2022 - 21:19:21: [FAdmin] Al Shebab (STEAM_0:0:103364981) Attempted to pick up a weapon_physgun
L 07/09/2022 - 21:19:21: [FAdmin] Al Shebab (STEAM_0:0:103364981) Attempted to pick up a weapon_keypadchecker
L 07/09/2022 - 21:19:21: [FAdmin] Al Shebab (STEAM_0:0:103364981) Attempted to pick up a door_ram
L 07/09/2022 - 21:19:21: [FAdmin] Al Shebab (STEAM_0:0:103364981) Attempted to pick up a arrest_stick
L 07/09/2022 - 21:19:21: [FAdmin] Al Shebab (STEAM_0:0:103364981) Attempted to pick up a unarrest_stick
L 07/09/2022 - 21:19:21: [FAdmin] Al Shebab (STEAM_0:0:103364981) Attempted to pick up a stunstick
L 07/09/2022 - 21:19:21: [FAdmin] Al Shebab (STEAM_0:0:103364981) Attempted to pick up a weaponchecker
L 07/09/2022 - 21:19:41: [ULX] Al Shebab changed group trial-moderator to only be able to target !%moderator
L 07/09/2022 - 21:19:52: [ULX] Al Shebab changed group senior-moderator to only be able to target !%administrator
L 07/09/2022 - 21:20:14: [FAdmin] Volcun (STEAM_0:0:497589869) Spawned a models/props_combine/headcrabcannister01a.mdl
L 07/09/2022 - 21:20:14: [ULX] Volcun<STEAM_0:0:497589869> spawned model models/props_combine/headcrabcannister01a.mdl
L 07/09/2022 - 21:24:10: [FAdmin] Volcun (STEAM_0:0:497589869) Got killed by N/A with a N/A
L 07/09/2022 - 21:24:12: [FAdmin] Volcun (STEAM_0:0:497589869) Spawned
L 07/09/2022 - 21:24:12: [FAdmin] Volcun (STEAM_0:0:497589869) Attempted to pick up a keys
L 07/09/2022 - 21:24:12: [FAdmin] Volcun (STEAM_0:0:497589869) Attempted to pick up a weapon_physcannon
L 07/09/2022 - 21:24:12: [FAdmin] Volcun (STEAM_0:0:497589869) Attempted to pick up a gmod_camera
L 07/09/2022 - 21:24:12: [FAdmin] Volcun (STEAM_0:0:497589869) Attempted to pick up a gmod_tool
L 07/09/2022 - 21:24:12: [FAdmin] Volcun (STEAM_0:0:497589869) Attempted to pick up a pocket
L 07/09/2022 - 21:24:12: [FAdmin] Volcun (STEAM_0:0:497589869) Attempted to pick up a weapon_physgun
L 07/09/2022 - 21:24:21: "Binchicken<3><STEAM_0:0:437291733><Citizen>" say "!menu"

L 07/09/2022 - 21:24:34: [FAdmin] Volcun (STEAM_0:0:497589869) Attempted to pick up a weapon_glock2
L 07/09/2022 - 21:24:39: [ULX] Binchicken teleported to Volcun
L 07/09/2022 - 21:25:31: [FAdmin] Volcun (STEAM_0:0:497589869) Spawned a models/props_borealis/mooring_cleat01.mdl
L 07/09/2022 - 21:25:31: [ULX] Volcun<STEAM_0:0:497589869> spawned model models/props_borealis/mooring_cleat01.mdl
L 07/09/2022 - 21:25:42: "Binchicken<3><STEAM_0:0:437291733><Citizen>" say "!menu"

L 07/09/2022 - 21:25:45: "pvp04539f<5><STEAM_0:1:698856594><>" connected, address "125.25.38.44:27005"
L 07/09/2022 - 21:25:46: "pvp04539f<5><STEAM_0:1:698856594><>" STEAM USERID validated
L 07/09/2022 - 21:25:47: [ULX] Binchicken brought Volcun
L 07/09/2022 - 21:25:52: "Binchicken<3><STEAM_0:0:437291733><Citizen>" say "!menu"

L 07/09/2022 - 21:25:53: [ULX] Binchicken brought Volcun
L 07/09/2022 - 21:25:53: "Binchicken<3><STEAM_0:0:437291733><Citizen>" say "!menu"

L 07/09/2022 - 21:27:40: "Binchicken<3><STEAM_0:0:437291733><Citizen>" say "!menu"

L 07/09/2022 - 21:27:56: [ULX] Binchicken jailed Volcun for 100 seconds
L 07/09/2022 - 21:27:57: [ULX] Binchicken unjailed Volcun
L 07/09/2022 - 21:27:57: [FAdmin] prop_physics(models/props_building_details/storefront_template001a_bars.mdl) Got removed
L 07/09/2022 - 21:27:57: [FAdmin] prop_physics(models/props_building_details/storefront_template001a_bars.mdl) Got removed
L 07/09/2022 - 21:27:57: [FAdmin] prop_physics(models/props_building_details/storefront_template001a_bars.mdl) Got removed
L 07/09/2022 - 21:27:57: [FAdmin] prop_physics(models/props_building_details/storefront_template001a_bars.mdl) Got removed
L 07/09/2022 - 21:27:57: [FAdmin] prop_physics(models/props_building_details/storefront_template001a_bars.mdl) Got removed
L 07/09/2022 - 21:27:57: [FAdmin] prop_physics(models/props_building_details/storefront_template001a_bars.mdl) Got removed
L 07/09/2022 - 21:27:57: [FAdmin] prop_physics(models/props_building_details/storefront_template001a_bars.mdl) Got removed
L 07/09/2022 - 21:27:57: [FAdmin] prop_physics(models/props_building_details/storefront_template001a_bars.mdl) Got removed
L 07/09/2022 - 21:28:05: "Binchicken<3><STEAM_0:0:437291733><Citizen>" say "!menu"

L 07/09/2022 - 21:28:06: [ULX] Binchicken jailed Volcun for 100 seconds
L 07/09/2022 - 21:28:10: "Binchicken<3><STEAM_0:0:437291733><Citizen>" say "!menu"

L 07/09/2022 - 21:28:12: [ULX] Binchicken unjailed Volcun
L 07/09/2022 - 21:28:12: [FAdmin] prop_physics(models/props_building_details/storefront_template001a_bars.mdl) Got removed
L 07/09/2022 - 21:28:12: [FAdmin] prop_physics(models/props_building_details/storefront_template001a_bars.mdl) Got removed
L 07/09/2022 - 21:28:12: [FAdmin] prop_physics(models/props_building_details/storefront_template001a_bars.mdl) Got removed
L 07/09/2022 - 21:28:12: [FAdmin] prop_physics(models/props_building_details/storefront_template001a_bars.mdl) Got removed
L 07/09/2022 - 21:28:12: [FAdmin] prop_physics(models/props_building_details/storefront_template001a_bars.mdl) Got removed
L 07/09/2022 - 21:28:12: [FAdmin] prop_physics(models/props_building_details/storefront_template001a_bars.mdl) Got removed
L 07/09/2022 - 21:28:12: [FAdmin] prop_physics(models/props_building_details/storefront_template001a_bars.mdl) Got removed
L 07/09/2022 - 21:28:12: [FAdmin] prop_physics(models/props_building_details/storefront_template001a_bars.mdl) Got removed
L 07/09/2022 - 21:28:12: [FAdmin] Binchicken (STEAM_0:0:437291733) Got killed by Volcun with a player
L 07/09/2022 - 21:28:13: [FAdmin] Binchicken (STEAM_0:0:437291733) Spawned
L 07/09/2022 - 21:28:13: [FAdmin] Binchicken (STEAM_0:0:437291733) Attempted to pick up a keys
L 07/09/2022 - 21:28:13: [FAdmin] Binchicken (STEAM_0:0:437291733) Attempted to pick up a weapon_physcannon
L 07/09/2022 - 21:28:13: [FAdmin] Binchicken (STEAM_0:0:437291733) Attempted to pick up a gmod_camera
L 07/09/2022 - 21:28:13: [FAdmin] Binchicken (STEAM_0:0:437291733) Attempted to pick up a gmod_tool
L 07/09/2022 - 21:28:13: [FAdmin] Binchicken (STEAM_0:0:437291733) Attempted to pick up a pocket
L 07/09/2022 - 21:28:13: [FAdmin] Binchicken (STEAM_0:0:437291733) Attempted to pick up a weapon_physgun
L 07/09/2022 - 21:28:16: [FAdmin] Al Shebab (STEAM_0:0:103364981) Gave himself a m9k_aw50
L 07/09/2022 - 21:28:16: [FAdmin] Al Shebab (STEAM_0:0:103364981) Attempted to pick up a m9k_aw50
L 07/09/2022 - 21:28:17: "Binchicken<3><STEAM_0:0:437291733><Citizen>" say "!menu"

L 07/09/2022 - 21:28:18: [ULX] Binchicken jailed Volcun for 100 seconds
L 07/09/2022 - 21:28:19: [FAdmin] Al Shebab (STEAM_0:0:103364981) Gave himself a m9k_svt40
L 07/09/2022 - 21:28:19: [FAdmin] Al Shebab (STEAM_0:0:103364981) Attempted to pick up a m9k_svt40
L 07/09/2022 - 21:28:19: [ULX] Binchicken unjailed Volcun
L 07/09/2022 - 21:28:19: [FAdmin] prop_physics(models/props_building_details/storefront_template001a_bars.mdl) Got removed
L 07/09/2022 - 21:28:19: [FAdmin] prop_physics(models/props_building_details/storefront_template001a_bars.mdl) Got removed
L 07/09/2022 - 21:28:19: [FAdmin] prop_physics(models/props_building_details/storefront_template001a_bars.mdl) Got removed
L 07/09/2022 - 21:28:19: [FAdmin] prop_physics(models/props_building_details/storefront_template001a_bars.mdl) Got removed
L 07/09/2022 - 21:28:19: [FAdmin] prop_physics(models/props_building_details/storefront_template001a_bars.mdl) Got removed
L 07/09/2022 - 21:28:19: [FAdmin] prop_physics(models/props_building_details/storefront_template001a_bars.mdl) Got removed
L 07/09/2022 - 21:28:19: [FAdmin] prop_physics(models/props_building_details/storefront_template001a_bars.mdl) Got removed
L 07/09/2022 - 21:28:19: [FAdmin] prop_physics(models/props_building_details/storefront_template001a_bars.mdl) Got removed
L 07/09/2022 - 21:28:21: [FAdmin] Binchicken (STEAM_0:0:437291733) Got killed by Al Shebab with a player
L 07/09/2022 - 21:28:22: [FAdmin] Binchicken (STEAM_0:0:437291733) Spawned
L 07/09/2022 - 21:28:22: [FAdmin] Binchicken (STEAM_0:0:437291733) Attempted to pick up a keys
L 07/09/2022 - 21:28:22: [FAdmin] Binchicken (STEAM_0:0:437291733) Attempted to pick up a weapon_physcannon
L 07/09/2022 - 21:28:22: [FAdmin] Binchicken (STEAM_0:0:437291733) Attempted to pick up a gmod_camera
L 07/09/2022 - 21:28:22: [FAdmin] Binchicken (STEAM_0:0:437291733) Attempted to pick up a gmod_tool
L 07/09/2022 - 21:28:22: [FAdmin] Binchicken (STEAM_0:0:437291733) Attempted to pick up a pocket
L 07/09/2022 - 21:28:22: [FAdmin] Binchicken (STEAM_0:0:437291733) Attempted to pick up a weapon_physgun
L 07/09/2022 - 21:28:31: [FAdmin] Binchicken (STEAM_0:0:437291733) Gave himself a weapon_ak472
L 07/09/2022 - 21:28:35: [FAdmin] Binchicken (STEAM_0:0:437291733) Gave himself a m9k_dbarrel
L 07/09/2022 - 21:29:44: [FAdmin] Binchicken (STEAM_0:0:437291733) Spawned a models/props_c17/FurnitureDrawer001a_Chunk06.mdl
L 07/09/2022 - 21:29:44: [ULX] Binchicken<STEAM_0:0:437291733> spawned model models/props_c17/furnituredrawer001a_chunk06.mdl
L 07/09/2022 - 21:29:50: [FAdmin] Binchicken (STEAM_0:0:437291733) Spawned a models/props_c17/FurnitureDrawer001a_Chunk06.mdl
L 07/09/2022 - 21:29:50: [ULX] Binchicken<STEAM_0:0:437291733> spawned model models/props_c17/furnituredrawer001a_chunk06.mdl
L 07/09/2022 - 21:29:53: [FAdmin] Volcun (STEAM_0:0:497589869) Got killed by Binchicken with a prop_physics
L 07/09/2022 - 21:29:54: [FAdmin] Volcun (STEAM_0:0:497589869) Spawned
L 07/09/2022 - 21:29:54: [FAdmin] Volcun (STEAM_0:0:497589869) Attempted to pick up a keys
L 07/09/2022 - 21:29:54: [FAdmin] Volcun (STEAM_0:0:497589869) Attempted to pick up a weapon_physcannon
L 07/09/2022 - 21:29:54: [FAdmin] Volcun (STEAM_0:0:497589869) Attempted to pick up a gmod_camera
L 07/09/2022 - 21:29:54: [FAdmin] Volcun (STEAM_0:0:497589869) Attempted to pick up a gmod_tool
L 07/09/2022 - 21:29:54: [FAdmin] Volcun (STEAM_0:0:497589869) Attempted to pick up a pocket
L 07/09/2022 - 21:29:54: [FAdmin] Volcun (STEAM_0:0:497589869) Attempted to pick up a weapon_physgun
L 07/09/2022 - 21:29:55: [FAdmin] prop_physics(models/props_c17/furnituredrawer001a_chunk06.mdl) Got removed
L 07/09/2022 - 21:29:55: [FAdmin] prop_physics(models/props_c17/furnituredrawer001a_chunk06.mdl) Got removed
L 07/09/2022 - 21:30:03: [FAdmin] Binchicken (STEAM_0:0:437291733) Spawned a models/props_c17/Lockers001a.mdl
L 07/09/2022 - 21:30:03: [ULX] Binchicken<STEAM_0:0:437291733> spawned model models/props_c17/lockers001a.mdl
L 07/09/2022 - 21:30:05: [FAdmin] Volcun (STEAM_0:0:497589869) Got killed by Binchicken with a prop_physics
L 07/09/2022 - 21:30:06: [FAdmin] prop_physics(models/props_c17/lockers001a.mdl) Got removed
L 07/09/2022 - 21:30:09: [FAdmin] Volcun (STEAM_0:0:497589869) Spawned
L 07/09/2022 - 21:30:09: [FAdmin] Volcun (STEAM_0:0:497589869) Attempted to pick up a keys
L 07/09/2022 - 21:30:09: [FAdmin] Volcun (STEAM_0:0:497589869) Attempted to pick up a weapon_physcannon
L 07/09/2022 - 21:30:09: [FAdmin] Volcun (STEAM_0:0:497589869) Attempted to pick up a gmod_camera
L 07/09/2022 - 21:30:09: [FAdmin] Volcun (STEAM_0:0:497589869) Attempted to pick up a gmod_tool
L 07/09/2022 - 21:30:09: [FAdmin] Volcun (STEAM_0:0:497589869) Attempted to pick up a pocket
L 07/09/2022 - 21:30:09: [FAdmin] Volcun (STEAM_0:0:497589869) Attempted to pick up a weapon_physgun
L 07/09/2022 - 21:30:12: [FAdmin] Binchicken (STEAM_0:0:437291733) Spawned a models/props_c17/Lockers001a.mdl
L 07/09/2022 - 21:30:12: [ULX] Binchicken<STEAM_0:0:437291733> spawned model models/props_c17/lockers001a.mdl
L 07/09/2022 - 21:30:19: [FAdmin] prop_physics(models/props_c17/lockers001a.mdl) Got removed
L 07/09/2022 - 21:30:40: "Binchicken<3><STEAM_0:0:437291733><Citizen>" say "!menu"

L 07/09/2022 - 21:30:51: [ULX] Binchicken granted access "ulx jail" to group trial-moderator
L 07/09/2022 - 21:30:55: "Binchicken<3><STEAM_0:0:437291733><Citizen>" say "!menu"

L 07/09/2022 - 21:31:09: [FAdmin] Volcun (STEAM_0:0:497589869) Attempted to pick up a weapon_glock2
L 07/09/2022 - 21:31:14: "pvp04539f<5><STEAM_0:1:698856594><>" disconnected (reason "pvp04539f timed out")
L 07/09/2022 - 21:31:15: "Binchicken<3><STEAM_0:0:437291733><Citizen>" say "!menu"

L 07/09/2022 - 21:31:23: [ULX] Binchicken mauled Volcun
L 07/09/2022 - 21:31:33: [FAdmin] Volcun (STEAM_0:0:497589869) Got killed by npc_fastzombie with a npc_fastzombie
L 07/09/2022 - 21:31:35: [FAdmin] Volcun (STEAM_0:0:497589869) Spawned
L 07/09/2022 - 21:31:35: [FAdmin] Volcun (STEAM_0:0:497589869) Attempted to pick up a keys
L 07/09/2022 - 21:31:35: [FAdmin] Volcun (STEAM_0:0:497589869) Attempted to pick up a weapon_physcannon
L 07/09/2022 - 21:31:35: [FAdmin] Volcun (STEAM_0:0:497589869) Attempted to pick up a gmod_camera
L 07/09/2022 - 21:31:35: [FAdmin] Volcun (STEAM_0:0:497589869) Attempted to pick up a gmod_tool
L 07/09/2022 - 21:31:35: [FAdmin] Volcun (STEAM_0:0:497589869) Attempted to pick up a pocket
L 07/09/2022 - 21:31:35: [FAdmin] Volcun (STEAM_0:0:497589869) Attempted to pick up a weapon_physgun
L 07/09/2022 - 21:31:38: "Binchicken<3><STEAM_0:0:437291733><Citizen>" say "!menu"

L 07/09/2022 - 21:31:39: [FAdmin] Volcun (STEAM_0:0:497589869) Attempted to pick up a weapon_glock2
L 07/09/2022 - 21:31:49: [ULX] Al Shebab gimped Everyone
L 07/09/2022 - 21:31:49: "Al Shebab<2><STEAM_0:0:103364981><Citizen>" say "!gimp *"

L 07/09/2022 - 21:31:53: "Al Shebab<2><STEAM_0:0:103364981><Citizen>" say "a"

L 07/09/2022 - 21:31:54: "Al Shebab<2><STEAM_0:0:103364981><Citizen>" say "aa"

L 07/09/2022 - 21:32:11: [ULX] Binchicken whipped Volcun 10 times with 2 damage
L 07/09/2022 - 21:32:21: "Binchicken<3><STEAM_0:0:437291733><Citizen>" say "!menu"

L 07/09/2022 - 21:32:29: "Binchicken<3><STEAM_0:0:437291733><Citizen>" say "!menu"

L 07/09/2022 - 21:32:30: "Volcun<4><STEAM_0:0:497589869><Gun Dealer>" say "no"

L 07/09/2022 - 21:32:35: [ULX] Binchicken unfroze Volcun
L 07/09/2022 - 21:32:35: [ULX] Binchicken froze Volcun
L 07/09/2022 - 21:32:37: [ULX] Binchicken unfroze Volcun
L 07/09/2022 - 21:32:38: "Volcun<4><STE