L 07/09/2022 - 22:02:07: Log file started (file "logs\L0709019.log") (game "C:\Users\kazza\Desktop\Garry's Mod\steamcmd\steamapps\common\GarrysModDS\garrysmod") (version "8607")
L 07/09/2022 - 22:02:07: server_cvar: "sbox_noclip" "0"
L 07/09/2022 - 22:02:07: server_cvar: "sbox_maxprops" "80"
L 07/09/2022 - 22:02:07: server_cvar: "sbox_maxragdolls" "0"
L 07/09/2022 - 22:02:07: server_cvar: "sbox_maxnpcs" "0"
L 07/09/2022 - 22:02:07: server_cvar: "sbox_maxballoons" "0"
L 07/09/2022 - 22:02:07: server_cvar: "sbox_maxeffects" "0"
L 07/09/2022 - 22:02:07: server_cvar: "sbox_maxdynamite" "0"
L 07/09/2022 - 22:02:07: server_cvar: "sbox_maxlamps" "0"
L 07/09/2022 - 22:02:07: server_cvar: "sbox_maxthrusters" "0"
L 07/09/2022 - 22:02:07: server_cvar: "sbox_maxwheels" "0"
L 07/09/2022 - 22:02:07: server_cvar: "sbox_maxhoverballs" "0"
L 07/09/2022 - 22:02:07: server_cvar: "sbox_maxvehicles" "1"
L 07/09/2022 - 22:02:07: server_cvar: "sbox_maxbuttons" "6"
L 07/09/2022 - 22:02:07: server_cvar: "sbox_maxemitters" "0"
L 07/09/2022 - 22:02:07: server_cvar: "sv_allowcslua" "1"
L 07/09/2022 - 22:02:07: server_cvar: "sv_airaccelerate" "1000"
L 07/09/2022 - 22:02:09: Connection to Steam servers successful.
L 07/09/2022 - 22:02:09:    Public IP is 60.241.142.139.
L 07/09/2022 - 22:02:09: Assigned persistent gameserver Steam ID [G-1:3987399].
L 07/09/2022 - 22:02:09: VAC secure mode is activated.
L 07/09/2022 - 22:02:12: "Volcun<2><STEAM_0:0:497589869><>" connected, address "121.200.4.229:22397"
L 07/09/2022 - 22:02:13: "Volcun<2><STEAM_0:0:497589869><>" STEAM USERID validated
L 07/09/2022 - 22:02:26: "Al Shebab<3><STEAM_0:0:103364981><>" connected, address "60.241.142.139:27006"
L 07/09/2022 - 22:02:26: "Al Shebab<3><STEAM_0:0:103364981><>" STEAM USERID validated
L 07/09/2022 - 22:02:28: [FAdmin] Volcun (STEAM_0:0:497589869) is Authed
L 07/09/2022 - 22:02:28: [FAdmin] Volcun (STEAM_0:0:497589869) Spawned for the first time
L 07/09/2022 - 22:02:28: [FAdmin] balls (STEAM_0:0:497589869) Spawned
L 07/09/2022 - 22:02:28: "Volcun<2><STEAM_0:0:497589869><>" entered the game
L 07/09/2022 - 22:02:28: [FAdmin] balls (STEAM_0:0:497589869) Attempted to pick up a keys
L 07/09/2022 - 22:02:28: [FAdmin] balls (STEAM_0:0:497589869) Attempted to pick up a weapon_physcannon
L 07/09/2022 - 22:02:28: [FAdmin] balls (STEAM_0:0:497589869) Attempted to pick up a gmod_camera
L 07/09/2022 - 22:02:28: [FAdmin] balls (STEAM_0:0:497589869) Attempted to pick up a gmod_tool
L 07/09/2022 - 22:02:28: [FAdmin] balls (STEAM_0:0:497589869) Attempted to pick up a pocket
L 07/09/2022 - 22:02:28: [FAdmin] balls (STEAM_0:0:497589869) Attempted to pick up a weapon_physgun
L 07/09/2022 - 22:02:37: "Binchicken<4><STEAM_0:0:437291733><>" connected, address "149.167.60.156:20863"
L 07/09/2022 - 22:02:37: "Binchicken<4><STEAM_0:0:437291733><>" STEAM USERID validated
L 07/09/2022 - 22:02:38: [FAdmin] Al Shebab (STEAM_0:0:103364981) is Authed
L 07/09/2022 - 22:02:38: [FAdmin] Al Shebab (STEAM_0:0:103364981) Spawned for the first time
L 07/09/2022 - 22:02:38: [FAdmin] cock (STEAM_0:0:103364981) Spawned
L 07/09/2022 - 22:02:38: "Al Shebab<3><STEAM_0:0:103364981><>" entered the game
L 07/09/2022 - 22:02:38: [FAdmin] cock (STEAM_0:0:103364981) Attempted to pick up a keys
L 07/09/2022 - 22:02:38: [FAdmin] cock (STEAM_0:0:103364981) Attempted to pick up a weapon_physcannon
L 07/09/2022 - 22:02:38: [FAdmin] cock (STEAM_0:0:103364981) Attempted to pick up a gmod_camera
L 07/09/2022 - 22:02:38: [FAdmin] cock (STEAM_0:0:103364981) Attempted to pick up a gmod_tool
L 07/09/2022 - 22:02:38: [FAdmin] cock (STEAM_0:0:103364981) Attempted to pick up a pocket
L 07/09/2022 - 22:02:38: [FAdmin] cock (STEAM_0:0:103364981) Attempted to pick up a weapon_physgun
L 07/09/2022 - 22:02:38: [FAdmin] cock (STEAM_0:0:103364981) Attempted to pick up a weapon_keypadchecker
L 07/09/2022 - 22:02:38: [FAdmin] cock (STEAM_0:0:103364981) Attempted to pick up a door_ram
L 07/09/2022 - 22:02:38: [FAdmin] cock (STEAM_0:0:103364981) Attempted to pick up a arrest_stick
L 07/09/2022 - 22:02:38: [FAdmin] cock (STEAM_0:0:103364981) Attempted to pick up a unarrest_stick
L 07/09/2022 - 22:02:38: [FAdmin] cock (STEAM_0:0:103364981) Attempted to pick up a stunstick
L 07/09/2022 - 22:02:38: [FAdmin] cock (STEAM_0:0:103364981) Attempted to pick up a weaponchecker
L 07/09/2022 - 22:02:47: "scott froml<2><STEAM_0:0:497589869><Citizen>" say "/rpname scott froml"

L 07/09/2022 - 22:02:52: [FAdmin] Binchicken (STEAM_0:0:437291733) is Authed
L 07/09/2022 - 22:02:52: [FAdmin] Binchicken (STEAM_0:0:437291733) Spawned for the first time
L 07/09/2022 - 22:02:52: [FAdmin] Binchicken (STEAM_0:0:437291733) Spawned
L 07/09/2022 - 22:02:52: "Binchicken<4><STEAM_0:0:437291733><>" entered the game
L 07/09/2022 - 22:02:52: [FAdmin] Binchicken (STEAM_0:0:437291733) Attempted to pick up a keys
L 07/09/2022 - 22:02:52: [FAdmin] Binchicken (STEAM_0:0:437291733) Attempted to pick up a weapon_physcannon
L 07/09/2022 - 22:02:52: [FAdmin] Binchicken (STEAM_0:0:437291733) Attempted to pick up a gmod_camera
L 07/09/2022 - 22:02:52: [FAdmin] Binchicken (STEAM_0:0:437291733) Attempted to pick up a gmod_tool
L 07/09/2022 - 22:02:52: [FAdmin] Binchicken (STEAM_0:0:437291733) Attempted to pick up a pocket
L 07/09/2022 - 22:02:52: [FAdmin] Binchicken (STEAM_0:0:437291733) Attempted to pick up a weapon_physgun
L 07/09/2022 - 22:02:52: [FAdmin] Binchicken (STEAM_0:0:437291733) Attempted to pick up a weapon_keypadchecker
L 07/09/2022 - 22:02:52: [FAdmin] Binchicken (STEAM_0:0:437291733) Attempted to pick up a door_ram
L 07/09/2022 - 22:02:52: [FAdmin] Binchicken (STEAM_0:0:437291733) Attempted to pick up a arrest_stick
L 07/09/2022 - 22:02:52: [FAdmin] Binchicken (STEAM_0:0:437291733) Attempted to pick up a unarrest_stick
L 07/09/2022 - 22:02:52: [FAdmin] Binchicken (STEAM_0:0:437291733) Attempted to pick up a stunstick
L 07/09/2022 - 22:02:52: [FAdmin] Binchicken (STEAM_0:0:437291733) Attempted to pick up a weaponchecker
L 07/09/2022 - 22:02:58: Lua Error: 
[tebexgmod] addons/tebexgmod/lua/tebex/client/apiclient.lua:36: attempt to call upvalue 'failure' (a nil value)
  1. unknown - addons/tebexgmod/lua/tebex/client/apiclient.lua:36


L 07/09/2022 - 22:03:09: "Al Shebab<3><STEAM_0:0:103364981><>" disconnected (reason "Disconnect by user.")
L 07/09/2022 - 22:03:09: [FAdmin] cock (STEAM_0:0:103364981) Disconnected
L 07/09/2022 - 22:03:17: "Binchicken<4><STEAM_0:0:437291733><>" disconnected (reason "Disconnect by user.")
L 07/09/2022 - 22:03:17: [FAdmin] Binchicken (STEAM_0:0:437291733) Disconnected
L 07/09/2022 - 22:03:27: "Volcun<2><STEAM_0:0:497589869><>" disconnected (reason "Disconnect by user.")
L 07/09/2022 - 22:03:27: [FAdmin] scott froml (STEAM_0:0:497589869) Disconnected
L 07/09/2022 - 22:03:40: "Binchicken<5><STEAM_0:0:437291733><>" connected, address "149.167.60.156:20863"
L 07/09/2022 - 22:03:41: "Binchicken<5><STEAM_0:0:437291733><>" STEAM USERID validated
L 07/09/2022 - 22:03:53: [FAdmin] Binchicken (STEAM_0:0:437291733) is Authed
L 07/09/2022 - 22:03:53: [FAdmin] Binchicken (STEAM_0:0:437291733) Spawned for the first time
L 07/09/2022 - 22:03:53: [FAdmin] Binchicken (STEAM_0:0:437291733) Spawned
L 07/09/2022 - 22:03:53: "Binchicken<5><STEAM_0:0:437291733><>" entered the game
L 07/09/2022 - 22:03:53: [FAdmin] Binchicken (STEAM_0:0:437291733) Attempted to pick up a keys
L 07/09/2022 - 22:03:53: [FAdmin] Binchicken (STEAM_0:0:437291733) Attempted to pick up a weapon_physcannon
L 07/09/2022 - 22:03:53: [FAdmin] Binchicken (STEAM_0:0:437291733) Attempted to pick up a gmod_camera
L 07/09/2022 - 22:03:53: [FAdmin] Binchicken (STEAM_0:0:437291733) Attempted to pick up a gmod_tool
L 07/09/2022 - 22:03:53: [FAdmin] Binchicken (STEAM_0:0:437291733) Attempted to pick up a pocket
L 07/09/2022 - 22:03:53: [FAdmin] Binchicken (STEAM_0:0:437291733) Attempted to pick up a weapon_physgun
L 07/09/2022 - 22:03:53: [FAdmin] Binchicken (STEAM_0:0:437291733) Attempted to pick up a weapon_keypadchecker
L 07/09/2022 - 22:03:53: [FAdmin] Binchicken (STEAM_0:0:437291733) Attempted to pick up a door_ram
L 07/09/2022 - 22:03:53: [FAdmin] Binchicken (STEAM_0:0:437291733) Attempted to pick up a arrest_stick
L 07/09/2022 - 22:03:53: [FAdmin] Binchicken (STEAM_0:0:437291733) Attempted to pick up a unarrest_stick
L 07/09/2022 - 22:03:53: [FAdmin] Binchicken (STEAM_0:0:437291733) Attempted to pick up a stunstick
L 07/09/2022 - 22:03:53: [FAdmin] Binchicken (STEAM_0:0:437291733) Attempted to pick up a weaponchecker
L 07/09/2022 - 22:04:41: "Volcun<6><STEAM_0:0:497589869><>" connected, address "121.200.4.229:22397"
L 07/09/2022 - 22:04:41: "Volcun<6><STEAM_0:0:497589869><>" STEAM USERID validated
L 07/09/2022 - 22:05:06: [FAdmin] Volcun (STEAM_0:0:497589869) is Authed
L 07/09/2022 - 22:05:06: [FAdmin] Volcun (STEAM_0:0:497589869) Spawned for the first time
L 07/09/2022 - 22:05:06: [FAdmin] scott froml (STEAM_0:0:497589869) Spawned
L 07/09/2022 - 22:05:06: "Volcun<6><STEAM_0:0:497589869><>" entered the game
L 07/09/2022 - 22:05:06: [FAdmin] scott froml (STEAM_0:0:497589869) Attempted to pick up a keys
L 07/09/2022 - 22:05:06: [FAdmin] scott froml (STEAM_0:0:497589869) Attempted to pick up a weapon_physcannon
L 07/09/2022 - 22:05:06: [FAdmin] scott froml (STEAM_0:0:497589869) Attempted to pick up a gmod_camera
L 07/09/2022 - 22:05:06: [FAdmin] scott froml (STEAM_0:0:497589869) Attempted to pick up a gmod_tool
L 07/09/2022 - 22:05:06: [FAdmin] scott froml (STEAM_0:0:497589869) Attempted to pick up a pocket
L 07/09/2022 - 22:05:06: [FAdmin] scott froml (STEAM_0:0:497589869) Attempted to pick up a weapon_physgun
L 07/09/2022 - 22:06:55: "Al Shebab<7><STEAM_0:0:103364981><>" connected, address "60.241.142.139:27006"
L 07/09/2022 - 22:06:55: "Al Shebab<7><STEAM_0:0:103364981><>" STEAM USERID validated
L 07/09/2022 - 22:07:11: [FAdmin] Al Shebab (STEAM_0:0:103364981) is Authed
L 07/09/2022 - 22:07:11: [FAdmin] Al Shebab (STEAM_0:0:103364981) Spawned for the first time
L 07/09/2022 - 22:07:11: [FAdmin] cock (STEAM_0:0:103364981) Spawned
L 07/09/2022 - 22:07:11: "Al Shebab<7><STEAM_0:0:103364981><>" entered the game
L 07/09/2022 - 22:07:11: [FAdmin] cock (STEAM_0:0:103364981) Attempted to pick up a keys
L 07/09/2022 - 22:07:11: [FAdmin] cock (STEAM_0:0:103364981) Attempted to pick up a weapon_physcannon
L 07/09/2022 - 22:07:11: [FAdmin] cock (STEAM_0:0:103364981) Attempted to pick up a gmod_camera
L 07/09/2022 - 22:07:11: [FAdmin] cock (STEAM_0:0:103364981) Attempted to pick up a gmod_tool
L 07/09/2022 - 22:07:11: [FAdmin] cock (STEAM_0:0:103364981) Attempted to pick up a pocket
L 07/09/2022 - 22:07:11: [FAdmin] cock (STEAM_0:0:103364981) Attempted to pick up a weapon_physgun
L 07/09/2022 - 22:07:11: [FAdmin] cock (STEAM_0:0:103364981) Attempted to pick up a weapon_keypadchecker
L 07/09/2022 - 22:07:11: [FAdmin] cock (STEAM_0:0:103364981) Attempted to pick up a door_ram
L 07/09/2022 - 22:07:11: [FAdmin] cock (STEAM_0:0:103364981) Attempted to pick up a arrest_stick
L 07/09/2022 - 22:07:11: [FAdmin] cock (STEAM_0:0:103364981) Attempted to pick up a unarrest_stick
L 07/09/2022 - 22:07:11: [FAdmin] cock (STEAM_0:0:103364981) Attempted to pick up a stunstick
L 07/09/2022 - 22:07:11: [FAdmin] cock (STEAM_0:0:103364981) Attempted to pick up a weaponchecker
L 07/09/2022 - 22:09:28: [FAdmin] Server succesfully shut down.
L 07/09/2022 - 22:09:28: [FAdmin] prop_physics(models/props_c17/gaspipes002a.mdl) Got removed
L 07/09/2022 - 22:09:28: [FAdmin] prop_physics(models/props_c17/gaspipes005a.mdl) Got removed
L 07/09/2022 - 22:09:28: Loading map "rp_downtown_tits_v2"
L 07/09/2022 - 22:09:28: server cvars start
L 07/09/2022 - 22:09:28: "ttt_namechange_bantime" = "10"
L 07/09/2022 - 22:09:28: "ttt_namechange_kick" = "1"
L 07/09/2022 - 22:09:28: "ttt_ragdoll_pinning_innocents" = "0"
L 07/09/2022 - 22:09:28: "ttt_ragdoll_pinning" = "1"
L 07/09/2022 - 22:09:28: "ttt_teleport_telefrags" = "1"
L 07/09/2022 - 22:09:28: "ttt_no_nade_throw_during_prep" = "1"
L 07/09/2022 - 22:09:28: "ttt_allow_discomb_jump" = "0"
L 07/09/2022 - 22:09:28: "ttt_detective_hats" = "1"
L 07/09/2022 - 22:09:28: "ttt_detective_karma_min" = "600"
L 07/09/2022 - 22:09:28: "ttt_detective_min_players" = "8"
L 07/09/2022 - 22:09:28: "ttt_det_credits_starting" = "1"
L 07/09/2022 - 22:09:28: "ttt_detective_pct" = "0.125000"
L 07/09/2022 - 22:09:28: "ttt_detective_max" = "32"
L 07/09/2022 - 22:09:28: "ttt_credits_starting" = "2"
L 07/09/2022 - 22:09:28: "ttt_traitor_pct" = "0.250000"
L 07/09/2022 - 22:09:28: "ttt_traitor_max" = "32"
L 07/09/2022 - 22:09:28: "ttt_postround_dm" = "0"
L 07/09/2022 - 22:09:28: "ttt_haste_minutes_per_death" = "0.500000"
L 07/09/2022 - 22:09:28: "ttt_haste_starting_minutes" = "5"
L 07/09/2022 - 22:09:28: "ttt_roundtime_minutes" = "10"
L 07/09/2022 - 22:09:28: "ttt_round_limit" = "6"
L 07/09/2022 - 22:09:28: "ttt_posttime_seconds" = "30"
L 07/09/2022 - 22:09:28: "ttt_preptime_seconds" = "30"
L 07/09/2022 - 22:09:28: "ttt_firstpreptime" = "60"
L 07/09/2022 - 22:09:28: "ttt_time_limit_minutes" = "75"
L 07/09/2022 - 22:09:28: "ttt_haste" = "1"
L 07/09/2022 - 22:09:28: "ttt_debug_preventwin" = "0"
L 07/09/2022 - 22:09:28: "sbox_persist" = ""
L 07/09/2022 - 22:09:28: "sbox_bonemanip_misc" = "0"
L 07/09/2022 - 22:09:28: "sbox_bonemanip_player" = "0"
L 07/09/2022 - 22:09:28: "sbox_bonemanip_npc" = "1"
L 07/09/2022 - 22:09:28: "sbox_noclip" = "0"
L 07/09/2022 - 22:09:28: "sbox_maxemitters" = "0"
L 07/09/2022 - 22:09:28: "sbox_maxbuttons" = "6"
L 07/09/2022 - 22:09:28: "sbox_maxhoverballs" = "0"
L 07/09/2022 - 22:09:28: "sbox_maxthrusters" = "0"
L 07/09/2022 - 22:09:28: "sbox_maxwheels" = "0"
L 07/09/2022 - 22:09:28: "sbox_maxlights" = "5"
L 07/09/2022 - 22:09:28: "sbox_maxlamps" = "0"
L 07/09/2022 - 22:09:28: "sbox_maxdynamite" = "0"
L 07/09/2022 - 22:09:28: "sbox_maxsents" = "100"
L 07/09/2022 - 22:09:28: "sbox_maxnpcs" = "0"
L 07/09/2022 - 22:09:28: "sbox_maxcameras" = "10"
L 07/09/2022 - 22:09:28: "sbox_maxballoons" = "0"
L 07/09/2022 - 22:09:28: "sbox_maxeffects" = "0"
L 07/09/2022 - 22:09:28: "sbox_maxvehicles" = "1"
L 07/09/2022 - 22:09:28: "sbox_maxragdolls" = "0"
L 07/09/2022 - 22:09:28: "sbox_maxprops" = "80"
L 07/09/2022 - 22:09:28: "sbox_playershurtplayers" = "1"
L 07/09/2022 - 22:09:28: "sbox_godmode" = "0"
L 07/09/2022 - 22:09:28: "sbox_weapons" = "1"
L 07/09/2022 - 22:09:28: "physgun_limited" = "0"
L 07/09/2022 - 22:09:28: "sv_allowcslua" = "1"
L 07/09/2022 - 22:09:28: "physgun_maxrange" = "4096"
L 07/09/2022 - 22:09:28: "ai_disabled" = "0"
L 07/09/2022 - 22:09:28: "ai_ignoreplayers" = "0"
L 07/09/2022 - 22:09:28: "mp_teamplay" = "0"
L 07/09/2022 - 22:09:28: "mp_falldamage" = "0"
L 07/09/2022 - 22:09:28: "mp_weaponstay" = "0"
L 07/09/2022 - 22:09:28: "mp_forcerespawn" = "1"
L 07/09/2022 - 22:09:28: "mp_footsteps" = "1"
L 07/09/2022 - 22:09:28: "mp_flashlight" = "1"
L 07/09/2022 - 22:09:28: "mp_autocrosshair" = "1"
L 07/09/2022 - 22:09:28: "decalfrequency" = "10"
L 07/09/2022 - 22:09:28: "mp_teamlist" = "hgrunt;scientist"
L 07/09/2022 - 22:09:28: "mp_allowNPCs" = "1"
L 07/09/2022 - 22:09:28: "mp_friendlyfire" = "0"
L 07/09/2022 - 22:09:28: "mp_fadetoblack" = "0"
L 07/09/2022 - 22:09:28: "sv_gravity" = "600"
L 07/09/2022 - 22:09:28: "sv_stopspeed" = "10"
L 07/09/2022 - 22:09:28: "sv_noclipaccelerate" = "5"
L 07/09/2022 - 22:09:28: "sv_noclipspeed" = "5"
L 07/09/2022 - 22:09:28: "sv_specaccelerate" = "5"
L 07/09/2022 - 22:09:28: "sv_specspeed" = "3"
L 07/09/2022 - 22:09:28: "sv_specnoclip" = "1"
L 07/09/2022 - 22:09:28: "sv_maxspeed" = "10000"
L 07/09/2022 - 22:09:28: "sv_accelerate" = "10"
L 07/09/2022 - 22:09:28: "sv_airaccelerate" = "1000"
L 07/09/2022 - 22:09:28: "sv_wateraccelerate" = "10"
L 07/09/2022 - 22:09:28: "sv_waterfriction" = "1"
L 07/09/2022 - 22:09:28: "sv_footsteps" = "1"
L 07/09/2022 - 22:09:28: "sv_rollspeed" = "200"
L 07/09/2022 - 22:09:28: "sv_rollangle" = "0"
L 07/09/2022 - 22:09:28: "sv_friction" = "8"
L 07/09/2022 - 22:09:28: "sv_bounce" = "0"
L 07/09/2022 - 22:09:28: "sv_stepsize" = "18"
L 07/09/2022 - 22:09:28: "r_VehicleViewDampen" = "0"
L 07/09/2022 - 22:09:28: "r_JeepViewDampenFreq" = "7.0"
L 07/09/2022 - 22:09:28: "r_JeepViewDampenDamp" = "1.0"
L 07/09/2022 - 22:09:28: "r_JeepViewZHeight" = "10.0"
L 07/09/2022 - 22:09:28: "r_AirboatViewDampenFreq" = "7.0"
L 07/09/2022 - 22:09:28: "r_AirboatViewDampenDamp" = "1.0"
L 07/09/2022 - 22:09:28: "r_AirboatViewZHeight" = "0.0"
L 07/09/2022 - 22:09:28: "mp_timelimit" = "0"
L 07/09/2022 - 22:09:28: "mp_fraglimit" = "0"
L 07/09/2022 - 22:09:28: "nextlevel" = ""
L 07/09/2022 - 22:09:28: "sv_maxusrcmdprocessticks" = "24"
L 07/09/2022 - 22:09:28: "sv_alltalk" = "0"
L 07/09/2022 - 22:09:28: "sv_hl2mp_weapon_respawn_time" = "20"
L 07/09/2022 - 22:09:28: "sv_hl2mp_item_respawn_time" = "30"
L 07/09/2022 - 22:09:28: "sv_report_client_settings" = "0"
L 07/09/2022 - 22:09:28: "sv_cheats" = "0"
L 07/09/2022 - 22:09:28: "sv_pausable" = "0"
L 07/09/2022 - 22:09:28: "sv_contact" = ""
L 07/09/2022 - 22:09:28: "sv_voiceenable" = "1"
L 07/09/2022 - 22:09:28: "tv_enable" = "0"
L 07/09/2022 - 22:09:28: "sv_steamgroup" = ""
L 07/09/2022 - 22:09:28: "sv_password" = ""
L 07/09/2022 - 22:09:28: "tv_relaypassword" = ""
L 07/09/2022 - 22:09:28: "tv_password" = ""
L 07/09/2022 - 22:09:28: "deathmatch" = "1"
L 07/09/2022 - 22:09:28: "coop" = "0"
L 07/09/2022 - 22:09:28: server cvars end
L 07/09/2022 - 22:09:30: Started map "rp_downtown_tits_v2" (CRC "32476202f7bc5af4d721878bfef23d14")
L 07/09/2022 - 22:09:37: Executing dedicated server config file server.cfg
L 07/09/2022 - 22:09:38: server_cvar: "sv_allowcslua" "0"
L 07/09/2022 - 22:09:38: server_cvar: "sv_allowcslua" "1"
L 07/09/2022 - 22:09:48: [FAdmin] Al Shebab (STEAM_0:0:103364981) is Authed
L 07/09/2022 - 22:09:48: [FAdmin] Al Shebab (STEAM_0:0:103364981) Spawned for the first time
L 07/09/2022 - 22:09:48: [FAdmin] cock (STEAM_0:0:103364981) Spawned
L 07/09/2022 - 22:09:48: "Al Shebab<7><STEAM_0:0:103364981><>" entered the game
L 07/09/2022 - 22:09:48: [FAdmin] cock (STEAM_0:0:103364981) Attempted to pick up a keys
L 07/09/2022 - 22:09:48: [FAdmin] cock (STEAM_0:0:103364981) Attempted to pick up a weapon_physcannon
L 07/09/2022 - 22:09:48: [FAdmin] cock (STEAM_0:0:103364981) Attempted to pick up a gmod_camera
L 07/09/2022 - 22:09:48: [FAdmin] cock (STEAM_0:0:103364981) Attempted to pick up a gmod_tool
L 07/09/2022 - 22:09:48: [FAdmin] cock (STEAM_0:0:103364981) Attempted to pick up a pocket
L 07/09/2022 - 22:09:48: [FAdmin] cock (STEAM_0:0:103364981) Attempted to pick up a weapon_physgun
L 07/09/2022 - 22:09:48: [FAdmin] cock (STEAM_0:0:103364981) Attempted to pick up a weapon_keypadchecker
L 07/09/2022 - 22:09:48: [FAdmin] cock (STEAM_0:0:103364981) Attempted to pick up a door_ram
L 07/09/2022 - 22:09:48: [FAdmin] cock (STEAM_0:0:103364981) Attempted to pick up a arrest_stick
L 07/09/2022 - 22:09:48: [FAdmin] cock (STEAM_0:0:103364981) Attempted to pick up a unarrest_stick
L 07/09/2022 - 22:09:48: [FAdmin] cock (STEAM_0:0:103364981) Attempted to pick up a stunstick
L 07/09/2022 - 22:09:48: [FAdmin] cock (STEAM_0:0:103364981) Attempted to pick up a weaponchecker
L 07/09/2022 - 22:09:48: [FAdmin] Binchicken (STEAM_0:0:437291733) is Authed
L 07/09/2022 - 22:09:48: [FAdmin] Binchicken (STEAM_0:0:437291733) Spawned for the first time
L 07/09/2022 - 22:09:48: [FAdmin] Binchicken (STEAM_0:0:437291733) Spawned
L 07/09/2022 - 22:09:48: "Binchicken<5><STEAM_0:0:437291733><>" entered the game
L 07/09/2022 - 22:09:48: [FAdmin] Binchicken (STEAM_0:0:437291733) Attempted to pick up a keys
L 07/09/2022 - 22:09:48: [FAdmin] Binchicken (STEAM_0:0:437291733) Attempted to pick up a weapon_physcannon
L 07/09/2022 - 22:09:48: [FAdmin] Binchicken (STEAM_0:0:437291733) Attempted to pick up a gmod_camera
L 07/09/2022 - 22:09:48: [FAdmin] Binchicken (STEAM_0:0:437291733) Attempted to pick up a gmod_tool
L 07/09/2022 - 22:09:48: [FAdmin] Binchicken (STEAM_0:0:437291733) Attempted to pick up a pocket
L 07/09/2022 - 22:09:48: [FAdmin] Binchicken (STEAM_0:0:437291733) Attempted to pick up a weapon_physgun
L 07/09/2022 - 22:09:48: [FAdmin] Binchicken (STEAM_0:0:437291733) Attempted to pick up a weapon_keypadchecker
L 07/09/2022 - 22:09:48: [FAdmin] Binchicken (STEAM_0:0:437291733) Attempted to pick up a door_ram
L 07/09/2022 - 22:09:48: [FAdmin] Binchicken (STEAM_0:0:437291733) Attempted to pick up a arrest_stick
L 07/09/2022 - 22:09:48: [FAdmin] Binchicken (STEAM_0:0:437291733) Attempted to pick up a unarrest_stick
L 07/09/2022 - 22:09:48: [FAdmin] Binchicken (STEAM_0:0:437291733) Attempted to pick up a stunstick
L 07/09/2022 - 22:09:48: [FAdmin] Binchicken (STEAM_0:0:437291733) Attempted to pick up a weaponchecker
L 07/09/2022 - 22:09:51: [FAdmin] Volcun (STEAM_0:0:497589869) is Authed
L 07/09/2022 - 22:09:51: [FAdmin] Volcun (STEAM_0:0:497589869) Spawned for the first time
L 07/09/2022 - 22:09:51: [FAdmin] scott froml (STEAM_0:0:497589869) Spawned
L 07/09/2022 - 22:09:51: "Volcun<6><STEAM_0:0:497589869><>" entered the game
L 07/09/2022 - 22:09:51: [FAdmin] scott froml (STEAM_0:0:497589869) Attempted to pick up a keys
L 07/09/2022 - 22:09:51: [FAdmin] scott froml (STEAM_0:0:497589869) Attempted to pick up a weapon_physcannon
L 07/09/2022 - 22:09:51: [FAdmin] scott froml (STEAM_0:0:497589869) Attempted to pick up a gmod_camera
L 07/09/2022 - 22:09:51: [FAdmin] scott froml (STEAM_0:0:497589869) Attempted to pick up a gmod_tool
L 07/09/2022 - 22:09:51: [FAdmin] scott froml (STEAM_0:0:497589869) Attempted to pick up a pocket
L 07/09/2022 - 22:09:51: [FAdmin] scott froml (STEAM_0:0:497589869) Attempted to pick up a weapon_physgun
L 07/09/2022 - 22:10:18: "cock<7><STEAM_0:0:103364981><Citizen>" say "!logs"

L 07/09/2022 - 22:10:19: "cock<7><STEAM_0:0:103364981><Citizen>" say "!blogs"

L 07/09/2022 - 22:10:26: "Binchicken<5><STEAM_0:0:437291733><Citizen>" say "!loga"

L 07/09/2022 - 22:10:29: [FAdmin] cock (STEAM_0:0:103364981) Gave himself a m9k_winchester73
L 07/09/2022 - 22:10:30: [FAdmin] cock (STEAM_0:0:103364981) Attempted to pick up a m9k_winchester73
L 07/09/2022 - 22:10:31: [FAdmin] Binchicken (STEAM_0:0:437291733) Got killed by cock with a player
L 07/09/2022 - 22:10:33: "Binchicken<5><STEAM_0:0:437291733><Citizen>" say "logs"

L 07/09/2022 - 22:10:39: Lua Error: 
[tebexgmod] addons/tebexgmod/lua/tebex/client/apiclient.lua:36: attempt to call upvalue 'failure' (a nil value)
  1. unknown - addons/tebexgmod/lua/tebex/client/apiclient.lua:36


L 07/09/2022 - 22:10:42: "Binchicken<5><STEAM_0:0:437291733><Citizen>" say "!logs"

L 07/09/2022 - 22:10:51: "Binchicken<5><STEAM_0:0:437291733><Citizen>" say "!logs"

L 07/09/2022 - 22:10:53: "cock<7><STEAM_0:0:103364981><Citizen>" say "!blogs"

L 07/09/2022 - 22:11:14: [FAdmin] Binchicken (STEAM_0:0:437291733) Spawned
L 07/09/2022 - 22:11:14: [FAdmin] Binchicken (STEAM_0:0:437291733) Attempted to pick up a keys
L 07/09/2022 - 22:11:14: [FAdmin] Binchicken (STEAM_0:0:437291733) Attempted to pick up a weapon_physcannon
L 07/09/2022 - 22:11:14: [FAdmin] Binchicken (STEAM_0:0:437291733) Attempted to pick up a gmod_camera
L 07/09/2022 - 22:11:14: [FAdmin] Binchicken (STEAM_0:0:437291733) Attempted to pick up a gmod_tool
L 07/09/2022 - 22:11:14: [FAdmin] Binchicken (STEAM_0:0:437291733) Attempted to pick up a pocket
L 07/09/2022 - 22:11:14: [FAdmin] Binchicken (STEAM_0:0:437291733) Attempted to pick up a weapon_physgun
L 07/09/2022 - 22:11:14: [FAdmin] Binchicken (STEAM_0:0:437291733) Attempted to pick up a weapon_keypadchecker
L 07/09/2022 - 22:11:14: [FAdmin] Binchicken (STEAM_0:0:437291733) Attempted to pick up a door_ram
L 07/09/2022 - 22:11:14: [FAdmin] Binchicken (STEAM_0:0:437291733) Attempted to pick up a arrest_stick
L 07/09/2022 - 22:11:14: [FAdmin] Binchicken (STEAM_0:0:437291733) Attempted to pick up a unarrest_stick
L 07/09/2022 - 22:11:14: [FAdmin] Binchicken (STEAM_0:0:437291733) Attempted to pick up a stunstick
L 07/09/2022 - 22:11:14: [FAdmin] Binchicken (STEAM_0:0:437291733) Attempted to pick up a weaponchecker
L 07/09/2022 - 22:11:18: "scott froml<6><STEAM_0:0:497589869><Citizen>" say "!logs"

L 07/09/2022 - 22:11:19: "Binchicken<5><STEAM_0:0:437291733><Citizen>" say "!logs"

L 07/09/2022 - 22:11:22: "Binchicken<5><STEAM_0:0:437291733><Citizen>" say "!menu"

L 07/09/2022 - 22:12:07: "scott froml<6><STEAM_0:0:497589869><Citizen>" say "/advert i like big black men in 2 hours"

L 07/09/2022 - 22:12:10: "tri<5><STEAM_0:0:437291733><Citizen>" say "/rpname tri"

L 07/09/2022 - 22:12:29: [FAdmin] scott froml (STEAM_0:0:497589869) Got killed by cock with a player
L 07/09/2022 - 22:12:30: [FAdmin] scott froml (STEAM_0:0:497589869) Spawned
L 07/09/2022 - 22:12:30: [FAdmin] scott froml (STEAM_0:0:497589869) Attempted to pick up a keys
L 07/09/2022 - 22:12:30: [FAdmin] scott froml (STEAM_0:0:497589869) Attempted to pick up a weapon_physcannon
L 07/09/2022 - 22:12:30: [FAdmin] scott froml (STEAM_0:0:497589869) Attempted to pick up a gmod_camera
L 07/09/2022 - 22:12:30: [FAdmin] scott froml (STEAM_0:0:497589869) Attempted to pick up a gmod_tool
L 07/09/2022 - 22:12:30: [FAdmin] scott froml (STEAM_0:0:497589869) Attempted to pick up a pocket
L 07/09/2022 - 22:12:30: [FAdmin] scott froml (STEAM_0:0:497589869) Attempted to pick up a weapon_physgun
L 07/09/2022 - 22:12:32: [FAdmin] scott froml (STEAM_0:0:497589869) Spawned a models/props_c17/lampShade001a.mdl
L 07/09/2022 - 22:12:32: [ULX] scott froml<STEAM_0:0:497589869> spawned model models/props_c17/lampshade001a.mdl
L 07/09/2022 - 22:12:33: "cock<7><STEAM_0:0:103364981><Citizen>" say "!blogs"

L 07/09/2022 - 22:12:38: "tri<5><STEAM_0:0:437291733><Citizen>" say "!logs"

L 07/09/2022 - 22:12:52: [FAdmin] scott froml (STEAM_0:0:497589869) Spawned a models/props_wasteland/laundry_basket001.mdl
L 07/09/2022 - 22:12:52: [ULX] scott froml<STEAM_0:0:497589869> spawned model models/props_wasteland/laundry_basket001.mdl
L 07/09/2022 - 22:13:30: [FAdmin] scott froml (STEAM_0:0:497589869) Got killed by cock with a prop_physics
L 07/09/2022 - 22:13:30: "tri<5><STEAM_0:0:437291733><Citizen>" say "!logs"

L 07/09/2022 - 22:13:32: "scott froml<6><STEAM_0:0:497589869><Citizen>" say "!logs"

L 07/09/2022 - 22:13:34: [FAdmin] scott froml (STEAM_0:0:497589869) Spawned
L 07/09/2022 - 22:13:34: [FAdmin] scott froml (STEAM_0:0:497589869) Attempted to pick up a keys
L 07/09/2022 - 22:13:34: [FAdmin] scott froml (STEAM_0:0:497589869) Attempted to pick up a weapon_physcannon
L 07/09/2022 - 22:13:34: [FAdmin] scott froml (STEAM_0:0:497589869) Attempted to pick up a gmod_camera
L 07/09/2022 - 22:13:34: [FAdmin] scott froml (STEAM_0:0:497589869) Attempted to pick up a gmod_tool
L 07/09/2022 - 22:13:34: [FAdmin] scott froml (STEAM_0:0:497589869) Attempted to pick up a pocket
L 07/09/2022 - 22:13:34: [FAdmin] scott froml (STEAM_0:0:497589869) Attempted to pick up a weapon_physgun
L 07/09/2022 - 22:13:40: "tri<5><STEAM_0:0:437291733><Citizen>" say "!blogs"

L 07/09/2022 - 22:13:43: "scott froml<6><STEAM_0:0:497589869><Citizen>" say "!blogs"

L 07/09/2022 - 22:13:50: [FAdmin] cock (STEAM_0:0:103364981) Got killed by cock with a prop_physics
L 07/09/2022 - 22:13:56: [FAdmin] cock (STEAM_0:0:103364981) Spawned
L 07/09/2022 - 22:13:56: [FAdmin] cock (STEAM_0:0:103364981) Attempted to pick up a keys
L 07/09/2022 - 22:13:56: [FAdmin] cock (STEAM_0:0:103364981) Attempted to pick up a weapon_physcannon
L 07/09/2022 - 22:13:56: [FAdmin] cock (STEAM_0:0:103364981) Attempted to pick up a gmod_camera
L 07/09/2022 - 22:13:56: [FAdmin] cock (STEAM_0:0:103364981) Attempted to pick up a gmod_tool
L 07/09/2022 - 22:13:56: [FAdmin] cock (STEAM_0:0:103364981) Attempted to pick up a pocket
L 07/09/2022 - 22:13:56: [FAdmin] cock (STEAM_0:0:103364981) Attempted to pick up a weapon_physgun
L 07/09/2022 - 22:13:56: [FAdmin] cock (STEAM_0:0:103364981) Attempted to pick up a weapon_keypadchecker
L 07/09/2022 - 22:13:56: [FAdmin] cock (STEAM_0:0:103364981) Attempted to pick up a door_ram
L 07/09/2022 - 22:13:56: [FAdmin] cock (STEAM_0:0:103364981) Attempted to pick up a arrest_stick
L 07/09/2022 - 22:13:56: [FAdmin] cock (STEAM_0:0:103364981) Attempted to pick up a unarrest_stick
L 07/09/2022 - 22:13:56: [FAdmin] cock (STEAM_0:0:103364981) Attempted to pick up a stunstick
L 07/09/2022 - 22:13:56: [FAdmin] cock (STEAM_0:0:103364981) Attempted to pick up a weaponchecker
L 07/09/2022 - 22:13:58: [FAdmin] cock (STEAM_0:0:103364981) Gave himself a m9k_g36
L 07/09/2022 - 22:13:59: [FAdmin] cock (STEAM_0:0:103364981) Attempted to pick up a m9k_g36
L 07/09/2022 - 22:14:03: [FAdmin] cock (STEAM_0:0:103364981) Gave himself a m9k_aw50
L 07/09/2022 - 22:14:03: [FAdmin] cock (STEAM_0:0:103364981) Attempted to pick up a m9k_aw50
L 07/09/2022 - 22:14:05: [FAdmin] cock (STEAM_0:0:103364981) Gave himself a m9k_aw50
L 07/09/2022 - 22:14:16: [FAdmin] cock (STEAM_0:0:103364981) Spawned a m9k_ammo_stickynades
L 07/09/2022 - 22:14:16: [ULX] cock<STEAM_0:0:103364981> spawned sent m9k_ammo_stickynades
L 07/09/2022 - 22:14:16: [FAdmin] cock (STEAM_0:0:103364981) Spawned a m9k_ammo_stickynades
L 07/09/2022 - 22:14:16: [ULX] cock<STEAM_0:0:103364981> spawned sent m9k_ammo_stickynades
L 07/09/2022 - 22:14:16: [FAdmin] cock (STEAM_0:0:103364981) Spawned a m9k_ammo_stickynades
L 07/09/2022 - 22:14:16: [ULX] cock<STEAM_0:0:103364981> spawned sent m9k_ammo_stickynades
L 07/09/2022 - 22:14:16: [FAdmin] cock (STEAM_0:0:103364981) Spawned a m9k_ammo_stickynades
L 07/09/2022 - 22:14:16: [ULX] cock<STEAM_0:0:103364981> spawned sent m9k_ammo_stickynades
L 07/09/2022 - 22:14:16: [FAdmin] cock (STEAM_0:0:103364981) Spawned a m9k_ammo_stickynades
L 07/09/2022 - 22:14:16: [ULX] cock<STEAM_0:0:103364981> spawned sent m9k_ammo_stickynades
L 07/09/2022 - 22:14:17: [FAdmin] cock (STEAM_0:0:103364981) Spawned a m9k_ammo_stickynades
L 07/09/2022 - 22:14:17: [ULX] cock<STEAM_0:0:103364981> spawned sent m9k_ammo_stickynades
L 07/09/2022 - 22:14:17: [FAdmin] cock (STEAM_0:0:103364981) Spawned a m9k_ammo_stickynades
L 07/09/2022 - 22:14:17: [ULX] cock<STEAM_0:0:103364981> spawned sent m9k_ammo_stickynades
L 07/09/2022 - 22:14:17: [FAdmin] cock (STEAM_0:0:103364981) Spawned a m9k_ammo_stickynades
L 07/09/2022 - 22:14:17: [ULX] cock<STEAM_0:0:103364981> spawned sent m9k_ammo_stickynades
L 07/09/2022 - 22:14:17: [FAdmin] cock (STEAM_0:0:103364981) Spawned a m9k_ammo_stickynades
L 07/09/2022 - 22:14:17: [ULX] cock<STEAM_0:0:103364981> spawned sent m9k_ammo_stickynades
L 07/09/2022 - 22:14:17: [FAdmin] cock (STEAM_0:0:103364981) Spawned a m9k_ammo_stickynades
L 07/09/2022 - 22:14:17: [ULX] cock<STEAM_0:0:103364981> spawned sent m9k_ammo_stickynades
L 07/09/2022 - 22:14:17: [FAdmin] cock (STEAM_0:0:103364981) Spawned a m9k_ammo_stickynades
L 07/09/2022 - 22:14:17: [ULX] cock<STEAM_0:0:103364981> spawned sent m9k_ammo_stickynades
L 07/09/2022 - 22:14:17: [FAdmin] cock (STEAM_0:0:103364981) Spawned a m9k_ammo_stickynades
L 07/09/2022 - 22:14:17: [ULX] cock<STEAM_0:0:103364981> spawned sent m9k_ammo_stickynades
L 07/09/2022 - 22:14:22: [FAdmin] cock (STEAM_0:0:103364981) Spawned a m9k_ammo_nervegas
L 07/09/2022 - 22:14:22: [ULX] cock<STEAM_0:0:103364981> spawned sent m9k_ammo_nervegas
L 07/09/2022 - 22:14:22: [FAdmin] cock (STEAM_0:0:103364981) Spawned a m9k_ammo_nervegas
L 07/09/2022 - 22:14:22: [ULX] cock<STEAM_0:0:103364981> spawned sent m9k_ammo_nervegas
L 07/09/2022 - 22:14:23: [FAdmin] cock (STEAM_0:0:103364981) Spawned a m9k_ammo_nervegas
L 07/09/2022 - 22:14:23: [ULX] cock<STEAM_0:0:103364981> spawned sent m9k_ammo_nervegas
L 07/09/2022 - 22:14:23: [FAdmin] cock (STEAM_0:0:103364981) Spawned a m9k_ammo_nervegas
L 07/09/2022 - 22:14:23: [ULX] cock<STEAM_0:0:103364981> spawned sent m9k_ammo_nervegas
L 07/09/2022 - 22:14:24: [FAdmin] cock (STEAM_0:0:103364981) Spawned a m9k_ammo_ieds
L 07/09/2022 - 22:14:24: [ULX] cock<STEAM_0:0:103364981> spawned sent m9k_ammo_ieds
L 07/09/2022 - 22:14:24: [FAdmin] cock (STEAM_0:0:103364981) Spawned a m9k_ammo_ieds
L 07/09/2022 - 22:14:24: [ULX] cock<STEAM_0:0:103364981> spawned sent m9k_ammo_ieds
L 07/09/2022 - 22:14:24: [FAdmin] cock (STEAM_0:0:103364981) Spawned a m9k_ammo_ieds
L 07/09/2022 - 22:14:24: [ULX] cock<STEAM_0:0:103364981> spawned sent m9k_ammo_ieds
L 07/09/2022 - 22:14:25: [FAdmin] cock (STEAM_0:0:103364981) Spawned a m9k_ammo_ieds
L 07/09/2022 - 22:14:25: [ULX] cock<STEAM_0:0:103364981> spawned sent m9k_ammo_ieds
L 07/09/2022 - 22:14:26: [FAdmin] cock (STEAM_0:0:103364981) Spawned a m9k_ammo_frags
L 07/09/2022 - 22:14:26: [ULX] cock<STEAM_0:0:103364981> spawned sent m9k_ammo_frags
L 07/09/2022 - 22:14:26: [FAdmin] cock (STEAM_0:0:103364981) Spawned a m9k_ammo_c4
L 07/09/2022 - 22:14:26: [ULX] cock<STEAM_0:0:103364981> spawned sent m9k_ammo_c4
L 07/09/2022 - 22:14:26: [FAdmin] cock (STEAM_0:0:103364981) Spawned a m9k_ammo_c4
L 07/09/2022 - 22:14:26: [ULX] cock<STEAM_0:0:103364981> spawned sent m9k_ammo_c4
L 07/09/2022 - 22:14:27: [FAdmin] cock (STEAM_0:0:103364981) Spawned a m9k_ammo_c4
L 07/09/2022 - 22:14:27: [ULX] cock<STEAM_0:0:103364981> spawned sent m9k_ammo_c4
L 07/09/2022 - 22:14:29: [FAdmin] cock (STEAM_0:0:103364981) Gave himself a m9k_m202
L 07/09/2022 - 22:14:29: [FAdmin] cock (STEAM_0:0:103364981) Attempted to pick up a m9k_m202
L 07/09/2022 - 22:14:32: [FAdmin] scott froml (STEAM_0:0:497589869) Got killed by cock with a m9k_ammo_ieds
L 07/09/2022 - 22:14:32: [FAdmin] tri (STEAM_0:0:437291733) Got killed by cock with a m9k_ammo_ieds
L 07/09/2022 - 22:14:34: [FAdmin] tri (STEAM_0:0:437291733) Spawned
L 07/09/2022 - 22:14:34: [FAdmin] tri (STEAM_0:0:437291733) Attempted to pick up a keys
L 07/09/2022 - 22:14:34: [FAdmin] tri (STEAM_0:0:437291733) Attempted to pick up a weapon_physcannon
L 07/09/2022 - 22:14:34: [FAdmin] tri (STEAM_0:0:437291733) Attempted to pick up a gmod_camera
L 07/09/2022 - 22:14:34: [FAdmin] tri (STEAM_0:0:437291733) Attempted to pick up a gmod_tool
L 07/09/2022 - 22:14:34: [FAdmin] tri (STEAM_0:0:437291733) Attempted to pick up a pocket
L 07/09/2022 - 22:14:34: [FAdmin] tri (STEAM_0:0:437291733) Attempted to pick up a weapon_physgun
L 07/09/2022 - 22:14:34: [FAdmin] tri (STEAM_0:0:437291733) Attempted to pick up a weapon_keypadchecker
L 07/09/2022 - 22:14:34: [FAdmin] tri (STEAM_0:0:437291733) Attempted to pick up a door_ram
L 07/09/2022 - 22:14:34: [FAdmin] tri (STEAM_0:0:437291733) Attempted to pick up a arrest_stick
L 07/09/2022 - 22:14:34: [FAdmin] tri (STEAM_0:0:437291733) Attempted to pick up a unarrest_stick
L 07/09/2022 - 22:14:34: [FAdmin] tri (STEAM_0:0:437291733) Attempted to pick up a stunstick
L 07/09/2022 - 22:14:34: [FAdmin] tri (STEAM_0:0:437291733) Attempted to pick up a weaponchecker
L 07/09/2022 - 22:14:34: [FAdmin] scott froml (STEAM_0:0:497589869) Spawned
L 07/09/2022 - 22:14:34: [FAdmin] scott froml (STEAM_0:0:497589869) Attempted to pick up a keys
L 07/09/2022 - 22:14:34: [FAdmin] scott froml (STEAM_0:0:497589869) Attempted to pick up a weapon_physcannon
L 07/09/2022 - 22:14:34: [FAdmin] scott froml (STEAM_0:0:497589869) Attempted to pick up a gmod_camera
L 07/09/2022 - 22:14:34: [FAdmin] scott froml (STEAM_0:0:497589869) Attempted to pick up a gmod_tool
L 07/09/2022 - 22:14:34: [FAdmin] scott froml (STEAM_0:0:497589869) Attempted to pick up a pocket
L 07/09/2022 - 22:14:34: [FAdmin] scott froml (STEAM_0:0:497589869) Attempted to pick up a weapon_physgun
L 07/09/2022 - 22:14:39: [FAdmin] tri (STEAM_0:0:437291733) Got killed by cock with a m9k_released_poison
L 07/09/2022 - 22:14:39: [FAdmin] scott froml (STEAM_0:0:497589869) Got killed by cock with a m9k_released_poison
L 07/09/2022 - 22:14:40: [FAdmin] scott froml (STEAM_0:0:497589869) Spawned
L 07/09/2022 - 22:14:41: [FAdmin] scott froml (STEAM_0:0:497589869) Attempted to pick up a keys
L 07/09/2022 - 22:14:41: [FAdmin] scott froml (STEAM_0:0:497589869) Attempted to pick up a weapon_physcannon
L 07/09/2022 - 22:14:41: [FAdmin] scott froml (STEAM_0:0:497589869) Attempted to pick up a gmod_camera
L 07/09/2022 - 22:14:41: [FAdmin] scott froml (STEAM_0:0:497589869) Attempted to pick up a gmod_tool
L 07/09/2022 - 22:14:41: [FAdmin] scott froml (STEAM_0:0:497589869) Attempted to pick up a pocket
L 07/09/2022 - 22:14:41: [FAdmin] scott froml (STEAM_0:0:497589869) Attempted to pick up a weapon_physgun
L 07/09/2022 - 22:14:51: [FAdmin] scott froml (STEAM_0:0:497589869) Attempted to pick up a weapon_glock2
L 07/09/2022 - 22:14:54: [FAdmin] scott froml (STEAM_0:0:497589869) Got killed by cock with a m9k_released_poison
L 07/09/2022 - 22:14:56: [FAdmin] scott froml (STEAM_0:0:497589869) Spawned
L 07/09/2022 - 22:14:56: [FAdmin] scott froml (STEAM_0:0:497589869) Attempted to pick up a keys
L 07/09/2022 - 22:14:56: [FAdmin] scott froml (STEAM_0:0:497589869) Attempted to pick up a weapon_physcannon
L 07/09/2022 - 22:14:56: [FAdmin] scott froml (STEAM_0:0:497589869) Attempted to pick up a gmod_camera
L 07/09/2022 - 22:14:56: [FAdmin] scott froml (STEAM_0:0:497589869) Attempted to pick up a gmod_tool
L 07/09/2022 - 22:14:56: [FAdmin] scott froml (STEAM_0:0:497589869) Attempted to pick up a pocket
L 07/09/2022 - 22:14:56: [FAdmin] scott froml (STEAM_0:0:497589869) Attempted to pick up a weapon_physgun
L 07/09/2022 - 22:15:05: [FAdmin] scott froml (STEAM_0:0:497589869) Attempted to pick up a weapon_glock2
L 07/09/2022 - 22:16:25: [FAdmin] tri (STEAM_0:0:437291733) Spawned
L 07/09/2022 - 22:16:25: [FAdmin] tri (STEAM_0:0:437291733) Attempted to pick up a keys
L 07/09/2022 - 22:16:25: [FAdmin] tri (STEAM_0:0:437291733) Attempted to pick up a weapon_physcannon
L 07/09/2022 - 22:16:25: [FAdmin] tri (STEAM_0:0:437291733) Attempted to pick up a gmod_camera
L 07/09/2022 - 22:16:25: [FAdmin] tri (STEAM_0:0:437291733) Attempted to pick up a gmod_tool
L 07/09/2022 - 22:16:25: [FAdmin] tri (STEAM_0:0:437291733) Attempted to pick up a pocket
L 07/09/2022 - 22:16:25: [FAdmin] tri (STEAM_0:0:437291733) Attempted to pick up a weapon_physgun
L 07/09/2022 - 22:16:25: [FAdmin] tri (STEAM_0:0:437291733) Attempted to pick up a weapon_keypadchecker
L 07/09/2022 - 22:16:25: [FAdmin] tri (STEAM_0:0:437291733) Attempted to pick up a door_ram
L 07/09/2022 - 22:16:25: [FAdmin] tri (STEAM_0:0:437291733) Attempted to pick up a arrest_stick
L 07/09/2022 - 22:16:25: [FAdmin] tri (STEAM_0:0:437291733) Attempted to pick up a unarrest_stick
L 07/09/2022 - 22:16:25: [FAdmin] tri (STEAM_0:0:437291733) Attempted to pick up a stunstick
L 07/09/2022 - 22:16:25: [FAdmin] tri (STEAM_0:0:437291733) Attempted to pick up a weaponchecker
L 07/09/2022 - 22:17:13: "Al Shebab<7><STEAM_0:0:103364981><Citizen>" say "/rpname Al Shebab"

L 07/09/2022 - 22:17:14: "tri<5><STEAM_0:0:437291733><Citizen>" say "!blogs"

L 07/09/2022 - 22:19:08: "binchicken<6><STEAM_0:0:497589869><Citizen>" say "/rpname binchicken"

L 07/09/2022 - 22:19:32: [FAdmin] Al Shebab (STEAM_0:0:103364981) Gave himself a m9k_m202
L 07/09/2022 - 22:19:33: [FAdmin] binchicken (STEAM_0:0:497589869) Got killed by Al Shebab with a m9k_m202_rocket
L 07/09/2022 - 22:19:33: [FAdmin] Al Shebab (STEAM_0:0:103364981) Got killed by Al Shebab with a m9k_m202_rocket
L 07/09/2022 - 22:19:34: [FAdmin] Al Shebab (STEAM_0:0:103364981) Spawned
L 07/09/2022 - 22:19:34: [FAdmin] Al Shebab (STEAM_0:0:103364981) Attempted to pick up a keys
L 07/09/2022 - 22:19:34: [FAdmin] Al Shebab (STEAM_0:0:103364981) Attempted to pick up a weapon_physcannon
L 07/09/2022 - 22:19:34: [FAdmin] Al Shebab (STEAM_0:0:103364981) Attempted to pick up a gmod_camera
L 07/09/2022 - 22:19:34: [FAdmin] Al Shebab (STEAM_0:0:103364981) Attempted to pick up a gmod_tool
L 07/09/2022 - 22:19:34: [FAdmin] Al Shebab (STEAM_0:0:103364981) Attempted to pick up a pocket
L 07/09/2022 - 22:19:34: [FAdmin] Al Shebab (STEAM_0:0:103364981) Attempted to pick up a weapon_physgun
L 07/09/2022 - 22:19:34: [FAdmin] Al Shebab (STEAM_0:0:103364981) Attempted to pick up a weapon_keypadchecker
L 07/09/2022 - 22:19:34: [FAdmin] Al Shebab (STEAM_0:0:103364981) Attempted to pick up a door_ram
L 07/09/2022 - 22:19:34: [FAdmin] Al Shebab (STEAM_0:0:103364981) Attempted to pick up a arrest_stick
L 07/09/2022 - 22:19:34: [FAdmin] Al Shebab (STEAM_0:0:103364981) Attempted to pick up a unarrest_stick
L 07/09/2022 - 22:19:34: [FAdmin] Al Shebab (STEAM_0:0:103364981) Attempted to pick up a stunstick
L 07/09/2022 - 22:19:34: [FAdmin] Al Shebab (STEAM_0:0:103364981) Attempted to pick up a weaponchecker
L 07/09/2022 - 22:19:36: [FAdmin] Al Shebab (STEAM_0:0:103364981) Gave himself a m9k_m79gl
L 07/09/2022 - 22:19:36: [FAdmin] Al Shebab (STEAM_0:0:103364981) Attempted to pick up a m9k_m79gl
L 07/09/2022 - 22:19:36: [FAdmin] binchicken (STEAM_0:0:497589869) Spawned
L 07/09/2022 - 22:19:36: [FAdmin] binchicken (STEAM_0:0:497589869) Attempted to pick up a keys
L 07/09/2022 - 22:19:36: [FAdmin] binchicken (STEAM_0:0:497589869) Attempted to pick up a weapon_physcannon
L 07/09/2022 - 22:19:36: [FAdmin] binchicken (STEAM_0:0:497589869) Attempted to pick up a gmod_camera
L 07/09/2022 - 22:19:36: [FAdmin] binchicken (STEAM_0:0:497589869) Attempted to pick up a gmod_tool
L 07/09/2022 - 22:19:36: [FAdmin] binchicken (STEAM_0:0:497589869) Attempted to pick up a pocket
L 07/09/2022 - 22:19:36: [FAdmin] binchicken (STEAM_0:0:497589869) Attempted to pick up a weapon_physgun
L 07/09/2022 - 22:19:44: [FAdmin] Al Shebab (STEAM_0:0:103364981) Attempted to use tool creator
L 07/09/2022 - 22:19:44: [FAdmin] Al Shebab (STEAM_0:0:103364981) Spawned a m9k_ak47
L 07/09/2022 - 22:19:44: [FAdmin] Al Shebab (STEAM_0:0:103364981) Attempted to use tool creator
L 07/09/2022 - 22:19:44: [FAdmin] Al Shebab (STEAM_0:0:103364981) Spawned a m9k_ak47
L 07/09/2022 - 22:19:44: [FAdmin] Al Shebab (STEAM_0:0:103364981) Attempted to use tool creator
L 07/09/2022 - 22:19:44: [FAdmin] Al Shebab (STEAM_0:0:103364981) Spawned a m9k_ak47
L 07/09/2022 - 22:19:44: [FAdmin] Al Shebab (STEAM_0:0:103364981) Attempted to use tool creator
L 07/09/2022 - 22:19:44: [FAdmin] Al Shebab (STEAM_0:0:103364981) Spawned a m9k_ak47
L 07/09/2022 - 22:19:44: [FAdmin] Al Shebab (STEAM_0:0:103364981) Attempted to use tool creator
L 07/09/2022 - 22:19:44: [FAdmin] Al Shebab (STEAM_0:0:103364981) Spawned a m9k_ak47
L 07/09/2022 - 22:19:45: [FAdmin] Al Shebab (STEAM_0:0:103364981) Attempted to use tool creator
L 07/09/2022 - 22:19:45: [FAdmin] Al Shebab (STEAM_0:0:103364981) Spawned a m9k_ak47
L 07/09/2022 - 22:19:45: [FAdmin] Al Shebab (STEAM_0:0:103364981) Attempted to use tool creator
L 07/09/2022 - 22:19:45: [FAdmin] Al Shebab (STEAM_0:0:103364981) Spawned a m9k_ak47
L 07/09/2022 - 22:19:45: [FAdmin] Al Shebab (STEAM_0:0:103364981) Attempted to use tool creator
L 07/09/2022 - 22:19:45: [FAdmin] Al Shebab (STEAM_0:0:103364981) Spawned a m9k_ak47
L 07/09/2022 - 22:19:45: [FAdmin] Al Shebab (STEAM_0:0:103364981) Attempted to use tool creator
L 07/09/2022 - 22:19:45: [FAdmin] Al Shebab (STEAM_0:0:103364981) Spawned a m9k_ak47
L 07/09/2022 - 22:19:45: [FAdmin] Al Shebab (STEAM_0:0:103364981) Attempted to use tool creator
L 07/09/2022 - 22:19:45: [FAdmin] Al Shebab (STEAM_0:0:103364981) Spawned a m9k_ak47
L 07/09/2022 - 22:19:45: [FAdmin] Al Shebab (STEAM_0:0:103364981) Attempted to use tool creator
L 07/09/2022 - 22:19:45: [FAdmin] Al Shebab (STEAM_0:0:103364981) Spawned a m9k_ak47
L 07/09/2022 - 22:19:46: [FAdmin] Al Shebab (STEAM_0:0:103364981) Attempted to use tool creator
L 07/09/2022 - 22:19:46: [FAdmin] Al Shebab (STEAM_0:0:103364981) Spawned a m9k_ak47
L 07/09/2022 - 22:19:46: [FAdmin] Al Shebab (STEAM_0:0:103364981) Attempted to use tool creator
L 07/09/2022 - 22:19:46: [FAdmin] Al Shebab (STEAM_0:0:103364981) Spawned a m9k_ak47
L 07/09/2022 - 22:19:47: [FAdmin] Al Shebab (STEAM_0:0:103364981) Attempted to use tool creator
L 07/09/2022 - 22:19:47: [FAdmin] Al Shebab (STEAM_0:0:103364981) Spawned a m9k_ak47
L 07/09/2022 - 22:19:50: [FAdmin] Al Shebab (STEAM_0:0:103364981) Attempted to use tool creator
L 07/09/2022 - 22:19:50: [FAdmin] Al Shebab (STEAM_0:0:103364981) Spawned a m9k_ak47
L 07/09/2022 - 22:19:50: [FAdmin] Al Shebab (STEAM_0:0:103364981) Attempted to use tool creator
L 07/09/2022 - 22:19:50: [FAdmin] Al Shebab (STEAM_0:0:103364981) Spawned a m9k_ak47
L 07/09/2022 - 22:19:50: [FAdmin] tri (STEAM_0:0:437291733) Attempted to pick up a m9k_ak47
L 07/09/2022 - 22:19:51: [FAdmin] Al Shebab (STEAM_0:0:103364981) Attempted to use tool creator
L 07/09/2022 - 22:19:51: [FAdmin] Al Shebab (STEAM_0:0:103364981) Spawned a m9k_ak47
L 07/09/2022 - 22:19:51: [FAdmin] Al Shebab (STEAM_0:0:103364981) Attempted to use tool creator
L 07/09/2022 - 22:19:51: [FAdmin] Al Shebab (STEAM_0:0:103364981) Spawned a m9k_ak47
L 07/09/2022 - 22:19:51: [FAdmin] Al Shebab (STEAM_0:0:103364981) Attempted to use tool creator
L 07/09/2022 - 22:19:51: [FAdmin] Al Shebab (STEAM_0:0:103364981) Spawned a m9k_ak47
L 07/09/2022 - 22:19:52: [FAdmin] Al Shebab (STEAM_0:0:103364981) Attempted to use tool creator
L 07/09/2022 - 22:19:52: [FAdmin] Al Shebab (STEAM_0:0:103364981) Spawned a m9k_ak47
L 07/09/2022 - 22:19:52: [FAdmin] Al Shebab (STEAM_0:0:103364981) Attempted to use tool creator
L 07/09/2022 - 22:19:52: [FAdmin] Al Shebab (STEAM_0:0:103364981) Spawned a m9k_ak47
L 07/09/2022 - 22:19:52: [FAdmin] Al Shebab (STEAM_0:0:103364981) Attempted to use tool creator
L 07/09/2022 - 22:19:52: [FAdmin] Al Shebab (STEAM_0:0:103364981) Spawned a m9k_ak47
L 07/09/2022 - 22:19:52: [FAdmin] binchicken (STEAM_0:0:497589869) Attempted to pick up a m9k_ak47
L 07/09/2022 - 22:19:52: [FAdmin] Al Shebab (STEAM_0:0:103364981) Attempted to use tool creator
L 07/09/2022 - 22:19:52: [FAdmin] Al Shebab (STEAM_0:0:103364981) Spawned a m9k_ak47
L 07/09/2022 - 22:19:53: [FAdmin] Al Shebab (STEAM_0:0:103364981) Attempted to use tool creator
L 07/09/2022 - 22:19:53: [FAdmin] Al Shebab (STEAM_0:0:103364981) Spawned a m9k_ak47
L 07/09/2022 - 22:19:53: [FAdmin] Al Shebab (STEAM_0:0:103364981) Attempted to use tool creator
L 07/09/2022 - 22:19:53: [FAdmin] Al Shebab (STEAM_0:0:103364981) Spawned a m9k_ak47
L 07/09/2022 - 22:19:54: [FAdmin] Al Shebab (STEAM_0:0:103364981) Attempted to use tool creator
L 07/09/2022 - 22:19:54: [FAdmin] Al Shebab (STEAM_0:0:103364981) Spawned a m9k_ak47
L 07/09/2022 - 22:19:54: [FAdmin] Al Shebab (STEAM_0:0:103364981) Attempted to use tool creator
L 07/09/2022 - 22:19:54: [FAdmin] Al Shebab (STEAM_0:0:103364981) Spawned a m9k_ak47
L 07/09/2022 - 22:19:54: [FAdmin] Al Shebab (STEAM_0:0:103364981) Attempted to use tool creator
L 07/09/2022 - 22:19:54: [FAdmin] Al Shebab (STEAM_0:0:103364981) Spawned a m9k_ak47
L 07/09/2022 - 22:19:55: [FAdmin] Al Shebab (STEAM_0:0:103364981) Attempted to use tool creator
L 07/09/2022 - 22:19:55: [FAdmin] Al Shebab (STEAM_0:0:103364981) Spawned a m9k_ak47
L 07/09/2022 - 22:19:55: [FAdmin] Al Shebab (STEAM_0:0:103364981) Attempted to use tool creator
L 07/09/2022 - 22:19:55: [FAdmin] Al Shebab (STEAM_0:0:103364981) Spawned a m9k_ak47
L 07/09/2022 - 22:19:55: [FAdmin] Al Shebab (STEAM_0:0:103364981) Attempted to use tool creator
L 07/09/2022 - 22:19:55: [FAdmin] Al Shebab (STEAM_0:0:103364981) Spawned a m9k_ak47
L 07/09/2022 - 22:19:56: [FAdmin] Al Shebab (STEAM_0:0:103364981) Attempted to use tool creator
L 07/09/2022 - 22:19:56: [FAdmin] Al Shebab (STEAM_0:0:103364981) Spawned a m9k_ak47
L 07/09/2022 - 22:19:57: [FAdmin] Al Shebab (STEAM_0:0:103364981) Attempted to use tool creator
L 07/09/2022 - 22:19:57: [FAdmin] Al Shebab (STEAM_0:0:103364981) Spawned a m9k_ak47
L 07/09/2022 - 22:19:57: [FAdmin] Al Shebab (STEAM_0:0:103364981) Attempted to use tool creator
L 07/09/2022 - 22:19:57: [FAdmin] Al Shebab (STEAM_0:0:103364981) Spawned a m9k_ak47
L 07/09/2022 - 22:19:58: [FAdmin] Al Shebab (STEAM_0:0:103364981) Attempted to use tool creator
L 07/09/2022 - 22:19:58: [FAdmin] Al Shebab (STEAM_0:0:103364981) Spawned a m9k_ak47
L 07/09/2022 - 22:19:58: [FAdmin] Al Shebab (STEAM_0:0:103364981) Attempted to use tool creator
L 07/09/2022 - 22:19:58: [FAdmin] Al Shebab (STEAM_0:0:103364981) Spawned a m9k_ak47
L 07/09/2022 - 22:19:59: [FAdmin] Al Shebab (STEAM_0:0:103364981) Attempted to use tool creator
L 07/09/2022 - 22:19:59: [FAdmin] Al Shebab (STEAM_0:0:103364981) Spawned a m9k_ak47
L 07/09/2022 - 22:19:59: [FAdmin] Al Shebab (STEAM_0:0:103364981) Attempted to use tool creator
L 07/09/2022 - 22:19:59: [FAdmin] Al Shebab (STEAM_0:0:103364981) Spawned a m9k_ak47
L 07/09/2022 - 22:19:59: [FAdmin] Al Shebab (STEAM_0:0:103364981) Attempted to use tool creator
L 07/09/2022 - 22:19:59: [FAdmin] Al Shebab (STEAM_0:0:103364981) Spawned a m9k_ak47
L 07/09/2022 - 22:20:00: [FAdmin] Al Shebab (STEAM_0:0:103364981) Attempted to use tool creator
L 07/09/2022 - 22:20:00: [FAdmin] Al Shebab (STEAM_0:0:103364981) Spawned a m9k_ak47
L 07/09/2022 - 22:20:00: [FAdmin] Al Shebab (STEAM_0:0:103364981) Attempted to use tool creator
L 07/09/2022 - 22:20:00: [FAdmin] Al Shebab (STEAM_0:0:103364981) Spawned a m9k_ak47
L 07/09/2022 - 22:20:00: [FAdmin] Al Shebab (STEAM_0:0:103364981) Attempted to use tool creator
L 07/09/2022 - 22:20:00: [FAdmin] Al Shebab (STEAM_0:0:103364981) Spawned a m9k_ak47
L 07/09/2022 - 22:20:01: [FAdmin] Al Shebab (STEAM_0:0:103364981) Attempted to use tool creator
L 07/09/2022 - 22:20:01: [FAdmin] Al Shebab (STEAM_0:0:103364981) Spawned a m9k_ak47
L 07/09/2022 - 22:20:01: [FAdmin] Al Shebab (STEAM_0:0:103364981) Attempted to use tool creator
L 07/09/2022 - 22:20:01: [FAdmin] Al Shebab (STEAM_0:0:103364981) Spawned a m9k_ak47
L 07/09/2022 - 22:20:01: [FAdmin] Al Shebab (STEAM_0:0:103364981) Attempted to use tool creator
L 07/09/2022 - 22:20:01: [FAdmin] Al Shebab (STEAM_0:0:103364981) Spawned a m9k_ak47
L 07/09/2022 - 22:20:02: [FAdmin] Al Shebab (STEAM_0:0:103364981) Attempted to use tool creator
L 07/09/2022 - 22:20:02: [FAdmin] Al Shebab (STEAM_0:0:103364981) Spawned a m9k_ak47
L 07/09/2022 - 22:20:02: [FAdmin] Al Shebab (STEAM_0:0:103364981) Attempted to use tool creator
L 07/09/2022 - 22:20:02: [FAdmin] Al Shebab (STEAM_0:0:103364981) Spawned a m9k_ak47
L 07/09/2022 - 22:20:02: [FAdmin] Al Shebab (STEAM_0:0:103364981) Attempted to use tool creator
L 07/09/2022 - 22:20:02: [FAdmin] Al Shebab (STEAM_0:0:103364981) Spawned a m9k_ak47
L 07/09/2022 - 22:20:02: [FAdmin] Al Shebab (STEAM_0:0:103364981) Attempted to use tool creator
L 07/09/2022 - 22:20:02: [FAdmin] Al Shebab (STEAM_0:0:103364981) Spawned a m9k_ak47
L 07/09/2022 - 22:20:03: [FAdmin] Al Shebab (STEAM_0:0:103364981) Attempted to use tool creator
L 07/09/2022 - 22:20:03: [FAdmin] Al Shebab (STEAM_0:0:103364981) Spawned a m9k_ak47
L 07/09/2022 - 22:20:03: [FAdmin] Al Shebab (STEAM_0:0:103364981) Attempted to use tool creator
L 07/09/2022 - 22:20:03: [FAdmin] Al Shebab (STEAM_0:0:103364981) Spawned a m9k_ak47
L 07/09/2022 - 22:20:03: [FAdmin] Al Shebab (STEAM_0:0:103364981) Attempted to use tool creator
L 07/09/2022 - 22:20:03: [FAdmin] Al Shebab (STEAM_0:0:103364981) Spawned a m9k_ak47
L 07/09/2022 - 22:20:03: [FAdmin] Al Shebab (STEAM_0:0:103364981) Attempted to use tool creator
L 07/09/2022 - 22:20:03: [FAdmin] Al Shebab (STEAM_0:0:103364981) Spawned a m9k_ak47
L 07/09/2022 - 22:20:03: [FAdmin] Al Shebab (STEAM_0:0:103364981) Attempted to use tool creator
L 07/09/2022 - 22:20:03: [FAdmin] Al Shebab (STEAM_0:0:103364981) Spawned a m9k_ak47
L 07/09/2022 - 22:20:04: [FAdmin] Al Shebab (STEAM_0:0:103364981) Attempted to use tool creator
L 07/09/2022 - 22:20:04: [FAdmin] Al Shebab (STEAM_0:0:103364981) Spawned a m9k_ak47
L 07/09/2022 - 22:20:04: [FAdmin] Al Shebab (STEAM_0:0:103364981) Attempted to use tool creator
L 07/09/2022 - 22:20:04: [FAdmin] Al Shebab (STEAM_0:0:103364981) Spawned a m9k_ak47
L 07/09/2022 - 22:20:04: [FAdmin] Al Shebab (STEAM_0:0:103364981) Attempted to use tool creator
L 07/09/2022 - 22:20:04: [FAdmin] Al Shebab (STEAM_0:0:103364981) Spawned a m9k_ak47
L 07/09/2022 - 22:20:05: [FAdmin] Al Shebab (STEAM_0:0:103364981) Attempted to use tool creator
L 07/09/2022 - 22:20:05: [FAdmin] Al Shebab (STEAM_0:0:103364981) Spawned a m9k_ak47
L 07/09/2022 - 22:20:05: [FAdmin] Al Shebab (STEAM_0:0:103364981) Attempted to use tool creator
L 07/09/2022 - 22:20:05: [FAdmin] Al Shebab (STEAM_0:0:103364981) Spawned a m9k_ak47
L 07/09/2022 - 22:20:21: [FAdmin] binchicken (STEAM_0:0:497589869) Got killed by tri with a player
L 07/09/2022 - 22:20:21: [FAdmin] Al Shebab (STEAM_0:0:103364981) Gave himself a m9k_m202
L 07/09/2022 - 22:20:21: [FAdmin] Al Shebab (STEAM_0:0:103364981) Attempted to pick up a m9k_m202
L 07/09/2022 - 22:20:22: [FAdmin] binchicken (STEAM_0:0:497589869) Spawned
L 07/09/2022 - 22:20:22: [FAdmin] binchicken (STEAM_0:0:497589869) Attempted to pick up a keys
L 07/09/2022 - 22:20:22: [FAdmin] binchicken (STEAM_0:0:497589869) Attempted to pick up a weapon_physcannon
L 07/09/2022 - 22:20:22: [FAdmin] binchicken (STEAM_0:0:497589869) Attempted to pick up a gmod_camera
L 07/09/2022 - 22:20:22: [FAdmin] binchicken (STEAM_0:0:497589869) Attempted to pick up a gmod_tool
L 07/09/2022 - 22:20:22: [FAdmin] binchicken (STEAM_0:0:497589869) Attempted to pick up a pocket
L 07/09/2022 - 22:20:22: [FAdmin] binchicken (STEAM_0:0:497589869) Attempted to pick up a weapon_physgun
L 07/09/2022 - 22:20:28: [FAdmin] binchicken (STEAM_0:0:497589869) Attempted to pick up a m9k_ak47
L 07/09/2022 - 22:20:32: [FAdmin] Al Shebab (STEAM_0:0:103364981) Gave himself a m9k_m202
L 07/09/2022 - 22:20:33: [FAdmin] Al Shebab (STEAM_0:0:103364981) Gave himself a m9k_m202
L 07/09/2022 - 22:20:34: [FAdmin] Al Shebab (STEAM_0:0:103364981) Attempted to use tool creator
L 07/09/2022 - 22:20:34: [FAdmin] Al Shebab (STEAM_0:0:103364981) Spawned a m9k_m202
L 07/09/2022 - 22:20:34: [FAdmin] Al Shebab (STEAM_0:0:103364981) Attempted to use tool creator
L 07/09/2022 - 22:20:34: [FAdmin] Al Shebab (STEAM_0:0:103364981) Spawned a m9k_m202
L 07/09/2022 - 22:20:34: [FAdmin] Al Shebab (STEAM_0:0:103364981) Attempted to use tool creator
L 07/09/2022 - 22:20:34: [FAdmin] Al Shebab (STEAM_0:0:103364981) Spawned a m9k_m202
L 07/09/2022 - 22:20:35: [FAdmin] Al Shebab (STEAM_0:0:103364981) Attempted to use tool creator
L 07/09/2022 - 22:20:35: [FAdmin] Al Shebab (STEAM_0:0:103364981) Spawned a m9k_m202
L 07/09/2022 - 22:20:35: [FAdmin] Al Shebab (STEAM_0:0:103364981) Attempted to use tool creator
L 07/09/2022 - 22:20:35: [FAdmin] Al Shebab (STEAM_0:0:103364981) Spawned a m9k_m202
L 07/09/2022 - 22:20:35: [FAdmin] Al Shebab (STEAM_0:0:103364981) Attempted to use tool creator
L 07/09/2022 - 22:20:35: [FAdmin] Al Shebab (STEAM_0:0:103364981) Spawned a m9k_m202
L 07/09/2022 - 22:20:35: [FAdmin] Al Shebab (STEAM_0:0:103364981) Attempted to use tool creator
L 07/09/2022 - 22:20:35: [FAdmin] Al Shebab (STEAM_0:0:103364981) Spawned a m9k_m202
L 07/09/2022 - 22:20:36: [FAdmin] Al Shebab (STEAM_0:0:103364981) Attempted to use tool creator
L 07/09/2022 - 22:20:36: [FAdmin] Al Shebab (STEAM_0:0:103364981) Spawned a m9k_m202
L 07/09/2022 - 22:20:36: [FAdmin] Al Shebab (STEAM_0:0:103364981) Attempted to use tool creator
L 07/09/2022 - 22:20:36: [FAdmin] Al Shebab (STEAM_0:0:103364981) Spawned a m9k_m202
L 07/09/2022 - 22:20:36: [FAdmin] tri (STEAM_0:0:437291733) Attempted to pick up a m9k_m202
L 07/09/2022 - 22:20:36: [FAdmin] Al Shebab (STEAM_0:0:103364981) Attempted to use tool creator
L 07/09/2022 - 22:20:36: [FAdmin] Al Shebab (STEAM_0:0:103364981) Spawned a m9k_m202
L 07/09/2022 - 22:20:37: [FAdmin] binchicken (STEAM_0:0:497589869) Attempted to pick up a m9k_m202
L 07/09/2022 - 22:20:37: [FAdmin] binchicken (STEAM_0:0:497589869) Got killed by tri with a player
L 07/09/2022 - 22:20:37: [FAdmin] Al Shebab (STEAM_0:0:103364981) Attempted to use tool creator
L 07/09/2022 - 22:20:37: [FAdmin] Al Shebab (STEAM_0:0:103364981) Spawned a m9k_m202
L 07/09/2022 - 22:20:37: [FAdmin] Al Shebab (STEAM_0:0:103364981) Attempted to use tool creator
L 07/09/2022 - 22:20:37: [FAdmin] Al Shebab (STEAM_0:0:103364981) Spawned a m9k_m202
L 07/09/2022 - 22:20:37: [FAdmin] Al Shebab (STEAM_0:0:103364981) Attempted to use tool creator
L 07/09/2022 - 22:20:37: [FAdmin] Al Shebab (STEAM_0:0:103364981) Spawned a m9k_m202
L 07/09/2022 - 22:20:38: [FAdmin] Al Shebab (STEAM_0:0:103364981) Attempted to use tool creator
L 07/09/2022 - 22:20:38: [FAdmin] Al Shebab (STEAM_0:0:103364981) Spawned a m9k_m202
L 07/09/2022 - 22:20:38: [FAdmin] Al Shebab (STEAM_0:0:103364981) Attempted to use tool creator
L 07/09/2022 - 22:20:38: [FAdmin] Al Shebab (STEAM_0:0:103364981) Spawned a m9k_m202
L 07/09/2022 - 22:20:38: [FAdmin] Al Shebab (STEAM_0:0:103364981) Attempted to use tool creator
L 07/09/2022 - 22:20:38: [FAdmin] Al Shebab (STEAM_0:0:103364981) Spawned a m9k_m202
L 07/09/2022 - 22:20:38: [FAdmin] binchicken (STEAM_0:0:497589869) Spawned
L 07/09/2022 - 22:20:38: [FAdmin] binchicken (STEAM_0:0:497589869) Attempted to pick up a keys
L 07/09/2022 - 22:20:38: [FAdmin] binchicken (STEAM_0:0:497589869) Attempted to pick up a weapon_physcannon
L 07/09/2022 - 22:20:38: [FAdmin] binchicken (STEAM_0:0:497589869) Attempted to pick up a gmod_camera
L 07/09/2022 - 22:20:38: [FAdmin] binchicken (STEAM_0:0:497589869) Attempted to pick up a gmod_tool
L 07/09/2022 - 22:20:38: [FAdmin] binchicken (STEAM_0:0:497589869) Attempted to pick up a pocket
L 07/09/2022 - 22:20:38: [FAdmin] binchicken (STEAM_0:0:497589869) Attempted to pick up a weapon_physgun
L 07/09/2022 - 22:20:38: [FAdmin] binchicken (STEAM_0:0:497589869) Attempted to pick up a m9k_m202
L 07/09/2022 - 22:20:38: [FAdmin] Al Shebab (STEAM_0:0:103364981) Attempted to use tool creator
L 07/09/2022 - 22:20:38: [FAdmin] Al Shebab (STEAM_0:0:103364981) Spawned a m9k_m202
L 07/09/2022 - 22:20:39: [FAdmin] Al Shebab (STEAM_0:0:103364981) Attempted to use tool creator
L 07/09/2022 - 22:20:39: [FAdmin] Al Shebab (STEAM_0:0:103364981) Spawned a m9k_m202
L 07/09/2022 - 22:20:44: [FAdmin] Al Shebab (STEAM_0:0:103364981) Attempted to use tool creator
L 07/09/2022 - 22:20:44: [FAdmin] Al Shebab (STEAM_0:0:103364981) Spawned a m9k_m202
L 07/09/2022 - 22:20:44: [FAdmin] Al Shebab (STEAM_0:0:103364981) Attempted to use tool creator
L 07/09/2022 - 22:20:44: [FAdmin] Al Shebab (STEAM_0:0:103364981) Spawned a m9k_m202
L 07/09/2022 - 22:20:45: [FAdmin] binchicken (STEAM_0:0:497589869) Got killed by tri with a m9k_m202_rocket
L 07/09/2022 - 22:20:45: [FAdmin] Al Shebab (STEAM_0:0:103364981) Attempted to use tool creator
L 07/09/2022 - 22:20:45: [FAdmin] Al Shebab (STEAM_0:0:103364981) Spawned a m9k_m202
L 07/09/2022 - 22:20:45: [FAdmin] Al Shebab (STEAM_0:0:103364981) Attempted to use tool creator
L 07/09/2022 - 22:20:45: [FAdmin] Al Shebab (STEAM_0:0:103364981) Spawned a m9k_m202
L 07/09/2022 - 22:20:45: [FAdmin] Al Shebab (STEAM_0:0:103364981) Attempted to use tool creator
L 07/09/2022 - 22:20:45: [FAdmin] Al Shebab (STEAM_0:0:103364981) Spawned a m9k_m202
L 07/09/2022 - 22:20:46: [FAdmin] Al Shebab (STEAM_0:0:103364981) Attempted to use tool creator
L 07/09/2022 - 22:20:46: [FAdmin] Al Shebab (STEAM_0:0:103364981) Spawned a m9k_m202
L 07/09/2022 - 22:20:46: [FAdmin] binchicken (STEAM_0:0:497589869) Spawned
L 07/09/2022 - 22:20:46: [FAdmin] binchicken (STEAM_0:0:497589869) Attempted to pick up a keys
L 07/09/2022 - 22:20:46: [FAdmin] binchicken (STEAM_0:0:497589869) Attempted to pick up a weapon_physcannon
L 07/09/2022 - 22:20:46: [FAdmin] binchicken (STEAM_0:0:497589869) Attempted to pick up a gmod_camera
L 07/09/2022 - 22:20:46: [FAdmin] binchicken (STEAM_0:0:497589869) Attempted to pick up a gmod_tool
L 07/09/2022 - 22:20:46: [FAdmin] binchicken (STEAM_0:0:497589869) Attempted to pick up a pocket
L 07/09/2022 - 22:20:46: [FAdmin] binchicken (STEAM_0:0:497589869) Attempted to pick up a weapon_physgun
L 07/09/2022 - 22:20:46: [FAdmin] Al Shebab (STEAM_0:0:103364981) Attempted to use tool creator
L 07/09/2022 - 22:20:46: [FAdmin] Al Shebab (STEAM_0:0:103364981) Spawned a m9k_m202
L 07/09/2022 - 22:20:46: [FAdmin] Al Shebab (STEAM_0:0:103364981) Attempted to use tool creator
L 07/09/2022 - 22:20:46: [FAdmin] Al Shebab (STEAM_0:0:103364981) Spawned a m9k_m202
L 07/09/2022 - 22:20:47: [FAdmin] Al Shebab (STEAM_0:0:103364981) Attempted to use tool creator
L 07/09/2022 - 22:20:47: [FAdmin] Al Shebab (STEAM_0:0:103364981) Spawned a m9k_m202
L 07/09/2022 - 22:20:47: [FAdmin] Al Shebab (STEAM_0:0:103364981) Attempted to use tool creator
L 07/09/2022 - 22:20:47: [FAdmin] Al Shebab (STEAM_0:0:103364981) Spawned a m9k_m202
L 07/09/2022 - 22:20:47: [FAdmin] Al Shebab (STEAM_0:0:103364981) Attempted to use tool creator
L 07/09/2022 - 22:20:47: [FAdmin] Al Shebab (STEAM_0:0:103364981) Spawned a m9k_m202
L 07/09/2022 - 22:20:50: [FAdmin] Al Shebab (STEAM_0:0:103364981) Attempted to use tool creator
L 07/09/2022 - 22:20:50: [FAdmin] Al Shebab (STEAM_0:0:103364981) Spawned a m9k_nerve_gas
L 07/09/2022 - 22:20:50: [FAdmin] Al Shebab (STEAM_0:0:103364981) Attempted to use tool creator
L 07/09/2022 - 22:20:50: [FAdmin] Al Shebab (STEAM_0:0:103364981) Spawned a m9k_nerve_gas
L 07/09/2022 - 22:20:50: [FAdmin] Al Shebab (STEAM_0:0:103364981) Attempted to use tool creator
L 07/09/2022 - 22:20:50: [FAdmin] Al Shebab (STEAM_0:0:103364981) Spawned a m9k_nerve_gas
L 07/09/2022 - 22:20:50: [FAdmin] binchicken (STEAM_0:0:497589869) Attempted to pick up a m9k_m202
L 07/09/2022 - 22:20:51: [FAdmin] Al Shebab (STEAM_0:0:103364981) Attempted to use tool creator
L 07/09/2022 - 22:20:51: [FAdmin] Al Shebab (STEAM_0:0:103364981) Spawned a m9k_nerve_gas
L 07/09/2022 - 22:20:52: [FAdmin] binchicken (STEAM_0:0:497589869) Attempted to pick up a m9k_nerve_gas
L 07/09/2022 - 22:20:53: [FAdmin] Al Shebab (STEAM_0:0:103364981) Attempted to use tool creator
L 07/09/2022 - 22:20:53: [FAdmin] Al Shebab (STEAM_0:0:103364981) Spawned a m9k_orbital_strike
L 07/09/2022 - 22:21:13: [FAdmin] tri (STEAM_0:0:437291733) Got killed by binchicken with a m9k_m202_rocket
L 07/09/2022 - 22:21:15: [FAdmin] tri (STEAM_0:0:437291733) Spawned
L 07/09/2022 - 22:21:15: [FAdmin] tri (STEAM_0:0:437291733) Attempted to pick up a keys
L 07/09/2022 - 22:21:15: [FAdmin] tri (STEAM_0:0:437291733) Attempted to pick up a weapon_physcannon
L 07/09/2022 - 22:21:15: [FAdmin] tri (STEAM_0:0:437291733) Attempted to pick up a gmod_camera
L 07/09/2022 - 22:21:15: [FAdmin] tri (STEAM_0:0:437291733) Attempted to pick up a gmod_tool
L 07/09/2022 - 22:21:15: [FAdmin] tri (STEAM_0:0:437291733) Attempted to pick up a pocket
L 07/09/2022 - 22:21:15: [FAdmin] tri (STEAM_0:0:437291733) Attempted to pick up a weapon_physgun
L 07/09/2022 - 22:21:15: [FAdmin] tri (STEAM_0:0:437291733) Attempted to pick up a weapon_keypadchecker
L 07/09/2022 - 22:21:15: [FAdmin] tri (STEAM_0:0:437291733) Attempted to pick up a door_ram
L 07/09/2022 - 22:21:15: [FAdmin] tri (STEAM_0:0:437291733) Attempted to pick up a arrest_stick
L 07/09/2022 - 22:21:15: [FAdmin] tri (STEAM_0:0:437291733) Attempted to pick up a unarrest_stick
L 07/09/2022 - 22:21:15: [FAdmin] tri (STEAM_0:0:437291733) Attempted to pick up a stunstick
L 07/09/2022 - 22:21:15: [FAdmin] tri (STEAM_0:0:437291733) Attempted to pick up a weaponchecker
L 07/09/2022 - 22:21:17: [FAdmin] tri (STEAM_0:0:437291733) Attempted to pick up a m9k_m202
L 07/09/2022 - 22:21:23: [FAdmin] binchicken (STEAM_0:0:497589869) Got killed by tri with a m9k_m202_rocket
L 07/09/2022 - 22:21:24: [FAdmin] binchicken (STEAM_0:0:497589869) Spawned
L 07/09/2022 - 22:21:24: [FAdmin] binchicken (STEAM_0:0:497589869) Attempted to pick up a keys
L 07/09/2022 - 22:21:24: [FAdmin] binchicken (STEAM_0:0:497589869) Attempted to pick up a weapon_physcannon
L 07/09/2022 - 22:21:24: [FAdmin] binchicken (STEAM_0:0:497589869) Attempted to pick up a gmod_camera
L 07/09/2022 - 22:21:24: [FAdmin] binchicken (STEAM_0:0:497589869) Attempted to pick up a gmod_tool
L 07/09/2022 - 22:21:24: [FAdmin] binchicken (STEAM_0:0:497589869) Attempted to pick up a pocket
L 07/09/2022 - 22:21:24: [FAdmin] binchicken (STEAM_0:0:497589869) Attempted to pick up a weapon_physgun
L 07/09/2022 - 22:21:27: [FAdmin] tri (STEAM_0:0:437291733) Attempted to pick up a m9k_orbital_strike
L 07/09/2022 - 22:21:27: [FAdmin] binchicken (STEAM_0:0:497589869) Attempted to pick up a m9k_m202
L 07/09/2022 - 22:21:38: [FAdmin] binchicken (STEAM_0:0:497589869) Attempted to pick up a m9k_nerve_gas
L 07/09/2022 - 22:21:40: [FAdmin] binchicken (STEAM_0:0:497589869) Got killed by tri with a m9k_oribital_cannon
L 07/09/2022 - 22:21:40: [FAdmin] Al Shebab (STEAM_0:0:103364981) Got killed by tri with a m9k_oribital_cannon
L 07/09/2022 - 22:21:42: [FAdmin] binchicken (STEAM_0:0:497589869) Spawned
L 07/09/2022 - 22:21:42: [FAdmin] binchicken (STEAM_0:0:497589869) Attempted to pick up a keys
L 07/09/2022 - 22:21:42: [FAdmin] binchicken (STEAM_0:0:497589869) Attempted to pick up a weapon_physcannon
L 07/09/2022 - 22:21:42: [FAdmin] binchicken (STEAM_0:0:497589869) Attempted to pick up a gmod_camera
L 07/09/2022 - 22:21:42: [FAdmin] binchicken (STEAM_0:0:497589869) Attempted to pick up a gmod_tool
L 07/09/2022 - 22:21:42: [FAdmin] binchicken (STEAM_0:0:497589869) Attempted to pick up a pocket
L 07/09/2022 - 22:21:42: [FAdmin] binchicken (STEAM_0:0:497589869) Attempted to pick up a weapon_physgun
L 07/09/2022 - 22:21:46: [FAdmin] Al Shebab (STEAM_0:0:103364981) Spawned
L 07/09/2022 - 22:21:46: [FAdmin] Al Shebab (STEAM_0:0:103364981) Attempted to pick up a keys
L 07/09/2022 - 22:21:46: [FAdmin] Al Shebab (STEAM_0:0:103364981) Attempted to pick up a weapon_physcannon
L 07/09/2022 - 22:21:46: [FAdmin] Al Shebab (STEAM_0:0:103364981) Attempted to pick up a gmod_camera
L 07/09/2022 - 22:21:46: [FAdmin] Al Shebab (STEAM_0:0:103364981) Attempted to pick up a gmod_tool
L 07/09/2022 - 22:21:46: [FAdmin] Al Shebab (STEAM_0:0:103364981) Attempted to pick up a pocket
L 07/09/2022 - 22