L 07/10/2022 - 15:46:19: Log file started (file "logs\L0710012.log") (game "C:\Users\kazza\Desktop\Garry's Mod\steamcmd\steamapps\common\GarrysModDS\garrysmod") (version "8607")
L 07/10/2022 - 15:46:19: server_cvar: "sbox_noclip" "0"
L 07/10/2022 - 15:46:19: server_cvar: "sbox_maxprops" "80"
L 07/10/2022 - 15:46:19: server_cvar: "sbox_maxragdolls" "0"
L 07/10/2022 - 15:46:19: server_cvar: "sbox_maxnpcs" "0"
L 07/10/2022 - 15:46:19: server_cvar: "sbox_maxballoons" "0"
L 07/10/2022 - 15:46:19: server_cvar: "sbox_maxeffects" "0"
L 07/10/2022 - 15:46:19: server_cvar: "sbox_maxdynamite" "0"
L 07/10/2022 - 15:46:19: server_cvar: "sbox_maxlamps" "0"
L 07/10/2022 - 15:46:19: server_cvar: "sbox_maxthrusters" "0"
L 07/10/2022 - 15:46:19: server_cvar: "sbox_maxwheels" "0"
L 07/10/2022 - 15:46:19: server_cvar: "sbox_maxhoverballs" "0"
L 07/10/2022 - 15:46:19: server_cvar: "sbox_maxvehicles" "1"
L 07/10/2022 - 15:46:19: server_cvar: "sbox_maxbuttons" "6"
L 07/10/2022 - 15:46:19: server_cvar: "sbox_maxemitters" "0"
L 07/10/2022 - 15:46:19: server_cvar: "sv_airaccelerate" "1000"
L 07/10/2022 - 15:46:23: Connection to Steam servers successful.
L 07/10/2022 - 15:46:23:    Public IP is 60.241.142.139.
L 07/10/2022 - 15:46:23: Assigned persistent gameserver Steam ID [G-1:3987399].
L 07/10/2022 - 15:46:23: VAC secure mode is activated.
L 07/10/2022 - 15:46:23: "Al Shebab<2><STEAM_0:0:103364981><>" connected, address "60.241.142.139:27006"
L 07/10/2022 - 15:46:23: "widepeeked<3><STEAM_0:0:492844137><>" connected, address "124.188.129.208:27005"
L 07/10/2022 - 15:46:23: "widepeeked<3><STEAM_0:0:492844137><>" disconnected (reason "Connection closing")
L 07/10/2022 - 15:46:23: "widepeeked<4><STEAM_0:0:492844137><>" connected, address "124.188.129.208:27005"
L 07/10/2022 - 15:46:23: "widepeeked<4><STEAM_0:0:492844137><>" disconnected (reason "Connection closing")
L 07/10/2022 - 15:46:23: "widepeeked<5><STEAM_0:0:492844137><>" connected, address "124.188.129.208:27005"
L 07/10/2022 - 15:46:23: "widepeeked<5><STEAM_0:0:492844137><>" disconnected (reason "Connection closing")
L 07/10/2022 - 15:46:23: "widepeeked<6><STEAM_0:0:492844137><>" connected, address "124.188.129.208:27005"
L 07/10/2022 - 15:46:24: "Al Shebab<2><STEAM_0:0:103364981><>" STEAM USERID validated
L 07/10/2022 - 15:46:24: "widepeeked<6><STEAM_0:0:492844137><>" STEAM USERID validated
L 07/10/2022 - 15:46:44: [FAdmin] widepeeked (STEAM_0:0:492844137) is Authed
L 07/10/2022 - 15:46:44: [FAdmin] widepeeked (STEAM_0:0:492844137) Spawned for the first time
L 07/10/2022 - 15:46:44: [FAdmin] widepeeked (STEAM_0:0:492844137) Spawned
L 07/10/2022 - 15:46:44: "widepeeked<6><STEAM_0:0:492844137><>" entered the game
L 07/10/2022 - 15:46:44: [FAdmin] widepeeked (STEAM_0:0:492844137) Attempted to pick up a keys
L 07/10/2022 - 15:46:44: [FAdmin] widepeeked (STEAM_0:0:492844137) Attempted to pick up a weapon_physcannon
L 07/10/2022 - 15:46:44: [FAdmin] widepeeked (STEAM_0:0:492844137) Attempted to pick up a weapon_fists
L 07/10/2022 - 15:46:44: [FAdmin] widepeeked (STEAM_0:0:492844137) Attempted to pick up a gmod_camera
L 07/10/2022 - 15:46:44: [FAdmin] widepeeked (STEAM_0:0:492844137) Attempted to pick up a gmod_tool
L 07/10/2022 - 15:46:44: [FAdmin] widepeeked (STEAM_0:0:492844137) Attempted to pick up a weapon_physgun
L 07/10/2022 - 15:46:52: [FAdmin] Al Shebab (STEAM_0:0:103364981) is Authed
L 07/10/2022 - 15:46:52: [FAdmin] Al Shebab (STEAM_0:0:103364981) Spawned for the first time
L 07/10/2022 - 15:46:52: [FAdmin] Al Shebab (STEAM_0:0:103364981) Spawned
L 07/10/2022 - 15:46:52: "Al Shebab<2><STEAM_0:0:103364981><>" entered the game
L 07/10/2022 - 15:46:52: [FAdmin] Al Shebab (STEAM_0:0:103364981) Attempted to pick up a keys
L 07/10/2022 - 15:46:52: [FAdmin] Al Shebab (STEAM_0:0:103364981) Attempted to pick up a weapon_physcannon
L 07/10/2022 - 15:46:52: [FAdmin] Al Shebab (STEAM_0:0:103364981) Attempted to pick up a weapon_fists
L 07/10/2022 - 15:46:52: [FAdmin] Al Shebab (STEAM_0:0:103364981) Attempted to pick up a gmod_camera
L 07/10/2022 - 15:46:52: [FAdmin] Al Shebab (STEAM_0:0:103364981) Attempted to pick up a gmod_tool
L 07/10/2022 - 15:46:52: [FAdmin] Al Shebab (STEAM_0:0:103364981) Attempted to pick up a weapon_physgun
L 07/10/2022 - 15:46:55: Lua Error: 
[tebexgmod] addons/tebexgmod/lua/tebex/client/apiclient.lua:36: attempt to call upvalue 'failure' (a nil value)
  1. unknown - addons/tebexgmod/lua/tebex/client/apiclient.lua:36


L 07/10/2022 - 15:47:12: "Frazer<7><STEAM_0:0:120840551><>" connected, address "101.190.51.71:27005"
L 07/10/2022 - 15:47:12: "Frazer<7><STEAM_0:0:120840551><>" STEAM USERID validated
L 07/10/2022 - 15:47:34: [FAdmin] Frazer (STEAM_0:0:120840551) is Authed
L 07/10/2022 - 15:47:34: [FAdmin] Frazer (STEAM_0:0:120840551) Spawned for the first time
L 07/10/2022 - 15:47:34: [FAdmin] Frazer (STEAM_0:0:120840551) Spawned
L 07/10/2022 - 15:47:34: "Frazer<7><STEAM_0:0:120840551><>" entered the game
L 07/10/2022 - 15:47:34: [FAdmin] Frazer (STEAM_0:0:120840551) Attempted to pick up a keys
L 07/10/2022 - 15:47:34: [FAdmin] Frazer (STEAM_0:0:120840551) Attempted to pick up a weapon_physcannon
L 07/10/2022 - 15:47:34: [FAdmin] Frazer (STEAM_0:0:120840551) Attempted to pick up a weapon_fists
L 07/10/2022 - 15:47:34: [FAdmin] Frazer (STEAM_0:0:120840551) Attempted to pick up a gmod_camera
L 07/10/2022 - 15:47:34: [FAdmin] Frazer (STEAM_0:0:120840551) Attempted to pick up a gmod_tool
L 07/10/2022 - 15:47:34: [FAdmin] Frazer (STEAM_0:0:120840551) Attempted to pick up a weapon_physgun
L 07/10/2022 - 15:47:46: [FAdmin] Al Shebab (STEAM_0:0:103364981) Spawned a models/props_c17/Lockers001a.mdl
L 07/10/2022 - 15:47:46: [ULX] Al Shebab<STEAM_0:0:103364981> spawned model models/props_c17/lockers001a.mdl
L 07/10/2022 - 15:47:47: [FAdmin] Al Shebab (STEAM_0:0:103364981) Spawned a models/props_c17/Lockers001a.mdl
L 07/10/2022 - 15:47:47: [ULX] Al Shebab<STEAM_0:0:103364981> spawned model models/props_c17/lockers001a.mdl
L 07/10/2022 - 15:47:47: [FAdmin] Al Shebab (STEAM_0:0:103364981) Spawned a models/props_c17/Lockers001a.mdl
L 07/10/2022 - 15:47:47: [ULX] Al Shebab<STEAM_0:0:103364981> spawned model models/props_c17/lockers001a.mdl
L 07/10/2022 - 15:47:49: [FAdmin] Al Shebab (STEAM_0:0:103364981) Attempted to use tool stacker_improved
L 07/10/2022 - 15:47:49: [FAdmin] Al Shebab (STEAM_0:0:103364981) Spawned a models/props_c17/lockers001a.mdl
L 07/10/2022 - 15:47:49: [ULX] Al Shebab<STEAM_0:0:103364981> spawned model models/props_c17/lockers001a.mdl
L 07/10/2022 - 15:47:50: [FAdmin] Al Shebab (STEAM_0:0:103364981) Attempted to use tool stacker_improved
L 07/10/2022 - 15:47:50: [FAdmin] Al Shebab (STEAM_0:0:103364981) Attempted to use tool stacker_improved
L 07/10/2022 - 15:47:50: [FAdmin] Al Shebab (STEAM_0:0:103364981) Attempted to use tool stacker_improved
L 07/10/2022 - 15:47:50: [FAdmin] Al Shebab (STEAM_0:0:103364981) Spawned a models/props_c17/lockers001a.mdl
L 07/10/2022 - 15:47:50: [ULX] Al Shebab<STEAM_0:0:103364981> spawned model models/props_c17/lockers001a.mdl
L 07/10/2022 - 15:47:50: [FAdmin] Al Shebab (STEAM_0:0:103364981) Attempted to use tool stacker_improved
L 07/10/2022 - 15:47:51: [FAdmin] Al Shebab (STEAM_0:0:103364981) Attempted to use tool stacker_improved
L 07/10/2022 - 15:47:51: [FAdmin] Al Shebab (STEAM_0:0:103364981) Attempted to use tool stacker_improved
L 07/10/2022 - 15:47:51: [FAdmin] Al Shebab (STEAM_0:0:103364981) Spawned a models/props_c17/lockers001a.mdl
L 07/10/2022 - 15:47:51: [ULX] Al Shebab<STEAM_0:0:103364981> spawned model models/props_c17/lockers001a.mdl
L 07/10/2022 - 15:47:52: [FAdmin] Al Shebab (STEAM_0:0:103364981) Attempted to use tool stacker_improved
L 07/10/2022 - 15:47:52: [FAdmin] Al Shebab (STEAM_0:0:103364981) Spawned a models/props_c17/lockers001a.mdl
L 07/10/2022 - 15:47:52: [ULX] Al Shebab<STEAM_0:0:103364981> spawned model models/props_c17/lockers001a.mdl
L 07/10/2022 - 15:47:53: [FAdmin] Al Shebab (STEAM_0:0:103364981) Attempted to use tool stacker_improved
L 07/10/2022 - 15:47:53: [FAdmin] Al Shebab (STEAM_0:0:103364981) Spawned a models/props_c17/lockers001a.mdl
L 07/10/2022 - 15:47:53: [ULX] Al Shebab<STEAM_0:0:103364981> spawned model models/props_c17/lockers001a.mdl
L 07/10/2022 - 15:47:53: [FAdmin] Al Shebab (STEAM_0:0:103364981) Attempted to use tool stacker_improved
L 07/10/2022 - 15:47:54: [FAdmin] Al Shebab (STEAM_0:0:103364981) Attempted to use tool stacker_improved
L 07/10/2022 - 15:47:54: [FAdmin] Al Shebab (STEAM_0:0:103364981) Attempted to use tool stacker_improved
L 07/10/2022 - 15:47:54: [FAdmin] Al Shebab (STEAM_0:0:103364981) Spawned a models/props_c17/lockers001a.mdl
L 07/10/2022 - 15:47:54: [ULX] Al Shebab<STEAM_0:0:103364981> spawned model models/props_c17/lockers001a.mdl
L 07/10/2022 - 15:47:54: [FAdmin] Al Shebab (STEAM_0:0:103364981) Attempted to use tool stacker_improved
L 07/10/2022 - 15:47:55: [FAdmin] Al Shebab (STEAM_0:0:103364981) Attempted to use tool stacker_improved
L 07/10/2022 - 15:47:55: [FAdmin] Al Shebab (STEAM_0:0:103364981) Attempted to use tool stacker_improved
L 07/10/2022 - 15:47:55: [FAdmin] Al Shebab (STEAM_0:0:103364981) Spawned a models/props_c17/lockers001a.mdl
L 07/10/2022 - 15:47:55: [ULX] Al Shebab<STEAM_0:0:103364981> spawned model models/props_c17/lockers001a.mdl
L 07/10/2022 - 15:47:57: [FAdmin] Al Shebab (STEAM_0:0:103364981) Attempted to use tool stacker_improved
L 07/10/2022 - 15:47:57: [FAdmin] Al Shebab (STEAM_0:0:103364981) Spawned a models/props_c17/lockers001a.mdl
L 07/10/2022 - 15:47:57: [ULX] Al Shebab<STEAM_0:0:103364981> spawned model models/props_c17/lockers001a.mdl
L 07/10/2022 - 15:47:58: [FAdmin] Al Shebab (STEAM_0:0:103364981) Attempted to use tool stacker_improved
L 07/10/2022 - 15:47:58: [FAdmin] Al Shebab (STEAM_0:0:103364981) Spawned a models/props_c17/lockers001a.mdl
L 07/10/2022 - 15:47:58: [ULX] Al Shebab<STEAM_0:0:103364981> spawned model models/props_c17/lockers001a.mdl
L 07/10/2022 - 15:47:58: [FAdmin] Al Shebab (STEAM_0:0:103364981) Attempted to use tool stacker_improved
L 07/10/2022 - 15:47:59: [FAdmin] Al Shebab (STEAM_0:0:103364981) Attempted to use tool stacker_improved
L 07/10/2022 - 15:47:59: [FAdmin] Al Shebab (STEAM_0:0:103364981) Spawned a models/props_c17/lockers001a.mdl
L 07/10/2022 - 15:47:59: [ULX] Al Shebab<STEAM_0:0:103364981> spawned model models/props_c17/lockers001a.mdl
L 07/10/2022 - 15:47:59: [FAdmin] Al Shebab (STEAM_0:0:103364981) Attempted to use tool stacker_improved
L 07/10/2022 - 15:48:00: [FAdmin] Al Shebab (STEAM_0:0:103364981) Attempted to use tool stacker_improved
L 07/10/2022 - 15:48:00: [FAdmin] Al Shebab (STEAM_0:0:103364981) Spawned a models/props_c17/lockers001a.mdl
L 07/10/2022 - 15:48:00: [ULX] Al Shebab<STEAM_0:0:103364981> spawned model models/props_c17/lockers001a.mdl
L 07/10/2022 - 15:48:00: [FAdmin] Al Shebab (STEAM_0:0:103364981) Attempted to use tool stacker_improved
L 07/10/2022 - 15:48:01: [FAdmin] Al Shebab (STEAM_0:0:103364981) Attempted to use tool stacker_improved
L 07/10/2022 - 15:48:01: [FAdmin] Al Shebab (STEAM_0:0:103364981) Spawned a models/props_c17/lockers001a.mdl
L 07/10/2022 - 15:48:01: [ULX] Al Shebab<STEAM_0:0:103364981> spawned model models/props_c17/lockers001a.mdl
L 07/10/2022 - 15:48:01: [FAdmin] Al Shebab (STEAM_0:0:103364981) Attempted to use tool stacker_improved
L 07/10/2022 - 15:48:31: [FAdmin] Al Shebab (STEAM_0:0:103364981) Got killed by N/A with a N/A
L 07/10/2022 - 15:48:35: [FAdmin] Al Shebab (STEAM_0:0:103364981) Spawned
L 07/10/2022 - 15:48:35: [FAdmin] Al Shebab (STEAM_0:0:103364981) Attempted to pick up a keys
L 07/10/2022 - 15:48:35: [FAdmin] Al Shebab (STEAM_0:0:103364981) Attempted to pick up a weapon_physcannon
L 07/10/2022 - 15:48:35: [FAdmin] Al Shebab (STEAM_0:0:103364981) Attempted to pick up a weapon_fists
L 07/10/2022 - 15:48:35: [FAdmin] Al Shebab (STEAM_0:0:103364981) Attempted to pick up a gmod_camera
L 07/10/2022 - 15:48:35: [FAdmin] Al Shebab (STEAM_0:0:103364981) Attempted to pick up a gmod_tool
L 07/10/2022 - 15:48:35: [FAdmin] Al Shebab (STEAM_0:0:103364981) Attempted to pick up a weapon_physgun
L 07/10/2022 - 15:49:16: "Al Shebab<2><STEAM_0:0:103364981><Civilian>" say "!DISCORD"

L 07/10/2022 - 15:49:20: "Al Shebab<2><STEAM_0:0:103364981><Civilian>" say "https://discord.gg/hWN7zXtbQP"

L 07/10/2022 - 15:49:28: [FAdmin] Al Shebab (STEAM_0:0:103364981) Got killed by prop_physics with a prop_physics
L 07/10/2022 - 15:49:31: [FAdmin] Al Shebab (STEAM_0:0:103364981) Spawned
L 07/10/2022 - 15:49:31: [FAdmin] Al Shebab (STEAM_0:0:103364981) Attempted to pick up a keys
L 07/10/2022 - 15:49:31: [FAdmin] Al Shebab (STEAM_0:0:103364981) Attempted to pick up a weapon_physcannon
L 07/10/2022 - 15:49:31: [FAdmin] Al Shebab (STEAM_0:0:103364981) Attempted to pick up a weapon_fists
L 07/10/2022 - 15:49:31: [FAdmin] Al Shebab (STEAM_0:0:103364981) Attempted to pick up a gmod_camera
L 07/10/2022 - 15:49:31: [FAdmin] Al Shebab (STEAM_0:0:103364981) Attempted to pick up a gmod_tool
L 07/10/2022 - 15:49:31: [FAdmin] Al Shebab (STEAM_0:0:103364981) Attempted to pick up a weapon_physgun
L 07/10/2022 - 15:49:39: [FAdmin] Al Shebab (STEAM_0:0:103364981) Got killed by Al Shebab with a prop_physics
L 07/10/2022 - 15:49:39: [FAdmin] Frazer (STEAM_0:0:120840551) Got killed by N/A with a N/A
L 07/10/2022 - 15:49:42: [FAdmin] Frazer (STEAM_0:0:120840551) Spawned
L 07/10/2022 - 15:49:42: [FAdmin] Frazer (STEAM_0:0:120840551) Attempted to pick up a keys
L 07/10/2022 - 15:49:42: [FAdmin] Frazer (STEAM_0:0:120840551) Attempted to pick up a weapon_physcannon
L 07/10/2022 - 15:49:42: [FAdmin] Frazer (STEAM_0:0:120840551) Attempted to pick up a weapon_fists
L 07/10/2022 - 15:49:42: [FAdmin] Frazer (STEAM_0:0:120840551) Attempted to pick up a gmod_camera
L 07/10/2022 - 15:49:42: [FAdmin] Frazer (STEAM_0:0:120840551) Attempted to pick up a gmod_tool
L 07/10/2022 - 15:49:42: [FAdmin] Frazer (STEAM_0:0:120840551) Attempted to pick up a weapon_physgun
L 07/10/2022 - 15:49:42: [FAdmin] Al Shebab (STEAM_0:0:103364981) Spawned
L 07/10/2022 - 15:49:43: [FAdmin] Al Shebab (STEAM_0:0:103364981) Attempted to pick up a keys
L 07/10/2022 - 15:49:43: [FAdmin] Al Shebab (STEAM_0:0:103364981) Attempted to pick up a weapon_physcannon
L 07/10/2022 - 15:49:43: [FAdmin] Al Shebab (STEAM_0:0:103364981) Attempted to pick up a weapon_fists
L 07/10/2022 - 15:49:43: [FAdmin] Al Shebab (STEAM_0:0:103364981) Attempted to pick up a gmod_camera
L 07/10/2022 - 15:49:43: [FAdmin] Al Shebab (STEAM_0:0:103364981) Attempted to pick up a gmod_tool
L 07/10/2022 - 15:49:43: [FAdmin] Al Shebab (STEAM_0:0:103364981) Attempted to pick up a weapon_physgun
L 07/10/2022 - 15:49:47: [FAdmin] Frazer (STEAM_0:0:120840551) Got killed by prop_physics with a prop_physics
L 07/10/2022 - 15:49:47: [FAdmin] widepeeked (STEAM_0:0:492844137) Spawned a models/props_c17/Lockers001a.mdl
L 07/10/2022 - 15:49:47: [ULX] widepeeked<STEAM_0:0:492844137> spawned model models/props_c17/lockers001a.mdl
L 07/10/2022 - 15:49:55: [FAdmin] widepeeked (STEAM_0:0:492844137) Attempted to use tool stacker_improved
L 07/10/2022 - 15:49:55: [FAdmin] widepeeked (STEAM_0:0:492844137) Spawned a models/props_c17/lockers001a.mdl
L 07/10/2022 - 15:49:55: [ULX] widepeeked<STEAM_0:0:492844137> spawned model models/props_c17/lockers001a.mdl
L 07/10/2022 - 15:49:55: [FAdmin] widepeeked (STEAM_0:0:492844137) Attempted to use tool stacker_improved
L 07/10/2022 - 15:49:57: [FAdmin] widepeeked (STEAM_0:0:492844137) Attempted to use tool stacker_improved
L 07/10/2022 - 15:49:57: [FAdmin] widepeeked (STEAM_0:0:492844137) Spawned a models/props_c17/lockers001a.mdl
L 07/10/2022 - 15:49:57: [ULX] widepeeked<STEAM_0:0:492844137> spawned model models/props_c17/lockers001a.mdl
L 07/10/2022 - 15:49:58: [FAdmin] widepeeked (STEAM_0:0:492844137) Attempted to use tool stacker_improved
L 07/10/2022 - 15:49:58: [FAdmin] widepeeked (STEAM_0:0:492844137) Spawned a models/props_c17/lockers001a.mdl
L 07/10/2022 - 15:49:58: [ULX] widepeeked<STEAM_0:0:492844137> spawned model models/props_c17/lockers001a.mdl
L 07/10/2022 - 15:50:03: [FAdmin] Al Shebab (STEAM_0:0:103364981) Got killed by prop_physics with a prop_physics
L 07/10/2022 - 15:50:07: [FAdmin] Al Shebab (STEAM_0:0:103364981) Spawned
L 07/10/2022 - 15:50:07: [FAdmin] Al Shebab (STEAM_0:0:103364981) Attempted to pick up a keys
L 07/10/2022 - 15:50:07: [FAdmin] Al Shebab (STEAM_0:0:103364981) Attempted to pick up a weapon_physcannon
L 07/10/2022 - 15:50:07: [FAdmin] Al Shebab (STEAM_0:0:103364981) Attempted to pick up a weapon_fists
L 07/10/2022 - 15:50:07: [FAdmin] Al Shebab (STEAM_0:0:103364981) Attempted to pick up a gmod_camera
L 07/10/2022 - 15:50:07: [FAdmin] Al Shebab (STEAM_0:0:103364981) Attempted to pick up a gmod_tool
L 07/10/2022 - 15:50:07: [FAdmin] Al Shebab (STEAM_0:0:103364981) Attempted to pick up a weapon_physgun
L 07/10/2022 - 15:50:11: [FAdmin] Al Shebab (STEAM_0:0:103364981) Got killed by prop_physics with a prop_physics
L 07/10/2022 - 15:50:17: [FAdmin] Frazer (STEAM_0:0:120840551) Spawned
L 07/10/2022 - 15:50:17: [FAdmin] Frazer (STEAM_0:0:120840551) Attempted to pick up a keys
L 07/10/2022 - 15:50:17: [FAdmin] Frazer (STEAM_0:0:120840551) Attempted to pick up a weapon_physcannon
L 07/10/2022 - 15:50:17: [FAdmin] Frazer (STEAM_0:0:120840551) Attempted to pick up a weapon_fists
L 07/10/2022 - 15:50:17: [FAdmin] Frazer (STEAM_0:0:120840551) Attempted to pick up a gmod_camera
L 07/10/2022 - 15:50:17: [FAdmin] Frazer (STEAM_0:0:120840551) Attempted to pick up a gmod_tool
L 07/10/2022 - 15:50:17: [FAdmin] Frazer (STEAM_0:0:120840551) Attempted to pick up a weapon_physgun
L 07/10/2022 - 15:50:18: [FAdmin] Al Shebab (STEAM_0:0:103364981) Spawned
L 07/10/2022 - 15:50:18: [FAdmin] Al Shebab (STEAM_0:0:103364981) Attempted to pick up a keys
L 07/10/2022 - 15:50:18: [FAdmin] Al Shebab (STEAM_0:0:103364981) Attempted to pick up a weapon_physcannon
L 07/10/2022 - 15:50:18: [FAdmin] Al Shebab (STEAM_0:0:103364981) Attempted to pick up a weapon_fists
L 07/10/2022 - 15:50:18: [FAdmin] Al Shebab (STEAM_0:0:103364981) Attempted to pick up a gmod_camera
L 07/10/2022 - 15:50:18: [FAdmin] Al Shebab (STEAM_0:0:103364981) Attempted to pick up a gmod_tool
L 07/10/2022 - 15:50:18: [FAdmin] Al Shebab (STEAM_0:0:103364981) Attempted to pick up a weapon_physgun
L 07/10/2022 - 15:51:06: [FAdmin] widepeeked (STEAM_0:0:492844137) Got killed by widepeeked with a prop_physics
L 07/10/2022 - 15:51:09: [FAdmin] widepeeked (STEAM_0:0:492844137) Spawned
L 07/10/2022 - 15:51:09: [FAdmin] widepeeked (STEAM_0:0:492844137) Attempted to pick up a keys
L 07/10/2022 - 15:51:09: [FAdmin] widepeeked (STEAM_0:0:492844137) Attempted to pick up a weapon_physcannon
L 07/10/2022 - 15:51:09: [FAdmin] widepeeked (STEAM_0:0:492844137) Attempted to pick up a weapon_fists
L 07/10/2022 - 15:51:09: [FAdmin] widepeeked (STEAM_0:0:492844137) Attempted to pick up a gmod_camera
L 07/10/2022 - 15:51:09: [FAdmin] widepeeked (STEAM_0:0:492844137) Attempted to pick up a gmod_tool
L 07/10/2022 - 15:51:09: [FAdmin] widepeeked (STEAM_0:0:492844137) Attempted to pick up a weapon_physgun
L 07/10/2022 - 15:51:11: [FAdmin] Al Shebab (STEAM_0:0:103364981) Got killed by prop_physics with a prop_physics
L 07/10/2022 - 15:51:22: [FAdmin] Frazer (STEAM_0:0:120840551) Got killed by prop_physics with a prop_physics
L 07/10/2022 - 15:51:30: [FAdmin] Frazer (STEAM_0:0:120840551) Spawned
L 07/10/2022 - 15:51:30: [FAdmin] Frazer (STEAM_0:0:120840551) Attempted to pick up a keys
L 07/10/2022 - 15:51:30: [FAdmin] Frazer (STEAM_0:0:120840551) Attempted to pick up a weapon_physcannon
L 07/10/2022 - 15:51:30: [FAdmin] Frazer (STEAM_0:0:120840551) Attempted to pick up a weapon_fists
L 07/10/2022 - 15:51:30: [FAdmin] Frazer (STEAM_0:0:120840551) Attempted to pick up a gmod_camera
L 07/10/2022 - 15:51:30: [FAdmin] Frazer (STEAM_0:0:120840551) Attempted to pick up a gmod_tool
L 07/10/2022 - 15:51:30: [FAdmin] Frazer (STEAM_0:0:120840551) Attempted to pick up a weapon_physgun
L 07/10/2022 - 15:51:36: [FAdmin] Frazer (STEAM_0:0:120840551) Got killed by prop_physics with a prop_physics
L 07/10/2022 - 15:51:52: [FAdmin] Frazer (STEAM_0:0:120840551) Spawned
L 07/10/2022 - 15:51:52: [FAdmin] Frazer (STEAM_0:0:120840551) Attempted to pick up a keys
L 07/10/2022 - 15:51:52: [FAdmin] Frazer (STEAM_0:0:120840551) Attempted to pick up a weapon_physcannon
L 07/10/2022 - 15:51:52: [FAdmin] Frazer (STEAM_0:0:120840551) Attempted to pick up a weapon_fists
L 07/10/2022 - 15:51:52: [FAdmin] Frazer (STEAM_0:0:120840551) Attempted to pick up a gmod_camera
L 07/10/2022 - 15:51:52: [FAdmin] Frazer (STEAM_0:0:120840551) Attempted to pick up a gmod_tool
L 07/10/2022 - 15:51:52: [FAdmin] Frazer (STEAM_0:0:120840551) Attempted to pick up a weapon_physgun
L 07/10/2022 - 15:51:56: [ULX] Al Shebab granted access "ulx seeadminonlyechoes" to group trial-moderator
L 07/10/2022 - 15:51:58: [ULX] Al Shebab granted access "ulx physgunplayer" to group trial-moderator
L 07/10/2022 - 15:52:01: [ULX] Al Shebab granted access "ulx seeasay" to group trial-moderator
L 07/10/2022 - 15:52:02: [ULX] Al Shebab granted access "ulx seesasay" to group trial-moderator
L 07/10/2022 - 15:52:02: [ULX] Al Shebab revoked access "ulx seesasay" to group trial-moderator
L 07/10/2022 - 15:52:27: [FAdmin] Frazer (STEAM_0:0:120840551) Spawned a models/props_phx/misc/potato_launcher_cap.mdl
L 07/10/2022 - 15:52:27: [ULX] Frazer<STEAM_0:0:120840551> spawned model models/props_phx/misc/potato_launcher_cap.mdl
L 07/10/2022 - 15:52:27: [FAdmin] Al Shebab (STEAM_0:0:103364981) Spawned
L 07/10/2022 - 15:52:27: [FAdmin] Al Shebab (STEAM_0:0:103364981) Attempted to pick up a keys
L 07/10/2022 - 15:52:27: [FAdmin] Al Shebab (STEAM_0:0:103364981) Attempted to pick up a weapon_physcannon
L 07/10/2022 - 15:52:27: [FAdmin] Al Shebab (STEAM_0:0:103364981) Attempted to pick up a weapon_fists
L 07/10/2022 - 15:52:27: [FAdmin] Al Shebab (STEAM_0:0:103364981) Attempted to pick up a gmod_camera
L 07/10/2022 - 15:52:27: [FAdmin] Al Shebab (STEAM_0:0:103364981) Attempted to pick up a gmod_tool
L 07/10/2022 - 15:52:27: [FAdmin] Al Shebab (STEAM_0:0:103364981) Attempted to pick up a weapon_physgun
L 07/10/2022 - 15:52:32: [FAdmin] Frazer (STEAM_0:0:120840551) Attempted to use tool advdupe2
L 07/10/2022 - 15:52:32: [FAdmin] Frazer (STEAM_0:0:120840551) Attempted to use tool advdupe2
L 07/10/2022 - 15:52:32: [FAdmin] Frazer (STEAM_0:0:120840551) Spawned a models/props_phx/misc/potato_launcher_cap.mdl
L 07/10/2022 - 15:52:32: [ULX] Frazer<STEAM_0:0:120840551> spawned model models/props_phx/misc/potato_launcher_cap.mdl
L 07/10/2022 - 15:52:33: [FAdmin] Frazer (STEAM_0:0:120840551) Attempted to use tool advdupe2
L 07/10/2022 - 15:52:33: [FAdmin] Frazer (STEAM_0:0:120840551) Spawned a models/props_phx/misc/potato_launcher_cap.mdl
L 07/10/2022 - 15:52:33: [ULX] Frazer<STEAM_0:0:120840551> spawned model models/props_phx/misc/potato_launcher_cap.mdl
L 07/10/2022 - 15:52:33: [FAdmin] Frazer (STEAM_0:0:120840551) Attempted to use tool advdupe2
L 07/10/2022 - 15:52:33: [FAdmin] Frazer (STEAM_0:0:120840551) Spawned a models/props_phx/misc/potato_launcher_cap.mdl
L 07/10/2022 - 15:52:33: [ULX] Frazer<STEAM_0:0:120840551> spawned model models/props_phx/misc/potato_launcher_cap.mdl
L 07/10/2022 - 15:52:34: [FAdmin] prop_physics(models/props_c17/lockers001a.mdl) Got removed
L 07/10/2022 - 15:52:34: [FAdmin] Frazer (STEAM_0:0:120840551) Attempted to use tool advdupe2
L 07/10/2022 - 15:52:34: [FAdmin] Frazer (STEAM_0:0:120840551) Spawned a models/props_phx/misc/potato_launcher_cap.mdl
L 07/10/2022 - 15:52:34: [ULX] Frazer<STEAM_0:0:120840551> spawned model models/props_phx/misc/potato_launcher_cap.mdl
L 07/10/2022 - 15:52:34: [FAdmin] prop_physics(models/props_c17/lockers001a.mdl) Got removed
L 07/10/2022 - 15:52:34: [FAdmin] prop_physics(models/props_c17/lockers001a.mdl) Got removed
L 07/10/2022 - 15:52:34: [FAdmin] prop_physics(models/props_c17/lockers001a.mdl) Got removed
L 07/10/2022 - 15:52:34: [FAdmin] Frazer (STEAM_0:0:120840551) Attempted to use tool advdupe2
L 07/10/2022 - 15:52:34: [FAdmin] Frazer (STEAM_0:0:120840551) Spawned a models/props_phx/misc/potato_launcher_cap.mdl
L 07/10/2022 - 15:52:34: [ULX] Frazer<STEAM_0:0:120840551> spawned model models/props_phx/misc/potato_launcher_cap.mdl
L 07/10/2022 - 15:52:35: [FAdmin] Frazer (STEAM_0:0:120840551) Attempted to use tool advdupe2
L 07/10/2022 - 15:52:35: [FAdmin] Frazer (STEAM_0:0:120840551) Spawned a models/props_phx/misc/potato_launcher_cap.mdl
L 07/10/2022 - 15:52:35: [ULX] Frazer<STEAM_0:0:120840551> spawned model models/props_phx/misc/potato_launcher_cap.mdl
L 07/10/2022 - 15:52:36: [FAdmin] Frazer (STEAM_0:0:120840551) Attempted to use tool advdupe2
L 07/10/2022 - 15:52:37: [FAdmin] Frazer (STEAM_0:0:120840551) Spawned a models/props_phx/misc/potato_launcher_cap.mdl
L 07/10/2022 - 15:52:37: [ULX] Frazer<STEAM_0:0:120840551> spawned model models/props_phx/misc/potato_launcher_cap.mdl
L 07/10/2022 - 15:52:37: [ULX] Al Shebab granted access "ulx spectate" to group trial-moderator
L 07/10/2022 - 15:52:38: [FAdmin] Frazer (STEAM_0:0:120840551) Attempted to use tool advdupe2
L 07/10/2022 - 15:52:38: [FAdmin] Frazer (STEAM_0:0:120840551) Spawned a models/props_phx/misc/potato_launcher_cap.mdl
L 07/10/2022 - 15:52:38: [ULX] Frazer<STEAM_0:0:120840551> spawned model models/props_phx/misc/potato_launcher_cap.mdl
L 07/10/2022 - 15:52:38: [FAdmin] Frazer (STEAM_0:0:120840551) Attempted to use tool advdupe2
L 07/10/2022 - 15:52:38: [FAdmin] Frazer (STEAM_0:0:120840551) Spawned a models/props_phx/misc/potato_launcher_cap.mdl
L 07/10/2022 - 15:52:38: [ULX] Frazer<STEAM_0:0:120840551> spawned model models/props_phx/misc/potato_launcher_cap.mdl
L 07/10/2022 - 15:52:39: [FAdmin] Frazer (STEAM_0:0:120840551) Attempted to use tool advdupe2
L 07/10/2022 - 15:52:39: [FAdmin] Frazer (STEAM_0:0:120840551) Spawned a models/props_phx/misc/potato_launcher_cap.mdl
L 07/10/2022 - 15:52:39: [ULX] Frazer<STEAM_0:0:120840551> spawned model models/props_phx/misc/potato_launcher_cap.mdl
L 07/10/2022 - 15:52:39: [FAdmin] Frazer (STEAM_0:0:120840551) Attempted to use tool advdupe2
L 07/10/2022 - 15:52:39: [FAdmin] Frazer (STEAM_0:0:120840551) Spawned a models/props_phx/misc/potato_launcher_cap.mdl
L 07/10/2022 - 15:52:39: [ULX] Frazer<STEAM_0:0:120840551> spawned model models/props_phx/misc/potato_launcher_cap.mdl
L 07/10/2022 - 15:52:39: [FAdmin] Frazer (STEAM_0:0:120840551) Attempted to use tool advdupe2
L 07/10/2022 - 15:52:39: [FAdmin] Frazer (STEAM_0:0:120840551) Spawned a models/props_phx/misc/potato_launcher_cap.mdl
L 07/10/2022 - 15:52:39: [ULX] Frazer<STEAM_0:0:120840551> spawned model models/props_phx/misc/potato_launcher_cap.mdl
L 07/10/2022 - 15:52:40: [FAdmin] Frazer (STEAM_0:0:120840551) Attempted to use tool advdupe2
L 07/10/2022 - 15:52:40: [FAdmin] Frazer (STEAM_0:0:120840551) Spawned a models/props_phx/misc/potato_launcher_cap.mdl
L 07/10/2022 - 15:52:40: [ULX] Frazer<STEAM_0:0:120840551> spawned model models/props_phx/misc/potato_launcher_cap.mdl
L 07/10/2022 - 15:52:40: [FAdmin] Frazer (STEAM_0:0:120840551) Attempted to use tool advdupe2
L 07/10/2022 - 15:52:41: [FAdmin] Frazer (STEAM_0:0:120840551) Spawned a models/props_phx/misc/potato_launcher_cap.mdl
L 07/10/2022 - 15:52:41: [ULX] Frazer<STEAM_0:0:120840551> spawned model models/props_phx/misc/potato_launcher_cap.mdl
L 07/10/2022 - 15:52:41: [FAdmin] Frazer (STEAM_0:0:120840551) Attempted to use tool advdupe2
L 07/10/2022 - 15:52:41: [FAdmin] Frazer (STEAM_0:0:120840551) Spawned a models/props_phx/misc/potato_launcher_cap.mdl
L 07/10/2022 - 15:52:41: [ULX] Frazer<STEAM_0:0:120840551> spawned model models/props_phx/misc/potato_launcher_cap.mdl
L 07/10/2022 - 15:52:41: [FAdmin] Frazer (STEAM_0:0:120840551) Attempted to use tool advdupe2
L 07/10/2022 - 15:52:41: [FAdmin] Frazer (STEAM_0:0:120840551) Spawned a models/props_phx/misc/potato_launcher_cap.mdl
L 07/10/2022 - 15:52:41: [ULX] Frazer<STEAM_0:0:120840551> spawned model models/props_phx/misc/potato_launcher_cap.mdl
L 07/10/2022 - 15:52:41: [ULX] (SILENT) widepeeked began spectating Frazer
L 07/10/2022 - 15:52:41: [FAdmin] Frazer (STEAM_0:0:120840551) Attempted to use tool advdupe2
L 07/10/2022 - 15:52:41: [FAdmin] Frazer (STEAM_0:0:120840551) Spawned a models/props_phx/misc/potato_launcher_cap.mdl
L 07/10/2022 - 15:52:41: [ULX] Frazer<STEAM_0:0:120840551> spawned model models/props_phx/misc/potato_launcher_cap.mdl
L 07/10/2022 - 15:52:41: [FAdmin] Frazer (STEAM_0:0:120840551) Attempted to use tool advdupe2
L 07/10/2022 - 15:52:41: [FAdmin] Frazer (STEAM_0:0:120840551) Spawned a models/props_phx/misc/potato_launcher_cap.mdl
L 07/10/2022 - 15:52:41: [ULX] Frazer<STEAM_0:0:120840551> spawned model models/props_phx/misc/potato_launcher_cap.mdl
L 07/10/2022 - 15:52:41: [FAdmin] Frazer (STEAM_0:0:120840551) Attempted to use tool advdupe2
L 07/10/2022 - 15:52:41: [FAdmin] Frazer (STEAM_0:0:120840551) Spawned a models/props_phx/misc/potato_launcher_cap.mdl
L 07/10/2022 - 15:52:41: [ULX] Frazer<STEAM_0:0:120840551> spawned model models/props_phx/misc/potato_launcher_cap.mdl
L 07/10/2022 - 15:52:42: [FAdmin] Frazer (STEAM_0:0:120840551) Attempted to use tool advdupe2
L 07/10/2022 - 15:52:42: [FAdmin] Frazer (STEAM_0:0:120840551) Spawned a models/props_phx/misc/potato_launcher_cap.mdl
L 07/10/2022 - 15:52:42: [ULX] Frazer<STEAM_0:0:120840551> spawned model models/props_phx/misc/potato_launcher_cap.mdl
L 07/10/2022 - 15:52:42: [FAdmin] Frazer (STEAM_0:0:120840551) Attempted to use tool advdupe2
L 07/10/2022 - 15:52:42: [FAdmin] Frazer (STEAM_0:0:120840551) Spawned a models/props_phx/misc/potato_launcher_cap.mdl
L 07/10/2022 - 15:52:42: [ULX] Frazer<STEAM_0:0:120840551> spawned model models/props_phx/misc/potato_launcher_cap.mdl
L 07/10/2022 - 15:52:42: [FAdmin] Frazer (STEAM_0:0:120840551) Attempted to use tool advdupe2
L 07/10/2022 - 15:52:42: [FAdmin] Frazer (STEAM_0:0:120840551) Spawned a models/props_phx/misc/potato_launcher_cap.mdl
L 07/10/2022 - 15:52:42: [ULX] Frazer<STEAM_0:0:120840551> spawned model models/props_phx/misc/potato_launcher_cap.mdl
L 07/10/2022 - 15:52:42: [FAdmin] Frazer (STEAM_0:0:120840551) Attempted to use tool advdupe2
L 07/10/2022 - 15:52:42: [FAdmin] Frazer (STEAM_0:0:120840551) Spawned a models/props_phx/misc/potato_launcher_cap.mdl
L 07/10/2022 - 15:52:42: [ULX] Frazer<STEAM_0:0:120840551> spawned model models/props_phx/misc/potato_launcher_cap.mdl
L 07/10/2022 - 15:52:42: [FAdmin] Frazer (STEAM_0:0:120840551) Attempted to use tool advdupe2
L 07/10/2022 - 15:52:42: [FAdmin] Frazer (STEAM_0:0:120840551) Spawned a models/props_phx/misc/potato_launcher_cap.mdl
L 07/10/2022 - 15:52:42: [ULX] Frazer<STEAM_0:0:120840551> spawned model models/props_phx/misc/potato_launcher_cap.mdl
L 07/10/2022 - 15:52:42: [FAdmin] Frazer (STEAM_0:0:120840551) Attempted to use tool advdupe2
L 07/10/2022 - 15:52:42: [FAdmin] Frazer (STEAM_0:0:120840551) Spawned a models/props_phx/misc/potato_launcher_cap.mdl
L 07/10/2022 - 15:52:42: [ULX] Frazer<STEAM_0:0:120840551> spawned model models/props_phx/misc/potato_launcher_cap.mdl
L 07/10/2022 - 15:52:43: [FAdmin] Frazer (STEAM_0:0:120840551) Attempted to use tool advdupe2
L 07/10/2022 - 15:52:43: [FAdmin] Frazer (STEAM_0:0:120840551) Spawned a models/props_phx/misc/potato_launcher_cap.mdl
L 07/10/2022 - 15:52:43: [ULX] Frazer<STEAM_0:0:120840551> spawned model models/props_phx/misc/potato_launcher_cap.mdl
L 07/10/2022 - 15:52:43: [FAdmin] Frazer (STEAM_0:0:120840551) Attempted to use tool advdupe2
L 07/10/2022 - 15:52:43: [FAdmin] Frazer (STEAM_0:0:120840551) Spawned a models/props_phx/misc/potato_launcher_cap.mdl
L 07/10/2022 - 15:52:43: [ULX] Frazer<STEAM_0:0:120840551> spawned model models/props_phx/misc/potato_launcher_cap.mdl
L 07/10/2022 - 15:52:43: [FAdmin] Frazer (STEAM_0:0:120840551) Attempted to use tool advdupe2
L 07/10/2022 - 15:52:43: [FAdmin] Frazer (STEAM_0:0:120840551) Spawned a models/props_phx/misc/potato_launcher_cap.mdl
L 07/10/2022 - 15:52:43: [ULX] Frazer<STEAM_0:0:120840551> spawned model models/props_phx/misc/potato_launcher_cap.mdl
L 07/10/2022 - 15:52:43: [FAdmin] Frazer (STEAM_0:0:120840551) Attempted to use tool advdupe2
L 07/10/2022 - 15:52:43: [FAdmin] Frazer (STEAM_0:0:120840551) Spawned a models/props_phx/misc/potato_launcher_cap.mdl
L 07/10/2022 - 15:52:43: [ULX] Frazer<STEAM_0:0:120840551> spawned model models/props_phx/misc/potato_launcher_cap.mdl
L 07/10/2022 - 15:52:43: [FAdmin] Frazer (STEAM_0:0:120840551) Attempted to use tool advdupe2
L 07/10/2022 - 15:52:43: [FAdmin] Frazer (STEAM_0:0:120840551) Spawned a models/props_phx/misc/potato_launcher_cap.mdl
L 07/10/2022 - 15:52:43: [ULX] Frazer<STEAM_0:0:120840551> spawned model models/props_phx/misc/potato_launcher_cap.mdl
L 07/10/2022 - 15:52:44: [FAdmin] Frazer (STEAM_0:0:120840551) Attempted to use tool advdupe2
L 07/10/2022 - 15:52:44: [FAdmin] Frazer (STEAM_0:0:120840551) Spawned a models/props_phx/misc/potato_launcher_cap.mdl
L 07/10/2022 - 15:52:44: [ULX] Frazer<STEAM_0:0:120840551> spawned model models/props_phx/misc/potato_launcher_cap.mdl
L 07/10/2022 - 15:52:44: [FAdmin] Frazer (STEAM_0:0:120840551) Attempted to use tool advdupe2
L 07/10/2022 - 15:52:44: [FAdmin] Frazer (STEAM_0:0:120840551) Spawned a models/props_phx/misc/potato_launcher_cap.mdl
L 07/10/2022 - 15:52:44: [ULX] Frazer<STEAM_0:0:120840551> spawned model models/props_phx/misc/potato_launcher_cap.mdl
L 07/10/2022 - 15:52:44: [FAdmin] Frazer (STEAM_0:0:120840551) Attempted to use tool advdupe2
L 07/10/2022 - 15:52:44: [FAdmin] Frazer (STEAM_0:0:120840551) Spawned a models/props_phx/misc/potato_launcher_cap.mdl
L 07/10/2022 - 15:52:44: [ULX] Frazer<STEAM_0:0:120840551> spawned model models/props_phx/misc/potato_launcher_cap.mdl
L 07/10/2022 - 15:52:44: [FAdmin] Frazer (STEAM_0:0:120840551) Attempted to use tool advdupe2
L 07/10/2022 - 15:52:44: [FAdmin] Frazer (STEAM_0:0:120840551) Spawned a models/props_phx/misc/potato_launcher_cap.mdl
L 07/10/2022 - 15:52:44: [ULX] Frazer<STEAM_0:0:120840551> spawned model models/props_phx/misc/potato_launcher_cap.mdl
L 07/10/2022 - 15:52:44: [FAdmin] Frazer (STEAM_0:0:120840551) Attempted to use tool advdupe2
L 07/10/2022 - 15:52:44: [FAdmin] Frazer (STEAM_0:0:120840551) Spawned a models/props_phx/misc/potato_launcher_cap.mdl
L 07/10/2022 - 15:52:44: [ULX] Frazer<STEAM_0:0:120840551> spawned model models/props_phx/misc/potato_launcher_cap.mdl
L 07/10/2022 - 15:52:44: [FAdmin] Frazer (STEAM_0:0:120840551) Attempted to use tool advdupe2
L 07/10/2022 - 15:52:44: [FAdmin] Frazer (STEAM_0:0:120840551) Spawned a models/props_phx/misc/potato_launcher_cap.mdl
L 07/10/2022 - 15:52:44: [ULX] Frazer<STEAM_0:0:120840551> spawned model models/props_phx/misc/potato_launcher_cap.mdl
L 07/10/2022 - 15:52:45: [FAdmin] Frazer (STEAM_0:0:120840551) Attempted to use tool advdupe2
L 07/10/2022 - 15:52:45: [FAdmin] Frazer (STEAM_0:0:120840551) Spawned a models/props_phx/misc/potato_launcher_cap.mdl
L 07/10/2022 - 15:52:45: [ULX] Frazer<STEAM_0:0:120840551> spawned model models/props_phx/misc/potato_launcher_cap.mdl
L 07/10/2022 - 15:52:45: [FAdmin] Frazer (STEAM_0:0:120840551) Attempted to use tool advdupe2
L 07/10/2022 - 15:52:45: [FAdmin] Frazer (STEAM_0:0:120840551) Spawned a models/props_phx/misc/potato_launcher_cap.mdl
L 07/10/2022 - 15:52:45: [ULX] Frazer<STEAM_0:0:120840551> spawned model models/props_phx/misc/potato_launcher_cap.mdl
L 07/10/2022 - 15:52:45: [FAdmin] Frazer (STEAM_0:0:120840551) Attempted to use tool advdupe2
L 07/10/2022 - 15:52:45: [FAdmin] Frazer (STEAM_0:0:120840551) Spawned a models/props_phx/misc/potato_launcher_cap.mdl
L 07/10/2022 - 15:52:45: [ULX] Frazer<STEAM_0:0:120840551> spawned model models/props_phx/misc/potato_launcher_cap.mdl
L 07/10/2022 - 15:52:45: [FAdmin] Frazer (STEAM_0:0:120840551) Attempted to use tool advdupe2
L 07/10/2022 - 15:52:45: [FAdmin] Frazer (STEAM_0:0:120840551) Spawned a models/props_phx/misc/potato_launcher_cap.mdl
L 07/10/2022 - 15:52:45: [ULX] Frazer<STEAM_0:0:120840551> spawned model models/props_phx/misc/potato_launcher_cap.mdl
L 07/10/2022 - 15:52:45: [FAdmin] Frazer (STEAM_0:0:120840551) Attempted to use tool advdupe2
L 07/10/2022 - 15:52:45: [FAdmin] Frazer (STEAM_0:0:120840551) Spawned a models/props_phx/misc/potato_launcher_cap.mdl
L 07/10/2022 - 15:52:45: [ULX] Frazer<STEAM_0:0:120840551> spawned model models/props_phx/misc/potato_launcher_cap.mdl
L 07/10/2022 - 15:52:46: [FAdmin] Frazer (STEAM_0:0:120840551) Attempted to use tool advdupe2
L 07/10/2022 - 15:52:46: [FAdmin] Frazer (STEAM_0:0:120840551) Spawned a models/props_phx/misc/potato_launcher_cap.mdl
L 07/10/2022 - 15:52:46: [ULX] Frazer<STEAM_0:0:120840551> spawned model models/props_phx/misc/potato_launcher_cap.mdl
L 07/10/2022 - 15:52:46: [FAdmin] Frazer (STEAM_0:0:120840551) Attempted to use tool advdupe2
L 07/10/2022 - 15:52:46: [FAdmin] Frazer (STEAM_0:0:120840551) Spawned a models/props_phx/misc/potato_launcher_cap.mdl
L 07/10/2022 - 15:52:46: [ULX] Frazer<STEAM_0:0:120840551> spawned model models/props_phx/misc/potato_launcher_cap.mdl
L 07/10/2022 - 15:52:46: [FAdmin] Frazer (STEAM_0:0:120840551) Attempted to use tool advdupe2
L 07/10/2022 - 15:52:46: [FAdmin] Frazer (STEAM_0:0:120840551) Spawned a models/props_phx/misc/potato_launcher_cap.mdl
L 07/10/2022 - 15:52:46: [ULX] Frazer<STEAM_0:0:120840551> spawned model models/props_phx/misc/potato_launcher_cap.mdl
L 07/10/2022 - 15:52:46: [FAdmin] Frazer (STEAM_0:0:120840551) Attempted to use tool advdupe2
L 07/10/2022 - 15:52:46: [FAdmin] Frazer (STEAM_0:0:120840551) Spawned a models/props_phx/misc/potato_launcher_cap.mdl
L 07/10/2022 - 15:52:46: [ULX] Frazer<STEAM_0:0:120840551> spawned model models/props_phx/misc/potato_launcher_cap.mdl
L 07/10/2022 - 15:52:46: [FAdmin] Frazer (STEAM_0:0:120840551) Attempted to use tool advdupe2
L 07/10/2022 - 15:52:46: [FAdmin] Frazer (STEAM_0:0:120840551) Spawned a models/props_phx/misc/potato_launcher_cap.mdl
L 07/10/2022 - 15:52:46: [ULX] Frazer<STEAM_0:0:120840551> spawned model models/props_phx/misc/potato_launcher_cap.mdl
L 07/10/2022 - 15:52:46: [FAdmin] Frazer (STEAM_0:0:120840551) Attempted to use tool advdupe2
L 07/10/2022 - 15:52:47: [FAdmin] Frazer (STEAM_0:0:120840551) Spawned a models/props_phx/misc/potato_launcher_cap.mdl
L 07/10/2022 - 15:52:47: [ULX] Frazer<STEAM_0:0:120840551> spawned model models/props_phx/misc/potato_launcher_cap.mdl
L 07/10/2022 - 15:52:47: [FAdmin] Frazer (STEAM_0:0:120840551) Attempted to use tool advdupe2
L 07/10/2022 - 15:52:47: [FAdmin] Frazer (STEAM_0:0:120840551) Spawned a models/props_phx/misc/potato_launcher_cap.mdl
L 07/10/2022 - 15:52:47: [ULX] Frazer<STEAM_0:0:120840551> spawned model models/props_phx/misc/potato_launcher_cap.mdl
L 07/10/2022 - 15:52:47: [FAdmin] Frazer (STEAM_0:0:120840551) Attempted to use tool advdupe2
L 07/10/2022 - 15:52:47: [FAdmin] Frazer (STEAM_0:0:120840551) Spawned a models/props_phx/misc/potato_launcher_cap.mdl
L 07/10/2022 - 15:52:47: [ULX] Frazer<STEAM_0:0:120840551> spawned model models/props_phx/misc/potato_launcher_cap.mdl
L 07/10/2022 - 15:52:47: [FAdmin] Frazer (STEAM_0:0:120840551) Attempted to use tool advdupe2
L 07/10/2022 - 15:52:47: [FAdmin] Frazer (STEAM_0:0:120840551) Spawned a models/props_phx/misc/potato_launcher_cap.mdl
L 07/10/2022 - 15:52:47: [ULX] Frazer<STEAM_0:0:120840551> spawned model models/props_phx/misc/potato_launcher_cap.mdl
L 07/10/2022 - 15:52:47: [FAdmin] Frazer (STEAM_0:0:120840551) Attempted to use tool advdupe2
L 07/10/2022 - 15:52:47: [FAdmin] Frazer (STEAM_0:0:120840551) Spawned a models/props_phx/misc/potato_launcher_cap.mdl
L 07/10/2022 - 15:52:47: [ULX] Frazer<STEAM_0:0:120840551> spawned model models/props_phx/misc/potato_launcher_cap.mdl
L 07/10/2022 - 15:52:47: [FAdmin] Frazer (STEAM_0:0:120840551) Attempted to use tool advdupe2
L 07/10/2022 - 15:52:47: [FAdmin] Frazer (STEAM_0:0:120840551) Spawned a models/props_phx/misc/potato_launcher_cap.mdl
L 07/10/2022 - 15:52:47: [ULX] Frazer<STEAM_0:0:120840551> spawned model models/props_phx/misc/potato_launcher_cap.mdl
L 07/10/2022 - 15:52:48: [FAdmin] Frazer (STEAM_0:0:120840551) Attempted to use tool advdupe2
L 07/10/2022 - 15:52:48: [FAdmin] Frazer (STEAM_0:0:120840551) Spawned a models/props_phx/misc/potato_launcher_cap.mdl
L 07/10/2022 - 15:52:48: [ULX] Frazer<STEAM_0:0:120840551> spawned model models/props_phx/misc/potato_launcher_cap.mdl
L 07/10/2022 - 15:52:48: [FAdmin] Frazer (STEAM_0:0:120840551) Attempted to use tool advdupe2
L 07/10/2022 - 15:52:48: [FAdmin] Frazer (STEAM_0:0:120840551) Spawned a models/props_phx/misc/potato_launcher_cap.mdl
L 07/10/2022 - 15:52:48: [ULX] Frazer<STEAM_0:0:120840551> spawned model models/props_phx/misc/potato_launcher_cap.mdl
L 07/10/2022 - 15:52:48: [FAdmin] Frazer (STEAM_0:0:120840551) Attempted to use tool advdupe2
L 07/10/2022 - 15:52:48: [FAdmin] Frazer (STEAM_0:0:120840551) Spawned a models/props_phx/misc/potato_launcher_cap.mdl
L 07/10/2022 - 15:52:48: [ULX] Frazer<STEAM_0:0:120840551> spawned model models/props_phx/misc/potato_launcher_cap.mdl
L 07/10/2022 - 15:52:49: [FAdmin] Frazer (STEAM_0:0:120840551) Attempted to use tool advdupe2
L 07/10/2022 - 15:52:49: [FAdmin] Frazer (STEAM_0:0:120840551) Spawned a models/props_phx/misc/potato_launcher_cap.mdl
L 07/10/2022 - 15:52:49: [ULX] Frazer<STEAM_0:0:120840551> spawned model models/props_phx/misc/potato_launcher_cap.mdl
L 07/10/2022 - 15:52:50: [FAdmin] Frazer (STEAM_0:0:120840551) Attempted to use tool advdupe2
L 07/10/2022 - 15:52:50: [FAdmin] Frazer (STEAM_0:0:120840551) Spawned a models/props_phx/misc/potato_launcher_cap.mdl
L 07/10/2022 - 15:52:50: [ULX] Frazer<STEAM_0:0:120840551> spawned model models/props_phx/misc/potato_launcher_cap.mdl
L 07/10/2022 - 15:52:50: [FAdmin] Frazer (STEAM_0:0:120840551) Attempted to use tool advdupe2
L 07/10/2022 - 15:52:50: [FAdmin] Frazer (STEAM_0:0:120840551) Spawned a models/props_phx/misc/potato_launcher_cap.mdl
L 07/10/2022 - 15:52:50: [ULX] Frazer<STEAM_0:0:120840551> spawned model models/props_phx/misc/potato_launcher_cap.mdl
L 07/10/2022 - 15:52:50: [FAdmin] Frazer (STEAM_0:0:120840551) Attempted to use tool advdupe2
L 07/10/2022 - 15:52:50: [FAdmin] Frazer (STEAM_0:0:120840551) Spawned a models/props_phx/misc/potato_launcher_cap.mdl
L 07/10/2022 - 15:52:50: [ULX] Frazer<STEAM_0:0:120840551> spawned model models/props_phx/misc/potato_launcher_cap.mdl
L 07/10/2022 - 15:52:50: [FAdmin] Frazer (STEAM_0:0:120840551) Attempted to use tool advdupe2
L 07/10/2022 - 15:52:50: [FAdmin] Frazer (STEAM_0:0:120840551) Spawned a models/props_phx/misc/potato_launcher_cap.mdl
L 07/10/2022 - 15:52:50: [ULX] Frazer<STEAM_0:0:120840551> spawned model models/props_phx/misc/potato_launcher_cap.mdl
L 07/10/2022 - 15:52:50: [FAdmin] Frazer (STEAM_0:0:120840551) Attempted to use tool advdupe2
L 07/10/2022 - 15:52:50: [FAdmin] Frazer (STEAM_0:0:120840551) Spawned a models/props_phx/misc/potato_launcher_cap.mdl
L 07/10/2022 - 15:52:50: [ULX] Frazer<STEAM_0:0:120840551> spawned model models/props_phx/misc/potato_launcher_cap.mdl
L 07/10/2022 - 15:52:50: [FAdmin] Frazer (STEAM_0:0:120840551) Attempted to use tool advdupe2
L 07/10/2022 - 15:52:50: [FAdmin] Frazer (STEAM_0:0:120840551) Spawned a models/props_phx/misc/potato_launcher_cap.mdl
L 07/10/2022 - 15:52:50: [ULX] Frazer<STEAM_0:0:120840551> spawned model models/props_phx/misc/potato_launcher_cap.mdl
L 07/10/2022 - 15:52:51: [FAdmin] Frazer (STEAM_0:0:120840551) Attempted to use tool advdupe2
L 07/10/2022 - 15:52:51: [FAdmin] Frazer (STEAM_0:0:120840551) Spawned a models/props_phx/misc/potato_launcher_cap.mdl
L 07/10/2022 - 15:52:51: [ULX] Frazer<STEAM_0:0:120840551> spawned model models/props_phx/misc/potato_launcher_cap.mdl
L 07/10/2022 - 15:52:51: [FAdmin] Frazer (STEAM_0:0:120840551) Attempted to use tool advdupe2
L 07/10/2022 - 15:52:51: [FAdmin] Frazer (STEAM_0:0:120840551) Spawned a models/props_phx/misc/potato_launcher_cap.mdl
L 07/10/2022 - 15:52:51: [ULX] Frazer<STEAM_0:0:120840551> spawned model models/props_phx/misc/potato_launcher_cap.mdl
L 07/10/2022 - 15:52:51: [FAdmin] Frazer (STEAM_0:0:120840551) Attempted to use tool advdupe2
L 07/10/2022 - 15:52:51: [FAdmin] Frazer (STEAM_0:0:120840551) Spawned a models/props_phx/misc/potato_launcher_cap.mdl
L 07/10/2022 - 15:52:51: [ULX] Frazer<STEAM_0:0:120840551> spawned model models/props_phx/misc/potato_launcher_cap.mdl
L 07/10/2022 - 15:52:51: [FAdmin] Frazer (STEAM_0:0:120840551) Attempted to use tool advdupe2
L 07/10/2022 - 15:52:51: [FAdmin] Frazer (STEAM_0:0:120840551) Spawned a models/props_phx/misc/potato_launcher_cap.mdl
L 07/10/2022 - 15:52:51: [ULX] Frazer<STEAM_0:0:120840551> spawned model models/props_phx/misc/potato_launcher_cap.mdl
L 07/10/2022 - 15:52:51: [FAdmin] Frazer (STEAM_0:0:120840551) Attempted to use tool advdupe2
L 07/10/2022 - 15:52:51: [FAdmin] Frazer (STEAM_0:0:120840551) Spawned a models/props_phx/misc/potato_launcher_cap.mdl
L 07/10/2022 - 15:52:51: [ULX] Frazer<STEAM_0:0:120840551> spawned model models/props_phx/misc/potato_launcher_cap.mdl
L 07/10/2022 - 15:52:52: [FAdmin] Frazer (STEAM_0:0:120840551) Attempted to use tool advdupe2
L 07/10/2022 - 15:52:52: [FAdmin] Frazer (STEAM_0:0:120840551) Spawned a models/props_phx/misc/potato_launcher_cap.mdl
L 07/10/2022 - 15:52:52: [ULX] Frazer<STEAM_0:0:120840551> spawned model models/props_phx/misc/potato_launcher_cap.mdl
L 07/10/2022 - 15:52:52: [FAdmin] Frazer (STEAM_0:0:120840551) Attempted to use tool advdupe2
L 07/10/2022 - 15:52:52: [FAdmin] Frazer (STEAM_0:0:120840551) Spawned a models/props_phx/misc/potato_launcher_cap.mdl
L 07/10/2022 - 15:52:52: [ULX] Frazer<STEAM_0:0:120840551> spawned model models/props_phx/misc/potato_launcher_cap.mdl
L 07/10/2022 - 15:52:52: [FAdmin] Frazer (STEAM_0:0:120840551) Attempted to use tool advdupe2
L 07/10/2022 - 15:52:52: [FAdmin] Frazer (STEAM_0:0:120840551) Spawned a models/props_phx/misc/potato_launcher_cap.mdl
L 07/10/2022 - 15:52:52: [ULX] Frazer<STEAM_0:0:120840551> spawned model models/props_phx/misc/potato_launcher_cap.mdl
L 07/10/2022 - 15:52:52: [FAdmin] Frazer (STEAM_0:0:120840551) Attempted to use tool advdupe2
L 07/10/2022 - 15:52:52: [FAdmin] Frazer (STEAM_0:0:120840551) Spawned a models/props_phx/misc/potato_launcher_cap.mdl
L 07/10/2022 - 15:52:52: [ULX] Frazer<STEAM_0:0:120840551> spawned model models/props_phx/misc/potato_launcher_cap.mdl
L 07/10/2022 - 15:52:52: [FAdmin] Frazer (STEAM_0:0:120840551) Attempted to use tool advdupe2
L 07/10/2022 - 15:52:52: [FAdmin] Frazer (STEAM_0:0:120840551) Spawned a models/props_phx/misc/potato_launcher_cap.mdl
L 07/10/2022 - 15:52:52: [ULX] Frazer<STEAM_0:0:120840551> spawned model models/props_phx/misc/potato_launcher_cap.mdl
L 07/10/2022 - 15:52:53: [FAdmin] Frazer (STEAM_0:0:120840551) Attempted to use tool advdupe2
L 07/10/2022 - 15:52:53: [FAdmin] Frazer (STEAM_0:0:120840551) Spawned a models/props_phx/misc/potato_launcher_cap.mdl
L 07/10/2022 - 15:52:53: [ULX] Frazer<STEAM_0:0:120840551> spawned model models/props_phx/misc/potato_launcher_cap.mdl
L 07/10/2022 - 15:52:53: [FAdmin] Frazer (STEAM_0:0:120840551) Attempted to use tool advdupe2
L 07/10/2022 - 15:52:53: [FAdmin] Frazer (STEAM_0:0:120840551) Spawned a models/props_phx/misc/potato_launcher_cap.mdl
L 07/10/2022 - 15:52:53: [ULX] Frazer<STEAM_0:0:120840551> spawned model models/props_phx/misc/potato_launcher_cap.mdl
L 07/10/2022 - 15:52:53: [FAdmin] Frazer (STEAM_0:0:120840551) Attempted to use tool advdupe2
L 07/10/2022 - 15:52:53: [FAdmin] Frazer (STEAM_0:0:120840551) Spawned a models/props_phx/misc/potato_launcher_cap.mdl
L 07/10/2022 - 15:52:53: [ULX] Frazer<STEAM_0:0:120840551> spawned model models/props_phx/misc/potato_launcher_cap.mdl
L 07/10/2022 - 15:52:53: [FAdmin] Frazer (STEAM_0:0:120840551) Attempted to use tool advdupe2
L 07/10/2022 - 15:52:53: [FAdmin] Frazer (STEAM_0:0:120840551) Spawned a models/props_phx/misc/potato_launcher_cap.mdl
L 07/10/2022 - 15:52:53: [ULX] Frazer<STEAM_0:0:120840551> spawned model models/props_phx/misc/potato_launcher_cap.mdl
L 07/10/2022 - 15:52:53: [FAdmin] Frazer (STEAM_0:0:120840551) Attempted to use tool advdupe2
L 07/10/2022 - 15:52:53: [FAdmin] Frazer (STEAM_0:0:120840551) Spawned a models/props_phx/misc/potato_launcher_cap.mdl
L 07/10/2022 - 15:52:53: [ULX] Frazer<STEAM_0:0:120840551> spawned model models/props_phx/misc/potato_launcher_cap.mdl
L 07/10/2022 - 15:52:54: [FAdmin] Frazer (STEAM_0:0:120840551) Attempted to use tool advdupe2
L 07/10/2022 - 15:52:54: [FAdmin] Frazer (STEAM_0:0:120840551) Spawned a models/props_phx/misc/potato_launcher_cap.mdl
L 07/10/2022 - 15:52:54: [ULX] Frazer<STEAM_0:0:120840551> spawned model models/props_phx/misc/potato_launcher_cap.mdl
L 07/10/2022 - 15:52:54: [FAdmin] Frazer (STEAM_0:0:120840551) Attempted to use tool advdupe2
L 07/10/2022 - 15:52:54: [FAdmin] Frazer (STEAM_0:0:120840551) Spawned a models/props_phx/misc/potato_launcher_cap.mdl
L 07/10/2022 - 15:52:54: [ULX] Frazer<STEAM_0:0:120840551> spawned model models/props_phx/misc/potato_launcher_cap.mdl
L 07/10/2022 - 15:52:54: [FAdmin] Frazer (STEAM_0:0:120840551) Attempted to use tool advdupe2
L 07/10/2022 - 15:52:54: [FAdmin] Frazer (STEAM_0:0:120840551) Attempted to use tool advdupe2
L 07/10/2022 - 15:52:54: [FAdmin] Frazer (STEAM_0:0:120840551) Attempted to use tool advdupe2
L 07/10/2022 - 15:52:55: [FAdmin] Frazer (STEAM_0:0:120840551) Attempted to use tool advdupe2
L 07/10/2022 - 15:52:55: [FAdmin] Frazer (STEAM_0:0:120840551) Attempted to use tool advdupe2
L 07/10/2022 - 15:52:59: [FAdmin] prop_physics(models/props_phx/misc/potato_launcher_cap.mdl) Got removed
L 07/10/2022 - 15:52:59: [FAdmin] prop_physics(models/props_phx/misc/potato_launcher_cap.mdl) Got removed
L 07/10/2022 - 15:52:59: [FAdmin] prop_physics(models/props_phx/misc/potato_launcher_cap.mdl) Got removed
L 07/10/2022 - 15:53:00: [FAdmin] prop_physics(models/props_phx/misc/potato_launcher_cap.mdl) Got removed
L 07/10/2022 - 15:53:00: [FAdmin] prop_physics(models/props_phx/misc/potato_launcher_cap.mdl) Got removed
L 07/10/2022 - 15:53:00: [FAdmin] prop_physics(models/props_phx/misc/potato_launcher_cap.mdl) Got removed
L 07/10/2022 - 15:53:00: [FAdmin] prop_physics(models/props_phx/misc/potato_launcher_cap.mdl) Got removed
L 07/10/2022 - 15:53:00: [FAdmin] prop_physics(models/props_phx/misc/potato_launcher_cap.mdl) Got removed
L 07/10/2022 - 15:53:00: [FAdmin] prop_physics(models/props_phx/misc/potato_launcher_cap.mdl) Got removed
L 07/10/2022 - 15:53:00: [FAdmin] prop_physics(models/props_phx/misc/potato_launcher_cap.mdl) Got removed
L 07/10/2022 - 15:53:01: [FAdmin] prop_physics(models/props_phx/misc/potato_launcher_cap.mdl) Got removed
L 07/10/2022 - 15:53:01: [FAdmin] prop_physics(models/props_phx/misc/potato_launcher_cap.mdl) Got removed
L 07/10/2022 - 15:53:01: [FAdmin] prop_physics(models/props_phx/misc/potato_launcher_cap.mdl) Got removed
L 07/10/2022 - 15:53:01: [FAdmin] prop_physics(models/props_phx/misc/potato_launcher_cap.mdl) Got removed
L 07/10/2022 - 15:53:01: [FAdmin] prop_physics(models/props_phx/misc/potato_launcher_cap.mdl) Got removed
L 07/10/2022 - 15:53:02: [FAdmin] prop_physics(models/props_phx/misc/potato_launcher_cap.mdl) Got removed
L 07/10/2022 - 15:53:02: [FAdmin] prop_physics(models/props_phx/misc/potato_launcher_cap.mdl) Got removed
L 07/10/2022 - 15:53:02: [FAdmin] prop_physics(models/props_phx/misc/potato_launcher_cap.mdl) Got removed
L 07/10/2022 - 15:53:02: [FAdmin] prop_physics(models/props_phx/misc/potato_launcher_cap.mdl) Got removed
L 07/10/2022 - 15:53:02: [FAdmin] prop_physics(models/props_phx/misc/potato_launcher_cap.mdl) Got removed
L 07/10/2022 - 15:53:03: [FAdmin] prop_physics(models/props_phx/misc/potato_launcher_cap.mdl) Got removed
L 07/10/2022 - 15:53:03: [FAdmin] prop_physics(models/props_phx/misc/potato_launcher_cap.mdl) Got removed
L 07/10/2022 - 15:53:03: [FAdmin] prop_physics(models/props_phx/misc/potato_launcher_cap.mdl) Got removed
L 07/10/2022 - 15:53:03: [FAdmin] prop_physics(models/props_phx/misc/potato_launcher_cap.mdl) Got removed
L 07/10/2022 - 15:53:03: [FAdmin] prop_physics(models/props_phx/misc/potato_launcher_cap.mdl) Got removed
L 07/10/2022 - 15:53:03: [FAdmin] prop_physics(models/props_phx/misc/potato_launcher_cap.mdl) Got removed
L 07/10/2022 - 15:53:04: [FAdmin] prop_physics(models/props_phx/misc/potato_launcher_cap.mdl) Got removed
L 07/10/2022 - 15:53:04: [FAdmin] prop_physics(models/props_phx/misc/potato_launcher_cap.mdl) Got removed
L 07/10/2022 - 15:53:04: [FAdmin] prop_physics(models/props_phx/misc/potato_launcher_cap.mdl) Got removed
L 07/10/2022 - 15:53:04: [FAdmin] prop_physics(models/props_phx/misc/potato_launcher_cap.mdl) Got removed
L 07/10/2022 - 15:53:04: [FAdmin] prop_physics(models/props_phx/misc/potato_launcher_cap.mdl) Got removed
L 07/10/2022 - 15:53:04: [FAdmin] prop_physics(models/props_phx/misc/potato_launcher_cap.mdl) Got removed
L 07/10/2022 - 15:53:05: [FAdmin] prop_physics(models/props_phx/misc/potato_launcher_cap.mdl) Got removed
L 07/10/2022 - 15:53:05: [FAdmin] prop_physics(models/props_phx/misc/potato_launcher_cap.mdl) Got removed
L 07/10/2022 - 15:53:05: [FAdmin] prop_physics(models/props_phx/misc/potato_launcher_cap.mdl) Got removed
L 07/10/2022 - 15:53:05: [FAdmin] prop_physics(models/props_phx/misc/potato_launcher_cap.mdl) Got removed
L 07/10/2022 - 15:53:06: [FAdmin] prop_physics(models/props_phx/misc/potato_launcher_cap.mdl) Got removed
L 07/10/2022 - 15:53:06: [FAdmin] prop_physics(models/props_phx/misc/potato_launcher_cap.mdl) Got removed
L 07/10/2022 - 15:53:06: [FAdmin] prop_physics(models/props_phx/misc/potato_launcher_cap.mdl) Got removed
L 07/10/2022 - 15:53:06: [FAdmin] prop_physics(models/props_phx/misc/potato_launcher_cap.mdl) Got removed
L 07/10/2022 - 15:53:06: [FAdmin] prop_physics(models/props_phx/misc/potato_launcher_cap.mdl) Got removed
L 07/10/2022 - 15:53:07: [FAdmin] prop_physics(models/props_phx/misc/potato_launcher_cap.mdl) Got removed
L 07/10/2022 - 15:53:07: [FAdmin] prop_physics(models/props_phx/misc/potato_launcher_cap.mdl) Got removed
L 07/10/2022 - 15:53:07: [FAdmin] prop_physics(models/props_phx/misc/potato_launcher_cap.mdl) Got removed
L 07/10/2022 - 15:53:07: [FAdmin] prop_physics(models/props_phx/misc/potato_launcher_cap.mdl) Got removed
L 07/10/2022 - 15:53:07: [FAdmin] prop_physics(models/props_phx/misc/potato_launcher_cap.mdl) Got removed
L 07/10/2022 - 15:53:07: [FAdmin] prop_physics(models/props_phx/misc/potato_launcher_cap.mdl) Got removed
L 07/10/2022 - 15:53:07: [FAdmin] prop_physics(models/props_phx/misc/potato_launcher_cap.mdl) Got removed
L 07/10/2022 - 15:53:08: [FAdmin] prop_physics(models/props_phx/misc/potato_launcher_cap.mdl) Got removed
L 07/10/2022 - 15:53:08: [FAdmin] prop_physics(models/props_phx/misc/potato_launcher_cap.mdl) Got removed
L 07/10/2022 - 15:53:08: [FAdmin] prop_physics(models/props_phx/misc/potato_launcher_cap.mdl) Got removed
L 07/10/2022 - 15:53:08: [FAdmin] prop_physics(models/props_phx/misc/potato_launcher_cap.mdl) Got removed
L 07/10/2022 - 15:53:08: [FAdmin] prop_physics(models/props_phx/misc/potato_launcher_cap.mdl) Got removed
L 07/10/2022 - 15:53:08: [FAdmin] prop_physics(models/props_phx/misc/potato_launcher_cap.mdl) Got removed
L 07/10/2022 - 15:53:09: [FAdmin] prop_physics(models/props_phx/misc/potato_launcher_cap.mdl) Got removed
L 07/10/2022 - 15:53:09: [FAdmin] prop_physics(models/props_phx/misc/potato_launcher_cap.mdl) Got removed
L 07/10/2022 - 15:53:09: [FAdmin] prop_physics(models/props_phx/misc/potato_launcher_cap.mdl) Got removed
L 07/10/2022 - 15:53:09: [FAdmin] prop_physics(models/props_phx/misc/potato_launcher_cap.mdl) Got removed
L 07/10/2022 - 15:53:11: [FAdmin] prop_physics(models/props_phx/misc/potato_launcher_cap.mdl) Got removed
L 07/10/2022 - 15:53:12: [FAdmin] prop_physics(models/props_phx/misc/potato_launcher_cap.mdl) Got removed
L 07/10/2022 - 15:53:12: [FAdmin] prop_physics(models/props_phx/misc/potato_launcher_cap.mdl) Got removed
L 07/10/2022 - 15:53:12: [FAdmin] prop_physics(models/props_phx/misc/potato_launcher_cap.mdl) Got removed
L 07/10/2022 - 15:53:12: [FAdmin] prop_physics(models/props_phx/misc/potato_launcher_cap.mdl) Got removed
L 07/10/2022 - 15:53:12: [FAdmin] prop_physics(models/props_phx/misc/potato_launcher_cap.mdl) Got removed
L 07/10/2022 - 15:53:12: [FAdmin] prop_physics(models/props_phx/misc/potato_launcher_cap.mdl) Got removed
L 07/10/2022 - 15:53:13: [FAdmin] prop_physics(models/props_phx/misc/potato_launcher_cap.mdl) Got removed
L 07/10/2022 - 15:53:13: [FAdmin] prop_physics(models/props_phx/misc/potato_launcher_cap.mdl) Got removed
L 07/10/2022 - 15:53:13: [FAdmin] prop_physics(models/props_phx/misc/potato_launcher_cap.mdl) Got removed
L 07/10/2022 - 15:53:13: [FAdmin] prop_physics(models/props_phx/misc/potato_launcher_cap.mdl) Got removed
L 07/10/2022 - 15:53:13: [FAdmin] prop_physics(models/props_phx/misc/potato_launcher_cap.mdl) Got removed
L 07/10/2022 - 15:53:13: [FAdmin] prop_physics(models/props_phx/misc/potato_launcher_cap.mdl) Got removed
L 07/10/2022 - 15:53:14: [FAdmin] prop_physics(models/props_phx/misc/potato_launcher_cap.mdl) Got removed
L 07/10/2022 - 15:53:14: [FAdmin] prop_physics(models/props_phx/misc/potato_launcher_cap.mdl) Got removed
L 07/10/2022 - 15:53:14: [FAdmin] prop_physics(models/props_phx/misc/potato_launcher_cap.mdl) Got removed
L 07/10/2022 - 15:53:14: [FAdmin] prop_physics(models/props_phx/misc/potato_launcher_cap.mdl) Got removed
L 07/10/2022 - 15:53:14: [FAdmin] prop_physics(models/props_phx/misc/potato_launcher_cap.mdl) Got removed
L 07/10/2022 - 15:53:14: [FAdmin] widepeeked (STEAM_0:0:492844137) Spawned
L 07/10/2022 - 15:53:14: [ULX] (SILENT) widepeeked stopped spectating Frazer
L 07/10/2022 - 15:53:14: [ULX] (SILENT) widepeeked began spectating Frazer
L 07/10/2022 - 15:53:14: [FAdmin] widepeeked (STEAM_0:0:492844137) Attempted to pick up a keys
L 07/10/2022 - 15:53:14: [FAdmin] widepeeked (STEAM_0:0:492844137) Attempted to pick up a weapon_physcannon
L 07/10/2022 - 15:53:14: [FAdmin] widepeeked (STEAM_0:0:492844137) Attempted to pick up a weapon_fists
L 07/10/2022 - 15:53:14: [FAdmin] widepeeked (STEAM_0:0:492844137) Attempted to pick up a gmod_camera
L 07/10/2022 - 15:53:14: [FAdmin] widepeeked (STEAM_0:0:492844137) Attempted to pick up a gmod_tool
L 07/10/2022 - 15:53:14: [FAdmin] widepeeked (STEAM_0:0:492844137) Attempted to pick up a weapon_physgun
L 07/10/2022 - 15:53:14: [FAdmin] prop_physics(models/props_phx/misc/potato_launcher_cap.mdl) Got removed
L 07/10/2022 - 15:53:15: [FAdmin] widepeeked (STEAM_0:0:492844137) Attempted to pick up a weapon_physcannon
L 07/10/2022 - 15:53:15: [FAdmin] widepeeked (STEAM_0:0:492844137) Attempted to pick up a keys
L 07/10/2022 - 15:53:15: [FAdmin] widepeeked (STEAM_0:0:492844137) Attempted to pick up a gmod_tool
L 07/10/2022 - 15:53:15: [FAdmin] widepeeked (STEAM_0:0:492844137) Attempted to pick up a gmod_camera
L 07/10/2022 - 15:53:15: [FAdmin] widepeeked (STEAM_0:0:492844137) Attempted to pick up a weapon_physgun
L 07/10/2022 - 15:53:15: [FAdmin] widepeeked (STEAM_0:0:492844137) Attempted to pick up a weapon_fists
L 07/10/2022 - 15:53:15: [FAdmin] prop_physics(models/props_phx/misc/potato_launcher_cap.mdl) Got removed
L 07/10/2022 - 15:53:15: [FAdmin] prop_physics(models/props_phx/misc/potato_launcher_cap.mdl) Got removed
L 07/10/2022 - 15:53:15: [FAdmin] prop_physics(models/props_phx/misc/potato_launcher_cap.mdl) Got removed
L 07/10/2022 - 15:53:16: [FAdmin] widepeeked (STEAM_0:0:492844137) Spawned
L 07/10/2022 - 15:53:16: [ULX] (SILENT) widepeeked stopped spectating Frazer
L 07/10/2022 - 15:53:16: [FAdmin] widepeeked (STEAM_0:0:492844137) Attempted to pick up a weapon_physcannon
L 07/10/2022 - 15:53:16: [FAdmin] widepeeked (STEAM_0:0:492844137) Attempted to pick up a keys
L 07/10/2022 - 15:53:16: [FAdmin] widepeeked (STEAM_0:0:492844137) Attempted to pick up a gmod_tool
L 07/10/2022 - 15:53:16: [FAdmin] widepeeked (STEAM_0:0:492844137) Attempted to pick up a gmod_camera
L 07/10/2022 - 15:53:16: [FAdmin] widepeeked (STEAM_0:0:492844137) Attempted to pick up a weapon_physgun
L 07/10/2022 - 15:53:16: [FAdmin] widepeeked (STEAM_0:0:492844137) Attempted to pick up a weapon_fists
L 07/10/2022 - 15:53:27: [FAdmin] Al Shebab (STEAM_0:0:103364981) Spawned a models/props_c17/gravestone_cross001b.mdl
L 07/10/2022 - 15:53:27: [ULX] Al Shebab<STEAM_0:0:103364981> spawned model models/props_c17/gravestone_cross001b.mdl
L 07/10/2022 - 15:53:34: [FAdmin] Al Shebab (STEAM_0:0:103364981) Spawned a models/props_c17/gravestone_cross001b.mdl
L 07/10/2022 - 15:53:34: [ULX] Al Shebab<STEAM_0:0:103364981> spawned model models/props_c17/gravestone_cross001b.mdl
L 07/10/2022 - 15:53:37: [FAdmin] Frazer (STEAM_0:0:120840551) Spawned a models/props_phx/misc/potato_launcher_cap.mdl
L 07/10/2022 - 15:53:37: [ULX] Frazer<STEAM_0:0:120840551> spawned model models/props_phx/misc/potato_launcher_cap.mdl
L 07/10/2022 - 15:53:44: [FAdmin] Al Shebab (STEAM_0:0:103364981) Got killed by Frazer with a prop_physics
L 07/10/2022 - 15:53:48: [FAdmin] Al Shebab (STEAM_0:0:103364981) Spawned
L 07/10/2022 - 15:53:48: [FAdmin] Al Shebab (STEAM_0:0:103364981) Attempted to pick up a keys
L 07/10/2022 - 15:53:48: [FAdmin] Al Shebab (STEAM_0:0:103364981) Attempted to pick up a weapon_physcannon
L 07/10/2022 - 15:53:48: [FAdmin] Al Shebab (STEAM_0:0:103364981) Attempted to pick up a weapon_fists
L 07/10/2022 - 15:53:48: [FAdmin] Al Shebab (STEAM_0:0:103364981) Attempted to pick up a gmod_camera
L 07/10/2022 - 15:53:48: [FAdmin] Al Shebab (STEAM_0:0:103364981) Attempted to pick up a gmod_tool
L 07/10/2022 - 15:53:48: [FAdmin] Al Shebab (STEAM_0:0:103364981) Attempted to pick up a weapon_physgun
L 07/10/2022 - 15:53:55: [FAdmin] prop_physics(models/props_phx/misc/potato_launcher_cap.mdl) Got removed
L 07/10/2022 - 15:54:02: "Binchicken<8><STEAM_0:0:437291733><>" connected, address "149.167.60.156:21373"
L 07/10/2022 - 15:54:03: "Binchicken<8><STEAM_0:0:437291733><>" STEAM USERID validated
L 07/10/2022 - 15:54:13: [FAdmin] Al Shebab (STEAM_0:0:103364981) Attempted to use tool creator
L 07/10/2022 - 15:54:13: [FAdmin] Al Shebab (STEAM_0:0:103364981) Spawned a m9k_davy_crockett
L 07/10/2022 - 15:54:14: [FAdmin] widepeeked (STEAM_0:0:492844137) Attempted to pick up a m9k_davy_crockett
L 07/10/2022 - 15:54:15: [FAdmin] Al Shebab (STEAM_0:0:103364981) Attempted to use tool creator
L 07/10/2022 - 15:54:15: [FAdmin] Al Shebab (STEAM_0:0:103364981) Spawned a m9k_davy_crockett
L 07/10/2022 - 15:54:15: [FAdmin] Frazer (STEAM_0:0:120840551) Attempted to pick up a m9k_davy_crockett
L 07/10/2022 - 15:54:20: [FAdmin] Binchicken (STEAM_0:0:437291733) is Authed
L 07/10/2022 - 15:54:20: [FAdmin] Binchicken (STEAM_0:0:437291733) Spawned for the first time
L 07/10/2022 - 15:54:20: [FAdmin] binchicken (STEAM_0:0:437291733) Spawned
L 07/10/2022 - 15:54:20: "Binchicken<8><STEAM_0:0:437291733><>" entered the game
L 07/10/2022 - 15:54:20: [FAdmin] binchicken (STEAM_0:0:437291733) Attempted to pick up a keys
L 07/10/2022 - 15:54:20: [FAdmin] binchicken (STEAM_0:0:437291733) Attempted to pick up a weapon_physcannon
L 07/10/2022 - 15:54:20: [FAdmin] binchicken (STEAM_0:0:437291733) Attempted to pick up a weapon_fists
L 07/10/2022 - 15:54:20: [FAdmin] binchicken (STEAM_0:0:437291733) Attempted to pick up a gmod_camera
L 07/10/2022 - 15:54:20: [FAdmin] binchicken (STEAM_0:0:437291733) Attempted to pick up a gmod_tool
L 07/10/2022 - 15:54:20: [FAdmin] binchicken (STEAM_0:0:437291733) Attempted to pick up a weapon_physgun
L 07/10/2022 - 15:54:22: [FAdmin] Al Shebab (STEAM_0:0:103364981) Gave himself a m9k_machete
L 07/10/2022 - 15:54:22: [FAdmin] Al Shebab (STEAM_0:0:103364981) Attempted to pick up a m9k_machete
L 07/10/2022 - 15:54:23: [FAdmin] widepeeked (STEAM_0:0:492844137) Got killed by Al Shebab with a m9k_thrown_knife
L 07/10/2022 - 15:54:26: [FAdmin] widepeeked (STEAM_0:0:492844137) Spawned
L 07/10/2022 - 15:54:26: [FAdmin] widepeeked (STEAM_0:0:492844137) Attempted to pick up a keys
L 07/10/2022 - 15:54:26: [FAdmin] widepeeked (STEAM_0:0:492844137) Attempted to pick up a weapon_physcannon
L 07/10/2022 - 15:54:26: [FAdmin] widepeeked (STEAM_0:0:492844137) Attempted to pick up a weapon_fists
L 07/10/2022 - 15:54:26: [FAdmin] widepeeked (STEAM_0:0:492844137) Attempted to pick up a gmod_camera
L 07/10/2022 - 15:54:26: [FAdmin] widepeeked (STEAM_0:0:492844137) Attempted to pick up a gmod_tool
L 07/10/2022 - 15:54:26: [FAdmin] widepeeked (STEAM_0:0:492844137) Attempted to pick up a weapon_physgun
L 07/10/2022 - 15:54:27: [FAdmin] Al Shebab (STEAM_0:0:103364981) Attempted to pick up a m9k_machete
L 07/10/2022 - 15:54:34: [ULX] binchicken teleported to Frazer
L 07/10/2022 - 15:56:17: [FAdmin] Al Shebab (STEAM_0:0:103364981) Gave himself a m9k_orbital_strike
L 07/10/2022 - 15:56:17: [FAdmin] Al Shebab (STEAM_0:0:103364981) Attempted to pick up a m9k_orbital_strike
L 07/10/2022 - 15:56:32: "binchicken<8><STEAM_0:0:437291733><Civilian>" say "!menu"

L 07/10/2022 - 15:56:34: [FAdmin] Frazer (STEAM_0:0:120840551) Spawned a models/props_phx/misc/potato_launcher_cap.mdl
L 07/10/2022 - 15:56:34: [ULX] Frazer<STEAM_0:0:120840551> spawned model models/props_phx/misc/potato_launcher_cap.mdl
L 07/10/2022 - 15:56:37: [FAdmin] Frazer (STEAM_0:0:120840551) Attempted to use tool advdupe2
L 07/10/2022 - 15:56:51: [FAdmin] prop_physics(models/props_phx/misc/potato_launcher_cap.mdl) Got removed
L 07/10/2022 - 15:56:52: [FAdmin] Frazer (STEAM_0:0:120840551) Spawned a models/props_phx/misc/potato_launcher_cap.mdl
L