L 07/12/2022 - 20:00:55: Log file started (file "logs\L0712018.log") (game "C:\Users\kazza\Desktop\Garry's Mod\steamcmd\steamapps\common\GarrysModDS\garrysmod") (version "8607")
L 07/12/2022 - 20:00:55: server_cvar: "sbox_noclip" "0"
L 07/12/2022 - 20:00:55: server_cvar: "sbox_maxprops" "80"
L 07/12/2022 - 20:00:55: server_cvar: "sbox_maxragdolls" "0"
L 07/12/2022 - 20:00:55: server_cvar: "sbox_maxnpcs" "0"
L 07/12/2022 - 20:00:55: server_cvar: "sbox_maxballoons" "0"
L 07/12/2022 - 20:00:55: server_cvar: "sbox_maxeffects" "0"
L 07/12/2022 - 20:00:55: server_cvar: "sbox_maxdynamite" "0"
L 07/12/2022 - 20:00:55: server_cvar: "sbox_maxlamps" "0"
L 07/12/2022 - 20:00:55: server_cvar: "sbox_maxthrusters" "0"
L 07/12/2022 - 20:00:55: server_cvar: "sbox_maxwheels" "0"
L 07/12/2022 - 20:00:55: server_cvar: "sbox_maxhoverballs" "0"
L 07/12/2022 - 20:00:55: server_cvar: "sbox_maxvehicles" "1"
L 07/12/2022 - 20:00:55: server_cvar: "sbox_maxbuttons" "6"
L 07/12/2022 - 20:00:55: server_cvar: "sbox_maxemitters" "0"
L 07/12/2022 - 20:00:55: server_cvar: "sbox_maxtextscreens" "3"
L 07/12/2022 - 20:00:55: server_cvar: "sv_airaccelerate" "1000"
L 07/12/2022 - 20:01:01: Connection to Steam servers successful.
L 07/12/2022 - 20:01:01:    Public IP is 60.241.142.139.
L 07/12/2022 - 20:01:01: Assigned persistent gameserver Steam ID [G-1:3987399].
L 07/12/2022 - 20:01:01: VAC secure mode is activated.
L 07/12/2022 - 20:01:01: "Skii<2><STEAM_0:0:579690494><>" connected, address "172.195.123.72:27005"
L 07/12/2022 - 20:01:01: "Skii<2><STEAM_0:0:579690494><>" disconnected (reason "Connection closing")
L 07/12/2022 - 20:01:01: "Skii<3><STEAM_0:0:579690494><>" connected, address "172.195.123.72:27005"
L 07/12/2022 - 20:01:01: "Skii<3><STEAM_0:0:579690494><>" disconnected (reason "Connection closing")
L 07/12/2022 - 20:01:01: "Skii<4><STEAM_0:0:579690494><>" connected, address "172.195.123.72:27005"
L 07/12/2022 - 20:01:01: "Skii<4><STEAM_0:0:579690494><>" disconnected (reason "Connection closing")
L 07/12/2022 - 20:01:01: "Skii<5><STEAM_0:0:579690494><>" connected, address "172.195.123.72:27005"
L 07/12/2022 - 20:01:01: "Skii<5><STEAM_0:0:579690494><>" disconnected (reason "Connection closing")
L 07/12/2022 - 20:01:01: "Skii<6><STEAM_0:0:579690494><>" connected, address "172.195.123.72:27005"
L 07/12/2022 - 20:01:01: "Huge Fat Man<7><STEAM_0:0:149571420><>" connected, address "120.23.159.186:27005"
L 07/12/2022 - 20:01:01: "Huge Fat Man<7><STEAM_0:0:149571420><>" disconnected (reason "Connection closing")
L 07/12/2022 - 20:01:01: "Huge Fat Man<8><STEAM_0:0:149571420><>" connected, address "120.23.159.186:27005"
L 07/12/2022 - 20:01:01: "Huge Fat Man<8><STEAM_0:0:149571420><>" disconnected (reason "Connection closing")
L 07/12/2022 - 20:01:01: "Huge Fat Man<9><STEAM_0:0:149571420><>" connected, address "120.23.159.186:27005"
L 07/12/2022 - 20:01:01: "Huge Fat Man<9><STEAM_0:0:149571420><>" disconnected (reason "Connection closing")
L 07/12/2022 - 20:01:01: "Huge Fat Man<10><STEAM_0:0:149571420><>" connected, address "120.23.159.186:27005"
L 07/12/2022 - 20:01:01: "Huge Fat Man<10><STEAM_0:0:149571420><>" disconnected (reason "Connection closing")
L 07/12/2022 - 20:01:01: "Huge Fat Man<11><STEAM_0:0:149571420><>" connected, address "120.23.159.186:27005"
L 07/12/2022 - 20:01:01: "Huge Fat Man<11><STEAM_0:0:149571420><>" disconnected (reason "Connection closing")
L 07/12/2022 - 20:01:01: "Huge Fat Man<12><STEAM_0:0:149571420><>" connected, address "120.23.159.186:27005"
L 07/12/2022 - 20:01:01: "Skii<6><STEAM_0:0:579690494><>" STEAM USERID validated
L 07/12/2022 - 20:01:01: "Huge Fat Man<12><STEAM_0:0:149571420><>" STEAM USERID validated
L 07/12/2022 - 20:01:27: "Huge Fat Man<12><STEAM_0:0:149571420><>" entered the game
L 07/12/2022 - 20:01:55: "Skii<6><STEAM_0:0:579690494><>" entered the game
L 07/12/2022 - 20:02:22: [ULX] DJ Bread teleported to Huge Fat Man
L 07/12/2022 - 20:02:57: "Al Shebab<13><STEAM_0:0:103364981><>" connected, address "60.241.142.139:27006"
L 07/12/2022 - 20:02:58: "Al Shebab<13><STEAM_0:0:103364981><>" STEAM USERID validated
L 07/12/2022 - 20:03:23: "Al Shebab<13><STEAM_0:0:103364981><>" entered the game
L 07/12/2022 - 20:03:51: "Huge Fat Man<12><STEAM_0:0:149571420><Civilian>" say "!warns"

L 07/12/2022 - 20:05:41: "Huge Fat Man<12><STEAM_0:0:149571420><Civilian>" say "/invholster"

L 07/12/2022 - 20:05:42: "Huge Fat Man<12><STEAM_0:0:149571420><Civilian>" say "/invholster"

L 07/12/2022 - 20:05:43: "Huge Fat Man<12><STEAM_0:0:149571420><Civilian>" say "/invholster"

L 07/12/2022 - 20:05:44: "Huge Fat Man<12><STEAM_0:0:149571420><Civilian>" say "/invholster"

L 07/12/2022 - 20:05:44: "Huge Fat Man<12><STEAM_0:0:149571420><Civilian>" say "/invholster"

L 07/12/2022 - 20:05:45: "Huge Fat Man<12><STEAM_0:0:149571420><Civilian>" say "/invholster"

L 07/12/2022 - 20:05:46: "Huge Fat Man<12><STEAM_0:0:149571420><Civilian>" say "/invholster"

L 07/12/2022 - 20:05:47: "Huge Fat Man<12><STEAM_0:0:149571420><Civilian>" say "/invholster"

L 07/12/2022 - 20:05:48: "Huge Fat Man<12><STEAM_0:0:149571420><Civilian>" say "/invholster"

L 07/12/2022 - 20:05:48: "Huge Fat Man<12><STEAM_0:0:149571420><Civilian>" say "/invholster"

L 07/12/2022 - 20:05:49: "Huge Fat Man<12><STEAM_0:0:149571420><Civilian>" say "/invholster"

L 07/12/2022 - 20:05:50: "Huge Fat Man<12><STEAM_0:0:149571420><Civilian>" say "/invholster"

L 07/12/2022 - 20:05:51: "Huge Fat Man<12><STEAM_0:0:149571420><Civilian>" say "/invholster"

L 07/12/2022 - 20:05:52: "Huge Fat Man<12><STEAM_0:0:149571420><Civilian>" say "/invholster"

L 07/12/2022 - 20:05:52: "Huge Fat Man<12><STEAM_0:0:149571420><Civilian>" say "/invholster"

L 07/12/2022 - 20:05:53: "Huge Fat Man<12><STEAM_0:0:149571420><Civilian>" say "/invholster"

L 07/12/2022 - 20:05:54: "Huge Fat Man<12><STEAM_0:0:149571420><Civilian>" say "/invholster"

L 07/12/2022 - 20:05:54: "Huge Fat Man<12><STEAM_0:0:149571420><Civilian>" say "/invholster"

L 07/12/2022 - 20:05:55: "Huge Fat Man<12><STEAM_0:0:149571420><Civilian>" say "/invholster"

L 07/12/2022 - 20:05:56: "Huge Fat Man<12><STEAM_0:0:149571420><Civilian>" say "/invholster"

L 07/12/2022 - 20:05:57: "Huge Fat Man<12><STEAM_0:0:149571420><Civilian>" say "/invholster"

L 07/12/2022 - 20:05:57: "Huge Fat Man<12><STEAM_0:0:149571420><Civilian>" say "/invholster"

L 07/12/2022 - 20:05:58: "Huge Fat Man<12><STEAM_0:0:149571420><Civilian>" say "/invholster"

L 07/12/2022 - 20:05:59: "Huge Fat Man<12><STEAM_0:0:149571420><Civilian>" say "/invholster"

L 07/12/2022 - 20:06:00: "Huge Fat Man<12><STEAM_0:0:149571420><Civilian>" say "/invholster"

L 07/12/2022 - 20:06:01: "Huge Fat Man<12><STEAM_0:0:149571420><Civilian>" say "/invholster"

L 07/12/2022 - 20:06:01: "Huge Fat Man<12><STEAM_0:0:149571420><Civilian>" say "/invholster"

L 07/12/2022 - 20:06:02: "Huge Fat Man<12><STEAM_0:0:149571420><Civilian>" say "/invholster"

L 07/12/2022 - 20:06:03: "Huge Fat Man<12><STEAM_0:0:149571420><Civilian>" say "/invholster"

L 07/12/2022 - 20:06:04: "Huge Fat Man<12><STEAM_0:0:149571420><Civilian>" say "/invholster"

L 07/12/2022 - 20:06:05: "Huge Fat Man<12><STEAM_0:0:149571420><Civilian>" say "/invholster"

L 07/12/2022 - 20:06:06: "Huge Fat Man<12><STEAM_0:0:149571420><Civilian>" say "/invholster"

L 07/12/2022 - 20:06:07: "Huge Fat Man<12><STEAM_0:0:149571420><Civilian>" say "/invholster"

L 07/12/2022 - 20:06:08: "Huge Fat Man<12><STEAM_0:0:149571420><Civilian>" say "/invholster"

L 07/12/2022 - 20:06:09: "Huge Fat Man<12><STEAM_0:0:149571420><Civilian>" say "/invholster"

L 07/12/2022 - 20:06:10: "Huge Fat Man<12><STEAM_0:0:149571420><Civilian>" say "/invholster"

L 07/12/2022 - 20:06:12: "Huge Fat Man<12><STEAM_0:0:149571420><Civilian>" say "/invholster"

L 07/12/2022 - 20:06:13: "Huge Fat Man<12><STEAM_0:0:149571420><Civilian>" say "/invholster"

L 07/12/2022 - 20:06:14: "Huge Fat Man<12><STEAM_0:0:149571420><Civilian>" say "/invholster"

L 07/12/2022 - 20:06:15: "Huge Fat Man<12><STEAM_0:0:149571420><Civilian>" say "/invholster"

L 07/12/2022 - 20:06:16: "Huge Fat Man<12><STEAM_0:0:149571420><Civilian>" say "/invholster"

L 07/12/2022 - 20:06:16: "Huge Fat Man<12><STEAM_0:0:149571420><Civilian>" say "/invholster"

L 07/12/2022 - 20:06:17: "Huge Fat Man<12><STEAM_0:0:149571420><Civilian>" say "/invholster"

L 07/12/2022 - 20:06:18: "Huge Fat Man<12><STEAM_0:0:149571420><Civilian>" say "/invholster"

L 07/12/2022 - 20:06:19: "Huge Fat Man<12><STEAM_0:0:149571420><Civilian>" say "/invholster"

L 07/12/2022 - 20:06:20: "Huge Fat Man<12><STEAM_0:0:149571420><Civilian>" say "/invholster"

L 07/12/2022 - 20:06:21: "Huge Fat Man<12><STEAM_0:0:149571420><Civilian>" say "/invholster"

L 07/12/2022 - 20:06:22: "Huge Fat Man<12><STEAM_0:0:149571420><Civilian>" say "/invholster"

L 07/12/2022 - 20:06:23: "Huge Fat Man<12><STEAM_0:0:149571420><Civilian>" say "/invholster"

L 07/12/2022 - 20:06:23: "Huge Fat Man<12><STEAM_0:0:149571420><Civilian>" say "/invholster"

L 07/12/2022 - 20:06:25: "Huge Fat Man<12><STEAM_0:0:149571420><Civilian>" say "/invholster"

L 07/12/2022 - 20:06:25: "Huge Fat Man<12><STEAM_0:0:149571420><Civilian>" say "/invholster"

L 07/12/2022 - 20:06:26: "Huge Fat Man<12><STEAM_0:0:149571420><Civilian>" say "/invholster"

L 07/12/2022 - 20:06:27: "Huge Fat Man<12><STEAM_0:0:149571420><Civilian>" say "/invholster"

L 07/12/2022 - 20:06:28: "Huge Fat Man<12><STEAM_0:0:149571420><Civilian>" say "/invholster"

L 07/12/2022 - 20:06:29: "Huge Fat Man<12><STEAM_0:0:149571420><Civilian>" say "/invholster"

L 07/12/2022 - 20:06:35: "Huge Fat Man<12><STEAM_0:0:149571420><Civilian>" say "/invholster"

L 07/12/2022 - 20:06:36: "Huge Fat Man<12><STEAM_0:0:149571420><Civilian>" say "/invholster"

L 07/12/2022 - 20:06:36: "Huge Fat Man<12><STEAM_0:0:149571420><Civilian>" say "/invholster"

L 07/12/2022 - 20:06:37: "Huge Fat Man<12><STEAM_0:0:149571420><Civilian>" say "/invholster"

L 07/12/2022 - 20:06:38: "Huge Fat Man<12><STEAM_0:0:149571420><Civilian>" say "/invholster"

L 07/12/2022 - 20:06:39: "Huge Fat Man<12><STEAM_0:0:149571420><Civilian>" say "/invholster"

L 07/12/2022 - 20:06:40: "Huge Fat Man<12><STEAM_0:0:149571420><Civilian>" say "/invholster"

L 07/12/2022 - 20:06:40: "Huge Fat Man<12><STEAM_0:0:149571420><Civilian>" say "/invholster"

L 07/12/2022 - 20:06:41: "Huge Fat Man<12><STEAM_0:0:149571420><Civilian>" say "/invholster"

L 07/12/2022 - 20:06:42: "Huge Fat Man<12><STEAM_0:0:149571420><Civilian>" say "/invholster"

L 07/12/2022 - 20:06:42: "Huge Fat Man<12><STEAM_0:0:149571420><Civilian>" say "/invholster"

L 07/12/2022 - 20:06:43: "Huge Fat Man<12><STEAM_0:0:149571420><Civilian>" say "/invholster"

L 07/12/2022 - 20:06:44: "Huge Fat Man<12><STEAM_0:0:149571420><Civilian>" say "/invholster"

L 07/12/2022 - 20:06:45: "Huge Fat Man<12><STEAM_0:0:149571420><Civilian>" say "/invholster"

L 07/12/2022 - 20:06:45: "Huge Fat Man<12><STEAM_0:0:149571420><Civilian>" say "/invholster"

L 07/12/2022 - 20:06:46: "Huge Fat Man<12><STEAM_0:0:149571420><Civilian>" say "/invholster"

L 07/12/2022 - 20:06:47: "Huge Fat Man<12><STEAM_0:0:149571420><Civilian>" say "/invholster"

L 07/12/2022 - 20:06:48: "Huge Fat Man<12><STEAM_0:0:149571420><Civilian>" say "/invholster"

L 07/12/2022 - 20:06:48: "Huge Fat Man<12><STEAM_0:0:149571420><Civilian>" say "/invholster"

L 07/12/2022 - 20:06:49: "Huge Fat Man<12><STEAM_0:0:149571420><Civilian>" say "/invholster"

L 07/12/2022 - 20:06:50: "Huge Fat Man<12><STEAM_0:0:149571420><Civilian>" say "/invholster"

L 07/12/2022 - 20:06:51: "Huge Fat Man<12><STEAM_0:0:149571420><Civilian>" say "/invholster"

L 07/12/2022 - 20:06:51: "Huge Fat Man<12><STEAM_0:0:149571420><Civilian>" say "/invholster"

L 07/12/2022 - 20:06:52: "Huge Fat Man<12><STEAM_0:0:149571420><Civilian>" say "/invholster"

L 07/12/2022 - 20:06:53: "Huge Fat Man<12><STEAM_0:0:149571420><Civilian>" say "/invholster"

L 07/12/2022 - 20:06:53: "Huge Fat Man<12><STEAM_0:0:149571420><Civilian>" say "/invholster"

L 07/12/2022 - 20:06:54: "Huge Fat Man<12><STEAM_0:0:149571420><Civilian>" say "/invholster"

L 07/12/2022 - 20:06:55: "Huge Fat Man<12><STEAM_0:0:149571420><Civilian>" say "/invholster"

L 07/12/2022 - 20:06:55: "Huge Fat Man<12><STEAM_0:0:149571420><Civilian>" say "/invholster"

L 07/12/2022 - 20:06:56: "Huge Fat Man<12><STEAM_0:0:149571420><Civilian>" say "/invholster"

L 07/12/2022 - 20:06:57: "Huge Fat Man<12><STEAM_0:0:149571420><Civilian>" say "/invholster"

L 07/12/2022 - 20:06:58: "Huge Fat Man<12><STEAM_0:0:149571420><Civilian>" say "/invholster"

L 07/12/2022 - 20:06:59: "Huge Fat Man<12><STEAM_0:0:149571420><Civilian>" say "/invholster"

L 07/12/2022 - 20:07:00: "Huge Fat Man<12><STEAM_0:0:149571420><Civilian>" say "/invholster"

L 07/12/2022 - 20:07:00: "Huge Fat Man<12><STEAM_0:0:149571420><Civilian>" say "/invholster"

L 07/12/2022 - 20:07:01: "Huge Fat Man<12><STEAM_0:0:149571420><Civilian>" say "/invholster"

L 07/12/2022 - 20:07:02: "Huge Fat Man<12><STEAM_0:0:149571420><Civilian>" say "/invholster"

L 07/12/2022 - 20:07:02: "Huge Fat Man<12><STEAM_0:0:149571420><Civilian>" say "/invholster"

L 07/12/2022 - 20:07:03: "Huge Fat Man<12><STEAM_0:0:149571420><Civilian>" say "/invholster"

L 07/12/2022 - 20:07:04: "Huge Fat Man<12><STEAM_0:0:149571420><Civilian>" say "/invholster"

L 07/12/2022 - 20:07:05: "Huge Fat Man<12><STEAM_0:0:149571420><Civilian>" say "/invholster"

L 07/12/2022 - 20:07:06: "Huge Fat Man<12><STEAM_0:0:149571420><Civilian>" say "/invholster"

L 07/12/2022 - 20:07:07: "Huge Fat Man<12><STEAM_0:0:149571420><Civilian>" say "/invholster"

L 07/12/2022 - 20:07:07: "Huge Fat Man<12><STEAM_0:0:149571420><Civilian>" say "/invholster"

L 07/12/2022 - 20:07:08: "Huge Fat Man<12><STEAM_0:0:149571420><Civilian>" say "/invholster"

L 07/12/2022 - 20:07:09: "Huge Fat Man<12><STEAM_0:0:149571420><Civilian>" say "/invholster"

L 07/12/2022 - 20:07:10: "Huge Fat Man<12><STEAM_0:0:149571420><Civilian>" say "/invholster"

L 07/12/2022 - 20:07:11: "Huge Fat Man<12><STEAM_0:0:149571420><Civilian>" say "/invholster"

L 07/12/2022 - 20:07:11: "Huge Fat Man<12><STEAM_0:0:149571420><Civilian>" say "/invholster"

L 07/12/2022 - 20:07:12: "Huge Fat Man<12><STEAM_0:0:149571420><Civilian>" say "/invholster"

L 07/12/2022 - 20:07:13: "Huge Fat Man<12><STEAM_0:0:149571420><Civilian>" say "/invholster"

L 07/12/2022 - 20:07:14: "Huge Fat Man<12><STEAM_0:0:149571420><Civilian>" say "/invholster"

L 07/12/2022 - 20:07:15: "Huge Fat Man<12><STEAM_0:0:149571420><Civilian>" say "/invholster"

L 07/12/2022 - 20:07:16: "Huge Fat Man<12><STEAM_0:0:149571420><Civilian>" say "/invholster"

L 07/12/2022 - 20:07:17: "Huge Fat Man<12><STEAM_0:0:149571420><Civilian>" say "/invholster"

L 07/12/2022 - 20:07:18: "Huge Fat Man<12><STEAM_0:0:149571420><Civilian>" say "/invholster"

L 07/12/2022 - 20:07:19: "Huge Fat Man<12><STEAM_0:0:149571420><Civilian>" say "/invholster"

L 07/12/2022 - 20:07:20: "Huge Fat Man<12><STEAM_0:0:149571420><Civilian>" say "/invholster"

L 07/12/2022 - 20:07:21: "Huge Fat Man<12><STEAM_0:0:149571420><Civilian>" say "/invholster"

L 07/12/2022 - 20:07:21: "Huge Fat Man<12><STEAM_0:0:149571420><Civilian>" say "/invholster"

L 07/12/2022 - 20:07:22: "Huge Fat Man<12><STEAM_0:0:149571420><Civilian>" say "/invholster"

L 07/12/2022 - 20:07:23: "Huge Fat Man<12><STEAM_0:0:149571420><Civilian>" say "/invholster"

L 07/12/2022 - 20:07:24: "Huge Fat Man<12><STEAM_0:0:149571420><Civilian>" say "/invholster"

L 07/12/2022 - 20:07:25: "Huge Fat Man<12><STEAM_0:0:149571420><Civilian>" say "/invholster"

L 07/12/2022 - 20:07:25: "Huge Fat Man<12><STEAM_0:0:149571420><Civilian>" say "/invholster"

L 07/12/2022 - 20:07:26: "Huge Fat Man<12><STEAM_0:0:149571420><Civilian>" say "/invholster"

L 07/12/2022 - 20:07:27: "Huge Fat Man<12><STEAM_0:0:149571420><Civilian>" say "/invholster"

L 07/12/2022 - 20:07:28: "Huge Fat Man<12><STEAM_0:0:149571420><Civilian>" say "/invholster"

L 07/12/2022 - 20:07:28: "Huge Fat Man<12><STEAM_0:0:149571420><Civilian>" say "/invholster"

L 07/12/2022 - 20:07:29: "Skii<6><STEAM_0:0:579690494><>" disconnected (reason "Disconnect by user.")
L 07/12/2022 - 20:07:29: "Skii<14><STEAM_0:0:579690494><>" connected, address "172.195.123.72:27005"
L 07/12/2022 - 20:07:29: "Huge Fat Man<12><STEAM_0:0:149571420><Civilian>" say "/invholster"

L 07/12/2022 - 20:07:29: "Skii<14><STEAM_0:0:579690494><>" STEAM USERID validated
L 07/12/2022 - 20:07:30: "Huge Fat Man<12><STEAM_0:0:149571420><Civilian>" say "/invholster"

L 07/12/2022 - 20:07:31: "Huge Fat Man<12><STEAM_0:0:149571420><Civilian>" say "/invholster"

L 07/12/2022 - 20:07:32: "Huge Fat Man<12><STEAM_0:0:149571420><Civilian>" say "/invholster"

L 07/12/2022 - 20:07:32: "Huge Fat Man<12><STEAM_0:0:149571420><Civilian>" say "/invholster"

L 07/12/2022 - 20:07:34: "Huge Fat Man<12><STEAM_0:0:149571420><Civilian>" say "/invholster"

L 07/12/2022 - 20:08:38: "Skii<14><STEAM_0:0:579690494><>" entered the game
L 07/12/2022 - 20:09:25: "Al Shebab<13><STEAM_0:0:103364981><Civilian>" say "!goto"

L 07/12/2022 - 20:09:28: [ULX] Al Shebab teleported to Huge Fat Man
L 07/12/2022 - 20:09:28: "Al Shebab<13><STEAM_0:0:103364981><Civilian>" say "!goto hu"

L 07/12/2022 - 20:12:46: Lua Error: 
[M9K Specialties] lua/weapons/bobs_shotty_base/shared.lua:180: attempt to call method 'ShellAnimCaller' (a nil value)
  1. unknown - lua/weapons/bobs_shotty_base/shared.lua:180


L 07/12/2022 - 20:13:53: [ULX] DJ Bread froze Huge Fat Man
L 07/12/2022 - 20:13:53: "DJ Bread<14><STEAM_0:0:579690494><Civilian>" say "!freeze Huge Fat Man"

L 07/12/2022 - 20:14:02: [ULX] DJ Bread unfroze Huge Fat Man
L 07/12/2022 - 20:14:02: "DJ Bread<14><STEAM_0:0:579690494><Civilian>" say "!unfreeze Huge Fat Man"

L 07/12/2022 - 20:14:16: [ULX] Al Shebab gave Everyone stunstick
L 07/12/2022 - 20:14:16: "Al Shebab<13><STEAM_0:0:103364981><Civilian>" say "!give * stunstick"

L 07/12/2022 - 20:14:34: [ULX] DJ Bread froze Huge Fat Man
L 07/12/2022 - 20:14:34: "DJ Bread<14><STEAM_0:0:579690494><Civilian>" say "!freeze Huge Fat Man"

L 07/12/2022 - 20:14:46: [ULX] DJ Bread unfroze Huge Fat Man
L 07/12/2022 - 20:14:46: "DJ Bread<14><STEAM_0:0:579690494><Civilian>" say "!unfreeze Huge Fat Man"

L 07/12/2022 - 20:14:56: [ULX] Al Shebab froze Themself
L 07/12/2022 - 20:14:56: "Al Shebab<13><STEAM_0:0:103364981><Civilian>" say "!freeze ^"

L 07/12/2022 - 20:15:07: [ULX] Al Shebab unfroze Everyone
L 07/12/2022 - 20:15:07: "Al Shebab<13><STEAM_0:0:103364981><Civilian>" say "!unfreeze *"

L 07/12/2022 - 20:16:25: "xlVOLKlx<15><STEAM_0:1:643316616><>" connected, address "193.82.239.154:27005"
L 07/12/2022 - 20:16:25: "xlVOLKlx<15><STEAM_0:1:643316616><>" STEAM USERID validated
L 07/12/2022 - 20:16:52: "Skii<14><STEAM_0:0:579690494><>" disconnected (reason "Disconnect by user.")
L 07/12/2022 - 20:17:18: "xlVOLKlx<15><STEAM_0:1:643316616><>" entered the game
L 07/12/2022 - 20:18:14: [ULX] xlVOLKlx froze Huge Fat Man
L 07/12/2022 - 20:18:21: "cooler5<16><STEAM_0:1:57816961><>" connected, address "175.39.27.124:27005"
L 07/12/2022 - 20:18:22: "cooler5<16><STEAM_0:1:57816961><>" STEAM USERID validated
L 07/12/2022 - 20:18:50: "Al Shebab<13><STEAM_0:0:103364981><Civilian>" say "!unfreeze &"

L 07/12/2022 - 20:18:52: [ULX] Al Shebab unfroze Everyone
L 07/12/2022 - 20:18:52: "Al Shebab<13><STEAM_0:0:103364981><Civilian>" say "!unfreeze *"

L 07/12/2022 - 20:19:05: [ULX] xlVOLKlx froze Huge Fat Man
L 07/12/2022 - 20:19:44: [ULX] Al Shebab unfroze Everyone
L 07/12/2022 - 20:19:44: "Al Shebab<13><STEAM_0:0:103364981><Civilian>" say "!unfreeze *"

L 07/12/2022 - 20:20:41: [ULX] xlVOLKlx froze Huge Fat Man
L 07/12/2022 - 20:20:43: "Skii<17><STEAM_0:0:579690494><>" connected, address "172.195.123.72:27005"
L 07/12/2022 - 20:20:43: "Skii<17><STEAM_0:0:579690494><>" STEAM USERID validated
L 07/12/2022 - 20:21:33: "xlVOLKlx<15><STEAM_0:1:643316616><Civilian>" say "/god"

L 07/12/2022 - 20:21:40: [ULX] Al Shebab unfroze Everyone
L 07/12/2022 - 20:21:40: "Al Shebab<13><STEAM_0:0:103364981><Civilian>" say "!unfreeze *"

L 07/12/2022 - 20:21:56: "Skii<17><STEAM_0:0:579690494><>" entered the game
L 07/12/2022 - 20:22:03: [ULX] Al Shebab added Huge Fat Man to group trial-moderator
L 07/12/2022 - 20:22:15: "cooler5<16><STEAM_0:1:57816961><>" entered the game
L 07/12/2022 - 20:22:29: "DJ Bread<17><STEAM_0:0:579690494><Civilian>" say "!menu"

L 07/12/2022 - 20:22:30: [ULX] Al Shebab removed all access rights from Huge Fat Man
L 07/12/2022 - 20:22:40: [ULX] DJ Bread granted god mode upon Themself
L 07/12/2022 - 20:23:17: "xlVOLKlx<15><STEAM_0:1:643316616><Civilian>" say "\"

L 07/12/2022 - 20:23:41: [ULX] cooler5<STEAM_0:1:57816961> spawned model models/props_wasteland/laundry_cart002.mdl
L 07/12/2022 - 20:23:45: [ULX] cooler5<STEAM_0:1:57816961> spawned model models/props_wasteland/wheel03b.mdl
L 07/12/2022 - 20:23:52: "xlVOLKlx<15><STEAM_0:1:643316616><Civilian>" say "/me Performs MilitärischerGruß"

L 07/12/2022 - 20:24:11: [ULX] cooler5<STEAM_0:1:57816961> spawned model models/props_wasteland/kitchen_stove001a.mdl
L 07/12/2022 - 20:24:57: "Huge Fat Man<12><STEAM_0:0:149571420><Civilian>" say "!menu"

L 07/12/2022 - 20:25:08: [ULX] Huge Fat Man started a votegag of 0 minute(s) against Al Shebab
L 07/12/2022 - 20:25:09: [ULX] cooler5<STEAM_0:1:57816961> spawned model models/props_wasteland/laundry_basket001.mdl
L 07/12/2022 - 20:25:16: "DJ Bread<17><STEAM_0:0:579690494><Civilian>" say "!menu"

L 07/12/2022 - 20:25:19: [ULX] cooler5<STEAM_0:1:57816961> spawned model models/props_junk/wood_pallet001a.mdl
L 07/12/2022 - 20:25:25: "Huge Fat Man<12><STEAM_0:0:149571420><Civilian>" say "!menu"

L 07/12/2022 - 20:25:45: [ULX] cooler5<STEAM_0:1:57816961> spawned model models/props_junk/wood_pallet001a.mdl
L 07/12/2022 - 20:25:46: "DJ Bread<17><STEAM_0:0:579690494><Civilian>" say "!menu"

L 07/12/2022 - 20:25:53: [ULX] cooler5<STEAM_0:1:57816961> spawned model models/props_interiors/furniture_couch02a.mdl
L 07/12/2022 - 20:25:55: [ULX] DJ Bread mauled Huge Fat Man
L 07/12/2022 - 20:25:55: [ULX] cooler5<STEAM_0:1:57816961> spawned model models/props_trainstation/tracksign08.mdl
L 07/12/2022 - 20:26:04: [ULX] cooler5<STEAM_0:1:57816961> spawned model models/props_wasteland/wood_fence02a.mdl
L 07/12/2022 - 20:26:04: "Al Shebab<13><STEAM_0:0:103364981><Civilian>" say "!gprotect"

L 07/12/2022 - 20:26:06: [ULX] cooler5<STEAM_0:1:57816961> spawned model models/props_wasteland/wood_fence02a.mdl
L 07/12/2022 - 20:26:09: [ULX] cooler5<STEAM_0:1:57816961> spawned model models/props_wasteland/wood_fence02a.mdl
L 07/12/2022 - 20:26:13: [ULX] cooler5<STEAM_0:1:57816961> spawned model models/props_wasteland/wheel02a.mdl
L 07/12/2022 - 20:26:13: "Huge Fat Man<12><STEAM_0:0:149571420><Civilian>" say "!menu"

L 07/12/2022 - 20:26:17: [ULX] DJ Bread<STEAM_0:0:579690494> spawned sent oneprint
L 07/12/2022 - 20:26:19: [ULX] cooler5<STEAM_0:1:57816961> spawned model models/props_wasteland/wheel02a.mdl
L 07/12/2022 - 20:26:20: "Al Shebab<13><STEAM_0:0:103364981><Civilian>" say "!gprotect"

L 07/12/2022 - 20:26:27: "Al Shebab<13><STEAM_0:0:103364981><Civilian>" say "!gprotect"

L 07/12/2022 - 20:26:37: [ULX] Huge Fat Man started a vote mute of 0 minute(s) against xlVOLKlx
L 07/12/2022 - 20:26:44: [ULX] Huge Fat Man started a vote mute of 1440 minute(s) against xlVOLKlx
L 07/12/2022 - 20:26:47: [ULX] Al Shebab<STEAM_0:0:103364981> spawned model models/props_c17/fence02a.mdl
L 07/12/2022 - 20:26:54: [ULX] Al Shebab<STEAM_0:0:103364981> spawned model models/props_c17/fence02a.mdl
L 07/12/2022 - 20:26:58: "DJ Bread<17><STEAM_0:0:579690494><Civilian>" say "/drop"

L 07/12/2022 - 20:27:00: [ULX] cooler5<STEAM_0:1:57816961> spawned model models/props_interiors/furniture_desk01a.mdl
L 07/12/2022 - 20:27:00: [ULX] cooler5<STEAM_0:1:57816961> spawned model models/props_interiors/furniture_desk01a.mdl
L 07/12/2022 - 20:27:02: "Al Shebab<13><STEAM_0:0:103364981><Civilian>" say "!gprotect"

L 07/12/2022 - 20:27:06: "Huge Fat Man<12><STEAM_0:0:149571420><Civilian>" say "!mwnu"

L 07/12/2022 - 20:27:09: [ULX] cooler5<STEAM_0:1:57816961> spawned model models/props_junk/cardboard_box003b.mdl
L 07/12/2022 - 20:27:11: "Huge Fat Man<12><STEAM_0:0:149571420><Civilian>" say "!menu"

L 07/12/2022 - 20:27:12: [ULX] DJ Bread<STEAM_0:0:579690494> spawned sent oneprint
L 07/12/2022 - 20:27:13: [ULX] cooler5<STEAM_0:1:57816961> spawned model models/props_c17/fence01b.mdl
L 07/12/2022 - 20:27:17: [ULX] Huge Fat Man started a vote mute of 10080 minute(s) against xlVOLKlx
L 07/12/2022 - 20:27:22: [ULX] cooler5<STEAM_0:1:57816961> spawned model models/props_c17/fence01a.mdl
L 07/12/2022 - 20:27:29: [ULX] cooler5<STEAM_0:1:57816961> spawned model models/props_c17/fence01a.mdl
L 07/12/2022 - 20:27:32: [ULX] cooler5<STEAM_0:1:57816961> spawned model models/props_c17/fence01a.mdl
L 07/12/2022 - 20:27:39: [ULX] cooler5<STEAM_0:1:57816961> spawned model models/props_c17/fence03a.mdl
L 07/12/2022 - 20:27:39: [ULX] DJ Bread<STEAM_0:0:579690494> spawned sent oneprint
L 07/12/2022 - 20:27:41: [ULX] Huge Fat Man<STEAM_0:0:149571420> spawned model models/props_c17/fence03a.mdl
L 07/12/2022 - 20:27:49: [ULX] cooler5<STEAM_0:1:57816961> spawned model models/props_c17/fence01a.mdl
L 07/12/2022 - 20:27:51: [ULX] cooler5<STEAM_0:1:57816961> spawned model models/props_c17/fence02b.mdl
L 07/12/2022 - 20:27:55: [ULX] Huge Fat Man<STEAM_0:0:149571420> spawned model models/props_c17/lockers001a.mdl
L 07/12/2022 - 20:27:57: [ULX] cooler5<STEAM_0:1:57816961> spawned model models/props_c17/fence03a.mdl
L 07/12/2022 - 20:27:59: [ULX] Huge Fat Man<STEAM_0:0:149571420> spawned model models/props_c17/lockers001a.mdl
L 07/12/2022 - 20:28:00: [ULX] cooler5<STEAM_0:1:57816961> spawned model models/props_c17/fence03a.mdl
L 07/12/2022 - 20:28:04: [ULX] cooler5<STEAM_0:1:57816961> spawned model models/props_c17/fence02b.mdl
L 07/12/2022 - 20:28:08: [ULX] cooler5<STEAM_0:1:57816961> spawned model models/props_c17/fence03a.mdl
L 07/12/2022 - 20:28:14: [ULX] Huge Fat Man<STEAM_0:0:149571420> spawned model models/props_c17/lockers001a.mdl
L 07/12/2022 - 20:28:18: [ULX] Huge Fat Man<STEAM_0:0:149571420> spawned model models/props_c17/lockers001a.mdl
L 07/12/2022 - 20:28:19: [ULX] cooler5<STEAM_0:1:57816961> spawned model models/props_c17/fence03a.mdl
L 07/12/2022 - 20:28:35: [ULX] Huge Fat Man<STEAM_0:0:149571420> spawned model models/props_c17/lockers001a.mdl
L 07/12/2022 - 20:28:43: [ULX] Huge Fat Man<STEAM_0:0:149571420> spawned model models/props_c17/lockers001a.mdl
L 07/12/2022 - 20:28:46: "DJ Bread<17><STEAM_0:0:579690494><Civilian>" say "!menu"

L 07/12/2022 - 20:28:50: [ULX] DJ Bread granted god mode upon Themself
L 07/12/2022 - 20:28:57: [ULX] Huge Fat Man<STEAM_0:0:149571420> spawned model models/props_c17/lockers001a.mdl
L 07/12/2022 - 20:28:59: "DJ Bread<17><STEAM_0:0:579690494><Civilian>" say "!menu"

L 07/12/2022 - 20:29:01: [ULX] DJ Bread ragdolled Huge Fat Man
L 07/12/2022 - 20:29:15: "Huge Fat Man<12><STEAM_0:0:149571420><Civilian>" say "!menu"

L 07/12/2022 - 20:29:16: [ULX] cooler5<STEAM_0:1:57816961> spawned model models/props/de_tides/gate_large.mdl
L 07/12/2022 - 20:29:19: "DJ Bread<17><STEAM_0:0:579690494><Civilian>" say "!menu"

L 07/12/2022 - 20:29:19: [ULX] Huge Fat Man started a vote mute of 10080 minute(s) against DJ Bread
L 07/12/2022 - 20:29:21: [ULX] DJ Bread unragdolled Huge Fat Man
L 07/12/2022 - 20:29:26: [ULX] cooler5<STEAM_0:1:57816961> spawned model models/props/de_tides/gate_large.mdl
L 07/12/2022 - 20:29:27: "DJ Bread<17><STEAM_0:0:579690494><Civilian>" say "!menu"

L 07/12/2022 - 20:29:29: [ULX] Huge Fat Man started a vote mute of 5256000 minute(s) against DJ Bread
L 07/12/2022 - 20:29:29: [ULX] Huge Fat Man started a vote mute of 5256000 minute(s) against DJ Bread
L 07/12/2022 - 20:29:30: [ULX] Huge Fat Man started a vote mute of 5256000 minute(s) against DJ Bread
L 07/12/2022 - 20:29:36: [ULX] Huge Fat Man started a vote mute of 5256000 minute(s) against DJ Bread
L 07/12/2022 - 20:29:42: [ULX] cooler5<STEAM_0:1:57816961> spawned model models/props/de_tides/gate_large.mdl
L 07/12/2022 - 20:29:45: [ULX] cooler5<STEAM_0:1:57816961> spawned model models/props/de_tides/gate_large.mdl
L 07/12/2022 - 20:29:48: "Huge Fat Man<12><STEAM_0:0:149571420><Civilian>" say "!menu"

L 07/12/2022 - 20:29:51: [ULX] Huge Fat Man started a vote mute of 5256000 minute(s) against xlVOLKlx
L 07/12/2022 - 20:29:56: "DJ Bread<17><STEAM_0:0:579690494><Civilian>" say "!menu"

L 07/12/2022 - 20:30:00: [ULX] cooler5<STEAM_0:1:57816961> spawned model models/props/de_tides/gate_large.mdl
L 07/12/2022 - 20:30:02: [ULX] cooler5<STEAM_0:1:57816961> spawned model models/props/de_tides/gate_large.mdl
L 07/12/2022 - 20:30:06: [ULX] cooler5<STEAM_0:1:57816961> spawned model models/props/de_tides/gate_large.mdl
L 07/12/2022 - 20:30:09: [ULX] cooler5<STEAM_0:1:57816961> spawned model models/props/de_tides/gate_large.mdl
L 07/12/2022 - 20:30:11: [ULX] cooler5<STEAM_0:1:57816961> spawned model models/props/de_tides/gate_large.mdl
L 07/12/2022 - 20:30:12: Lua Error: 
[ulx] addons/ulx/lua/ulx/log.lua:493: bad argument #2 to 'format' (number expected, got userdata)
  1. format - [C]:-1
   2. unknown - addons/ulx/lua/ulx/log.lua:493
    3. gsub - [C]:-1
     4. fancyLogAdmin - addons/ulx/lua/ulx/log.lua:463
      5. call - addons/ulx/lua/ulx/modules/sh/money.lua:44
       6. __fn - addons/ulib/lua/ulib/shared/commands.lua:943
        7. execute - addons/ulib/lua/ulib/shared/commands.lua:1323
         8. unknown - addons/ulib/lua/ulib/shared/commands.lua:1351
          9. Run - lua/includes/modules/concommand.lua:54
           10. unknown - addons/ulib/lua/ulib/shared/commands.lua:1365
            11. unknown - lua/includes/modules/concommand.lua:54


L 07/12/2022 - 20:30:15: [ULX] cooler5<STEAM_0:1:57816961> spawned model models/props/de_tides/gate_large.mdl
L 07/12/2022 - 20:30:18: [ULX] Huge Fat Man<STEAM_0:0:149571420> spawned model models/props_c17/lockers001a.mdl
L 07/12/2022 - 20:30:18: [ULX] cooler5<STEAM_0:1:57816961> spawned model models/props/de_tides/gate_large.mdl
L 07/12/2022 - 20:30:20: [ULX] cooler5<STEAM_0:1:57816961> spawned model models/props/de_tides/gate_large.mdl
L 07/12/2022 - 20:30:25: [ULX] Huge Fat Man<STEAM_0:0:149571420> spawned model models/props_c17/lockers001a.mdl
L 07/12/2022 - 20:30:40: "DJ Bread<17><STEAM_0:0:579690494><Civilian>" say "!menu"

L 07/12/2022 - 20:30:40: [ULX] cooler5<STEAM_0:1:57816961> spawned model models/props_phx/wheels/moped_tire.mdl
L 07/12/2022 - 20:30:42: [ULX] cooler5<STEAM_0:1:57816961> spawned model models/props_phx/wheels/moped_tire.mdl
L 07/12/2022 - 20:30:43: Lua Error: 
[ulx] addons/ulx/lua/ulx/log.lua:493: bad argument #2 to 'format' (number expected, got userdata)
  1. format - [C]:-1
   2. unknown - addons/ulx/lua/ulx/log.lua:493
    3. gsub - [C]:-1
     4. fancyLogAdmin - addons/ulx/lua/ulx/log.lua:463
      5. call - addons/ulx/lua/ulx/modules/sh/money.lua:44
       6. __fn - addons/ulib/lua/ulib/shared/commands.lua:943
        7. execute - addons/ulib/lua/ulib/shared/commands.lua:1323
         8. unknown - addons/ulib/lua/ulib/shared/commands.lua:1351
          9. Run - lua/includes/modules/concommand.lua:54
           10. unknown - addons/ulib/lua/ulib/shared/commands.lua:1365
            11. unknown - lua/includes/modules/concommand.lua:54


L 07/12/2022 - 20:30:43: [ULX] cooler5<STEAM_0:1:57816961> spawned model models/props_phx/wheels/moped_tire.mdl
L 07/12/2022 - 20:30:44: [ULX] Huge Fat Man<STEAM_0:0:149571420> spawned model models/props_c17/lockers001a.mdl
L 07/12/2022 - 20:30:45: Lua Error: 
[ulx] addons/ulx/lua/ulx/log.lua:493: bad argument #2 to 'format' (number expected, got userdata)
  1. format - [C]:-1
   2. unknown - addons/ulx/lua/ulx/log.lua:493
    3. gsub - [C]:-1
     4. fancyLogAdmin - addons/ulx/lua/ulx/log.lua:463
      5. call - addons/ulx/lua/ulx/modules/sh/money.lua:44
       6. __fn - addons/ulib/lua/ulib/shared/commands.lua:943
        7. execute - addons/ulib/lua/ulib/shared/commands.lua:1323
         8. unknown - addons/ulib/lua/ulib/shared/commands.lua:1351
          9. Run - lua/includes/modules/concommand.lua:54
           10. unknown - addons/ulib/lua/ulib/shared/commands.lua:1365
            11. unknown - lua/includes/modules/concommand.lua:54


L 07/12/2022 - 20:30:48: "xlVOLKlx<15><STEAM_0:1:643316616><>" disconnected (reason "Disconnect by user.")
L 07/12/2022 - 20:30:51: [ULX] Huge Fat Man<STEAM_0:0:149571420> spawned model models/props_c17/fountain_01.mdl
L 07/12/2022 - 20:31:01: [ULX] cooler5<STEAM_0:1:57816961> spawned model models/props/de_inferno/flower_barrel_p11.mdl
L 07/12/2022 - 20:31:02: [ULX] Huge Fat Man<STEAM_0:0:149571420> spawned model models/props_canal/canal_bridge03b.mdl
L 07/12/2022 - 20:31: