L 07/12/2022 - 18:59:08: Log file started (file "logs\L0712015.log") (game "C:\Users\kazza\Desktop\Garry's Mod\steamcmd\steamapps\common\GarrysModDS\garrysmod") (version "8607")
L 07/12/2022 - 18:59:08: server_cvar: "sbox_noclip" "0"
L 07/12/2022 - 18:59:08: server_cvar: "sbox_maxprops" "80"
L 07/12/2022 - 18:59:08: server_cvar: "sbox_maxragdolls" "0"
L 07/12/2022 - 18:59:08: server_cvar: "sbox_maxnpcs" "0"
L 07/12/2022 - 18:59:08: server_cvar: "sbox_maxballoons" "0"
L 07/12/2022 - 18:59:08: server_cvar: "sbox_maxeffects" "0"
L 07/12/2022 - 18:59:08: server_cvar: "sbox_maxdynamite" "0"
L 07/12/2022 - 18:59:08: server_cvar: "sbox_maxlamps" "0"
L 07/12/2022 - 18:59:08: server_cvar: "sbox_maxthrusters" "0"
L 07/12/2022 - 18:59:08: server_cvar: "sbox_maxwheels" "0"
L 07/12/2022 - 18:59:08: server_cvar: "sbox_maxhoverballs" "0"
L 07/12/2022 - 18:59:08: server_cvar: "sbox_maxvehicles" "1"
L 07/12/2022 - 18:59:08: server_cvar: "sbox_maxbuttons" "6"
L 07/12/2022 - 18:59:08: server_cvar: "sbox_maxemitters" "0"
L 07/12/2022 - 18:59:08: server_cvar: "sbox_maxtextscreens" "3"
L 07/12/2022 - 18:59:08: server_cvar: "sv_airaccelerate" "1000"
L 07/12/2022 - 18:59:15: Connection to Steam servers successful.
L 07/12/2022 - 18:59:15:    Public IP is 60.241.142.139.
L 07/12/2022 - 18:59:15: Assigned persistent gameserver Steam ID [G-1:3987399].
L 07/12/2022 - 18:59:15: VAC secure mode is activated.
L 07/12/2022 - 18:59:15: "Huge Fat Man<2><STEAM_0:0:149571420><>" connected, address "120.23.159.186:27005"
L 07/12/2022 - 18:59:15: "Huge Fat Man<2><STEAM_0:0:149571420><>" STEAM USERID validated
L 07/12/2022 - 18:59:25: "Al Shebab<3><STEAM_0:0:103364981><>" connected, address "60.241.142.139:27006"
L 07/12/2022 - 18:59:25: "Al Shebab<3><STEAM_0:0:103364981><>" STEAM USERID validated
L 07/12/2022 - 18:59:47: Lua Error: 
[tebexgmod] addons/tebexgmod/lua/tebex/client/apiclient.lua:36: attempt to call upvalue 'failure' (a nil value)
  1. unknown - addons/tebexgmod/lua/tebex/client/apiclient.lua:36


L 07/12/2022 - 18:59:51: "Al Shebab<3><STEAM_0:0:103364981><>" entered the game
L 07/12/2022 - 18:59:55: "Huge Fat Man<2><STEAM_0:0:149571420><>" entered the game
L 07/12/2022 - 19:01:14: "Huge Fat Man<2><STEAM_0:0:149571420><Civilian>" say "!workshop"

L 07/12/2022 - 19:01:14: "Al Shebab<3><STEAM_0:0:103364981><Meth Cook>" say "!WORKSHOP"

L 07/12/2022 - 19:02:47: "Al Shebab<3><STEAM_0:0:103364981><Meth Cook>" say "!gprotect"

L 07/12/2022 - 19:05:22: "Al Shebab<3><STEAM_0:0:103364981><Meth Cook>" say "!gprotect"

L 07/12/2022 - 19:05:30: "Skii<4><STEAM_0:0:579690494><>" connected, address "172.195.123.72:27005"
L 07/12/2022 - 19:05:30: "Skii<4><STEAM_0:0:579690494><>" STEAM USERID validated
L 07/12/2022 - 19:06:31: "Skii<4><STEAM_0:0:579690494><>" entered the game
L 07/12/2022 - 19:08:26: "DJ Bread<4><STEAM_0:0:579690494><Civilian>" say "!menu"

L 07/12/2022 - 19:08:54: [ULX] DJ Bread added Huge Fat Man to group perth
L 07/12/2022 - 19:08:59: "DJ Bread<4><STEAM_0:0:579690494><Civilian>" say "!menu"

L 07/12/2022 - 19:09:10: [ULX] DJ Bread added Huge Fat Man to group regular
L 07/12/2022 - 19:10:12: "DJ Bread<4><STEAM_0:0:579690494><Civilian>" say "!adduser Huge Fat Man user"

L 07/12/2022 - 19:10:16: "DJ Bread<4><STEAM_0:0:579690494><Civilian>" say "!menu"

L 07/12/2022 - 19:10:21: [ULX] DJ Bread added Huge Fat Man to group trusted
L 07/12/2022 - 19:11:02: "DJ Bread<4><STEAM_0:0:579690494><Civilian>" say "// nig"

L 07/12/2022 - 19:11:05: "DJ Bread<4><STEAM_0:0:579690494><Civilian>" say "// eria"

L 07/12/2022 - 19:11:08: "Huge Fat Man<2><STEAM_0:0:149571420><Civilian>" say "NIGGER"

L 07/12/2022 - 19:14:49: [ULX] (Console) added Al Shebab to group perth
L 07/12/2022 - 19:14:49: [ULX] (Console) added userid STEAM_0:1:121087763 to group perth
L 07/12/2022 - 19:14:49: [ULX] (Console) added userid STEAM_0:1:128868430 to group sydney
L 07/12/2022 - 19:14:49: [ULX] (Console) added userid STEAM_0:0:183460096 to group perth
L 07/12/2022 - 19:14:49: [ULX] (Console) added DJ Bread to group perth
L 07/12/2022 - 19:14:49: [ULX] (Console) added userid STEAM_0:1:83598975 to group melbourne
L 07/12/2022 - 19:14:49: [ULX] (Console) added userid STEAM_0:1:443217738 to group perth
L 07/12/2022 - 19:14:49: [ULX] (Console) added userid STEAM_0:1:208922253 to group perth
L 07/12/2022 - 19:14:49: [ULX] (Console) added userid STEAM_0:1:197708528 to group sydney
L 07/12/2022 - 19:14:49: [ULX] (Console) added userid STEAM_0:1:157785215 to group perth
L 07/12/2022 - 19:14:49: [ULX] (Console) added userid STEAM_0:0:86866846 to group sydney
L 07/12/2022 - 19:14:49: [ULX] (Console) added userid STEAM_0:1:107335883 to group perth
L 07/12/2022 - 19:14:49: [ULX] (Console) added userid STEAM_0:0:85045376 to group perth
L 07/12/2022 - 19:14:49: [ULX] (Console) added userid STEAM_0:0:68387277 to group perth
L 07/12/2022 - 19:14:49: [ULX] (Console) added userid STEAM_0:1:128868430 to group perth
L 07/12/2022 - 19:14:49: [ULX] (Console) added userid STEAM_0:0:85045376 to group brisbane
L 07/12/2022 - 19:14:49: [ULX] (Console) added userid STEAM_0:1:549347148 to group melbourne
L 07/12/2022 - 19:14:49: [ULX] (Console) added userid STEAM_0:0:25949007 to group sydney
L 07/12/2022 - 19:14:49: [ULX] (Console) added userid STEAM_0:0:431201115 to group perth
L 07/12/2022 - 19:14:49: [ULX] (Console) added userid STEAM_0:1:172865881 to group perth
L 07/12/2022 - 19:14:49: [ULX] (Console) added userid STEAM_0:0:501875258 to group perth
L 07/12/2022 - 19:14:49: [ULX] (Console) added userid STEAM_0:0:98102011 to group brisbane
L 07/12/2022 - 19:14:49: [ULX] (Console) added userid STEAM_0:0:49336636 to group perth
L 07/12/2022 - 19:14:49: [ULX] (Console) added userid STEAM_0:0:98102011 to group sydney
L 07/12/2022 - 19:14:49: [ULX] (Console) added userid STEAM_0:0:33943096 to group perth
L 07/12/2022 - 19:14:49: [ULX] (Console) added userid STEAM_0:0:183460096 to group brisbane
L 07/12/2022 - 19:14:49: [ULX] (Console) added userid STEAM_0:0:123344808 to group sydney
L 07/12/2022 - 19:14:49: [ULX] (Console) added userid STEAM_0:1:7264716 to group perth
L 07/12/2022 - 19:14:49: [ULX] (Console) added userid STEAM_0:1:22015621 to group perth
L 07/12/2022 - 19:14:49: [ULX] (Console) added userid STEAM_0:0:65829894 to group melbourne
L 07/12/2022 - 19:14:49: [ULX] (Console) added userid STEAM_0:0:68387277 to group melbourne
L 07/12/2022 - 19:14:49: [ULX] (Console) added userid STEAM_0:0:117246347 to group perth
L 07/12/2022 - 19:14:49: [ULX] (Console) added widepeeked to group perth
L 07/12/2022 - 19:14:49: [ULX] (Console) added userid STEAM_0:1:32893562 to group sydney
L 07/12/2022 - 19:14:49: [ULX] (Console) added Binchicken to group perth
L 07/12/2022 - 19:14:49: [ULX] (Console) added userid STEAM_0:1:524749674 to group perth
L 07/12/2022 - 19:14:49: [ULX] (Console) added userid STEAM_0:0:117246347 to group brisbane
L 07/12/2022 - 19:14:49: [ULX] (Console) added userid STEAM_0:0:159945895 to group perth
L 07/12/2022 - 19:14:49: [ULX] (Console) added userid STEAM_0:1:85832050 to group perth
L 07/12/2022 - 19:14:49: [ULX] (Console) added userid STEAM_0:1:231698976 to group perth
L 07/12/2022 - 19:14:49: [ULX] (Console) added userid STEAM_0:0:68387277 to group sydney
L 07/12/2022 - 19:14:49: [ULX] (Console) added userid STEAM_0:1:17283393 to group perth
L 07/12/2022 - 19:14:49: [ULX] (Console) added userid STEAM_0:0:159925689 to group melbourne
L 07/12/2022 - 19:14:49: [ULX] (Console) added userid STEAM_0:1:129042974 to group perth
L 07/12/2022 - 19:14:49: [ULX] (Console) added userid STEAM_0:0:58891893 to group perth
L 07/12/2022 - 19:14:49: [ULX] (Console) added userid STEAM_0:0:513599788 to group perth
L 07/12/2022 - 19:14:49: [ULX] (Console) added userid STEAM_0:1:74022863 to group sydney
L 07/12/2022 - 19:14:49: [ULX] (Console) added userid STEAM_0:0:544192589 to group perth
L 07/12/2022 - 19:14:49: [ULX] (Console) added userid STEAM_0:1:45141952 to group sydney
L 07/12/2022 - 19:14:49: [ULX] (Console) added userid STEAM_0:0:174848051 to group perth
L 07/12/2022 - 19:14:49: [ULX] (Console) added userid STEAM_0:0:174848051 to group brisbane
L 07/12/2022 - 19:14:49: [ULX] (Console) added userid STEAM_0:1:84291519 to group brisbane
L 07/12/2022 - 19:14:49: [ULX] (Console) added userid STEAM_0:0:53317338 to group perth
L 07/12/2022 - 19:14:49: [ULX] (Console) added userid STEAM_0:0:197938704 to group perth
L 07/12/2022 - 19:14:49: [ULX] (Console) added userid STEAM_0:0:46518440 to group perth
L 07/12/2022 - 19:14:49: [ULX] (Console) added userid STEAM_0:0:82818018 to group perth
L 07/12/2022 - 19:14:49: [ULX] (Console) added userid STEAM_0:1:73576035 to group perth
L 07/12/2022 - 19:14:49: [ULX] (Console) added userid STEAM_0:1:55610618 to group melbourne
L 07/12/2022 - 19:14:49: [ULX] (Console) added userid STEAM_0:0:79498740 to group perth
L 07/12/2022 - 19:14:49: [ULX] (Console) added userid STEAM_0:0:55650188 to group sydney
L 07/12/2022 - 19:14:49: [ULX] (Console) added userid STEAM_0:0:30517554 to group perth
L 07/12/2022 - 19:14:49: [ULX] (Console) added userid STEAM_0:1:32981097 to group sydney
L 07/12/2022 - 19:14:49: [ULX] (Console) added userid STEAM_0:1:47977664 to group perth
L 07/12/2022 - 19:14:49: [ULX] (Console) added userid STEAM_0:1:463427717 to group brisbane
L 07/12/2022 - 19:14:49: [ULX] (Console) added userid STEAM_0:1:463427717 to group melbourne
L 07/12/2022 - 19:14:49: [ULX] (Console) added userid STEAM_0:1:463427717 to group sydney
L 07/12/2022 - 19:14:49: [ULX] (Console) added userid STEAM_0:1:47977664 to group brisbane
L 07/12/2022 - 19:14:49: [ULX] (Console) added userid STEAM_0:0:237754247 to group perth
L 07/12/2022 - 19:14:49: [ULX] (Console) added userid STEAM_0:0:189217395 to group sydney
L 07/12/2022 - 19:14:49: [ULX] (Console) added userid STEAM_0:0:237754247 to group sydney
L 07/12/2022 - 19:14:49: [ULX] (Console) added userid STEAM_0:1:47977664 to group sydney
L 07/12/2022 - 19:14:49: [ULX] (Console) added userid STEAM_0:1:427834226 to group perth
L 07/12/2022 - 19:14:49: "Huge Fat Man<2><STEAM_0:0:149571420><>" disconnected (reason "Client 0 overflowed reliable channel.")
L 07/12/2022 - 19:14:49: "Al Shebab<3><STEAM_0:0:103364981><>" disconnected (reason "Client 1 overflowed reliable channel.")
L 07/12/2022 - 19:14:49: "Skii<4><STEAM_0:0:579690494><>" disconnected (reason "Client 2 overflowed reliable channel.")
L 07/12/2022 - 19:15:26: "Skii<5><STEAM_0:0:579690494><>" connected, address "172.195.123.72:27005"
L 07/12/2022 - 19:15:26: "Skii<5><STEAM_0:0:579690494><>" STEAM USERID validated
L 07/12/2022 - 19:15:33: "Huge Fat Man<6><STEAM_0:0:149571420><>" connected, address "120.23.159.186:27005"
L 07/12/2022 - 19:15:33: "Huge Fat Man<6><STEAM_0:0:149571420><>" STEAM USERID validated
L 07/12/2022 - 19:15:58: "Huge Fat Man<6><STEAM_0:0:149571420><>" entered the game
L 07/12/2022 - 19:16:22: "Skii<5><STEAM_0:0:579690494><>" entered the game
L 07/12/2022 - 19:16:52: [ULX] Huge Fat Man<STEAM_0:0:149571420> spawned model models/props_c17/lockers001a.mdl
L 07/12/2022 - 19:17:05: "Al Shebab<7><STEAM_0:0:103364981><>" connected, address "60.241.142.139:27006"
L 07/12/2022 - 19:17:05: "Al Shebab<7><STEAM_0:0:103364981><>" STEAM USERID validated
L 07/12/2022 - 19:17:06: [ULX] Huge Fat Man<STEAM_0:0:149571420> spawned model models/props_c17/lockers001a.mdl
L 07/12/2022 - 19:17:09: "DJ Bread<5><STEAM_0:0:579690494><Civilian>" say "!menu"

L 07/12/2022 - 19:17:14: [ULX] Huge Fat Man<STEAM_0:0:149571420> spawned model models/props_c17/lockers001a.mdl
L 07/12/2022 - 19:17:23: "Huge Fat Man<6><STEAM_0:0:149571420><Civilian>" say "!ban"

L 07/12/2022 - 19:17:31: "Al Shebab<7><STEAM_0:0:103364981><>" entered the game
L 07/12/2022 - 19:18:03: [ULX] (Console) added Al Shebab to group superadmin
L 07/12/2022 - 19:18:34: [ULX] Al Shebab added DJ Bread to group superadmin
L 07/12/2022 - 19:18:50: [ULX] Al Shebab added Binchicken to group staff-manager
L 07/12/2022 - 19:19:08: [ULX] Al Shebab added Frazer to group sydney
L 07/12/2022 - 19:19:12: [ULX] Al Shebab removed all access rights from Frazer
L 07/12/2022 - 19:19:33: [ULX] Al Shebab added widepeeked to group administrator
L 07/12/2022 - 19:21:12: [ULX] Huge Fat Man<STEAM_0:0:149571420> spawned model models/props_c17/fence03a.mdl
L 07/12/2022 - 19:21:25: "Al Shebab<7><STEAM_0:0:103364981><Civilian>" say "!gprotect"

L 07/12/2022 - 19:21:34: "Huge Fat Man<6><STEAM_0:0:149571420><Civilian>" say "/invholster"

L 07/12/2022 - 19:21:35: "Huge Fat Man<6><STEAM_0:0:149571420><Civilian>" say "/invholster"

L 07/12/2022 - 19:23:59: [ULX] Al Shebab<STEAM_0:0:103364981> spawned sent m9k_ammo_nervegas
L 07/12/2022 - 19:24:00: [ULX] Al Shebab<STEAM_0:0:103364981> spawned sent m9k_ammo_nervegas
L 07/12/2022 - 19:24:00: [ULX] Al Shebab<STEAM_0:0:103364981> spawned sent m9k_ammo_nervegas
L 07/12/2022 - 19:24:00: [ULX] Al Shebab<STEAM_0:0:103364981> spawned sent m9k_ammo_nervegas
L 07/12/2022 - 19:24:01: [ULX] Al Shebab<STEAM_0:0:103364981> spawned sent m9k_ammo_nervegas
L 07/12/2022 - 19:24:01: [ULX] Al Shebab<STEAM_0:0:103364981> spawned sent m9k_ammo_nervegas
L 07/12/2022 - 19:24:02: [ULX] Al Shebab<STEAM_0:0:103364981> spawned sent m9k_ammo_nervegas
L 07/12/2022 - 19:24:02: [ULX] Al Shebab<STEAM_0:0:103364981> spawned sent m9k_ammo_nervegas
L 07/12/2022 - 19:24:03: [ULX] Al Shebab<STEAM_0:0:103364981> spawned sent m9k_ammo_nervegas
L 07/12/2022 - 19:24:03: [ULX] Al Shebab<STEAM_0:0:103364981> spawned sent m9k_ammo_nervegas
L 07/12/2022 - 19:24:03: [ULX] Al Shebab<STEAM_0:0:103364981> spawned sent m9k_ammo_nervegas
L 07/12/2022 - 19:24:04: [ULX] Al Shebab<STEAM_0:0:103364981> spawned sent m9k_ammo_nervegas
L 07/12/2022 - 19:24:04: [ULX] Al Shebab<STEAM_0:0:103364981> spawned sent m9k_ammo_nervegas
L 07/12/2022 - 19:24:05: [ULX] Al Shebab<STEAM_0:0:103364981> spawned sent m9k_ammo_nervegas
L 07/12/2022 - 19:24:05: [ULX] Al Shebab<STEAM_0:0:103364981> spawned sent m9k_ammo_nervegas
L 07/12/2022 - 19:24:05: [ULX] Al Shebab<STEAM_0:0:103364981> spawned sent m9k_ammo_nervegas
L 07/12/2022 - 19:24:06: [ULX] Al Shebab<STEAM_0:0:103364981> spawned sent m9k_ammo_nervegas
L 07/12/2022 - 19:24:06: [ULX] Al Shebab<STEAM_0:0:103364981> spawned sent m9k_ammo_nervegas
L 07/12/2022 - 19:24:06: [ULX] Al Shebab<STEAM_0:0:103364981> spawned sent m9k_ammo_nervegas
L 07/12/2022 - 19:24:07: [ULX] Al Shebab<STEAM_0:0:103364981> spawned sent m9k_ammo_nervegas
L 07/12/2022 - 19:24:07: [ULX] Al Shebab<STEAM_0:0:103364981> spawned sent m9k_ammo_nervegas
L 07/12/2022 - 19:24:07: [ULX] Al Shebab<STEAM_0:0:103364981> spawned sent m9k_ammo_nervegas
L 07/12/2022 - 19:24:08: [ULX] Al Shebab<STEAM_0:0:103364981> spawned sent m9k_ammo_nervegas
L 07/12/2022 - 19:24:08: [ULX] Al Shebab<STEAM_0:0:103364981> spawned sent m9k_ammo_nervegas
L 07/12/2022 - 19:24:09: [ULX] Al Shebab<STEAM_0:0:103364981> spawned sent m9k_ammo_nervegas
L 07/12/2022 - 19:24:09: [ULX] Al Shebab<STEAM_0:0:103364981> spawned sent m9k_ammo_nervegas
L 07/12/2022 - 19:24:10: [ULX] Al Shebab<STEAM_0:0:103364981> spawned sent m9k_ammo_nervegas
L 07/12/2022 - 19:24:10: [ULX] Al Shebab<STEAM_0:0:103364981> spawned sent m9k_ammo_nervegas
L 07/12/2022 - 19:24:12: [ULX] Al Shebab<STEAM_0:0:103364981> spawned sent m9k_ammo_nervegas
L 07/12/2022 - 19:24:12: [ULX] Al Shebab<STEAM_0:0:103364981> spawned sent m9k_ammo_nervegas
L 07/12/2022 - 19:24:14: [ULX] Al Shebab<STEAM_0:0:103364981> spawned sent m9k_ammo_c4
L 07/12/2022 - 19:24:15: [ULX] Al Shebab<STEAM_0:0:103364981> spawned sent m9k_ammo_c4
L 07/12/2022 - 19:24:15: [ULX] Al Shebab<STEAM_0:0:103364981> spawned sent m9k_ammo_c4
L 07/12/2022 - 19:24:15: [ULX] Al Shebab<STEAM_0:0:103364981> spawned sent m9k_ammo_c4
L 07/12/2022 - 19:24:16: [ULX] Al Shebab<STEAM_0:0:103364981> spawned sent m9k_ammo_c4
L 07/12/2022 - 19:24:16: [ULX] Al Shebab<STEAM_0:0:103364981> spawned sent m9k_ammo_c4
L 07/12/2022 - 19:24:16: [ULX] Al Shebab<STEAM_0:0:103364981> spawned sent m9k_ammo_c4
L 07/12/2022 - 19:24:17: [ULX] Al Shebab<STEAM_0:0:103364981> spawned sent m9k_ammo_c4
L 07/12/2022 - 19:24:17: [ULX] Al Shebab<STEAM_0:0:103364981> spawned sent m9k_ammo_c4
L 07/12/2022 - 19:24:17: [ULX] Al Shebab<STEAM_0:0:103364981> spawned sent m9k_ammo_c4
L 07/12/2022 - 19:24:18: [ULX] Al Shebab<STEAM_0:0:103364981> spawned sent m9k_ammo_c4
L 07/12/2022 - 19:24:18: [ULX] Al Shebab<STEAM_0:0:103364981> spawned sent m9k_ammo_c4
L 07/12/2022 - 19:24:18: [ULX] Al Shebab<STEAM_0:0:103364981> spawned sent m9k_ammo_c4
L 07/12/2022 - 19:24:19: [ULX] Al Shebab<STEAM_0:0:103364981> spawned sent m9k_ammo_c4
L 07/12/2022 - 19:24:19: [ULX] Al Shebab<STEAM_0:0:103364981> spawned sent m9k_ammo_c4
L 07/12/2022 - 19:24:19: [ULX] Al Shebab<STEAM_0:0:103364981> spawned sent m9k_ammo_c4
L 07/12/2022 - 19:24:20: [ULX] Al Shebab<STEAM_0:0:103364981> spawned sent m9k_ammo_c4
L 07/12/2022 - 19:24:20: [ULX] Al Shebab<STEAM_0:0:103364981> spawned sent m9k_ammo_c4
L 07/12/2022 - 19:24:20: [ULX] Al Shebab<STEAM_0:0:103364981> spawned sent m9k_ammo_c4
L 07/12/2022 - 19:24:21: [ULX] Al Shebab<STEAM_0:0:103364981> spawned sent m9k_ammo_c4
L 07/12/2022 - 19:24:21: [ULX] Al Shebab<STEAM_0:0:103364981> spawned sent m9k_ammo_c4
L 07/12/2022 - 19:24:21: [ULX] Al Shebab<STEAM_0:0:103364981> spawned sent m9k_ammo_c4
L 07/12/2022 - 19:24:22: [ULX] Al Shebab<STEAM_0:0:103364981> spawned sent m9k_ammo_c4
L 07/12/2022 - 19:24:22: [ULX] Al Shebab<STEAM_0:0:103364981> spawned sent m9k_ammo_c4
L 07/12/2022 - 19:24:22: [ULX] Al Shebab<STEAM_0:0:103364981> spawned sent m9k_ammo_c4
L 07/12/2022 - 19:24:23: [ULX] Al Shebab<STEAM_0:0:103364981> spawned sent m9k_ammo_c4
L 07/12/2022 - 19:24:24: [ULX] Al Shebab<STEAM_0:0:103364981> spawned sent m9k_ammo_frags
L 07/12/2022 - 19:24:24: [ULX] Al Shebab<STEAM_0:0:103364981> spawned sent m9k_ammo_frags
L 07/12/2022 - 19:24:24: [ULX] Al Shebab<STEAM_0:0:103364981> spawned sent m9k_ammo_c4
L 07/12/2022 - 19:24:25: [ULX] Al Shebab<STEAM_0:0:103364981> spawned sent m9k_ammo_c4
L 07/12/2022 - 19:24:25: [ULX] Al Shebab<STEAM_0:0:103364981> spawned sent m9k_ammo_c4
L 07/12/2022 - 19:24:25: [ULX] Al Shebab<STEAM_0:0:103364981> spawned sent m9k_ammo_c4
L 07/12/2022 - 19:24:25: [ULX] Al Shebab<STEAM_0:0:103364981> spawned sent m9k_ammo_c4
L 07/12/2022 - 19:24:25: [ULX] Al Shebab<STEAM_0:0:103364981> spawned sent m9k_ammo_c4
L 07/12/2022 - 19:24:26: [ULX] Al Shebab<STEAM_0:0:103364981> spawned sent m9k_ammo_c4
L 07/12/2022 - 19:24:26: [ULX] Al Shebab<STEAM_0:0:103364981> spawned sent m9k_ammo_c4
L 07/12/2022 - 19:24:26: [ULX] Al Shebab<STEAM_0:0:103364981> spawned sent m9k_ammo_c4
L 07/12/2022 - 19:24:26: [ULX] Al Shebab<STEAM_0:0:103364981> spawned sent m9k_ammo_frags
L 07/12/2022 - 19:24:26: [ULX] Al Shebab<STEAM_0:0:103364981> spawned sent m9k_ammo_frags
L 07/12/2022 - 19:24:27: [ULX] Al Shebab<STEAM_0:0:103364981> spawned sent m9k_ammo_frags
L 07/12/2022 - 19:24:27: [ULX] Al Shebab<STEAM_0:0:103364981> spawned sent m9k_ammo_frags
L 07/12/2022 - 19:24:27: [ULX] Al Shebab<STEAM_0:0:103364981> spawned sent m9k_ammo_frags
L 07/12/2022 - 19:24:27: [ULX] Al Shebab<STEAM_0:0:103364981> spawned sent m9k_ammo_frags
L 07/12/2022 - 19:24:27: [ULX] Al Shebab<STEAM_0:0:103364981> spawned sent m9k_ammo_frags
L 07/12/2022 - 19:24:27: [ULX] Al Shebab<STEAM_0:0:103364981> spawned sent m9k_ammo_frags
L 07/12/2022 - 19:24:28: [ULX] Al Shebab<STEAM_0:0:103364981> spawned sent m9k_ammo_frags
L 07/12/2022 - 19:24:28: [ULX] Al Shebab<STEAM_0:0:103364981> spawned sent m9k_ammo_frags
L 07/12/2022 - 19:24:28: [ULX] Al Shebab<STEAM_0:0:103364981> spawned sent m9k_ammo_frags
L 07/12/2022 - 19:24:28: [ULX] Al Shebab<STEAM_0:0:103364981> spawned sent m9k_ammo_frags
L 07/12/2022 - 19:24:28: [ULX] Al Shebab<STEAM_0:0:103364981> spawned sent m9k_ammo_frags
L 07/12/2022 - 19:24:29: [ULX] Al Shebab<STEAM_0:0:103364981> spawned sent m9k_ammo_frags
L 07/12/2022 - 19:24:29: [ULX] Al Shebab<STEAM_0:0:103364981> spawned sent m9k_ammo_frags
L 07/12/2022 - 19:24:29: [ULX] Al Shebab<STEAM_0:0:103364981> spawned sent m9k_ammo_frags
L 07/12/2022 - 19:24:29: [ULX] Al Shebab<STEAM_0:0:103364981> spawned sent m9k_ammo_frags
L 07/12/2022 - 19:24:29: [ULX] Al Shebab<STEAM_0:0:103364981> spawned sent m9k_ammo_frags
L 07/12/2022 - 19:24:29: [ULX] Al Shebab<STEAM_0:0:103364981> spawned sent m9k_ammo_frags
L 07/12/2022 - 19:24:30: [ULX] Al Shebab<STEAM_0:0:103364981> spawned sent m9k_ammo_frags
L 07/12/2022 - 19:24:30: [ULX] Al Shebab<STEAM_0:0:103364981> spawned sent m9k_ammo_frags
L 07/12/2022 - 19:24:30: [ULX] Al Shebab<STEAM_0:0:103364981> spawned sent m9k_ammo_frags
L 07/12/2022 - 19:24:30: [ULX] Al Shebab<STEAM_0:0:103364981> spawned sent m9k_ammo_frags
L 07/12/2022 - 19:24:30: [ULX] Al Shebab<STEAM_0:0:103364981> spawned sent m9k_ammo_frags
L 07/12/2022 - 19:24:30: [ULX] Al Shebab<STEAM_0:0:103364981> spawned sent m9k_ammo_frags
L 07/12/2022 - 19:24:31: [ULX] Al Shebab<STEAM_0:0:103364981> spawned sent m9k_ammo_frags
L 07/12/2022 - 19:24:31: [ULX] Al Shebab<STEAM_0:0:103364981> spawned sent m9k_ammo_frags
L 07/12/2022 - 19:24:31: [ULX] Al Shebab<STEAM_0:0:103364981> spawned sent m9k_ammo_frags
L 07/12/2022 - 19:24:31: [ULX] Al Shebab<STEAM_0:0:103364981> spawned sent m9k_ammo_frags
L 07/12/2022 - 19:24:31: [ULX] Al Shebab<STEAM_0:0:103364981> spawned sent m9k_ammo_frags
L 07/12/2022 - 19:24:31: [ULX] Al Shebab<STEAM_0:0:103364981> spawned sent m9k_ammo_frags
L 07/12/2022 - 19:24:32: [ULX] Al Shebab<STEAM_0:0:103364981> spawned sent m9k_ammo_frags
L 07/12/2022 - 19:24:32: [ULX] Al Shebab<STEAM_0:0:103364981> spawned sent m9k_ammo_frags
L 07/12/2022 - 19:24:32: [ULX] Al Shebab<STEAM_0:0:103364981> spawned sent m9k_ammo_frags
L 07/12/2022 - 19:24:32: [ULX] Al Shebab<STEAM_0:0:103364981> spawned sent m9k_ammo_frags
L 07/12/2022 - 19:24:32: [ULX] Al Shebab<STEAM_0:0:103364981> spawned sent m9k_ammo_frags
L 07/12/2022 - 19:24:32: [ULX] Al Shebab<STEAM_0:0:103364981> spawned sent m9k_ammo_frags
L 07/12/2022 - 19:24:33: [ULX] Al Shebab<STEAM_0:0:103364981> spawned sent m9k_ammo_frags
L 07/12/2022 - 19:24:33: [ULX] Al Shebab<STEAM_0:0:103364981> spawned sent m9k_ammo_frags
L 07/12/2022 - 19:24:33: [ULX] Al Shebab<STEAM_0:0:103364981> spawned sent m9k_ammo_frags
L 07/12/2022 - 19:24:33: [ULX] Al Shebab<STEAM_0:0:103364981> spawned sent m9k_ammo_frags
L 07/12/2022 - 19:24:33: [ULX] Al Shebab<STEAM_0:0:103364981> spawned sent m9k_ammo_frags
L 07/12/2022 - 19:24:34: [ULX] Al Shebab<STEAM_0:0:103364981> spawned sent m9k_ammo_frags
L 07/12/2022 - 19:24:34: [ULX] Al Shebab<STEAM_0:0:103364981> spawned sent m9k_ammo_frags
L 07/12/2022 - 19:24:34: [ULX] Al Shebab<STEAM_0:0:103364981> spawned sent m9k_ammo_frags
L 07/12/2022 - 19:24:34: [ULX] Al Shebab<STEAM_0:0:103364981> spawned sent m9k_ammo_frags
L 07/12/2022 - 19:24:34: [ULX] Al Shebab<STEAM_0:0:103364981> spawned sent m9k_ammo_frags
L 07/12/2022 - 19:24:34: [ULX] Al Shebab<STEAM_0:0:103364981> spawned sent m9k_ammo_frags
L 07/12/2022 - 19:24:35: [ULX] Al Shebab<STEAM_0:0:103364981> spawned sent m9k_ammo_frags
L 07/12/2022 - 19:24:35: [ULX] Al Shebab<STEAM_0:0:103364981> spawned sent m9k_ammo_frags
L 07/12/2022 - 19:24:35: [ULX] Al Shebab<STEAM_0:0:103364981> spawned sent m9k_ammo_frags
L 07/12/2022 - 19:24:35: [ULX] Al Shebab<STEAM_0:0:103364981> spawned sent m9k_ammo_frags
L 07/12/2022 - 19:24:35: [ULX] Al Shebab<STEAM_0:0:103364981> spawned sent m9k_ammo_frags
L 07/12/2022 - 19:24:35: [ULX] Al Shebab<STEAM_0:0:103364981> spawned sent m9k_ammo_frags
L 07/12/2022 - 19:24:36: [ULX] Al Shebab<STEAM_0:0:103364981> spawned sent m9k_ammo_frags
L 07/12/2022 - 19:24:36: [ULX] Al Shebab<STEAM_0:0:103364981> spawned sent m9k_ammo_frags
L 07/12/2022 - 19:24:36: [ULX] Al Shebab<STEAM_0:0:103364981> spawned sent m9k_ammo_frags
L 07/12/2022 - 19:24:36: [ULX] Al Shebab<STEAM_0:0:103364981> spawned sent m9k_ammo_frags
L 07/12/2022 - 19:24:36: [ULX] Al Shebab<STEAM_0:0:103364981> spawned sent m9k_ammo_frags
L 07/12/2022 - 19:24:37: [ULX] Al Shebab<STEAM_0:0:103364981> spawned sent m9k_ammo_frags
L 07/12/2022 - 19:24:37: [ULX] Al Shebab<STEAM_0:0:103364981> spawned sent m9k_ammo_frags
L 07/12/2022 - 19:24:37: [ULX] Al Shebab<STEAM_0:0:103364981> spawned sent m9k_ammo_frags
L 07/12/2022 - 19:24:37: [ULX] Al Shebab<STEAM_0:0:103364981> spawned sent m9k_ammo_frags
L 07/12/2022 - 19:24:37: [ULX] Al Shebab<STEAM_0:0:103364981> spawned sent m9k_ammo_frags
L 07/12/2022 - 19:24:37: [ULX] Al Shebab<STEAM_0:0:103364981> spawned sent m9k_ammo_frags
L 07/12/2022 - 19:24:38: [ULX] Al Shebab<STEAM_0:0:103364981> spawned sent m9k_ammo_frags
L 07/12/2022 - 19:24:38: [ULX] Al Shebab<STEAM_0:0:103364981> spawned sent m9k_ammo_frags
L 07/12/2022 - 19:24:38: [ULX] Al Shebab<STEAM_0:0:103364981> spawned sent m9k_ammo_frags
L 07/12/2022 - 19:24:38: [ULX] Al Shebab<STEAM_0:0:103364981> spawned sent m9k_ammo_frags
L 07/12/2022 - 19:24:38: [ULX] Al Shebab<STEAM_0:0:103364981> spawned sent m9k_ammo_frags
L 07/12/2022 - 19:24:39: [ULX] Al Shebab<STEAM_0:0:103364981> spawned sent m9k_ammo_frags
L 07/12/2022 - 19:24:40: [ULX] Al Shebab<STEAM_0:0:103364981> spawned sent m9k_ammo_c4
L 07/12/2022 - 19:24:40: [ULX] Al Shebab<STEAM_0:0:103364981> spawned sent m9k_ammo_c4
L 07/12/2022 - 19:24:40: [ULX] Al Shebab<STEAM_0:0:103364981> spawned sent m9k_ammo_c4
L 07/12/2022 - 19:24:40: [ULX] Al Shebab<STEAM_0:0:103364981> spawned sent m9k_ammo_c4
L 07/12/2022 - 19:24:40: [ULX] Al Shebab<STEAM_0:0:103364981> spawned sent m9k_ammo_c4
L 07/12/2022 - 19:24:40: [ULX] Al Shebab<STEAM_0:0:103364981> spawned sent m9k_ammo_c4
L 07/12/2022 - 19:24:41: [ULX] Al Shebab<STEAM_0:0:103364981> spawned sent m9k_ammo_c4
L 07/12/2022 - 19:24:41: [ULX] Al Shebab<STEAM_0:0:103364981> spawned sent m9k_ammo_c4
L 07/12/2022 - 19:24:41: [ULX] Al Shebab<STEAM_0:0:103364981> spawned sent m9k_ammo_c4
L 07/12/2022 - 19:24:41: [ULX] Al Shebab<STEAM_0:0:103364981> spawned sent m9k_ammo_c4
L 07/12/2022 - 19:24:41: [ULX] Al Shebab<STEAM_0:0:103364981> spawned sent m9k_ammo_c4
L 07/12/2022 - 19:24:41: [ULX] Al Shebab<STEAM_0:0:103364981> spawned sent m9k_ammo_c4
L 07/12/2022 - 19:24:42: [ULX] Al Shebab<STEAM_0:0:103364981> spawned sent m9k_ammo_c4
L 07/12/2022 - 19:24:42: [ULX] DJ Bread<STEAM_0:0:579690494> spawned sent m9k_ammo_nervegas
L 07/12/2022 - 19:24:42: [ULX] Al Shebab<STEAM_0:0:103364981> spawned sent m9k_ammo_c4
L 07/12/2022 - 19:24:42: [ULX] Al Shebab<STEAM_0:0:103364981> spawned sent m9k_ammo_c4
L 07/12/2022 - 19:24:42: [ULX] DJ Bread<STEAM_0:0:579690494> spawned sent m9k_ammo_nervegas
L 07/12/2022 - 19:24:42: [ULX] Al Shebab<STEAM_0:0:103364981> spawned sent m9k_ammo_c4
L 07/12/2022 - 19:24:42: [ULX] Al Shebab<STEAM_0:0:103364981> spawned sent m9k_ammo_c4
L 07/12/2022 - 19:24:42: [ULX] DJ Bread<STEAM_0:0:579690494> spawned sent m9k_ammo_nervegas
L 07/12/2022 - 19:24:42: [ULX] Al Shebab<STEAM_0:0:103364981> spawned sent m9k_ammo_c4
L 07/12/2022 - 19:24:43: [ULX] DJ Bread<STEAM_0:0:579690494> spawned sent m9k_ammo_nervegas
L 07/12/2022 - 19:24:43: [ULX] DJ Bread<STEAM_0:0:579690494> spawned sent m9k_ammo_nervegas
L 07/12/2022 - 19:24:43: [ULX] Al Shebab<STEAM_0:0:103364981> spawned sent m9k_ammo_nuke
L 07/12/2022 - 19:24:43: [ULX] Al Shebab<STEAM_0:0:103364981> spawned sent m9k_ammo_nuke
L 07/12/2022 - 19:24:43: [ULX] Al Shebab<STEAM_0:0:103364981> spawned sent m9k_ammo_nuke
L 07/12/2022 - 19:24:43: [ULX] DJ Bread<STEAM_0:0:579690494> spawned sent m9k_ammo_nervegas
L 07/12/2022 - 19:24:44: [ULX] Al Shebab<STEAM_0:0:103364981> spawned sent m9k_ammo_stickynades
L 07/12/2022 - 19:24:44: [ULX] DJ Bread<STEAM_0:0:579690494> spawned sent m9k_ammo_nervegas
L 07/12/2022 - 19:24:44: [ULX] Al Shebab<STEAM_0:0:103364981> spawned sent m9k_ammo_stickynades
L 07/12/2022 - 19:24:44: [ULX] Al Shebab<STEAM_0:0:103364981> spawned sent m9k_ammo_stickynades
L 07/12/2022 - 19:24:44: [ULX] Al Shebab<STEAM_0:0:103364981> spawned sent m9k_ammo_stickynades
L 07/12/2022 - 19:24:44: [ULX] DJ Bread<STEAM_0:0:579690494> spawned sent m9k_ammo_nervegas
L 07/12/2022 - 19:24:44: [ULX] Al Shebab<STEAM_0:0:103364981> spawned sent m9k_ammo_stickynades
L 07/12/2022 - 19:24:44: [ULX] Al Shebab<STEAM_0:0:103364981> spawned sent m9k_ammo_stickynades
L 07/12/2022 - 19:24:44: [ULX] DJ Bread<STEAM_0:0:579690494> spawned sent m9k_ammo_nervegas
L 07/12/2022 - 19:24:44: [ULX] Al Shebab<STEAM_0:0:103364981> spawned sent m9k_ammo_stickynades
L 07/12/2022 - 19:24:45: [ULX] Al Shebab<STEAM_0:0:103364981> spawned sent m9k_ammo_stickynades
L 07/12/2022 - 19:24:45: [ULX] Al Shebab<STEAM_0:0:103364981> spawned sent m9k_ammo_stickynades
L 07/12/2022 - 19:24:45: [ULX] DJ Bread<STEAM_0:0:579690494> spawned sent m9k_ammo_nervegas
L 07/12/2022 - 19:24:45: [ULX] Al Shebab<STEAM_0:0:103364981> spawned sent m9k_ammo_stickynades
L 07/12/2022 - 19:24:45: [ULX] Al Shebab<STEAM_0:0:103364981> spawned sent m9k_ammo_stickynades
L 07/12/2022 - 19:24:45: [ULX] DJ Bread<STEAM_0:0:579690494> spawned sent m9k_ammo_nervegas
L 07/12/2022 - 19:24:45: [ULX] Al Shebab<STEAM_0:0:103364981> spawned sent m9k_ammo_stickynades
L 07/12/2022 - 19:24:45: [ULX] Al Shebab<STEAM_0:0:103364981> spawned sent m9k_ammo_stickynades
L 07/12/2022 - 19:24:46: [ULX] DJ Bread<STEAM_0:0:579690494> spawned sent m9k_ammo_nervegas
L 07/12/2022 - 19:24:46: [ULX] Al Shebab<STEAM_0:0:103364981> spawned sent m9k_ammo_stickynades
L 07/12/2022 - 19:24:46: [ULX] Al Shebab<STEAM_0:0:103364981> spawned sent m9k_ammo_stickynades
L 07/12/2022 - 19:24:46: [ULX] Al Shebab<STEAM_0:0:103364981> spawned sent m9k_ammo_stickynades
L 07/12/2022 - 19:24:46: [ULX] DJ Bread<STEAM_0:0:579690494> spawned sent m9k_ammo_nervegas
L 07/12/2022 - 19:24:46: [ULX] Al Shebab<STEAM_0:0:103364981> spawned sent m9k_ammo_nuke
L 07/12/2022 - 19:24:46: [ULX] Al Shebab<STEAM_0:0:103364981> spawned sent m9k_ammo_nuke
L 07/12/2022 - 19:24:47: [ULX] Al Shebab<STEAM_0:0:103364981> spawned sent m9k_ammo_nuke
L 07/12/2022 - 19:24:47: [ULX] Al Shebab<STEAM_0:0:103364981> spawned sent m9k_ammo_nuke
L 07/12/2022 - 19:24:47: [ULX] Al Shebab<STEAM_0:0:103364981> spawned sent m9k_ammo_nuke
L 07/12/2022 - 19:24:47: [ULX] Al Shebab<STEAM_0:0:103364981> spawned sent m9k_ammo_nuke
L 07/12/2022 - 19:24:48: [ULX] DJ Bread<STEAM_0:0:579690494> spawned sent m9k_ammo_nuke
L 07/12/2022 - 19:24:49: [ULX] DJ Bread<STEAM_0:0:579690494> spawned sent m9k_ammo_nuke
L 07/12/2022 - 19:24:49: [ULX] DJ Bread<STEAM_0:0:579690494> spawned sent m9k_ammo_nuke
L 07/12/2022 - 19:24:49: [ULX] Al Shebab<STEAM_0:0:103364981> spawned sent m9k_ammo_nuke
L 07/12/2022 - 19:24:49: [ULX] Al Shebab<STEAM_0:0:103364981> spawned sent m9k_ammo_nuke
L 07/12/2022 - 19:24:50: [ULX] DJ Bread<STEAM_0:0:579690494> spawned sent m9k_ammo_nuke
L 07/12/2022 - 19:24:50: [ULX] Al Shebab<STEAM_0:0:103364981> spawned sent m9k_ammo_nuke
L 07/12/2022 - 19:24:50: [ULX] Al Shebab<STEAM_0:0:103364981> spawned sent m9k_ammo_nuke
L 07/12/2022 - 19:24:50: [ULX] DJ Bread<STEAM_0:0:579690494> spawned sent m9k_ammo_nuke
L 07/12/2022 - 19:24:50: [ULX] DJ Bread<STEAM_0:0:579690494> spawned sent m9k_ammo_nuke
L 07/12/2022 - 19:24:50: [ULX] Al Shebab<STEAM_0:0:103364981> spawned sent m9k_ammo_pistol
L 07/12/2022 - 19:24:50: [ULX] Al Shebab<STEAM_0:0:103364981> spawned sent m9k_ammo_pistol
L 07/12/2022 - 19:24:51: [ULX] Al Shebab<STEAM_0:0:103364981> spawned sent m9k_ammo_proxmines
L 07/12/2022 - 19:24:51: [ULX] Al Shebab<STEAM_0:0:103364981> spawned sent m9k_ammo_proxmines
L 07/12/2022 - 19:24:51: [ULX] Al Shebab<STEAM_0:0:103364981> spawned sent m9k_ammo_proxmines
L 07/12/2022 - 19:24:51: [ULX] Al Shebab<STEAM_0:0:103364981> spawned sent m9k_ammo_proxmines
L 07/12/2022 - 19:24:52: [ULX] Al Shebab<STEAM_0:0:103364981> spawned sent m9k_ammo_proxmines
L 07/12/2022 - 19:24:52: [ULX] Al Shebab<STEAM_0:0:103364981> spawned sent m9k_ammo_proxmines
L 07/12/2022 - 19:24:52: [ULX] Al Shebab<STEAM_0:0:103364981> spawned sent m9k_ammo_proxmines
L 07/12/2022 - 19:24:52: [ULX] Al Shebab<STEAM_0:0:103364981> spawned sent m9k_ammo_proxmines
L 07/12/2022 - 19:24:52: [ULX] Al Shebab<STEAM_0:0:103364981> spawned sent m9k_ammo_proxmines
L 07/12/2022 - 19:24:53: [ULX] Al Shebab<STEAM_0:0:103364981> spawned sent m9k_ammo_proxmines
L 07/12/2022 - 19:24:53: [ULX] Al Shebab<STEAM_0:0:103364981> spawned sent m9k_ammo_proxmines
L 07/12/2022 - 19:24:53: [ULX] Al Shebab<STEAM_0:0:103364981> spawned sent m9k_ammo_proxmines
L 07/12/2022 - 19:24:53: [ULX] Al Shebab<STEAM_0:0:103364981> spawned sent m9k_ammo_proxmines
L 07/12/2022 - 19:24:53: [ULX] Al Shebab<STEAM_0:0:103364981> spawned sent m9k_ammo_rockets
L 07/12/2022 - 19:24:54: [ULX] Al Shebab<STEAM_0:0:103364981> spawned sent m9k_ammo_rockets
L 07/12/2022 - 19:24:54: [ULX] Al Shebab<STEAM_0:0:103364981> spawned sent m9k_ammo_rockets
L 07/12/2022 - 19:24:54: [ULX] Al Shebab<STEAM_0:0:103364981> spawned sent m9k_ammo_rockets
L 07/12/2022 - 19:24:54: [ULX] Al Shebab<STEAM_0:0:103364981> spawned sent m9k_amm