L 07/10/2022 - 12:37:08: Log file started (file "logs\L0710003.log") (game "C:\Users\kazza\Desktop\Garry's Mod\steamcmd\steamapps\common\GarrysModDS\garrysmod") (version "8607")
L 07/10/2022 - 12:37:08: server_cvar: "sbox_noclip" "0"
L 07/10/2022 - 12:37:08: server_cvar: "sbox_maxprops" "80"
L 07/10/2022 - 12:37:08: server_cvar: "sbox_maxragdolls" "0"
L 07/10/2022 - 12:37:08: server_cvar: "sbox_maxnpcs" "0"
L 07/10/2022 - 12:37:08: server_cvar: "sbox_maxballoons" "0"
L 07/10/2022 - 12:37:08: server_cvar: "sbox_maxeffects" "0"
L 07/10/2022 - 12:37:08: server_cvar: "sbox_maxdynamite" "0"
L 07/10/2022 - 12:37:08: server_cvar: "sbox_maxlamps" "0"
L 07/10/2022 - 12:37:08: server_cvar: "sbox_maxthrusters" "0"
L 07/10/2022 - 12:37:08: server_cvar: "sbox_maxwheels" "0"
L 07/10/2022 - 12:37:08: server_cvar: "sbox_maxhoverballs" "0"
L 07/10/2022 - 12:37:08: server_cvar: "sbox_maxvehicles" "1"
L 07/10/2022 - 12:37:08: server_cvar: "sbox_maxbuttons" "6"
L 07/10/2022 - 12:37:08: server_cvar: "sbox_maxemitters" "0"
L 07/10/2022 - 12:37:08: server_cvar: "sv_airaccelerate" "1000"
L 07/10/2022 - 12:37:08: "Al Shebab<2><STEAM_0:0:103364981><>" connected, address "60.241.142.139:27006"
L 07/10/2022 - 12:37:08: "Al Shebab<2><STEAM_0:0:103364981><>" disconnected (reason "Connection closing")
L 07/10/2022 - 12:37:08: "Al Shebab<3><STEAM_0:0:103364981><>" connected, address "60.241.142.139:27006"
L 07/10/2022 - 12:37:08: "Al Shebab<3><STEAM_0:0:103364981><>" disconnected (reason "Connection closing")
L 07/10/2022 - 12:37:08: "Al Shebab<4><STEAM_0:0:103364981><>" connected, address "60.241.142.139:27006"
L 07/10/2022 - 12:37:08: "Skii<5><STEAM_0:0:579690494><>" connected, address "172.195.123.72:27005"
L 07/10/2022 - 12:37:08: "Skii<5><STEAM_0:0:579690494><>" disconnected (reason "Connection closing")
L 07/10/2022 - 12:37:08: "Skii<6><STEAM_0:0:579690494><>" connected, address "172.195.123.72:27005"
L 07/10/2022 - 12:37:08: "Skii<6><STEAM_0:0:579690494><>" disconnected (reason "Connection closing")
L 07/10/2022 - 12:37:08: "Skii<7><STEAM_0:0:579690494><>" connected, address "172.195.123.72:27005"
L 07/10/2022 - 12:37:08: "Skii<7><STEAM_0:0:579690494><>" disconnected (reason "Connection closing")
L 07/10/2022 - 12:37:08: "Skii<8><STEAM_0:0:579690494><>" connected, address "172.195.123.72:27005"
L 07/10/2022 - 12:37:10: Connection to Steam servers successful.
L 07/10/2022 - 12:37:10:    Public IP is 60.241.142.139.
L 07/10/2022 - 12:37:10: Assigned persistent gameserver Steam ID [G-1:3987399].
L 07/10/2022 - 12:37:10: VAC secure mode is activated.
L 07/10/2022 - 12:37:10: "Al Shebab<4><STEAM_0:0:103364981><>" STEAM USERID validated
L 07/10/2022 - 12:37:10: "Skii<8><STEAM_0:0:579690494><>" STEAM USERID validated
L 07/10/2022 - 12:37:21: [FAdmin] Al Shebab (STEAM_0:0:103364981) is Authed
L 07/10/2022 - 12:37:21: [FAdmin] Al Shebab (STEAM_0:0:103364981) Spawned for the first time
L 07/10/2022 - 12:37:21: [FAdmin] Al Shebab (STEAM_0:0:103364981) Spawned
L 07/10/2022 - 12:37:21: "Al Shebab<4><STEAM_0:0:103364981><>" entered the game
L 07/10/2022 - 12:37:21: [FAdmin] Al Shebab (STEAM_0:0:103364981) Attempted to pick up a keys
L 07/10/2022 - 12:37:21: [FAdmin] Al Shebab (STEAM_0:0:103364981) Attempted to pick up a weapon_physcannon
L 07/10/2022 - 12:37:21: [FAdmin] Al Shebab (STEAM_0:0:103364981) Attempted to pick up a weapon_fists
L 07/10/2022 - 12:37:21: [FAdmin] Al Shebab (STEAM_0:0:103364981) Attempted to pick up a gmod_camera
L 07/10/2022 - 12:37:21: [FAdmin] Al Shebab (STEAM_0:0:103364981) Attempted to pick up a gmod_tool
L 07/10/2022 - 12:37:21: [FAdmin] Al Shebab (STEAM_0:0:103364981) Attempted to pick up a weapon_physgun
L 07/10/2022 - 12:37:29: "widepeeked<9><STEAM_0:0:492844137><>" connected, address "124.188.129.208:27005"
L 07/10/2022 - 12:37:29: "widepeeked<9><STEAM_0:0:492844137><>" STEAM USERID validated
L 07/10/2022 - 12:37:35: [FAdmin] Skii (STEAM_0:0:579690494) is Authed
L 07/10/2022 - 12:37:35: [FAdmin] Skii (STEAM_0:0:579690494) Spawned for the first time
L 07/10/2022 - 12:37:35: [FAdmin] DJ Bread (STEAM_0:0:579690494) Spawned
L 07/10/2022 - 12:37:35: "Skii<8><STEAM_0:0:579690494><>" entered the game
L 07/10/2022 - 12:37:35: [FAdmin] DJ Bread (STEAM_0:0:579690494) Attempted to pick up a keys
L 07/10/2022 - 12:37:35: [FAdmin] DJ Bread (STEAM_0:0:579690494) Attempted to pick up a weapon_physcannon
L 07/10/2022 - 12:37:35: [FAdmin] DJ Bread (STEAM_0:0:579690494) Attempted to pick up a weapon_fists
L 07/10/2022 - 12:37:35: [FAdmin] DJ Bread (STEAM_0:0:579690494) Attempted to pick up a gmod_camera
L 07/10/2022 - 12:37:35: [FAdmin] DJ Bread (STEAM_0:0:579690494) Attempted to pick up a gmod_tool
L 07/10/2022 - 12:37:35: [FAdmin] DJ Bread (STEAM_0:0:579690494) Attempted to pick up a weapon_physgun
L 07/10/2022 - 12:37:49: [FAdmin] widepeeked (STEAM_0:0:492844137) is Authed
L 07/10/2022 - 12:37:49: [FAdmin] widepeeked (STEAM_0:0:492844137) Spawned for the first time
L 07/10/2022 - 12:37:49: [FAdmin] widepeeked (STEAM_0:0:492844137) Spawned
L 07/10/2022 - 12:37:49: "widepeeked<9><STEAM_0:0:492844137><>" entered the game
L 07/10/2022 - 12:37:49: [FAdmin] widepeeked (STEAM_0:0:492844137) Attempted to pick up a keys
L 07/10/2022 - 12:37:49: [FAdmin] widepeeked (STEAM_0:0:492844137) Attempted to pick up a weapon_physcannon
L 07/10/2022 - 12:37:49: [FAdmin] widepeeked (STEAM_0:0:492844137) Attempted to pick up a weapon_fists
L 07/10/2022 - 12:37:49: [FAdmin] widepeeked (STEAM_0:0:492844137) Attempted to pick up a gmod_camera
L 07/10/2022 - 12:37:49: [FAdmin] widepeeked (STEAM_0:0:492844137) Attempted to pick up a gmod_tool
L 07/10/2022 - 12:37:49: [FAdmin] widepeeked (STEAM_0:0:492844137) Attempted to pick up a weapon_physgun
L 07/10/2022 - 12:37:59: Lua Error: 
[tebexgmod] addons/tebexgmod/lua/tebex/client/apiclient.lua:36: attempt to call upvalue 'failure' (a nil value)
  1. unknown - addons/tebexgmod/lua/tebex/client/apiclient.lua:36


L 07/10/2022 - 12:38:07: [FAdmin] widepeeked (STEAM_0:0:492844137) Spawned a models/props_c17/FurnitureWashingmachine001a.mdl
L 07/10/2022 - 12:38:07: [ULX] widepeeked<STEAM_0:0:492844137> spawned model models/props_c17/furniturewashingmachine001a.mdl
L 07/10/2022 - 12:38:13: [FAdmin] DJ Bread (STEAM_0:0:579690494) Got killed by widepeeked with a prop_physics
L 07/10/2022 - 12:38:15: [FAdmin] prop_physics(models/props_c17/furniturewashingmachine001a.mdl) Got removed
L 07/10/2022 - 12:38:16: [FAdmin] DJ Bread (STEAM_0:0:579690494) Spawned
L 07/10/2022 - 12:38:16: [FAdmin] DJ Bread (STEAM_0:0:579690494) Attempted to pick up a keys
L 07/10/2022 - 12:38:16: [FAdmin] DJ Bread (STEAM_0:0:579690494) Attempted to pick up a weapon_physcannon
L 07/10/2022 - 12:38:16: [FAdmin] DJ Bread (STEAM_0:0:579690494) Attempted to pick up a weapon_fists
L 07/10/2022 - 12:38:16: [FAdmin] DJ Bread (STEAM_0:0:579690494) Attempted to pick up a gmod_camera
L 07/10/2022 - 12:38:16: [FAdmin] DJ Bread (STEAM_0:0:579690494) Attempted to pick up a gmod_tool
L 07/10/2022 - 12:38:16: [FAdmin] DJ Bread (STEAM_0:0:579690494) Attempted to pick up a weapon_physgun
L 07/10/2022 - 12:38:22: [FAdmin] widepeeked (STEAM_0:0:492844137) Spawned a models/props_c17/FurnitureWashingmachine001a.mdl
L 07/10/2022 - 12:38:22: [ULX] widepeeked<STEAM_0:0:492844137> spawned model models/props_c17/furniturewashingmachine001a.mdl
L 07/10/2022 - 12:38:29: [FAdmin] prop_physics(models/props_c17/furniturewashingmachine001a.mdl) Got removed
L 07/10/2022 - 12:38:35: [FAdmin] DJ Bread (STEAM_0:0:579690494) Attempted to use tool creator
L 07/10/2022 - 12:38:35: [FAdmin] DJ Bread (STEAM_0:0:579690494) Spawned a models/props_lab/blastdoor001c.mdl
L 07/10/2022 - 12:38:35: [ULX] DJ Bread<STEAM_0:0:579690494> spawned model models/props_lab/blastdoor001c.mdl
L 07/10/2022 - 12:38:36: [FAdmin] DJ Bread (STEAM_0:0:579690494) Attempted to use tool creator
L 07/10/2022 - 12:38:36: [FAdmin] DJ Bread (STEAM_0:0:579690494) Spawned a models/props_lab/blastdoor001c.mdl
L 07/10/2022 - 12:38:36: [ULX] DJ Bread<STEAM_0:0:579690494> spawned model models/props_lab/blastdoor001c.mdl
L 07/10/2022 - 12:38:37: [FAdmin] DJ Bread (STEAM_0:0:579690494) Attempted to use tool creator
L 07/10/2022 - 12:38:37: [FAdmin] DJ Bread (STEAM_0:0:579690494) Spawned a models/props_lab/blastdoor001c.mdl
L 07/10/2022 - 12:38:37: [ULX] DJ Bread<STEAM_0:0:579690494> spawned model models/props_lab/blastdoor001c.mdl
L 07/10/2022 - 12:38:38: [FAdmin] prop_physics(models/props_lab/blastdoor001c.mdl) Got removed
L 07/10/2022 - 12:38:38: [FAdmin] prop_physics(models/props_lab/blastdoor001c.mdl) Got removed
L 07/10/2022 - 12:38:39: [FAdmin] DJ Bread (STEAM_0:0:579690494) Attempted to use tool creator
L 07/10/2022 - 12:38:39: [FAdmin] DJ Bread (STEAM_0:0:579690494) Spawned a models/props_lab/blastdoor001c.mdl
L 07/10/2022 - 12:38:39: [ULX] DJ Bread<STEAM_0:0:579690494> spawned model models/props_lab/blastdoor001c.mdl
L 07/10/2022 - 12:38:40: [FAdmin] DJ Bread (STEAM_0:0:579690494) Attempted to use tool creator
L 07/10/2022 - 12:38:40: [FAdmin] DJ Bread (STEAM_0:0:579690494) Spawned a models/props_lab/blastdoor001c.mdl
L 07/10/2022 - 12:38:40: [ULX] DJ Bread<STEAM_0:0:579690494> spawned model models/props_lab/blastdoor001c.mdl
L 07/10/2022 - 12:38:41: [FAdmin] widepeeked (STEAM_0:0:492844137) Spawned a models/props_c17/FurnitureWashingmachine001a.mdl
L 07/10/2022 - 12:38:41: [ULX] widepeeked<STEAM_0:0:492844137> spawned model models/props_c17/furniturewashingmachine001a.mdl
L 07/10/2022 - 12:38:45: [FAdmin] DJ Bread (STEAM_0:0:579690494) Got killed by widepeeked with a prop_physics
L 07/10/2022 - 12:38:47: [FAdmin] prop_physics(models/props_c17/furniturewashingmachine001a.mdl) Got removed
L 07/10/2022 - 12:38:48: [FAdmin] prop_physics(models/props_lab/blastdoor001c.mdl) Got removed
L 07/10/2022 - 12:38:48: [FAdmin] prop_physics(models/props_lab/blastdoor001c.mdl) Got removed
L 07/10/2022 - 12:38:48: [FAdmin] prop_physics(models/props_lab/blastdoor001c.mdl) Got removed
L 07/10/2022 - 12:38:49: [FAdmin] DJ Bread (STEAM_0:0:579690494) Spawned
L 07/10/2022 - 12:38:49: [FAdmin] DJ Bread (STEAM_0:0:579690494) Attempted to pick up a keys
L 07/10/2022 - 12:38:49: [FAdmin] DJ Bread (STEAM_0:0:579690494) Attempted to pick up a weapon_physcannon
L 07/10/2022 - 12:38:49: [FAdmin] DJ Bread (STEAM_0:0:579690494) Attempted to pick up a weapon_fists
L 07/10/2022 - 12:38:49: [FAdmin] DJ Bread (STEAM_0:0:579690494) Attempted to pick up a gmod_camera
L 07/10/2022 - 12:38:49: [FAdmin] DJ Bread (STEAM_0:0:579690494) Attempted to pick up a gmod_tool
L 07/10/2022 - 12:38:49: [FAdmin] DJ Bread (STEAM_0:0:579690494) Attempted to pick up a weapon_physgun
L 07/10/2022 - 12:38:57: [FAdmin] DJ Bread (STEAM_0:0:579690494) Spawned a models/props_lab/blastdoor001c.mdl
L 07/10/2022 - 12:38:57: [ULX] DJ Bread<STEAM_0:0:579690494> spawned model models/props_lab/blastdoor001c.mdl
L 07/10/2022 - 12:38:59: [FAdmin] DJ Bread (STEAM_0:0:579690494) Spawned a models/props_lab/blastdoor001c.mdl
L 07/10/2022 - 12:38:59: [ULX] DJ Bread<STEAM_0:0:579690494> spawned model models/props_lab/blastdoor001c.mdl
L 07/10/2022 - 12:39:01: [FAdmin] widepeeked (STEAM_0:0:492844137) Spawned a models/props_c17/FurnitureWashingmachine001a.mdl
L 07/10/2022 - 12:39:01: [ULX] widepeeked<STEAM_0:0:492844137> spawned model models/props_c17/furniturewashingmachine001a.mdl
L 07/10/2022 - 12:39:05: [FAdmin] DJ Bread (STEAM_0:0:579690494) Spawned a models/props_lab/blastdoor001c.mdl
L 07/10/2022 - 12:39:05: [ULX] DJ Bread<STEAM_0:0:579690494> spawned model models/props_lab/blastdoor001c.mdl
L 07/10/2022 - 12:39:09: [FAdmin] DJ Bread (STEAM_0:0:579690494) Attempted to switch noclip
L 07/10/2022 - 12:39:17: [FAdmin] prop_physics(models/props_lab/blastdoor001c.mdl) Got removed
L 07/10/2022 - 12:39:18: [FAdmin] prop_physics(models/props_lab/blastdoor001c.mdl) Got removed
L 07/10/2022 - 12:39:18: [FAdmin] prop_physics(models/props_lab/blastdoor001c.mdl) Got removed
L 07/10/2022 - 12:39:18: [FAdmin] prop_physics(models/props_c17/furniturewashingmachine001a.mdl) Got removed
L 07/10/2022 - 12:39:19: [FAdmin] widepeeked (STEAM_0:0:492844137) Spawned a models/props_c17/FurnitureWashingmachine001a.mdl
L 07/10/2022 - 12:39:19: [ULX] widepeeked<STEAM_0:0:492844137> spawned model models/props_c17/furniturewashingmachine001a.mdl
L 07/10/2022 - 12:39:25: [FAdmin] DJ Bread (STEAM_0:0:579690494) Attempted to switch noclip
L 07/10/2022 - 12:39:27: [ULX] Al Shebab granted access "ulx csaycolor" to group superadmin
L 07/10/2022 - 12:39:28: [ULX] Al Shebab granted access "ulx notifications" to group superadmin
L 07/10/2022 - 12:39:28: [ULX] Al Shebab granted access "ulx pgag" to group superadmin
L 07/10/2022 - 12:39:29: [FAdmin] prop_physics(models/props_c17/furniturewashingmachine001a.mdl) Got removed
L 07/10/2022 - 12:39:29: [ULX] Al Shebab granted access "ulx pgagid" to group superadmin
L 07/10/2022 - 12:39:29: [ULX] Al Shebab granted access "ulx pmute" to group superadmin
L 07/10/2022 - 12:39:29: [ULX] Al Shebab granted access "ulx pmuteid" to group superadmin
L 07/10/2022 - 12:39:30: [ULX] Al Shebab granted access "ulx printpgags" to group superadmin
L 07/10/2022 - 12:39:30: [ULX] Al Shebab granted access "ulx printpmutes" to group superadmin
L 07/10/2022 - 12:39:31: [ULX] Al Shebab granted access "ulx psay" to group superadmin
L 07/10/2022 - 12:39:32: [ULX] Al Shebab granted access "ulx tsaycolor" to group superadmin
L 07/10/2022 - 12:39:32: [ULX] Al Shebab granted access "ulx unpmuteid" to group superadmin
L 07/10/2022 - 12:39:33: [ULX] Al Shebab granted access "ulx unpmute" to group superadmin
L 07/10/2022 - 12:39:33: [ULX] Al Shebab granted access "ulx unpgagid" to group superadmin
L 07/10/2022 - 12:39:33: [ULX] Al Shebab granted access "ulx unpgag" to group superadmin
L 07/10/2022 - 12:39:36: [ULX] Al Shebab granted access "ulx color" to group superadmin
L 07/10/2022 - 12:39:36: [ULX] Al Shebab granted access "ulx deaths" to group superadmin
L 07/10/2022 - 12:39:37: [ULX] Al Shebab granted access "ulx explode" to group superadmin
L 07/10/2022 - 12:39:37: "DJ Bread<8><STEAM_0:0:579690494><Civilian>" say "!menu"

L 07/10/2022 - 12:39:38: [ULX] Al Shebab granted access "ulx frags" to group superadmin
L 07/10/2022 - 12:39:39: [ULX] Al Shebab granted access "ulx giveammo" to group superadmin
L 07/10/2022 - 12:39:41: [FAdmin] widepeeked (STEAM_0:0:492844137) Spawned a models/props_c17/FurnitureWashingmachine001a.mdl
L 07/10/2022 - 12:39:41: [ULX] widepeeked<STEAM_0:0:492844137> spawned model models/props_c17/furniturewashingmachine001a.mdl
L 07/10/2022 - 12:39:41: [ULX] Al Shebab granted access "ulx jumppower" to group superadmin
L 07/10/2022 - 12:39:41: [ULX] Al Shebab granted access "ulx launch" to group superadmin
L 07/10/2022 - 12:39:42: [ULX] Al Shebab granted access "ulx material" to group superadmin
L 07/10/2022 - 12:39:43: [ULX] Al Shebab granted access "ulx model" to group superadmin
L 07/10/2022 - 12:39:43: [ULX] Al Shebab granted access "ulx notepad" to group superadmin
L 07/10/2022 - 12:39:45: [ULX] Al Shebab granted access "ulx removetrail" to group superadmin
L 07/10/2022 - 12:39:45: [ULX] Al Shebab granted access "ulx resetcolor" to group superadmin
L 07/10/2022 - 12:39:46: [ULX] Al Shebab granted access "ulx resetmaterial" to group superadmin
L 07/10/2022 - 12:39:46: [ULX] Al Shebab granted access "ulx scale" to group superadmin
L 07/10/2022 - 12:39:46: [ULX] Al Shebab granted access "ulx setammo" to group superadmin
L 07/10/2022 - 12:39:47: [ULX] Al Shebab granted access "ulx shock" to group superadmin
L 07/10/2022 - 12:39:47: [FAdmin] DJ Bread (STEAM_0:0:579690494) Got killed by widepeeked with a prop_physics
L 07/10/2022 - 12:39:48: [ULX] Al Shebab granted access "ulx trail" to group superadmin
L 07/10/2022 - 12:39:49: [FAdmin] prop_physics(models/props_c17/furniturewashingmachine001a.mdl) Got removed
L 07/10/2022 - 12:39:50: [FAdmin] DJ Bread (STEAM_0:0:579690494) Spawned
L 07/10/2022 - 12:39:50: [FAdmin] DJ Bread (STEAM_0:0:579690494) Attempted to pick up a keys
L 07/10/2022 - 12:39:50: [FAdmin] DJ Bread (STEAM_0:0:579690494) Attempted to pick up a weapon_physcannon
L 07/10/2022 - 12:39:50: [FAdmin] DJ Bread (STEAM_0:0:579690494) Attempted to pick up a weapon_fists
L 07/10/2022 - 12:39:50: [FAdmin] DJ Bread (STEAM_0:0:579690494) Attempted to pick up a gmod_camera
L 07/10/2022 - 12:39:50: [FAdmin] DJ Bread (STEAM_0:0:579690494) Attempted to pick up a gmod_tool
L 07/10/2022 - 12:39:50: [FAdmin] DJ Bread (STEAM_0:0:579690494) Attempted to pick up a weapon_physgun
L 07/10/2022 - 12:39:51: [ULX] Al Shebab granted access "ulx motd" to group superadmin
L 07/10/2022 - 12:39:52: [ULX] Al Shebab granted access "ulx getmoney" to group superadmin
L 07/10/2022 - 12:39:55: [ULX] Al Shebab granted access "ulx fbring" to group superadmin
L 07/10/2022 - 12:39:56: [ULX] Al Shebab granted access "ulx fteleport" to group superadmin
L 07/10/2022 - 12:39:57: [ULX] Al Shebab granted access "ulx setwarp" to group superadmin
L 07/10/2022 - 12:39:57: [ULX] Al Shebab granted access "ulx warp" to group superadmin
L 07/10/2022 - 12:39:59: [ULX] Al Shebab granted access "ulx usermanagementhelp" to group superadmin
L 07/10/2022 - 12:40:00: [FAdmin] widepeeked (STEAM_0:0:492844137) Spawned a models/props_c17/gravestone001a.mdl
L 07/10/2022 - 12:40:00: [ULX] widepeeked<STEAM_0:0:492844137> spawned model models/props_c17/gravestone001a.mdl
L 07/10/2022 - 12:40:01: [ULX] Al Shebab granted access "ulx friends" to group superadmin
L 07/10/2022 - 12:40:01: [ULX] Al Shebab granted access "ulx forcerespawn" to group superadmin
L 07/10/2022 - 12:40:02: [ULX] Al Shebab granted access "ulx exit" to group superadmin
L 07/10/2022 - 12:40:02: [ULX] Al Shebab granted access "ulx enter" to group superadmin
L 07/10/2022 - 12:40:03: [ULX] Al Shebab granted access "ulx dban" to group superadmin
L 07/10/2022 - 12:40:03: [ULX] Al Shebab granted access "ulx cleardecals" to group superadmin
L 07/10/2022 - 12:40:03: [ULX] Al Shebab granted access "ulx cancelcmd" to group superadmin
L 07/10/2022 - 12:40:04: [FAdmin] DJ Bread (STEAM_0:0:579690494) Spawned a models/Combine_Helicopter.mdl
L 07/10/2022 - 12:40:04: [ULX] DJ Bread<STEAM_0:0:579690494> spawned model models/combine_helicopter.mdl
L 07/10/2022 - 12:40:04: [ULX] Al Shebab granted access "ulx bot" to group superadmin
L 07/10/2022 - 12:40:05: [ULX] Al Shebab granted access "ulx bancheck" to group superadmin
L 07/10/2022 - 12:40:06: [FAdmin] prop_physics(models/props_c17/gravestone001a.mdl) Got removed
L 07/10/2022 - 12:40:07: [ULX] Al Shebab granted access "ulx give" to group superadmin
L 07/10/2022 - 12:40:07: [ULX] Al Shebab granted access "ulx help" to group superadmin
L 07/10/2022 - 12:40:08: [ULX] Al Shebab granted access "ulx kickbots" to group superadmin
L 07/10/2022 - 12:40:09: [FAdmin] prop_physics(models/combine_helicopter.mdl) Got removed
L 07/10/2022 - 12:40:10: [ULX] Al Shebab granted access "ulx multiban" to group superadmin
L 07/10/2022 - 12:40:11: [ULX] Al Shebab granted access "ulx sban" to group superadmin
L 07/10/2022 - 12:40:12: [ULX] Al Shebab granted access "ulx serverinfo" to group superadmin
L 07/10/2022 - 12:40:12: [ULX] Al Shebab granted access "ulx sgive" to group superadmin
L 07/10/2022 - 12:40:14: [ULX] Al Shebab granted access "ulx removeragdolls" to group superadmin
L 07/10/2022 - 12:40:15: [ULX] Al Shebab granted access "ulx timedcmd" to group superadmin
L 07/10/2022 - 12:40:16: [ULX] Al Shebab granted access "ulx unwatchid" to group superadmin
L 07/10/2022 - 12:40:17: [ULX] Al Shebab granted access "ulx unwatch" to group superadmin
L 07/10/2022 - 12:40:18: [FAdmin] widepeeked (STEAM_0:0:492844137) Spawned a models\props/CS_militia/van.mdl
L 07/10/2022 - 12:40:18: [ULX] widepeeked<STEAM_0:0:492844137> spawned model models/props/cs_militia/van.mdl
L 07/10/2022 - 12:40:19: [ULX] Al Shebab granted access "ulx version" to group superadmin
L 07/10/2022 - 12:40:19: [ULX] Al Shebab granted access "ulx watch" to group superadmin
L 07/10/2022 - 12:40:20: [ULX] Al Shebab granted access "ulx watchid" to group superadmin
L 07/10/2022 - 12:40:20: [ULX] Al Shebab granted access "ulx watchlist" to group superadmin
L 07/10/2022 - 12:40:21: [ULX] Al Shebab granted access "ulx who" to group superadmin
L 07/10/2022 - 12:40:22: [FAdmin] DJ Bread (STEAM_0:0:579690494) Spawned a models/xqm/jetbody3.mdl
L 07/10/2022 - 12:40:22: [ULX] DJ Bread<STEAM_0:0:579690494> spawned model models/xqm/jetbody3.mdl
L 07/10/2022 - 12:40:23: [ULX] Al Shebab granted access "ulx unvotegag" to group superadmin
L 07/10/2022 - 12:40:23: [ULX] Al Shebab granted access "ulx unvotemute" to group superadmin
L 07/10/2022 - 12:40:23: [FAdmin] prop_physics(models/xqm/jetbody3.mdl) Got removed
L 07/10/2022 - 12:40:24: [FAdmin] DJ Bread (STEAM_0:0:579690494) Spawned a models/xqm/jetbody3.mdl
L 07/10/2022 - 12:40:24: [ULX] DJ Bread<STEAM_0:0:579690494> spawned model models/xqm/jetbody3.mdl
L 07/10/2022 - 12:40:24: [ULX] Al Shebab granted access "ulx votemap" to group superadmin
L 07/10/2022 - 12:40:24: [FAdmin] prop_physics(models/xqm/jetbody3.mdl) Got removed
L 07/10/2022 - 12:40:25: [FAdmin] DJ Bread (STEAM_0:0:579690494) Spawned a models/xqm/jetbody3_s2.mdl
L 07/10/2022 - 12:40:25: [ULX] DJ Bread<STEAM_0:0:579690494> spawned model models/xqm/jetbody3_s2.mdl
L 07/10/2022 - 12:40:27: [ULX] Al Shebab granted access "ulx votegagminvotes" to group superadmin
L 07/10/2022 - 12:40:27: [ULX] Al Shebab granted access "ulx votegagsuccessratio" to group superadmin
L 07/10/2022 - 12:40:28: [FAdmin] prop_physics(models\props/cs_militia/van.mdl) Got removed
L 07/10/2022 - 12:40:28: [ULX] Al Shebab granted access "ulx votemuteminvotes" to group superadmin
L 07/10/2022 - 12:40:28: [FAdmin] widepeeked (STEAM_0:0:492844137) Got killed by DJ Bread with a prop_physics
L 07/10/2022 - 12:40:29: [ULX] Al Shebab granted access "ulx votemutesuccessratio" to group superadmin
L 07/10/2022 - 12:40:30: [FAdmin] prop_physics(models/xqm/jetbody3_s2.mdl) Got removed
L 07/10/2022 - 12:40:31: [FAdmin] widepeeked (STEAM_0:0:492844137) Spawned
L 07/10/2022 - 12:40:31: [FAdmin] widepeeked (STEAM_0:0:492844137) Attempted to pick up a keys
L 07/10/2022 - 12:40:31: [FAdmin] widepeeked (STEAM_0:0:492844137) Attempted to pick up a weapon_physcannon
L 07/10/2022 - 12:40:31: [FAdmin] widepeeked (STEAM_0:0:492844137) Attempted to pick up a weapon_fists
L 07/10/2022 - 12:40:31: [FAdmin] widepeeked (STEAM_0:0:492844137) Attempted to pick up a gmod_camera
L 07/10/2022 - 12:40:31: [FAdmin] widepeeked (STEAM_0:0:492844137) Attempted to pick up a gmod_tool
L 07/10/2022 - 12:40:31: [FAdmin] widepeeked (STEAM_0:0:492844137) Attempted to pick up a weapon_physgun
L 07/10/2022 - 12:40:33: [FAdmin] DJ Bread (STEAM_0:0:579690494) Attempted to switch noclip
L 07/10/2022 - 12:40:34: [FAdmin] DJ Bread (STEAM_0:0:579690494) Attempted to switch noclip
L 07/10/2022 - 12:40:36: [FAdmin] widepeeked (STEAM_0:0:492844137) Spawned a models/airboat.mdl
L 07/10/2022 - 12:40:36: [ULX] widepeeked<STEAM_0:0:492844137> spawned model models/airboat.mdl
L 07/10/2022 - 12:40:38: [FAdmin] prop_physics(models/airboat.mdl) Got removed
L 07/10/2022 - 12:40:44: [FAdmin] Al Shebab (STEAM_0:0:103364981) Spawned a models/props_phx/huge/road_curve.mdl
L 07/10/2022 - 12:40:44: [ULX] Al Shebab<STEAM_0:0:103364981> spawned model models/props_phx/huge/road_curve.mdl
L 07/10/2022 - 12:40:49: [FAdmin] DJ Bread (STEAM_0:0:579690494) Spawned a prop_vehicle_prisoner_pod
L 07/10/2022 - 12:40:49: [ULX] DJ Bread<STEAM_0:0:579690494> spawned vehicle models/vehicles/prisoner_pod_inner.mdl
L 07/10/2022 - 12:40:50: [FAdmin] DJ Bread (STEAM_0:0:579690494) Spawned a prop_vehicle_jeep
L 07/10/2022 - 12:40:50: [ULX] DJ Bread<STEAM_0:0:579690494> spawned vehicle models/buggy.mdl
L 07/10/2022 - 12:40:51: [FAdmin] widepeeked (STEAM_0:0:492844137) Spawned a models/Combine_Helicopter.mdl
L 07/10/2022 - 12:40:51: [ULX] widepeeked<STEAM_0:0:492844137> spawned model models/combine_helicopter.mdl
L 07/10/2022 - 12:40:52: [FAdmin] prop_physics(models/combine_helicopter.mdl) Got removed
L 07/10/2022 - 12:40:53: [FAdmin] DJ Bread (STEAM_0:0:579690494) Entered prop_vehicle_jeep
L 07/10/2022 - 12:40:57: [FAdmin] Al Shebab (STEAM_0:0:103364981) Spawned a prop_vehicle_airboat
L 07/10/2022 - 12:40:57: [ULX] Al Shebab<STEAM_0:0:103364981> spawned vehicle models/airboat.mdl
L 07/10/2022 - 12:41:01: [FAdmin] DJ Bread (STEAM_0:0:579690494) exited a prop_vehicle_jeep
L 07/10/2022 - 12:41:01: [FAdmin] widepeeked (STEAM_0:0:492844137) Entered prop_vehicle_jeep
L 07/10/2022 - 12:41:03: [FAdmin] Al Shebab (STEAM_0:0:103364981) Entered prop_vehicle_airboat
L 07/10/2022 - 12:41:11: [FAdmin] DJ Bread (STEAM_0:0:579690494) Attempted to use tool creator
L 07/10/2022 - 12:41:12: [FAdmin] DJ Bread (STEAM_0:0:579690494) Attempted to use tool creator
L 07/10/2022 - 12:41:13: [FAdmin] widepeeked (STEAM_0:0:492844137) exited a prop_vehicle_jeep
L 07/10/2022 - 12:41:13: [FAdmin] DJ Bread (STEAM_0:0:579690494) Spawned a prop_vehicle_jeep
L 07/10/2022 - 12:41:13: [ULX] DJ Bread<STEAM_0:0:579690494> spawned vehicle models/buggy.mdl
L 07/10/2022 - 12:41:14: [FAdmin] widepeeked (STEAM_0:0:492844137) Attempted to switch noclip
L 07/10/2022 - 12:41:21: [FAdmin] widepeeked (STEAM_0:0:492844137) Spawned a models/Combine_Helicopter.mdl
L 07/10/2022 - 12:41:21: [ULX] widepeeked<STEAM_0:0:492844137> spawned model models/combine_helicopter.mdl
L 07/10/2022 - 12:41:22: [FAdmin] DJ Bread (STEAM_0:0:579690494) Attempted to use tool material
L 07/10/2022 - 12:41:23: [FAdmin] DJ Bread (STEAM_0:0:579690494) Attempted to use tool material
L 07/10/2022 - 12:41:29: [FAdmin] prop_physics(models/combine_helicopter.mdl) Got removed
L 07/10/2022 - 12:41:29: [FAdmin] Al Shebab (STEAM_0:0:103364981) exited a prop_vehicle_airboat
L 07/10/2022 - 12:41:31: [FAdmin] Al Shebab (STEAM_0:0:103364981) Entered prop_vehicle_airboat
L 07/10/2022 - 12:41:33: [FAdmin] Al Shebab (STEAM_0:0:103364981) exited a prop_vehicle_airboat
L 07/10/2022 - 12:41:36: [FAdmin] DJ Bread (STEAM_0:0:579690494) Entered prop_vehicle_jeep
L 07/10/2022 - 12:41:43: [FAdmin] widepeeked (STEAM_0:0:492844137) Got killed by Al Shebab with a prop_vehicle_jeep
L 07/10/2022 - 12:41:43: [FAdmin] Al Shebab (STEAM_0:0:103364981) Got killed by Al Shebab with a prop_vehicle_jeep
L 07/10/2022 - 12:41:46: [FAdmin] widepeeked (STEAM_0:0:492844137) Spawned
L 07/10/2022 - 12:41:46: [FAdmin] widepeeked (STEAM_0:0:492844137) Attempted to pick up a keys
L 07/10/2022 - 12:41:46: [FAdmin] widepeeked (STEAM_0:0:492844137) Attempted to pick up a weapon_physcannon
L 07/10/2022 - 12:41:46: [FAdmin] widepeeked (STEAM_0:0:492844137) Attempted to pick up a weapon_fists
L 07/10/2022 - 12:41:46: [FAdmin] widepeeked (STEAM_0:0:492844137) Attempted to pick up a gmod_camera
L 07/10/2022 - 12:41:46: [FAdmin] widepeeked (STEAM_0:0:492844137) Attempted to pick up a gmod_tool
L 07/10/2022 - 12:41:46: [FAdmin] widepeeked (STEAM_0:0:492844137) Attempted to pick up a weapon_physgun
L 07/10/2022 - 12:41:46: [FAdmin] Al Shebab (STEAM_0:0:103364981) Spawned
L 07/10/2022 - 12:41:46: [FAdmin] Al Shebab (STEAM_0:0:103364981) Attempted to pick up a keys
L 07/10/2022 - 12:41:46: [FAdmin] Al Shebab (STEAM_0:0:103364981) Attempted to pick up a weapon_physcannon
L 07/10/2022 - 12:41:46: [FAdmin] Al Shebab (STEAM_0:0:103364981) Attempted to pick up a weapon_fists
L 07/10/2022 - 12:41:46: [FAdmin] Al Shebab (STEAM_0:0:103364981) Attempted to pick up a gmod_camera
L 07/10/2022 - 12:41:46: [FAdmin] Al Shebab (STEAM_0:0:103364981) Attempted to pick up a gmod_tool
L 07/10/2022 - 12:41:46: [FAdmin] Al Shebab (STEAM_0:0:103364981) Attempted to pick up a weapon_physgun
L 07/10/2022 - 12:41:56: [FAdmin] DJ Bread (STEAM_0:0:579690494) exited a prop_vehicle_jeep
L 07/10/2022 - 12:41:58: [FAdmin] Al Shebab (STEAM_0:0:103364981) Gave himself a m9k_damascus
L 07/10/2022 - 12:41:58: [FAdmin] Al Shebab (STEAM_0:0:103364981) Attempted to pick up a m9k_damascus
L 07/10/2022 - 12:42:00: [FAdmin] DJ Bread (STEAM_0:0:579690494) Attempted to use tool material
L 07/10/2022 - 12:42:02: [FAdmin] DJ Bread (STEAM_0:0:579690494) Attempted to use tool material
L 07/10/2022 - 12:42:04: [FAdmin] DJ Bread (STEAM_0:0:579690494) Attempted to use tool material
L 07/10/2022 - 12:42:04: [FAdmin] DJ Bread (STEAM_0:0:579690494) Attempted to use tool material
L 07/10/2022 - 12:42:04: [FAdmin] DJ Bread (STEAM_0:0:579690494) Attempted to use tool material
L 07/10/2022 - 12:42:07: [FAdmin] DJ Bread (STEAM_0:0:579690494) Attempted to use tool material
L 07/10/2022 - 12:42:09: [FAdmin] DJ Bread (STEAM_0:0:579690494) Attempted to use tool material
L 07/10/2022 - 12:42:11: [FAdmin] widepeeked (STEAM_0:0:492844137) Got killed by Al Shebab with a weapon_fists
L 07/10/2022 - 12:42:14: [FAdmin] widepeeked (STEAM_0:0:492844137) Spawned
L 07/10/2022 - 12:42:14: [FAdmin] widepeeked (STEAM_0:0:492844137) Attempted to pick up a keys
L 07/10/2022 - 12:42:14: [FAdmin] widepeeked (STEAM_0:0:492844137) Attempted to pick up a weapon_physcannon
L 07/10/2022 - 12:42:14: [FAdmin] widepeeked (STEAM_0:0:492844137) Attempted to pick up a weapon_fists
L 07/10/2022 - 12:42:14: [FAdmin] widepeeked (STEAM_0:0:492844137) Attempted to pick up a gmod_camera
L 07/10/2022 - 12:42:14: [FAdmin] widepeeked (STEAM_0:0:492844137) Attempted to pick up a gmod_tool
L 07/10/2022 - 12:42:14: [FAdmin] widepeeked (STEAM_0:0:492844137) Attempted to pick up a weapon_physgun
L 07/10/2022 - 12:42:17: [FAdmin] DJ Bread (STEAM_0:0:579690494) Attempted to use tool trails
L 07/10/2022 - 12:42:18: [FAdmin] DJ Bread (STEAM_0:0:579690494) Entered prop_vehicle_jeep
L 07/10/2022 - 12:42:32: [FAdmin] Al Shebab (STEAM_0:0:103364981) Got killed by widepeeked with a weapon_fists
L 07/10/2022 - 12:42:33: [FAdmin] DJ Bread (STEAM_0:0:579690494) exited a prop_vehicle_jeep
L 07/10/2022 - 12:42:36: [FAdmin] DJ Bread (STEAM_0:0:579690494) Attempted to switch noclip
L 07/10/2022 - 12:42:40: [FAdmin] DJ Bread (STEAM_0:0:579690494) Entered prop_vehicle_jeep
L 07/10/2022 - 12:42:46: [FAdmin] widepeeked (STEAM_0:0:492844137) Spawned a models/props_phx/trains/fsd-overrun.mdl
L 07/10/2022 - 12:42:46: [ULX] widepeeked<STEAM_0:0:492844137> spawned model models/props_phx/trains/fsd-overrun.mdl
L 07/10/2022 - 12:42:46: [FAdmin] DJ Bread (STEAM_0:0:579690494) exited a prop_vehicle_jeep
L 07/10/2022 - 12:42:52: [FAdmin] DJ Bread (STEAM_0:0:579690494) Attempted to use tool colour
L 07/10/2022 - 12:42:53: [FAdmin] DJ Bread (STEAM_0:0:579690494) Attempted to use tool colour
L 07/10/2022 - 12:42:55: [FAdmin] DJ Bread (STEAM_0:0:579690494) Attempted to use tool colour
L 07/10/2022 - 12:42:57: [FAdmin] DJ Bread (STEAM_0:0:579690494) Attempted to use tool colour
L 07/10/2022 - 12:42:57: [FAdmin] DJ Bread (STEAM_0:0:579690494) Attempted to use tool colour
L 07/10/2022 - 12:42:59: [FAdmin] DJ Bread (STEAM_0:0:579690494) Attempted to use tool colour
L 07/10/2022 - 12:43:00: [FAdmin] Al Shebab (STEAM_0:0:103364981) Spawned
L 07/10/2022 - 12:43:01: [FAdmin] Al Shebab (STEAM_0:0:103364981) Attempted to pick up a keys
L 07/10/2022 - 12:43:01: [FAdmin] Al Shebab (STEAM_0:0:103364981) Attempted to pick up a weapon_physcannon
L 07/10/2022 - 12:43:01: [FAdmin] Al Shebab (STEAM_0:0:103364981) Attempted to pick up a weapon_fists
L 07/10/2022 - 12:43:01: [FAdmin] Al Shebab (STEAM_0:0:103364981) Attempted to pick up a gmod_camera
L 07/10/2022 - 12:43:01: [FAdmin] Al Shebab (STEAM_0:0:103364981) Attempted to pick up a gmod_tool
L 07/10/2022 - 12:43:01: [FAdmin] Al Shebab (STEAM_0:0:103364981) Attempted to pick up a weapon_physgun
L 07/10/2022 - 12:43:06: [FAdmin] DJ Bread (STEAM_0:0:579690494) Attempted to use tool colour
L 07/10/2022 - 12:43:07: [FAdmin] DJ Bread (STEAM_0:0:579690494) Attempted to use tool colour
L 07/10/2022 - 12:43:08: [FAdmin] DJ Bread (STEAM_0:0:579690494) Attempted to use tool colour
L 07/10/2022 - 12:43:08: [FAdmin] DJ Bread (STEAM_0:0:579690494) Attempted to use tool colour
L 07/10/2022 - 12:43:08: [FAdmin] DJ Bread (STEAM_0:0:579690494) Attempted to use tool colour
L 07/10/2022 - 12:43:08: [FAdmin] DJ Bread (STEAM_0:0:579690494) Attempted to use tool colour
L 07/10/2022 - 12:43:09: [FAdmin] DJ Bread (STEAM_0:0:579690494) Attempted to use tool colour
L 07/10/2022 - 12:43:09: [FAdmin] DJ Bread (STEAM_0:0:579690494) Attempted to use tool colour
L 07/10/2022 - 12:43:09: [FAdmin] DJ Bread (STEAM_0:0:579690494) Attempted to use tool colour
L 07/10/2022 - 12:43:09: [FAdmin] DJ Bread (STEAM_0:0:579690494) Attempted to use tool colour
L 07/10/2022 - 12:43:10: [FAdmin] DJ Bread (STEAM_0:0:579690494) Attempted to use tool colour
L 07/10/2022 - 12:43:10: [FAdmin] DJ Bread (STEAM_0:0:579690494) Attempted to use tool colour
L 07/10/2022 - 12:43:10: [FAdmin] DJ Bread (STEAM_0:0:579690494) Attempted to use tool colour
L 07/10/2022 - 12:43:10: [FAdmin] DJ Bread (STEAM_0:0:579690494) Attempted to use tool colour
L 07/10/2022 - 12:43:11: [FAdmin] Al Shebab (STEAM_0:0:103364981) Gave himself a m9k_matador
L 07/10/2022 - 12:43:11: [FAdmin] Al Shebab (STEAM_0:0:103364981) Attempted to pick up a m9k_matador
L 07/10/2022 - 12:43:12: [FAdmin] widepeeked (STEAM_0:0:492844137) Got killed by Al Shebab with a m9k_gdcwa_matador_90mm
L 07/10/2022 - 12:43:15: [FAdmin] widepeeked (STEAM_0:0:492844137) Spawned
L 07/10/2022 - 12:43:15: [FAdmin] widepeeked (STEAM_0:0:492844137) Attempted to pick up a keys
L 07/10/2022 - 12:43:15: [FAdmin] widepeeked (STEAM_0:0:492844137) Attempted to pick up a weapon_physcannon
L 07/10/2022 - 12:43:15: [FAdmin] widepeeked (STEAM_0:0:492844137) Attempted to pick up a weapon_fists
L 07/10/2022 - 12:43:15: [FAdmin] widepeeked (STEAM_0:0:492844137) Attempted to pick up a gmod_camera
L 07/10/2022 - 12:43:15: [FAdmin] widepeeked (STEAM_0:0:492844137) Attempted to pick up a gmod_tool
L 07/10/2022 - 12:43:15: [FAdmin] widepeeked (STEAM_0:0:492844137) Attempted to pick up a weapon_physgun
L 07/10/2022 - 12:43:20: [FAdmin] widepeeked (STEAM_0:0:492844137) Spawned a models/XQM/coastertrain1.mdl
L 07/10/2022 - 12:43:20: [ULX] widepeeked<STEAM_0:0:492844137> spawned model models/xqm/coastertrain1.mdl
L 07/10/2022 - 12:43:21: [FAdmin] Al Shebab (STEAM_0:0:103364981) Gave himself a m9k_rpg7
L 07/10/2022 - 12:43:21: [FAdmin] Al Shebab (STEAM_0:0:103364981) Attempted to pick up a m9k_rpg7
L 07/10/2022 - 12:43:24: [FAdmin] Al Shebab (STEAM_0:0:103364981) Gave himself a m9k_milkormgl
L 07/10/2022 - 12:43:24: [FAdmin] Al Shebab (STEAM_0:0:103364981) Attempted to pick up a m9k_milkormgl
L 07/10/2022 - 12:43:27: [FAdmin] Al Shebab (STEAM_0:0:103364981) Got killed by widepeeked with a prop_physics
L 07/10/2022 - 12:43:27: [FAdmin] DJ Bread (STEAM_0:0:579690494) Got killed by widepeeked with a prop_physics
L 07/10/2022 - 12:43:29: [FAdmin] widepeeked (STEAM_0:0:492844137) Attempted to pick up a m9k_milkormgl
L 07/10/2022 - 12:43:30: [FAdmin] Al Shebab (STEAM_0:0:103364981) Spawned
L 07/10/2022 - 12:43:30: [FAdmin] Al Shebab (STEAM_0:0:103364981) Attempted to pick up a keys
L 07/10/2022 - 12:43:30: [FAdmin] Al Shebab (STEAM_0:0:103364981) Attempted to pick up a weapon_physcannon
L 07/10/2022 - 12:43:30: [FAdmin] Al Shebab (STEAM_0:0:103364981) Attempted to pick up a weapon_fists
L 07/10/2022 - 12:43:30: [FAdmin] Al Shebab (STEAM_0:0:103364981) Attempted to pick up a gmod_camera
L 07/10/2022 - 12:43:30: [FAdmin] Al Shebab (STEAM_0:0:103364981) Attempted to pick up a gmod_tool
L 07/10/2022 - 12:43:30: [FAdmin] Al Shebab (STEAM_0:0:103364981) Attempted to pick up a weapon_physgun
L 07/10/2022 - 12:43:30: [FAdmin] DJ Bread (STEAM_0:0:579690494) Spawned
L 07/10/2022 - 12:43:30: [FAdmin] DJ Bread (STEAM_0:0:579690494) Attempted to pick up a keys
L 07/10/2022 - 12:43:30: [FAdmin] DJ Bread (STEAM_0:0:579690494) Attempted to pick up a weapon_physcannon
L 07/10/2022 - 12:43:30: [FAdmin] DJ Bread (STEAM_0:0:579690494) Attempted to pick up a weapon_fists
L 07/10/2022 - 12:43:30: [FAdmin] DJ Bread (STEAM_0:0:579690494) Attempted to pick up a gmod_camera
L 07/10/2022 - 12:43:30: [FAdmin] DJ Bread (STEAM_0:0:579690494) Attempted to pick up a gmod_tool
L 07/10/2022 - 12:43:30: [FAdmin] DJ Bread (STEAM_0:0:579690494) Attempted to pick up a weapon_physgun
L 07/10/2022 - 12:43:34: [FAdmin] DJ Bread (STEAM_0:0:579690494) Gave himself a m9k_nerve_gas
L 07/10/2022 - 12:43:34: [FAdmin] DJ Bread (STEAM_0:0:579690494) Attempted to pick up a m9k_nerve_gas
L 07/10/2022 - 12:43:34: [FAdmin] DJ Bread (STEAM_0:0:579690494) Attempted to switch noclip
L 07/10/2022 - 12:43:37: [FAdmin] DJ Bread (STEAM_0:0:579690494) Got killed by DJ Bread with a m9k_released_poison
L 07/10/2022 - 12:43:37: [FAdmin] Al Shebab (STEAM_0:0:103364981) Got killed by DJ Bread with a m9k_released_poison
L 07/10/2022 - 12:43:40: [FAdmin] DJ Bread (STEAM_0:0:579690494) Spawned
L 07/10/2022 - 12:43:40: [FAdmin] DJ Bread (STEAM_0:0:579690494) Attempted to pick up a keys
L 07/10/2022 - 12:43:40: [FAdmin] DJ Bread (STEAM_0:0:579690494) Attempted to pick up a weapon_physcannon
L 07/10/2022 - 12:43:40: [FAdmin] DJ Bread (STEAM_0:0:579690494) Attempted to pick up a weapon_fists
L 07/10/2022 - 12:43:40: [FAdmin] DJ Bread (STEAM_0:0:579690494) Attempted to pick up a gmod_camera
L 07/10/2022 - 12:43:40: [FAdmin] DJ Bread (STEAM_0:0:579690494) Attempted to pick up a gmod_tool
L 07/10/2022 - 12:43:40: [FAdmin] DJ Bread (STEAM_0:0:579690494) Attempted to pick up a weapon_physgun
L 07/10/2022 - 12:43:40: [FAdmin] Al Shebab (STEAM_0:0:103364981) Spawned
L 07/10/2022 - 12:43:40: [FAdmin] Al Shebab (STEAM_0:0:103364981) Attempted to pick up a keys
L 07/10/2022 - 12:43:40: [FAdmin] Al Shebab (STEAM_0:0:103364981) Attempted to pick up a weapon_physcannon
L 07/10/2022 - 12:43:40: [FAdmin] Al Shebab (STEAM_0:0:103364981) Attempted to pick up a weapon_fists
L 07/10/2022 - 12:43:40: [FAdmin] Al Shebab (STEAM_0:0:103364981) Attempted to pick up a gmod_camera
L 07/10/2022 - 12:43:40: [FAdmin] Al Shebab (STEAM_0:0:103364981) Attempted to pick up a gmod_tool
L 07/10/2022 - 12:43:40: [FAdmin] Al Shebab (STEAM_0:0:103364981) Attempted to pick up a weapon_physgun
L 07/10/2022 - 12:43:42: [FAdmin] widepeeked (STEAM_0:0:492844137) Got killed by N/A with a N/A
L 07/10/2022 - 12:43:45: [FAdmin] widepeeked (STEAM_0:0:492844137) Spawned
L 07/10/2022 - 12:43:45: [FAdmin] widepeeked (STEAM_0:0:492844137) Attempted to pick up a keys
L 07/10/2022 - 12:43:45: [FAdmin] widepeeked (STEAM_0:0:492844137) Attempted to pick up a weapon_physcannon
L 07/10/2022 - 12:43:45: [FAdmin] widepeeked (STEAM_0:0:492844137) Attempted to pick up a weapon_fists
L 07/10/2022 - 12:43:45: [FAdmin] widepeeked (STEAM_0:0:492844137) Attempted to pick up a gmod_camera
L 07/10/2022 - 12:43:45: [FAdmin] widepeeked (STEAM_0:0:492844137) Attempted to pick up a gmod_tool
L 07/10/2022 - 12:43:45: [FAdmin] widepeeked (STEAM_0:0:492844137) Attempted to pick up a weapon_physgun
L 07/10/2022 - 12:43:49: [FAdmin] Al Shebab (STEAM_0:0:103364981) Attempted to pick up a m9k_milkormgl
L 07/10/2022 - 12:43:49: [FAdmin] widepeeked (STEAM_0:0:492844137) Entered prop_vehicle_airboat
L 07/10/2022 - 12:43:51: [FAdmin] widepeeked (STEAM_0:0:492844137) Got killed by Al Shebab with a m9k_milkor_nade
L 07/10/2022 - 12:43:51: [FAdmin] widepeeked (STEAM_0:0:492844137) exited a prop_vehicle_airboat
L 07/10/2022 - 12:43:53: [FAdmin] Al Shebab (STEAM_0:0:103364981) Got killed by DJ Bread with a m9k_released_poison
L 07/10/2022 - 12:43:54: [FAdmin] widepeeked (STEAM_0:0:492844137) Spawned
L 07/10/2022 - 12:43:54: [FAdmin] widepeeked (STEAM_0:0:492844137) Attempted to pick up a keys
L 07/10/2022 - 12:43:54: [FAdmin] widepeeked (STEAM_0:0:492844137) Attempted to pick up a weapon_physcannon
L 07/10/2022 - 12:43:54: [FAdmin] widepeeked (STEAM_0:0:492844137) Attempted to pick up a weapon_fists
L 07/10/2022 - 12:43:54: [FAdmin] widepeeked (STEAM_0:0:492844137) Attempted to pick up a gmod_camera
L 07/10/2022 - 12:43:54: [FAdmin] widepeeked (STEAM_0:0:492844137) Attempted to pick up a gmod_tool
L 07/10/2022 - 12:43:54: [FAdmin] widepeeked (STEAM_0:0:492844137) Attempted to pick up a weapon_physgun
L 07/10/2022 - 12:43:55: [FAdmin] DJ Bread (STEAM_0:0:579690494) Attempted to switch noclip
L 07/10/2022 - 12:43:56: [FAdmin] Al Shebab (STEAM_0:0:103364981) Spawned
L 07/10/2022 - 12:43:56: [FAdmin] Al Shebab (STEAM_0:0:103364981) Attempted to pick up a keys
L 07/10/2022 - 12:43:56: [FAdmin] Al Shebab (STEAM_0:0:103364981) Attempted to pick up a weapon_physcannon
L 07/10/2022 - 12:43:56: [FAdmin] Al Shebab (STEAM_0:0:103364981) Attempted to pick up a weapon_fists
L 07/10/2022 - 12:43:56: [FAdmin] Al Shebab (STEAM_0:0:103364981) Attempted to pick up a gmod_camera
L 07/10/2022 - 12:43:56: [FAdmin] Al Shebab (STEAM_0:0:103364981) Attempted to pick up a gmod_tool
L 07/10/2022 - 12:43:56: [FAdmin] Al Shebab (STEAM_0:0:103364981) Attempted to pick up a weapon_physgun
L 07/10/2022 - 12:43:57: [FAdmin] DJ Bread (STEAM_0:0:579690494) Attempted to pick up a m9k_milkormgl
L 07/10/2022 - 12:43:58: [FAdmin] DJ Bread (STEAM_0:0:579690494) Attempted to switch noclip
L 07/10/2022 - 12:44:03: [FAdmin] DJ Bread (STEAM_0:0:579690494) Gave himself a m9k_sticky_grenade
L 07/10/2022 - 12:44:03: [FAdmin] DJ Bread (STEAM_0:0:579690494) Attempted to pick up a m9k_sticky_grenade
L 07/10/2022 - 12:44:09: [FAdmin] DJ Bread (STEAM_0:0:579690494) Gave himself a m9k_knife
L 07/10/2022 - 12:44:09: [FAdmin] DJ Bread (STEAM_0:0:579690494) Attempted to pick up a m9k_knife
L 07/10/2022 - 12:44:12: [FAdmin] widepeeked (STEAM_0:0:492844137) Entered prop_vehicle_airboat
L 07/10/2022 - 12:44:12: [FAdmin] Al Shebab (STEAM_0:0:103364981) Gave himself a m9k_rpg7
L 07/10/2022 - 12:44:12: [FAdmin] Al Shebab (STEAM_0:0:103364981) Attempted to pick up a m9k_rpg7
L 07/10/2022 - 12:44:13: [FAdmin] widepeeked (STEAM_0:0:492844137) Got killed by Al Shebab with a m9k_gdcwa_rpg_heat
L 07/10/2022 - 12:44:13: [FAdmin] widepeeked (STEAM_0:0:492844137) exited a prop_vehicle_airboat
L 07/10/2022 - 12:44:13: [FAdmin] DJ Bread (STEAM_0:0:579690494) Got killed by Al Shebab with a m9k_gdcwa_rpg_heat
L 07/10/2022 - 12:44:16: [FAdmin] widepeeked (STEAM_0:0:492844137) Spawned
L 07/10/2022 - 12:44:16: [FAdmin] widepeeked (STEAM_0:0:492844137) Attempted to pick up a keys
L 07/10/2022 - 12:44:16: [FAdmin] widepeeked (STEAM_0:0:492844137) Attempted to pick up a weapon_physcannon
L 07/10/2022 - 12:44:16: [FAdmin] widepeeked (STEAM_0:0:492844137) Attempted to pick up a weapon_fists
L 07/10/2022 - 12:44:16: [FAdmin] widepeeked (STEAM_0:0:492844137) Attempted to pick up a gmod_camera
L 07/10/2022 - 12:44:16: [FAdmin] widepeeked (STEAM_0:0:492844137) Attempted to pick up a gmod_tool
L 07/10/2022 - 12:44:16: [FAdmin] widepeeked (STEAM_0:0:492844137) Attempted to pick up a weapon_physgun
L 07/10/2022 - 12:44:16: [FAdmin] DJ Bread (STEAM_0:0:579690494) Spawned
L 07/10/2022 - 12:44:16: [FAdmin] DJ Bread (STEAM_0:0:579690494) Attempted to pick up a keys
L 07/10/2022 - 12:44:16: [FAdmin] DJ Bread (STEAM_0:0:579690494) Attempted to pick up a weapon_physcannon
L 07/10/2022 - 12:44:16: [FAdmin] DJ Bread (STEAM_0:0:579690494) Attempted to pick up a weapon_fists
L 07/10/2022 - 12:44:16: [FAdmin] DJ Bread (STEAM_0:0:579690494) Attempted to pick up a gmod_camera
L 07/10/2022 - 12:44:16: [FAdmin] DJ Bread (STEAM_0:0:579690494) Attempted to pick up a gmod_tool
L 07/10/2022 - 12:44:16: [FAdmin] DJ Bread (STEAM_0:0:579690494) Attempted to pick up a weapon_physgun
L 07/10/2022 - 12:44:18: [FAdmin] widepeeked (STEAM_0:0:492844137) Entered prop_vehicle_airboat
L 07/10/2022 - 12:44:21: [FAdmin] DJ Bread (STEAM_0:0:579690494) Attempted to pick up a m9k_knife
L 07/10/2022 - 12:44:21: [FAdmin] widepeeked (STEAM_0:0:492844137) exited a prop_vehicle_airboat
L 07/10/2022 - 12:44:24: [FAdmin] DJ Bread (STEAM_0:0:579690494) Gave himself a m9k_ied_detonator
L 07/10/2022 - 12:44:24: [FAdmin] DJ Bread (STEAM_0:0:579690494) Attempted to pick up a m9k_ied_detonator
L 07/10/2022 - 12:44:26: [FAdmin] DJ Bread (STEAM_0:0:579690494) Attempted to switch noclip
L 07/10/2022 - 12:44:27: [FAdmin] Al Shebab (STEAM_0:0:103364981) Got killed by DJ Bread with a m9k_improvised_explosive
L 07/10/2022 - 12:44:30: [FAdmin] DJ Bread (STEAM_0:0:579690494) Attempted to switch noclip
L 07/10/2022 - 12:44:32: [FAdmin] prop_physics(models/xqm/coastertrain1.mdl) Got removed
L 07/10/2022 - 12:44:38: [FAdmin] DJ Bread (STEAM_0:0:579690494) Attempted to use tool remover
L 07/10/2022 - 12:44:39: [FAdmin] prop_physics(models/props_phx/huge/road_curve.mdl) Got removed
L 07/10/2022 - 12:44:51: [FAdmin] DJ Bread (STEAM_0:0:579690494) Attempted to switch noclip
L 07/10/2022 - 12:44:51: [FAdmin] DJ Bread (STEAM_0:0:579690494) Attempted to switch noclip
L 07/10/2022 - 12:44:54: [FAdmin] DJ Bread (STEAM_0:0:579690494) Attempted to use tool colour
L 07/10/2022 - 12:44:54: [FAdmin] DJ Bread (STEAM_0:0:579690494) Attempted to use tool colour
L 07/10/2022 - 12:44:57: [FAdmin] widepeeked (STEAM_0:0:492844137) Attempted to pick up a m9k_rpg7
L 07/10/2022 - 12:45:00: [FAdmin] DJ Bread (STEAM_0:0:579690494) Attempted to use tool material
L 07/10/2022 - 12:45:02: [FAdmin] DJ Bread (STEAM_0:0:579690494) Got killed by widepeeked with a m9k_gdcwa_rpg_heat
L 07/10/2022 - 12:45:05: [FAdmin] DJ Bread (STEAM_0:0:579690494) Spawned
L 07/10/2022 - 12:45:05: [FAdmin] DJ Bread (STEAM_0:0:579690494) Attempted to pick up a keys
L 07/10/2022 - 12:45:05: [FAdmin] DJ Bread (STEAM_0:0:579690494) Attempted to pick up a weapon_physcannon
L 07/10/2022 - 12:45:05: [FAdmin] DJ Bread (STEAM_0:0:579690494) Attempted to pick up a weapon_fists
L 07/10/2022 - 12:45:05: [FAdmin] DJ Bread (STEAM_0:0:579690494) Attempted to pick up a gmod_camera
L 07/10/2022 - 12:45:05: [FAdmin] DJ Bread (STEAM_0:0:579690494) Attempted to pick up a gmod_tool
L 07/10/2022 - 12:45:05: [FAdmin] DJ Bread (STEAM_0:0:579690494) Attempted to pick up a weapon_physgun
L 07/10/2022 - 12:45:07: [FAdmin] DJ Bread (STEAM_0:0:579690494) Gave himself a m9k_harpoon
L 07/10/2022 - 12:45:07: [FAdmin] DJ Bread (STEAM_0:0:579690494) Attempted to pick up a m9k_harpoon
L 07/10/2022 - 12:45:09: [FAdmin] DJ Bread (STEAM_0:0:579690494) Got killed by widepeeked with a m9k_gdcwa_rpg_heat
L 07/10/2022 - 12:45:12: [FAdmin] widepeeked (STEAM_0:0:492844137) Attempted to pick up a m9k_harpoon
L 07/10/2022 - 12:45:12: [FAdmin] DJ Bread (STEAM_0:0:579690494) Spawned
L 07/10/2022 - 12:45:12: [FAdmin] DJ Bread (STEAM_0:0:579690494) Attempted to pick up a keys
L 07/10/2022 - 12:45:12: [FAdmin] DJ Bread (STEAM_0:0:579690494) Attempted to pick up a weapon_physcannon
L 07/10/2022 - 12:45:12: [FAdmin] DJ Bread (STEAM_0:0:579690494) Attempted to pick up a weapon_fists
L 07/10/2022 - 12:45:12: [FAdmin] DJ Bread (STEAM_0:0:579690494) Attempted to pick up a gmod_camera
L 07/10/2022 - 12:45:12: [FAdmin] DJ Bread (STEAM_0:0:579690494) Attempted to pick up a gmod_tool
L 07/10/2022 - 12:45:12: [FAdmin] DJ Bread (STEAM_0:0:579690494) Attempted to pick up a weapon_physgun
L 07/10/2022 - 12:45:13: [FAdmin] DJ Bread (STEAM_0:0:579690494) Gave himself a m9k_ex41
L 07/10/2022 - 12:45:13: [FAdmin] DJ Bread (STEAM_0:0:579690494) Attempted to pick up a m9k_ex41
L 07/10/2022 - 12:45:15: [FAdmin] widepeeked (STEAM_0:0:492844137) Got killed by DJ Bread with a m9k_launched_ex41
L 07/10/2022 - 12:45:17: [FAdmin] DJ Bread (STEAM_0:0:579690494) Attempted to pick up a m9k_rpg7
L 07/10/2022 - 12:45:18: [FAdmin] widepeeked (STEAM_0:0:492844137) Spawned
L 07/10/2022 - 12:45:18: [FAdmin] widepeeked (STEAM_0:0:492844137) Attempted to pick up a keys
L 07/10/2022 - 12:45:18: [FAdmin] widepeeked (STEAM_0:0:492844137) Attempted to pick up a weapon_physcannon
L 07/10/2022 - 12:45:18: [FAdmin] widepeeked (STEAM_0:0:492844137) Attempted to pick up a weapon_fists
L 07/10/2022 - 12:45:18: [FAdmin] widepeeked (STEAM_0:0:492844137) Attempted to pick up a gmod_camera
L 07/10/2022 - 12:45:18: [FAdmin] widepeeked (STEAM_0:0:492844137) Attempted to pick up a gmod_tool
L 07/10/2022 - 12:45:18: [FAdmin] widepeeked (STEAM_0:0:492844137) Attempted to pick up a weapon_physgun
L 07/10/2022 - 12:45:24: [FAdmin] widepeeked (STEAM_0:0:492844137) Got killed by DJ Bread with a m9k_launched_ex41
L 07/10/2022 - 12:45:27: [FAdmin] widepeeked (STEAM_0:0:492844137) Spawned
L 07/10/2022 - 12:45:27: [FAdmin] widepeeked (STEAM_0:0:492844137) Attempted to pick up a keys
L 07/10/2022 - 12:45:27: [FAdmin] widepeeked (STEAM_0:0:492844137) Attempted to pick up a weapon_physcannon
L 07/10/2022 - 12:45:27: [FAdmin] widepeeked (STEAM_0:0:492844137) Attempted to pick up a weapon_fists
L 07/10/2022 - 12:45:27: [FAdmin] widepeeked (STEAM_0:0:492844137) Attempted to pick up a gmod_camera
L 07/10/2022 - 12:45:27: [FAdmin] widepeeked (STEAM_0:0:492844137) Attempted to pick up a gmod_tool
L 07/10/2022 - 12:45:27: [FAdmin] widepeeked (STEAM_0:0:492844137) Attempted to pick up a weapon_physgun
L 07/10/2022 - 12:45:31: [FAdmin] widepeeked (STEAM_0:0:492844137) Spawned a models/XQM/coastertrain1.mdl
L 07/10/2022 - 12:45:31: [ULX] widepeeked<STEAM_0:0:492844137> spawned model models/xqm/coastertrain1.mdl
L 07/10/2022 - 12:45:35: [FAdmin] widepeeked (STEAM_0:0:492844137) Got killed by DJ Bread with a m9k_launched_ex41
L 07/10/2022 - 12:45:37: [FAdmin] DJ Bread (STEAM_0:0:579690494) Got killed by DJ Bread with a player
L 07/10/2022 - 12:45:38: [FAdmin] widepeeked (STEAM_0:0:492844137) Spawned
L 07/10/2022 - 12:45:38: [FAdmin] widepeeked (STEAM_0:0:492844137) Attempted to pick up a keys
L 07/10/2022 - 12:45:38: [FAdmin] widepeeked (STEAM_0:0:492844137) Attempted to pick up a weapon_physcannon
L 07/10/2022 - 12:45:38: [FAdmin] widepeeked (STEAM_0:0:492844137) Attempted to pick up a weapon_fists
L 07/10/2022 - 12:45:38: [FAdmin] widepeeked (STEAM_0:0:492844137) Attempted to pick up a gmod_camera
L 07/10/2022 - 12:45:38: [FAdmin] widepeeked (STEAM_0:0:492844137) Attempted to pick up a gmod_tool
L 07/10/2022 - 12:45:38: [FAdmin] widepeeked (STEAM_0:0:492844137) Attempted to pick up a weapon_physgun
L 07/10/2022 - 12:45:39: [FAdmin] prop_physics(models/xqm/coastertrain1.mdl) Got removed
L 07/10/2022 - 12:45:39: [FAdmin] prop_physics(models/props_phx/trains/fsd-overrun.mdl) Got removed
L 07/10/2022 - 12:45:42: [FAdmin] widepeeked (STEAM_0:0:492844137) Attempted to pick up a m9k_ex41
L 07/10/2022 - 12:45:48: [FAdmin] DJ Bread (STEAM_0:0:579690494) Spawned
L 07/10/2022 - 12:45:48: [FAdmin] DJ Bread (STEAM_0:0:579690494) Attempted to pick up a keys
L 07/10/2022 - 12:45:48: [FAdmin] DJ Bread (STEAM_0:0:579690494) Attempted to pick up a weapon_physcannon
L 07/10/2022 - 12:45:48: [FAdmin] DJ Bread (STEAM_0:0:579690494) Attempted to pick up a weapon_fists
L 07/10/2022 - 12:45:48: [FAdmin] DJ Bread (STEAM_0:0:579690494) Attempted to pick up a gmod_camera
L 07/10/2022 - 12:45:48: [FAdmin] DJ Bread (STEAM_0:0:579690494) Attempted to pick up a gmod_tool
L 07/10/2022 - 12:45:48: [FAdmin] DJ Bread (STEAM_0:0:579690494) Attempted to pick up a weapon_physgun
L 07/10/2022 - 12:46:25: [FAdmin] DJ Bread (STEAM_0:0:579690494) changed from Civilian to Hobo
L 07/10/2022 - 12:46:26: [FAdmin] DJ Bread (STEAM_0:0:579690494) Attempted to pick up a weapon_bugbait
L 07/10/2022 - 12:46:26: [FAdmin] DJ Bread (STEAM_0:0:579690494) Attempted to pick up a keys
L 07/10/2022 - 12:46:26: [FAdmin] DJ Bread (STEAM_0:0:579690494) Attempted to pick up a weapon_physcannon
L 07/10/2022 - 12:46:26: [FAdmin] DJ Bread (STEAM_0:0:579690494) Attempted to pick up a weapon_fists
L 07/10/2022 - 12:46:26: [FAdmin] DJ Bread (STEAM_0:0:579690494) Attempted to pick up a gmod_camera
L 07/10/2022 - 12:46:26: [FAdmin] DJ Bread (STEAM_0:0:579690494) Attempted to pick up a gmod_tool
L 07/10/2022 - 12:46:26: [FAdmin] DJ Bread (STEAM_0:0:579690494) Attempted to pick up a weapon_physgun
L 07/10/2022 - 12:46:26: [FAdmin] Al Shebab (STEAM_0:0:103364981) Spawned
L 07/10/2022 - 12:46:26: [FAdmin] Al Shebab (STEAM_0:0:103364981) Attempted to pick up a keys
L 07/10/2022 - 12:46:26: [FAdmin] Al Shebab (STEAM_0:0:103364981) Attempted to pick up a weapon_physcannon
L 07/10/2022 - 12:46:26: [FAdmin] Al Shebab (STEAM_0:0:103364981) Attempted to pick up a weapon_fists
L 07/10/2022 - 12:46:26: [FAdmin] Al Shebab (STEAM_0:0:103364981) Attempted to pick up a gmod_camera
L 07/10/2022 - 12:46:26: [FAdmin] Al Shebab (STEAM_0:0:103364981) Attempted to pick up a gmod_tool
L 07/10/2022 - 12:46:26: [FAdmin] Al Shebab (STEAM_0:0:103364981) Attempted to pick up a weapon_physgun
L 07/10/2022 - 12:46:28: [FAdmin] Al Shebab (STEAM_0:0:103364981) changed from Civilian to Mayor
L 07/10/2022 - 12:46:28: [FAdmin] Al Shebab (STEAM_0:0:103364981) Attempted to pick up a keys
L 07/10/2022 - 12:46:28: [FAdmin] Al Shebab (STEAM_0:0:103364981) Attempted to pick up a weapon_physcannon
L 07/10/2022 - 12:46:28: [FAdmin] Al Shebab (STEAM_0:0:103364981) Attempted to pick up a weapon_fists
L 07/10/2022 - 12:46:28: [FAdmin] Al Shebab (STEAM_0:0:103364981) Attempted to pick up a gmod_camera
L 07/10/2022 - 12:46:28: [FAdmin] Al Shebab (STEAM_0:0:103364981) Attempted to pick up a gmod_tool
L 07/10/2022 - 12:46:28: [FAdmin] Al Shebab (STEAM_0:0:103364981) Attempted to pick up a weapon_physgun
L 07/10/2022 - 12:46:33: [FAdmin] widepeeked (STEAM_0:0:492844137) Attempted to pick up a weapon_p2282
L 07/10/2022 - 12:46:35: "Al Shebab<4><STEAM_0:0:103364981><Mayor>" say "/addlaw no nigga"

L 07/10/2022 - 12:46:42: [FAdmin] Al Shebab (STEAM_0:0:103364981) Gave himself a m9k_machete
L 07/10/2022 - 12:46:42: [FAdmin] Al Shebab (STEAM_0:0:103364981) Attempted to pick up a m9k_machete
L 07/10/2022 - 12:46:45: [FAdmin] Al Shebab (STEAM_0:0:103364981) Gave himself a m9k_machete
L 07/10/2022 - 12:46:45: [FAdmin] Al Shebab (STEAM_0:0:103364981) Attempted to pick up a m9k_machete
L 07/10/2022 - 12:46:47: [FAdmin] Al Shebab (STEAM_0:0:103364981) Gave himself a m9k_m79gl
L 07/10/2022 - 12:46:47: [FAdmin] Al Shebab (STEAM_0:0:103364981) Attempted to pick up a m9k_m79gl
L 07/10/2022 - 12:46:48: [FAdmin] widepeeked (STEAM_0:0:492844137) Got killed by Al Shebab with a m9k_launched_m79
L 07/10/2022 - 12:46:48: [FAdmin] DJ Bread (STEAM_0:0:579690494) Got killed by Al Shebab with a m9k_launched_m79
L 07/10/2022 - 12:46:51: [FAdmin] widepeeked (STEAM_0:0:492844137) Spawned
L 07/10/2022 - 12:46:51: [FAdmin] widepeeked (STEAM_0:0:492844137) Attempted to pick up a keys
L 07/10/2022 - 12:46:51: [FAdmin] widepeeked (STEAM_0:0:492844137) Attempted to pick up a weapon_physcannon
L 07/10/2022 - 12:46:51: [FAdmin] widepeeked (STEAM_0:0:492844137) Attempted to pick up a weapon_fists
L 07/10/2022 - 12:46:51: [FAdmin] widepeeked (STEAM_0:0:492844137) Attempted to pick up a gmod_camera
L 07/10/2022 - 12:46:51: [FAdmin] widepeeked (STEAM_0:0:492844137) Attempted to pick up a gmod_tool
L 07/10/2022 - 12:46:51: [FAdmin] widepeeked (STEAM_0:0:492844137) Attempted to pick up a weapon_physgun
L 07/10/2022 - 12:46:52: [FAdmin] DJ Bread (STEAM_0:0:579690494) Spawned
L 07/10/2022 - 12:46:52: [FAdmin] DJ Bread (STEAM_0:0:579690494) Attempted to pick up a weapon_bugbait
L 07/10/2022 - 12:46:52: [FAdmin] DJ Bread (STEAM_0:0:579690494) Attempted to pick up a keys
L 07/10/2022 - 12:46:52: [FAdmin] DJ Bread (STEAM_0:0:579690494) Attempted to pick up a weapon_physcannon
L 07/10/2022 - 12:46:52: [FAdmin] DJ Bread (STEAM_0:0:579690494) Attempted to pick up a weapon_fists
L 07/10/2022 - 12:46:52: [FAdmin] DJ Bread (STEAM_0:0:579690494) Attempted to pick up a gmod_camera
L 07/10/2022 - 12:46:52: [FAdmin] DJ Bread (STEAM_0:0:579690494) Attempted to pick up a gmod_tool
L 07/10/2022 - 12:46:52: [FAdmin] DJ Bread (STEAM_0:0:579690494) Attempted to pick up a weapon_physgun
L 07/10/2022 - 12:46:53: [FAdmin] Al Shebab (STEAM_0:0:103364981) Attempted to pick up a weapon_p2282
L 07/10/2022 - 12:46:57: [FAdmin] DJ Bread (STEAM_0:0:579690494) Gave himself a m9k_rpg7
L 07/10/2022 - 12:46:57: [FAdmin] DJ Bread (STEAM_0:0:579690494) Attempted to pick up a m9k_rpg7
L 07/10/2022 - 12:46:58: [FAdmin] widepeeked (STEAM_0:0:492844137) Attempted to pick up a weapon_deagle2
L 07/10/2022 - 12:47:02: [FAdmin] widepeeked (STEAM_0:0:492844137) Got killed by DJ Bread with a m9k_gdcwa_rpg_heat
L 07/10/2022 - 12:47:02: [FAdmin] DJ Bread (STEAM_0:0:579690494) Got killed by DJ Bread with a m9k_gdcwa_rpg_heat
L 07/10/2022 - 12:47:04: [FAdmin] DJ Bread (STEAM_0:0:579690494) Attempted to switch noclip
L 07/10/2022 - 12:47:05: [FAdmin] widepeeked (STEAM_0:0:492844137) Spawned
L 07/10/2022 - 12:47:05: [FAdmin] widepeeked (STEAM_0:0:492844137) Attempted to pick up a keys
L 07/10/2022 - 12:47:05: [FAdmin] widepeeked (STEAM_0:0:492844137) Attempted to pick up a weapon_physcannon
L 07/10/2022 - 12:47:05: [FAdmin] widepeeked (STEAM_0:0:492844137) Attempted to pick up a weapon_fists
L 07/10/2022 - 12:47:05: [FAdmin] widepeeked (STEAM_0:0:492844137) Attempted to pick up a gmod_camera
L 07/10/2022 - 12:47:05: [FAdmin] widepeeked (STEAM_0:0:492844137) Attempted to pick up a gmod_tool
L 07/10/2022 - 12:47:05: [FAdmin] widepeeked (STEAM_0:0:492844137) Attempted to pick up a weapon_physgun
L 07/10/2022 - 12:47:05: [FAdmin] DJ Bread (STEAM_0:0:579690494) Spawned
L 07/10/2022 - 12:47:05: [FAdmin] DJ Bread (STEAM_0:0:579690494) Attempted to pick up a weapon_bugbait
L 07/10/2022 - 12:47:05: [FAdmin] DJ Bread (STEAM_0:0:579690494) Attempted to pick up a keys
L 07/10/2022 - 12:47:05: [FAdmin] DJ Bread (STEAM_0:0:579690494) Attempted to pick up a weapon_physcannon
L 07/10/2022 - 12:47:05: [FAdmin] DJ Bread (STEAM_0:0:579690494) Attempted to pick up a weapon_fists
L 07/10/2022 - 12:47:05: [FAdmin] DJ Bread (STEAM_0:0:579690494) Attempted to pick up a gmod_camera
L 07/10/2022 - 12:47:05: [FAdmin] DJ Bread (STEAM_0:0:579690494) Attempted to pick up a gmod_tool
L 07/10/2022 - 12:47:05: [FAdmin] DJ Bread (STEAM_0:0:579690494) Attempted to pick up a weapon_physgun
L 07/10/2022 - 12:47:06: [FAdmin] DJ Bread (STEAM_0:0:579690494) Attempted to switch noclip
L 07/10/2022 - 12:47:07: [FAdmin] widepeeked (STEAM_0:0:492844137) Attempted to pick up a weapon_deagle2
L 07/10/2022 - 12:47:08: [FAdmin] Al Shebab (STEAM_0:0:103364981) Attempted to pick up a m9k_rpg7
L 07/10/2022 - 12:47:08: [FAdmin] DJ Bread (STEAM_0:0:579690494) Attempted to switch noclip
L 07/10/2022 - 12:47:09: [FAdmin] DJ Bread (STEAM_0:0:579690494) Attempted to switch noclip
L 07/10/2022 - 12:47:10: [FAdmin] Al Shebab (STEAM_0:0:103364981) Attempted to pick up a m9k_machete
L 07/10/2022 - 12:47:10: [FAdmin] DJ Bread (STEAM_0:0:579690494) Attempted to switch noclip
L 07/10/2022 - 12:47:13: "DJ Bread<8><STEAM_0:0:579690494><Hobo>" say "/advert gay"

L 07/10/2022 - 12:47:17: [FAdmin] DJ Bread (STEAM_0:0:579690494) Attempted to switch noclip
L 07/10/2022 - 12:47:17: [FAdmin] DJ Bread (STEAM_0:0:579690494) Attempted to switch noclip
L 07/10/2022 - 12:47:17: "widepeeked<9><STEAM_0:0:492844137><Civilian>" say "/advert rape"

L 07/10/2022 - 12:47:18: "Al Shebab<4><STEAM_0:0:103364981><Mayor>" say "!atags"

L 07/10/2022 - 12:47:25: "DJ Bread<8><STEAM_0:0:579690494><Hobo>" say "!menu"

L 07/10/2022 - 12:47:25: "Al Shebab<4><STEAM_0:0:103364981><Mayor>" say "aa"

L 07/10/2022 - 12:47:31: [ULX] DJ Bread ragdolled widepeeked
L 07/10/2022 - 12:47:40: [ULX] Al Shebab gimped Everyone
L 07/10/2022 - 12:47:40: "Al Shebab<4><STEAM_0:0:103364981><Mayor>" say "!gimp *"

L 07/10/2022 - 12:47:43: [FAdmin] widepeeked (STEAM_0:0:492844137) Sprayed his spray
L 07/10/2022 - 12:47:45: "widepeeked<9><STEAM_0:0:492844137><Civilian>" say "mother"

L 07/10/2022 - 12:47:47: [FAdmin] widepeeked (STEAM_0:0:492844137) Sprayed his spray
L 07/10/2022 - 12:47:50: "DJ Bread<8><STEAM_0:0:579690494><Hobo>" say "!menu"

L 07/10/2022 - 12:47:51: "widepeeked<9><STEAM_0:0:492844137><Civilian>" say "i like boys"

L 07/10/2022 - 12:47:55: [FAdmin] widepeeked (STEAM_0:0:492844137) Sprayed his spray
L 07/10/2022 - 12:47:56: "widepeeked<9><STEAM_0:0:492844137><Civilian>" say "bnog"

L 07/10/2022 - 12:47:57: [FAdmin] widepeeked (STEAM_0:0:492844137) Spawned
L 07/10/2022 - 12:47:57: [ULX] DJ Bread unragdolled widepeeked
L 07/10/2022 - 12:47:57: [FAdmin] widepeeked (STEAM_0:0:492844137) Attempted to pick up a keys
L 07/10/2022 - 12:47:57: [FAdmin] widepeeked (STEAM_0:0:492844137) Attempted to pick up a weapon_physcannon
L 07/10/2022 - 12:47:57: [FAdmin] widepeeked (STEAM_0:0:492844137) Attempted to pick up a weapon_fists
L 07/10/2022 - 12:47:57: [FAdmin] widepeeked (STEAM_0:0:492844137) Attempted to pick up a gmod_camera
L 07/10/2022 - 12:47:57: [FAdmin] widepeeked (STEAM_0:0:492844137) Attempted to pick up a gmod_tool
L 07/10/2022 - 12:47:57: [FAdmin] widepeeked (STEAM_0:0:492844137) Attempted to pick up a weapon_physgun
L 07/10/2022 - 12:47:57: [FAdmin] widepeeked (STEAM_0:0:492844137) Sprayed his spray
L 07/10/2022 - 12:47:57: [FAdmin] widepeeked (STEAM_0:0:492844137) Attempted to pick up a weapon_physcannon
L 07/10/2022 - 12:47:57: [FAdmin] widepeeked (STEAM_0:0:492844137) Attempted to pick up a keys
L 07/10/2022 - 12:47:57: [FAdmin] widepeeked (STEAM_0:0:492844137) Attempted to pick up a weapon_deagle2
L 07/10/2022 - 12:47:57: [FAdmin] widepeeked (STEAM_0:0:492844137) Attempted to pick up a gmod_tool
L 07/10/2022 - 12:47:57: [FAdmin] widepeeked (STEAM_0:0:492844137) Attempted to pick up a gmod_camera
L 07/10/2022 - 12:47:57: [FAdmin] widepeeked (STEAM_0:0:492844137) Attempted to pick up a weapon_physgun
L 07/10/2022 - 12:47:57: [FAdmin] widepeeked (STEAM_0:0:492844137) Attempted to pick up a weapon_fists
L 07/10/2022 - 12:48:01: "DJ Bread<8><STEAM_0:0:579690494><Hobo>" say "bruh"

L 07/10/2022 - 12:48:06: [FAdmin] widepeeked (STEAM_0:0:492844137) Got killed by widepeeked with a player
L 07/10/2022 - 12:48:09: [FAdmin] widepeeked (STEAM_0:0:492844137) Spawned
L 07/10/2022 - 12:48:09: [FAdmin] widepeeked (STEAM_0:0:492844137) Attempted to pick up a keys
L 07/10/2022 - 12:48:09: [FAdmin] widepeeked (STEAM_0:0:492844137) Attempted to pick up a weapon_physcannon
L 07/10/2022 - 12:48:09: [FAdmin] widepeeked (STEAM_0:0:492844137) Attempted to pick up a weapon_fists
L 07/10/2022 - 12:48:09: [FAdmin] widepeeked (STEAM_0:0:492844137) Attempted to pick up a gmod_camera
L 07/10/2022 - 12:48:09: [FAdmin] widepeeked (STEAM_0:0:492844137) Attempted to pick up a gmod_tool
L 07/10/2022 - 12:48:09: [FAdmin] widepeeked (STEAM_0:0:492844137) Attempted to pick up a weapon_physgun
L 07/10/2022 - 12:48:10: "DJ Bread<8><STEAM_0:0:579690494><Hobo>" say "!menu"

L 07/10/2022 - 12:48:17: [ULX] DJ Bread whipped Al Shebab 10 times with 0 damage
L 07/10/2022 - 12:48:23: [FAdmin] widepeeked (STEAM_0:0:492844137) Got killed by widepeeked with a player
L 07/10/2022 - 12:48:26: [FAdmin] widepeeked (STEAM_0:0:492844137) Spawned
L 07/10/2022 - 12:48:27: [FAdmin] widepeeked (STEAM_0:0:492844137) Attempted to pick up a keys
L 07/10/2022 - 12:48:27: [FAdmin] widepeeked (STEAM_0:0:492844137) Attempted to pick up a weapon_physcannon
L 07/10/2022 - 12:48:27: [FAdmin] widepeeked (STEAM_0:0:492844137) Attempted to pick up a weapon_fists
L 07/10/2022 - 12:48:27: [FAdmin] widepeeked (STEAM_0:0:492844137) Attempted to pick up a gmod_camera
L 07/10/2022 - 12:48:27: [FAdmin] widepeeked (STEAM_0:0:492844137) Attempted to pick up a gmod_tool
L 07/10/2022 - 12:48:27: [FAdmin] widepeeked (STEAM_0:0:492844137) Attempted to pick up a weapon_physgun
L 07/10/2022 - 12:48:39: [FAdmin] widepeeked (STEAM_0:0:492844137) Spawned a models/XQM/coastertrain2seat.mdl
L 07/10/2022 - 12:48:39: [ULX] widepeeked<STEAM_0:0:492844137> spawned model models/xqm/coastertrain2seat.mdl
L 07/10/2022 - 12:48:41: [FAdmin] Al Shebab (STEAM_0:0:103364981) Got killed by widepeeked with a prop_physics
L 07/10/2022 - 12:48:43: Lua Error: 
[ulx] addons/ulx/lua/ulx/modules/sh/cc_fun.lua:8: attempt to call method 'IsSpec' (a nil value)
  1. call - addons/ulx/lua/ulx/modules/sh/cc_fun.lua:8
   2. __fn - addons/ulib/lua/ulib/shared/commands.lua:943
    3. execute - addons/ulib/lua/ulib/shared/commands.lua:1323
     4. unknown - addons/ulib/lua/ulib/shared/commands.lua:1351
      5. Run - lua/includes/modules/concommand.lua:54
       6. unknown - addons/ulib/lua/ulib/shared/commands.lua:1365
        7. unknown - lua/includes/modules/concommand.lua:54


L 07/10/2022 - 12:48:45: Lua Error: 
[ulx] addons/ulx/lua/ulx/modules/sh/cc_fun.lua:8: attempt to call method 'IsSpec' (a nil value)
  1. call - addons/ulx/lua/ulx/modules/sh/cc_fun.lua:8
   2. __fn - addons/ulib/lua/ulib/shared/commands.lua:943
    3. execute - addons/ulib/lua/ulib/shared/commands.lua:1323
     4. unknown - addons/ulib/lua/ulib/shared/commands.lua:1351
      5. Run - lua/includes/modules/concommand.lua:54
       6. unknown - addons/ulib/lua/ulib/shared/commands.lua:1365
        7. unknown - lua/includes/modules/concommand.lua:54


L 07/10/2022 - 12:48:45: Lua Error: 
[ulx] addons/ulx/lua/ulx/modules/sh/cc_fun.lua:8: attempt to call method 'IsSpec' (a nil value)
  1. call - addons/ulx/lua/ulx/modules/sh/cc_fun.lua:8
   2. __fn - addons/ulib/lua/ulib/shared/commands.lua:943
    3. execute - addons/ulib/lua/ulib/shared/commands.lua:1323
     4. unknown - addons/ulib/lua/ulib/shared/commands.lua:1351
      5. Run - lua/includes/modules/concommand.lua:54
       6. unknown - addons/ulib/lua/ulib/shared/commands.lua:1365
        7. unknown - lua/includes/modules/concommand.lua:54


L 07/10/2022 - 12:48:48: [FAdmin] prop_physics(models/xqm/coastertrain2seat.mdl) Got removed
L 07/10/2022 - 12:48:51: "DJ Bread<8><STEAM_0:0:579690494><Hobo>" say "!menu"

L 07/10/2022 - 12:48:56: [FAdmin] Al Shebab (STEAM_0:0:103364981) Spawned
L 07/10/2022 - 12:48:56: [FAdmin] Al Shebab (STEAM_0:0:103364981) Attempted to pick up a keys
L 07/10/2022 - 12:48:56: [FAdmin] Al Shebab (STEAM_0:0:103364981) Attempted t