L 07/10/2022 - 16:32:46: Log file started (file "logs\L0710015.log") (game "C:\Users\kazza\Desktop\Garry's Mod\steamcmd\steamapps\common\GarrysModDS\garrysmod") (version "8607")
L 07/10/2022 - 16:32:46: server_cvar: "sbox_noclip" "0"
L 07/10/2022 - 16:32:46: server_cvar: "sbox_maxprops" "80"
L 07/10/2022 - 16:32:46: server_cvar: "sbox_maxragdolls" "0"
L 07/10/2022 - 16:32:46: server_cvar: "sbox_maxnpcs" "0"
L 07/10/2022 - 16:32:46: server_cvar: "sbox_maxballoons" "0"
L 07/10/2022 - 16:32:46: server_cvar: "sbox_maxeffects" "0"
L 07/10/2022 - 16:32:46: server_cvar: "sbox_maxdynamite" "0"
L 07/10/2022 - 16:32:46: server_cvar: "sbox_maxlamps" "0"
L 07/10/2022 - 16:32:46: server_cvar: "sbox_maxthrusters" "0"
L 07/10/2022 - 16:32:46: server_cvar: "sbox_maxwheels" "0"
L 07/10/2022 - 16:32:46: server_cvar: "sbox_maxhoverballs" "0"
L 07/10/2022 - 16:32:46: server_cvar: "sbox_maxvehicles" "1"
L 07/10/2022 - 16:32:46: server_cvar: "sbox_maxbuttons" "6"
L 07/10/2022 - 16:32:46: server_cvar: "sbox_maxemitters" "0"
L 07/10/2022 - 16:32:46: server_cvar: "sv_airaccelerate" "1000"
L 07/10/2022 - 16:32:50: Connection to Steam servers successful.
L 07/10/2022 - 16:32:50:    Public IP is 60.241.142.139.
L 07/10/2022 - 16:32:50: Assigned persistent gameserver Steam ID [G-1:3987399].
L 07/10/2022 - 16:32:50: VAC secure mode is activated.
L 07/10/2022 - 16:32:50: "Frazer<2><STEAM_0:0:120840551><>" connected, address "101.190.51.71:27005"
L 07/10/2022 - 16:32:50: "Frazer<2><STEAM_0:0:120840551><>" disconnected (reason "Connection closing")
L 07/10/2022 - 16:32:50: "Frazer<3><STEAM_0:0:120840551><>" connected, address "101.190.51.71:27005"
L 07/10/2022 - 16:32:50: "Frazer<3><STEAM_0:0:120840551><>" disconnected (reason "Connection closing")
L 07/10/2022 - 16:32:50: "Frazer<4><STEAM_0:0:120840551><>" connected, address "101.190.51.71:27005"
L 07/10/2022 - 16:32:50: "Frazer<4><STEAM_0:0:120840551><>" disconnected (reason "Connection closing")
L 07/10/2022 - 16:32:50: "Frazer<5><STEAM_0:0:120840551><>" connected, address "101.190.51.71:27005"
L 07/10/2022 - 16:32:50: "Frazer<5><STEAM_0:0:120840551><>" disconnected (reason "Connection closing")
L 07/10/2022 - 16:32:50: "Frazer<6><STEAM_0:0:120840551><>" connected, address "101.190.51.71:27005"
L 07/10/2022 - 16:32:50: "Skii<7><STEAM_0:0:579690494><>" connected, address "172.195.123.72:27005"
L 07/10/2022 - 16:32:50: "Skii<7><STEAM_0:0:579690494><>" disconnected (reason "Connection closing")
L 07/10/2022 - 16:32:50: "Skii<8><STEAM_0:0:579690494><>" connected, address "172.195.123.72:27005"
L 07/10/2022 - 16:32:50: "Skii<8><STEAM_0:0:579690494><>" disconnected (reason "Connection closing")
L 07/10/2022 - 16:32:50: "Skii<9><STEAM_0:0:579690494><>" connected, address "172.195.123.72:27005"
L 07/10/2022 - 16:32:50: "Skii<9><STEAM_0:0:579690494><>" disconnected (reason "Connection closing")
L 07/10/2022 - 16:32:50: "Skii<10><STEAM_0:0:579690494><>" connected, address "172.195.123.72:27005"
L 07/10/2022 - 16:32:50: "Skii<10><STEAM_0:0:579690494><>" disconnected (reason "Connection closing")
L 07/10/2022 - 16:32:50: "Skii<11><STEAM_0:0:579690494><>" connected, address "172.195.123.72:27005"
L 07/10/2022 - 16:32:50: "Skii<11><STEAM_0:0:579690494><>" disconnected (reason "Connection closing")
L 07/10/2022 - 16:32:50: "Skii<12><STEAM_0:0:579690494><>" connected, address "172.195.123.72:27005"
L 07/10/2022 - 16:32:50: "Al Shebab<13><STEAM_0:0:103364981><>" connected, address "60.241.142.139:27006"
L 07/10/2022 - 16:32:50: "Al Shebab<13><STEAM_0:0:103364981><>" disconnected (reason "Connection closing")
L 07/10/2022 - 16:32:50: "Al Shebab<14><STEAM_0:0:103364981><>" connected, address "60.241.142.139:27006"
L 07/10/2022 - 16:32:50: "Al Shebab<14><STEAM_0:0:103364981><>" disconnected (reason "Connection closing")
L 07/10/2022 - 16:32:50: "Al Shebab<15><STEAM_0:0:103364981><>" connected, address "60.241.142.139:27006"
L 07/10/2022 - 16:32:50: "Frazer<6><STEAM_0:0:120840551><>" STEAM USERID validated
L 07/10/2022 - 16:32:50: "Skii<12><STEAM_0:0:579690494><>" STEAM USERID validated
L 07/10/2022 - 16:32:50: "Al Shebab<15><STEAM_0:0:103364981><>" STEAM USERID validated
L 07/10/2022 - 16:33:10: [FAdmin] Al Shebab (STEAM_0:0:103364981) is Authed
L 07/10/2022 - 16:33:10: [FAdmin] Al Shebab (STEAM_0:0:103364981) Spawned for the first time
L 07/10/2022 - 16:33:10: [FAdmin] Al Shebab (STEAM_0:0:103364981) Spawned
L 07/10/2022 - 16:33:10: "Al Shebab<15><STEAM_0:0:103364981><>" entered the game
L 07/10/2022 - 16:33:10: [FAdmin] Al Shebab (STEAM_0:0:103364981) Attempted to pick up a keys
L 07/10/2022 - 16:33:10: [FAdmin] Al Shebab (STEAM_0:0:103364981) Attempted to pick up a weapon_physcannon
L 07/10/2022 - 16:33:10: [FAdmin] Al Shebab (STEAM_0:0:103364981) Attempted to pick up a weapon_fists
L 07/10/2022 - 16:33:10: [FAdmin] Al Shebab (STEAM_0:0:103364981) Attempted to pick up a gmod_camera
L 07/10/2022 - 16:33:10: [FAdmin] Al Shebab (STEAM_0:0:103364981) Attempted to pick up a gmod_tool
L 07/10/2022 - 16:33:10: [FAdmin] Al Shebab (STEAM_0:0:103364981) Attempted to pick up a weapon_physgun
L 07/10/2022 - 16:33:11: [FAdmin] Frazer (STEAM_0:0:120840551) is Authed
L 07/10/2022 - 16:33:11: [FAdmin] Frazer (STEAM_0:0:120840551) Spawned for the first time
L 07/10/2022 - 16:33:11: [FAdmin] Frazer (STEAM_0:0:120840551) Spawned
L 07/10/2022 - 16:33:11: "Frazer<6><STEAM_0:0:120840551><>" entered the game
L 07/10/2022 - 16:33:11: [FAdmin] Frazer (STEAM_0:0:120840551) Attempted to pick up a keys
L 07/10/2022 - 16:33:11: [FAdmin] Frazer (STEAM_0:0:120840551) Attempted to pick up a weapon_physcannon
L 07/10/2022 - 16:33:11: [FAdmin] Frazer (STEAM_0:0:120840551) Attempted to pick up a weapon_fists
L 07/10/2022 - 16:33:11: [FAdmin] Frazer (STEAM_0:0:120840551) Attempted to pick up a gmod_camera
L 07/10/2022 - 16:33:11: [FAdmin] Frazer (STEAM_0:0:120840551) Attempted to pick up a gmod_tool
L 07/10/2022 - 16:33:11: [FAdmin] Frazer (STEAM_0:0:120840551) Attempted to pick up a weapon_physgun
L 07/10/2022 - 16:33:21: Lua Error: 
[tebexgmod] addons/tebexgmod/lua/tebex/client/apiclient.lua:36: attempt to call upvalue 'failure' (a nil value)
  1. unknown - addons/tebexgmod/lua/tebex/client/apiclient.lua:36


L 07/10/2022 - 16:33:27: [FAdmin] Skii (STEAM_0:0:579690494) is Authed
L 07/10/2022 - 16:33:27: [FAdmin] Skii (STEAM_0:0:579690494) Spawned for the first time
L 07/10/2022 - 16:33:27: [FAdmin] DJ Bread (STEAM_0:0:579690494) Spawned
L 07/10/2022 - 16:33:27: "Skii<12><STEAM_0:0:579690494><>" entered the game
L 07/10/2022 - 16:33:27: [FAdmin] DJ Bread (STEAM_0:0:579690494) Attempted to pick up a keys
L 07/10/2022 - 16:33:27: [FAdmin] DJ Bread (STEAM_0:0:579690494) Attempted to pick up a weapon_physcannon
L 07/10/2022 - 16:33:27: [FAdmin] DJ Bread (STEAM_0:0:579690494) Attempted to pick up a weapon_fists
L 07/10/2022 - 16:33:27: [FAdmin] DJ Bread (STEAM_0:0:579690494) Attempted to pick up a gmod_camera
L 07/10/2022 - 16:33:27: [FAdmin] DJ Bread (STEAM_0:0:579690494) Attempted to pick up a gmod_tool
L 07/10/2022 - 16:33:27: [FAdmin] DJ Bread (STEAM_0:0:579690494) Attempted to pick up a weapon_physgun
L 07/10/2022 - 16:34:00: "DJ Bread<12><STEAM_0:0:579690494><Civilian>" say "!menu"

L 07/10/2022 - 16:34:06: [FAdmin] Frazer (STEAM_0:0:120840551) Spawned a models/props_c17/FurnitureBathtub001a.mdl
L 07/10/2022 - 16:34:06: [ULX] Frazer<STEAM_0:0:120840551> spawned model models/props_c17/furniturebathtub001a.mdl
L 07/10/2022 - 16:34:09: [ULX] DJ Bread set the color for Al Shebab to black
L 07/10/2022 - 16:34:12: "DJ Bread<12><STEAM_0:0:579690494><Civilian>" say "ew"

L 07/10/2022 - 16:34:16: [FAdmin] Frazer (STEAM_0:0:120840551) Attempted to use tool stacker_improved
L 07/10/2022 - 16:34:16: [FAdmin] Frazer (STEAM_0:0:120840551) Spawned a models/props_c17/furniturebathtub001a.mdl
L 07/10/2022 - 16:34:16: [ULX] Frazer<STEAM_0:0:120840551> spawned model models/props_c17/furniturebathtub001a.mdl
L 07/10/2022 - 16:34:19: [FAdmin] Frazer (STEAM_0:0:120840551) Attempted to use tool stacker_improved
L 07/10/2022 - 16:34:19: [FAdmin] Frazer (STEAM_0:0:120840551) Spawned a models/props_c17/furniturebathtub001a.mdl
L 07/10/2022 - 16:34:19: [ULX] Frazer<STEAM_0:0:120840551> spawned model models/props_c17/furniturebathtub001a.mdl
L 07/10/2022 - 16:34:19: "DJ Bread<12><STEAM_0:0:579690494><Civilian>" say "a black person"

L 07/10/2022 - 16:34:22: [FAdmin] Frazer (STEAM_0:0:120840551) Attempted to use tool stacker_improved
L 07/10/2022 - 16:34:22: [FAdmin] Frazer (STEAM_0:0:120840551) Spawned a models/props_c17/furniturebathtub001a.mdl
L 07/10/2022 - 16:34:22: [ULX] Frazer<STEAM_0:0:120840551> spawned model models/props_c17/furniturebathtub001a.mdl
L 07/10/2022 - 16:34:25: [FAdmin] Frazer (STEAM_0:0:120840551) Attempted to use tool stacker_improved
L 07/10/2022 - 16:34:25: [FAdmin] Frazer (STEAM_0:0:120840551) Spawned a models/props_c17/furniturebathtub001a.mdl
L 07/10/2022 - 16:34:25: [ULX] Frazer<STEAM_0:0:120840551> spawned model models/props_c17/furniturebathtub001a.mdl
L 07/10/2022 - 16:34:26: [FAdmin] Frazer (STEAM_0:0:120840551) Attempted to use tool stacker_improved
L 07/10/2022 - 16:34:26: [FAdmin] Frazer (STEAM_0:0:120840551) Spawned a models/props_c17/furniturebathtub001a.mdl
L 07/10/2022 - 16:34:26: [ULX] Frazer<STEAM_0:0:120840551> spawned model models/props_c17/furniturebathtub001a.mdl
L 07/10/2022 - 16:34:27: [FAdmin] Frazer (STEAM_0:0:120840551) Attempted to use tool stacker_improved
L 07/10/2022 - 16:34:27: [FAdmin] Frazer (STEAM_0:0:120840551) Spawned a models/props_c17/furniturebathtub001a.mdl
L 07/10/2022 - 16:34:27: [ULX] Frazer<STEAM_0:0:120840551> spawned model models/props_c17/furniturebathtub001a.mdl
L 07/10/2022 - 16:34:28: [FAdmin] Frazer (STEAM_0:0:120840551) Attempted to use tool stacker_improved
L 07/10/2022 - 16:34:28: [FAdmin] Frazer (STEAM_0:0:120840551) Spawned a models/props_c17/furniturebathtub001a.mdl
L 07/10/2022 - 16:34:28: [ULX] Frazer<STEAM_0:0:120840551> spawned model models/props_c17/furniturebathtub001a.mdl
L 07/10/2022 - 16:34:29: [FAdmin] Frazer (STEAM_0:0:120840551) Attempted to use tool stacker_improved
L 07/10/2022 - 16:34:29: [FAdmin] Frazer (STEAM_0:0:120840551) Spawned a models/props_c17/furniturebathtub001a.mdl
L 07/10/2022 - 16:34:29: [ULX] Frazer<STEAM_0:0:120840551> spawned model models/props_c17/furniturebathtub001a.mdl
L 07/10/2022 - 16:34:30: [FAdmin] Frazer (STEAM_0:0:120840551) Attempted to use tool stacker_improved
L 07/10/2022 - 16:34:30: [FAdmin] Frazer (STEAM_0:0:120840551) Spawned a models/props_c17/furniturebathtub001a.mdl
L 07/10/2022 - 16:34:30: [ULX] Frazer<STEAM_0:0:120840551> spawned model models/props_c17/furniturebathtub001a.mdl
L 07/10/2022 - 16:34:31: [FAdmin] Frazer (STEAM_0:0:120840551) Attempted to use tool stacker_improved
L 07/10/2022 - 16:34:31: [FAdmin] Frazer (STEAM_0:0:120840551) Spawned a models/props_c17/furniturebathtub001a.mdl
L 07/10/2022 - 16:34:31: [ULX] Frazer<STEAM_0:0:120840551> spawned model models/props_c17/furniturebathtub001a.mdl
L 07/10/2022 - 16:34:31: [FAdmin] Frazer (STEAM_0:0:120840551) Attempted to use tool stacker_improved
L 07/10/2022 - 16:34:31: [FAdmin] Frazer (STEAM_0:0:120840551) Spawned a models/props_c17/furniturebathtub001a.mdl
L 07/10/2022 - 16:34:31: [ULX] Frazer<STEAM_0:0:120840551> spawned model models/props_c17/furniturebathtub001a.mdl
L 07/10/2022 - 16:34:32: [FAdmin] Frazer (STEAM_0:0:120840551) Attempted to use tool stacker_improved
L 07/10/2022 - 16:34:32: [FAdmin] Frazer (STEAM_0:0:120840551) Spawned a models/props_c17/furniturebathtub001a.mdl
L 07/10/2022 - 16:34:32: [ULX] Frazer<STEAM_0:0:120840551> spawned model models/props_c17/furniturebathtub001a.mdl
L 07/10/2022 - 16:34:33: [FAdmin] Frazer (STEAM_0:0:120840551) Attempted to use tool stacker_improved
L 07/10/2022 - 16:34:33: [FAdmin] Frazer (STEAM_0:0:120840551) Spawned a models/props_c17/furniturebathtub001a.mdl
L 07/10/2022 - 16:34:33: [ULX] Frazer<STEAM_0:0:120840551> spawned model models/props_c17/furniturebathtub001a.mdl
L 07/10/2022 - 16:34:34: [FAdmin] Frazer (STEAM_0:0:120840551) Attempted to use tool stacker_improved
L 07/10/2022 - 16:34:34: [FAdmin] Frazer (STEAM_0:0:120840551) Spawned a models/props_c17/furniturebathtub001a.mdl
L 07/10/2022 - 16:34:34: [ULX] Frazer<STEAM_0:0:120840551> spawned model models/props_c17/furniturebathtub001a.mdl
L 07/10/2022 - 16:34:34: [FAdmin] Frazer (STEAM_0:0:120840551) Attempted to use tool stacker_improved
L 07/10/2022 - 16:34:36: [FAdmin] Frazer (STEAM_0:0:120840551) Attempted to use tool stacker_improved
L 07/10/2022 - 16:34:36: [FAdmin] Frazer (STEAM_0:0:120840551) Spawned a models/props_c17/furniturebathtub001a.mdl
L 07/10/2022 - 16:34:36: [ULX] Frazer<STEAM_0:0:120840551> spawned model models/props_c17/furniturebathtub001a.mdl
L 07/10/2022 - 16:34:36: [FAdmin] Frazer (STEAM_0:0:120840551) Attempted to use tool stacker_improved
L 07/10/2022 - 16:34:36: [FAdmin] Frazer (STEAM_0:0:120840551) Spawned a models/props_c17/furniturebathtub001a.mdl
L 07/10/2022 - 16:34:36: [ULX] Frazer<STEAM_0:0:120840551> spawned model models/props_c17/furniturebathtub001a.mdl
L 07/10/2022 - 16:34:37: [FAdmin] Frazer (STEAM_0:0:120840551) Attempted to use tool stacker_improved
L 07/10/2022 - 16:34:37: [FAdmin] Frazer (STEAM_0:0:120840551) Spawned a models/props_c17/furniturebathtub001a.mdl
L 07/10/2022 - 16:34:37: [ULX] Frazer<STEAM_0:0:120840551> spawned model models/props_c17/furniturebathtub001a.mdl
L 07/10/2022 - 16:34:38: [FAdmin] Frazer (STEAM_0:0:120840551) Attempted to use tool stacker_improved
L 07/10/2022 - 16:34:38: [FAdmin] Frazer (STEAM_0:0:120840551) Spawned a models/props_c17/furniturebathtub001a.mdl
L 07/10/2022 - 16:34:38: [ULX] Frazer<STEAM_0:0:120840551> spawned model models/props_c17/furniturebathtub001a.mdl
L 07/10/2022 - 16:34:39: [FAdmin] Frazer (STEAM_0:0:120840551) Attempted to use tool stacker_improved
L 07/10/2022 - 16:34:39: [FAdmin] Frazer (STEAM_0:0:120840551) Spawned a models/props_c17/furniturebathtub001a.mdl
L 07/10/2022 - 16:34:39: [ULX] Frazer<STEAM_0:0:120840551> spawned model models/props_c17/furniturebathtub001a.mdl
L 07/10/2022 - 16:34:40: [FAdmin] Frazer (STEAM_0:0:120840551) Attempted to use tool stacker_improved
L 07/10/2022 - 16:34:40: [FAdmin] Frazer (STEAM_0:0:120840551) Spawned a models/props_c17/furniturebathtub001a.mdl
L 07/10/2022 - 16:34:40: [ULX] Frazer<STEAM_0:0:120840551> spawned model models/props_c17/furniturebathtub001a.mdl
L 07/10/2022 - 16:34:41: [FAdmin] Frazer (STEAM_0:0:120840551) Attempted to use tool stacker_improved
L 07/10/2022 - 16:34:41: [FAdmin] Frazer (STEAM_0:0:120840551) Spawned a models/props_c17/furniturebathtub001a.mdl
L 07/10/2022 - 16:34:41: [ULX] Frazer<STEAM_0:0:120840551> spawned model models/props_c17/furniturebathtub001a.mdl
L 07/10/2022 - 16:34:42: [FAdmin] Frazer (STEAM_0:0:120840551) Attempted to use tool stacker_improved
L 07/10/2022 - 16:34:42: [FAdmin] Frazer (STEAM_0:0:120840551) Spawned a models/props_c17/furniturebathtub001a.mdl
L 07/10/2022 - 16:34:42: [ULX] Frazer<STEAM_0:0:120840551> spawned model models/props_c17/furniturebathtub001a.mdl
L 07/10/2022 - 16:34:43: [FAdmin] Frazer (STEAM_0:0:120840551) Attempted to use tool stacker_improved
L 07/10/2022 - 16:34:43: [FAdmin] Frazer (STEAM_0:0:120840551) Spawned a models/props_c17/furniturebathtub001a.mdl
L 07/10/2022 - 16:34:43: [ULX] Frazer<STEAM_0:0:120840551> spawned model models/props_c17/furniturebathtub001a.mdl
L 07/10/2022 - 16:34:43: [FAdmin] Frazer (STEAM_0:0:120840551) Attempted to use tool stacker_improved
L 07/10/2022 - 16:34:43: [FAdmin] Frazer (STEAM_0:0:120840551) Spawned a models/props_c17/furniturebathtub001a.mdl
L 07/10/2022 - 16:34:43: [ULX] Frazer<STEAM_0:0:120840551> spawned model models/props_c17/furniturebathtub001a.mdl
L 07/10/2022 - 16:34:44: [FAdmin] Frazer (STEAM_0:0:120840551) Attempted to use tool stacker_improved
L 07/10/2022 - 16:34:44: [FAdmin] Frazer (STEAM_0:0:120840551) Spawned a models/props_c17/furniturebathtub001a.mdl
L 07/10/2022 - 16:34:44: [ULX] Frazer<STEAM_0:0:120840551> spawned model models/props_c17/furniturebathtub001a.mdl
L 07/10/2022 - 16:34:45: [FAdmin] Frazer (STEAM_0:0:120840551) Attempted to use tool stacker_improved
L 07/10/2022 - 16:34:45: [FAdmin] Frazer (STEAM_0:0:120840551) Spawned a models/props_c17/furniturebathtub001a.mdl
L 07/10/2022 - 16:34:45: [ULX] Frazer<STEAM_0:0:120840551> spawned model models/props_c17/furniturebathtub001a.mdl
L 07/10/2022 - 16:34:46: [FAdmin] Frazer (STEAM_0:0:120840551) Attempted to use tool stacker_improved
L 07/10/2022 - 16:34:46: [FAdmin] Frazer (STEAM_0:0:120840551) Spawned a models/props_c17/furniturebathtub001a.mdl
L 07/10/2022 - 16:34:46: [ULX] Frazer<STEAM_0:0:120840551> spawned model models/props_c17/furniturebathtub001a.mdl
L 07/10/2022 - 16:34:47: [FAdmin] Frazer (STEAM_0:0:120840551) Attempted to use tool stacker_improved
L 07/10/2022 - 16:34:47: [FAdmin] Frazer (STEAM_0:0:120840551) Spawned a models/props_c17/furniturebathtub001a.mdl
L 07/10/2022 - 16:34:47: [ULX] Frazer<STEAM_0:0:120840551> spawned model models/props_c17/furniturebathtub001a.mdl
L 07/10/2022 - 16:34:48: [FAdmin] Frazer (STEAM_0:0:120840551) Attempted to use tool stacker_improved
L 07/10/2022 - 16:34:48: [FAdmin] Frazer (STEAM_0:0:120840551) Spawned a models/props_c17/furniturebathtub001a.mdl
L 07/10/2022 - 16:34:48: [ULX] Frazer<STEAM_0:0:120840551> spawned model models/props_c17/furniturebathtub001a.mdl
L 07/10/2022 - 16:34:48: [FAdmin] Frazer (STEAM_0:0:120840551) Attempted to use tool stacker_improved
L 07/10/2022 - 16:34:48: [FAdmin] Frazer (STEAM_0:0:120840551) Spawned a models/props_c17/furniturebathtub001a.mdl
L 07/10/2022 - 16:34:48: [ULX] Frazer<STEAM_0:0:120840551> spawned model models/props_c17/furniturebathtub001a.mdl
L 07/10/2022 - 16:34:49: [FAdmin] Frazer (STEAM_0:0:120840551) Attempted to use tool stacker_improved
L 07/10/2022 - 16:34:49: [FAdmin] Frazer (STEAM_0:0:120840551) Spawned a models/props_c17/furniturebathtub001a.mdl
L 07/10/2022 - 16:34:49: [ULX] Frazer<STEAM_0:0:120840551> spawned model models/props_c17/furniturebathtub001a.mdl
L 07/10/2022 - 16:34:55: [FAdmin] Frazer (STEAM_0:0:120840551) Attempted to use tool stacker_improved
L 07/10/2022 - 16:34:55: [FAdmin] Frazer (STEAM_0:0:120840551) Spawned a models/props_c17/furniturebathtub001a.mdl
L 07/10/2022 - 16:34:55: [ULX] Frazer<STEAM_0:0:120840551> spawned model models/props_c17/furniturebathtub001a.mdl
L 07/10/2022 - 16:34:56: [FAdmin] Frazer (STEAM_0:0:120840551) Attempted to use tool stacker_improved
L 07/10/2022 - 16:34:56: [FAdmin] Frazer (STEAM_0:0:120840551) Spawned a models/props_c17/furniturebathtub001a.mdl
L 07/10/2022 - 16:34:56: [ULX] Frazer<STEAM_0:0:120840551> spawned model models/props_c17/furniturebathtub001a.mdl
L 07/10/2022 - 16:34:57: [FAdmin] Frazer (STEAM_0:0:120840551) Attempted to use tool stacker_improved
L 07/10/2022 - 16:34:57: [FAdmin] Frazer (STEAM_0:0:120840551) Spawned a models/props_c17/furniturebathtub001a.mdl
L 07/10/2022 - 16:34:57: [ULX] Frazer<STEAM_0:0:120840551> spawned model models/props_c17/furniturebathtub001a.mdl
L 07/10/2022 - 16:34:57: "widepeeked<16><STEAM_0:0:492844137><>" connected, address "124.188.129.208:27005"
L 07/10/2022 - 16:34:58: "widepeeked<16><STEAM_0:0:492844137><>" STEAM USERID validated
L 07/10/2022 - 16:34:58: [FAdmin] Frazer (STEAM_0:0:120840551) Attempted to use tool stacker_improved
L 07/10/2022 - 16:34:58: [FAdmin] Frazer (STEAM_0:0:120840551) Spawned a models/props_c17/furniturebathtub001a.mdl
L 07/10/2022 - 16:34:58: [ULX] Frazer<STEAM_0:0:120840551> spawned model models/props_c17/furniturebathtub001a.mdl
L 07/10/2022 - 16:34:58: [FAdmin] Frazer (STEAM_0:0:120840551) Attempted to use tool stacker_improved
L 07/10/2022 - 16:34:58: [FAdmin] Frazer (STEAM_0:0:120840551) Spawned a models/props_c17/furniturebathtub001a.mdl
L 07/10/2022 - 16:34:58: [ULX] Frazer<STEAM_0:0:120840551> spawned model models/props_c17/furniturebathtub001a.mdl
L 07/10/2022 - 16:34:59: [FAdmin] Frazer (STEAM_0:0:120840551) Attempted to use tool stacker_improved
L 07/10/2022 - 16:34:59: [FAdmin] Frazer (STEAM_0:0:120840551) Spawned a models/props_c17/furniturebathtub001a.mdl
L 07/10/2022 - 16:34:59: [ULX] Frazer<STEAM_0:0:120840551> spawned model models/props_c17/furniturebathtub001a.mdl
L 07/10/2022 - 16:35:00: [FAdmin] Frazer (STEAM_0:0:120840551) Attempted to use tool stacker_improved
L 07/10/2022 - 16:35:00: [FAdmin] Frazer (STEAM_0:0:120840551) Spawned a models/props_c17/furniturebathtub001a.mdl
L 07/10/2022 - 16:35:00: [ULX] Frazer<STEAM_0:0:120840551> spawned model models/props_c17/furniturebathtub001a.mdl
L 07/10/2022 - 16:35:01: [FAdmin] Frazer (STEAM_0:0:120840551) Attempted to use tool stacker_improved
L 07/10/2022 - 16:35:01: [FAdmin] Frazer (STEAM_0:0:120840551) Spawned a models/props_c17/furniturebathtub001a.mdl
L 07/10/2022 - 16:35:01: [ULX] Frazer<STEAM_0:0:120840551> spawned model models/props_c17/furniturebathtub001a.mdl
L 07/10/2022 - 16:35:05: [FAdmin] Frazer (STEAM_0:0:120840551) Attempted to use tool stacker_improved
L 07/10/2022 - 16:35:05: [FAdmin] Frazer (STEAM_0:0:120840551) Spawned a models/props_c17/furniturebathtub001a.mdl
L 07/10/2022 - 16:35:05: [ULX] Frazer<STEAM_0:0:120840551> spawned model models/props_c17/furniturebathtub001a.mdl
L 07/10/2022 - 16:35:06: [FAdmin] Frazer (STEAM_0:0:120840551) Attempted to use tool stacker_improved
L 07/10/2022 - 16:35:06: [FAdmin] Frazer (STEAM_0:0:120840551) Spawned a models/props_c17/furniturebathtub001a.mdl
L 07/10/2022 - 16:35:06: [ULX] Frazer<STEAM_0:0:120840551> spawned model models/props_c17/furniturebathtub001a.mdl
L 07/10/2022 - 16:35:07: [FAdmin] Frazer (STEAM_0:0:120840551) Attempted to use tool stacker_improved
L 07/10/2022 - 16:35:07: [FAdmin] Frazer (STEAM_0:0:120840551) Spawned a models/props_c17/furniturebathtub001a.mdl
L 07/10/2022 - 16:35:07: [ULX] Frazer<STEAM_0:0:120840551> spawned model models/props_c17/furniturebathtub001a.mdl
L 07/10/2022 - 16:35:08: [FAdmin] Frazer (STEAM_0:0:120840551) Attempted to use tool stacker_improved
L 07/10/2022 - 16:35:08: [FAdmin] Frazer (STEAM_0:0:120840551) Spawned a models/props_c17/furniturebathtub001a.mdl
L 07/10/2022 - 16:35:08: [ULX] Frazer<STEAM_0:0:120840551> spawned model models/props_c17/furniturebathtub001a.mdl
L 07/10/2022 - 16:35:08: [FAdmin] Frazer (STEAM_0:0:120840551) Attempted to use tool stacker_improved
L 07/10/2022 - 16:35:08: [FAdmin] Frazer (STEAM_0:0:120840551) Spawned a models/props_c17/furniturebathtub001a.mdl
L 07/10/2022 - 16:35:08: [ULX] Frazer<STEAM_0:0:120840551> spawned model models/props_c17/furniturebathtub001a.mdl
L 07/10/2022 - 16:35:09: [FAdmin] Frazer (STEAM_0:0:120840551) Attempted to use tool stacker_improved
L 07/10/2022 - 16:35:09: [FAdmin] Frazer (STEAM_0:0:120840551) Spawned a models/props_c17/furniturebathtub001a.mdl
L 07/10/2022 - 16:35:09: [ULX] Frazer<STEAM_0:0:120840551> spawned model models/props_c17/furniturebathtub001a.mdl
L 07/10/2022 - 16:35:10: [FAdmin] Frazer (STEAM_0:0:120840551) Attempted to use tool stacker_improved
L 07/10/2022 - 16:35:10: [FAdmin] Frazer (STEAM_0:0:120840551) Spawned a models/props_c17/furniturebathtub001a.mdl
L 07/10/2022 - 16:35:10: [ULX] Frazer<STEAM_0:0:120840551> spawned model models/props_c17/furniturebathtub001a.mdl
L 07/10/2022 - 16:35:11: [FAdmin] Frazer (STEAM_0:0:120840551) Attempted to use tool stacker_improved
L 07/10/2022 - 16:35:11: [FAdmin] Frazer (STEAM_0:0:120840551) Spawned a models/props_c17/furniturebathtub001a.mdl
L 07/10/2022 - 16:35:11: [ULX] Frazer<STEAM_0:0:120840551> spawned model models/props_c17/furniturebathtub001a.mdl
L 07/10/2022 - 16:35:12: [FAdmin] Frazer (STEAM_0:0:120840551) Attempted to use tool stacker_improved
L 07/10/2022 - 16:35:12: [FAdmin] Frazer (STEAM_0:0:120840551) Spawned a models/props_c17/furniturebathtub001a.mdl
L 07/10/2022 - 16:35:12: [ULX] Frazer<STEAM_0:0:120840551> spawned model models/props_c17/furniturebathtub001a.mdl
L 07/10/2022 - 16:35:12: [FAdmin] Frazer (STEAM_0:0:120840551) Attempted to use tool stacker_improved
L 07/10/2022 - 16:35:12: [FAdmin] Frazer (STEAM_0:0:120840551) Spawned a models/props_c17/furniturebathtub001a.mdl
L 07/10/2022 - 16:35:12: [ULX] Frazer<STEAM_0:0:120840551> spawned model models/props_c17/furniturebathtub001a.mdl
L 07/10/2022 - 16:35:13: [FAdmin] Frazer (STEAM_0:0:120840551) Attempted to use tool stacker_improved
L 07/10/2022 - 16:35:13: [FAdmin] Frazer (STEAM_0:0:120840551) Spawned a models/props_c17/furniturebathtub001a.mdl
L 07/10/2022 - 16:35:13: [ULX] Frazer<STEAM_0:0:120840551> spawned model models/props_c17/furniturebathtub001a.mdl
L 07/10/2022 - 16:35:14: [FAdmin] Frazer (STEAM_0:0:120840551) Attempted to use tool stacker_improved
L 07/10/2022 - 16:35:14: [FAdmin] Frazer (STEAM_0:0:120840551) Spawned a models/props_c17/furniturebathtub001a.mdl
L 07/10/2022 - 16:35:14: [ULX] Frazer<STEAM_0:0:120840551> spawned model models/props_c17/furniturebathtub001a.mdl
L 07/10/2022 - 16:35:15: [FAdmin] Frazer (STEAM_0:0:120840551) Attempted to use tool stacker_improved
L 07/10/2022 - 16:35:15: [FAdmin] Frazer (STEAM_0:0:120840551) Spawned a models/props_c17/furniturebathtub001a.mdl
L 07/10/2022 - 16:35:15: [ULX] Frazer<STEAM_0:0:120840551> spawned model models/props_c17/furniturebathtub001a.mdl
L 07/10/2022 - 16:35:16: [FAdmin] Frazer (STEAM_0:0:120840551) Attempted to use tool stacker_improved
L 07/10/2022 - 16:35:16: [FAdmin] Frazer (STEAM_0:0:120840551) Spawned a models/props_c17/furniturebathtub001a.mdl
L 07/10/2022 - 16:35:16: [ULX] Frazer<STEAM_0:0:120840551> spawned model models/props_c17/furniturebathtub001a.mdl
L 07/10/2022 - 16:35:20: [FAdmin] Frazer (STEAM_0:0:120840551) Attempted to use tool stacker_improved
L 07/10/2022 - 16:35:20: [FAdmin] Frazer (STEAM_0:0:120840551) Spawned a models/props_c17/furniturebathtub001a.mdl
L 07/10/2022 - 16:35:20: [ULX] Frazer<STEAM_0:0:120840551> spawned model models/props_c17/furniturebathtub001a.mdl
L 07/10/2022 - 16:35:21: [FAdmin] Frazer (STEAM_0:0:120840551) Attempted to use tool stacker_improved
L 07/10/2022 - 16:35:21: [FAdmin] Frazer (STEAM_0:0:120840551) Spawned a models/props_c17/furniturebathtub001a.mdl
L 07/10/2022 - 16:35:21: [ULX] Frazer<STEAM_0:0:120840551> spawned model models/props_c17/furniturebathtub001a.mdl
L 07/10/2022 - 16:35:22: [FAdmin] Frazer (STEAM_0:0:120840551) Attempted to use tool stacker_improved
L 07/10/2022 - 16:35:22: [FAdmin] Frazer (STEAM_0:0:120840551) Spawned a models/props_c17/furniturebathtub001a.mdl
L 07/10/2022 - 16:35:22: [ULX] Frazer<STEAM_0:0:120840551> spawned model models/props_c17/furniturebathtub001a.mdl
L 07/10/2022 - 16:35:22: [FAdmin] Frazer (STEAM_0:0:120840551) Attempted to use tool stacker_improved
L 07/10/2022 - 16:35:22: [FAdmin] Frazer (STEAM_0:0:120840551) Spawned a models/props_c17/furniturebathtub001a.mdl
L 07/10/2022 - 16:35:22: [ULX] Frazer<STEAM_0:0:120840551> spawned model models/props_c17/furniturebathtub001a.mdl
L 07/10/2022 - 16:35:24: [FAdmin] widepeeked (STEAM_0:0:492844137) is Authed
L 07/10/2022 - 16:35:24: [FAdmin] widepeeked (STEAM_0:0:492844137) Spawned for the first time
L 07/10/2022 - 16:35:24: [FAdmin] widepeeked (STEAM_0:0:492844137) Spawned
L 07/10/2022 - 16:35:24: "widepeeked<16><STEAM_0:0:492844137><>" entered the game
L 07/10/2022 - 16:35:24: [FAdmin] widepeeked (STEAM_0:0:492844137) Attempted to pick up a keys
L 07/10/2022 - 16:35:24: [FAdmin] widepeeked (STEAM_0:0:492844137) Attempted to pick up a weapon_physcannon
L 07/10/2022 - 16:35:24: [FAdmin] widepeeked (STEAM_0:0:492844137) Attempted to pick up a weapon_fists
L 07/10/2022 - 16:35:24: [FAdmin] widepeeked (STEAM_0:0:492844137) Attempted to pick up a gmod_camera
L 07/10/2022 - 16:35:24: [FAdmin] widepeeked (STEAM_0:0:492844137) Attempted to pick up a gmod_tool
L 07/10/2022 - 16:35:24: [FAdmin] widepeeked (STEAM_0:0:492844137) Attempted to pick up a weapon_physgun
L 07/10/2022 - 16:35:24: [FAdmin] Frazer (STEAM_0:0:120840551) Attempted to use tool stacker_improved
L 07/10/2022 - 16:35:24: [FAdmin] Frazer (STEAM_0:0:120840551) Spawned a models/props_c17/furniturebathtub001a.mdl
L 07/10/2022 - 16:35:24: [ULX] Frazer<STEAM_0:0:120840551> spawned model models/props_c17/furniturebathtub001a.mdl
L 07/10/2022 - 16:35:25: [FAdmin] Frazer (STEAM_0:0:120840551) Attempted to use tool stacker_improved
L 07/10/2022 - 16:35:25: [FAdmin] Frazer (STEAM_0:0:120840551) Spawned a models/props_c17/furniturebathtub001a.mdl
L 07/10/2022 - 16:35:25: [ULX] Frazer<STEAM_0:0:120840551> spawned model models/props_c17/furniturebathtub001a.mdl
L 07/10/2022 - 16:35:27: [FAdmin] Frazer (STEAM_0:0:120840551) Attempted to use tool stacker_improved
L 07/10/2022 - 16:35:27: [FAdmin] Frazer (STEAM_0:0:120840551) Spawned a models/props_c17/furniturebathtub001a.mdl
L 07/10/2022 - 16:35:27: [ULX] Frazer<STEAM_0:0:120840551> spawned model models/props_c17/furniturebathtub001a.mdl
L 07/10/2022 - 16:35:28: [FAdmin] Frazer (STEAM_0:0:120840551) Attempted to use tool stacker_improved
L 07/10/2022 - 16:35:28: [FAdmin] Frazer (STEAM_0:0:120840551) Spawned a models/props_c17/furniturebathtub001a.mdl
L 07/10/2022 - 16:35:28: [ULX] Frazer<STEAM_0:0:120840551> spawned model models/props_c17/furniturebathtub001a.mdl
L 07/10/2022 - 16:35:28: [FAdmin] Frazer (STEAM_0:0:120840551) Attempted to use tool stacker_improved
L 07/10/2022 - 16:35:28: [FAdmin] Frazer (STEAM_0:0:120840551) Spawned a models/props_c17/furniturebathtub001a.mdl
L 07/10/2022 - 16:35:28: [ULX] Frazer<STEAM_0:0:120840551> spawned model models/props_c17/furniturebathtub001a.mdl
L 07/10/2022 - 16:35:29: [FAdmin] Frazer (STEAM_0:0:120840551) Attempted to use tool stacker_improved
L 07/10/2022 - 16:35:29: [FAdmin] Frazer (STEAM_0:0:120840551) Spawned a models/props_c17/furniturebathtub001a.mdl
L 07/10/2022 - 16:35:29: [ULX] Frazer<STEAM_0:0:120840551> spawned model models/props_c17/furniturebathtub001a.mdl
L 07/10/2022 - 16:35:30: [FAdmin] Frazer (STEAM_0:0:120840551) Attempted to use tool stacker_improved
L 07/10/2022 - 16:35:30: [FAdmin] Frazer (STEAM_0:0:120840551) Spawned a models/props_c17/furniturebathtub001a.mdl
L 07/10/2022 - 16:35:30: [ULX] Frazer<STEAM_0:0:120840551> spawned model models/props_c17/furniturebathtub001a.mdl
L 07/10/2022 - 16:35:31: [FAdmin] Frazer (STEAM_0:0:120840551) Attempted to use tool stacker_improved
L 07/10/2022 - 16:35:31: [FAdmin] Frazer (STEAM_0:0:120840551) Spawned a models/props_c17/furniturebathtub001a.mdl
L 07/10/2022 - 16:35:31: [ULX] Frazer<STEAM_0:0:120840551> spawned model models/props_c17/furniturebathtub001a.mdl
L 07/10/2022 - 16:35:31: [FAdmin] Frazer (STEAM_0:0:120840551) Attempted to use tool stacker_improved
L 07/10/2022 - 16:35:31: [FAdmin] Frazer (STEAM_0:0:120840551) Spawned a models/props_c17/furniturebathtub001a.mdl
L 07/10/2022 - 16:35:31: [ULX] Frazer<STEAM_0:0:120840551> spawned model models/props_c17/furniturebathtub001a.mdl
L 07/10/2022 - 16:35:32: [FAdmin] Frazer (STEAM_0:0:120840551) Attempted to use tool stacker_improved
L 07/10/2022 - 16:35:32: [FAdmin] Frazer (STEAM_0:0:120840551) Spawned a models/props_c17/furniturebathtub001a.mdl
L 07/10/2022 - 16:35:32: [ULX] Frazer<STEAM_0:0:120840551> spawned model models/props_c17/furniturebathtub001a.mdl
L 07/10/2022 - 16:35:33: [FAdmin] Frazer (STEAM_0:0:120840551) Attempted to use tool stacker_improved
L 07/10/2022 - 16:35:33: [FAdmin] Frazer (STEAM_0:0:120840551) Spawned a models/props_c17/furniturebathtub001a.mdl
L 07/10/2022 - 16:35:33: [ULX] Frazer<STEAM_0:0:120840551> spawned model models/props_c17/furniturebathtub001a.mdl
L 07/10/2022 - 16:35:34: [FAdmin] Frazer (STEAM_0:0:120840551) Attempted to use tool stacker_improved
L 07/10/2022 - 16:35:34: [FAdmin] Frazer (STEAM_0:0:120840551) Spawned a models/props_c17/furniturebathtub001a.mdl
L 07/10/2022 - 16:35:34: [ULX] Frazer<STEAM_0:0:120840551> spawned model models/props_c17/furniturebathtub001a.mdl
L 07/10/2022 - 16:35:34: [FAdmin] Frazer (STEAM_0:0:120840551) Attempted to use tool stacker_improved
L 07/10/2022 - 16:35:34: [FAdmin] Frazer (STEAM_0:0:120840551) Spawned a models/props_c17/furniturebathtub001a.mdl
L 07/10/2022 - 16:35:34: [ULX] Frazer<STEAM_0:0:120840551> spawned model models/props_c17/furniturebathtub001a.mdl
L 07/10/2022 - 16:35:35: [FAdmin] Frazer (STEAM_0:0:120840551) Attempted to use tool stacker_improved
L 07/10/2022 - 16:35:35: [FAdmin] Frazer (STEAM_0:0:120840551) Spawned a models/props_c17/furniturebathtub001a.mdl
L 07/10/2022 - 16:35:35: [ULX] Frazer<STEAM_0:0:120840551> spawned model models/props_c17/furniturebathtub001a.mdl
L 07/10/2022 - 16:35:46: [FAdmin] Frazer (STEAM_0:0:120840551) Attempted to use tool material
L 07/10/2022 - 16:35:48: [FAdmin] Frazer (STEAM_0:0:120840551) Attempted to use tool material
L 07/10/2022 - 16:35:49: [FAdmin] Frazer (STEAM_0:0:120840551) Attempted to use tool material
L 07/10/2022 - 16:35:50: [FAdmin] Frazer (STEAM_0:0:120840551) Attempted to use tool material
L 07/10/2022 - 16:35:50: [FAdmin] Frazer (STEAM_0:0:120840551) Attempted to use tool material
L 07/10/2022 - 16:35:51: [FAdmin] Frazer (STEAM_0:0:120840551) Attempted to use tool material
L 07/10/2022 - 16:35:51: [FAdmin] Frazer (STEAM_0:0:120840551) Attempted to use tool material
L 07/10/2022 - 16:36:06: Player [2][Skii] is arming a dupe, size: 5259
L 07/10/2022 - 16:36:08: [FAdmin] DJ Bread (STEAM_0:0:579690494) Attempted to use tool duplicator
L 07/10/2022 - 16:36:08: [FAdmin] DJ Bread (STEAM_0:0:579690494) Spawned a models/hunter/misc/sphere025x025.mdl
L 07/10/2022 - 16:36:08: [ULX] DJ Bread<STEAM_0:0:579690494> spawned model models/hunter/misc/sphere025x025.mdl
L 07/10/2022 - 16:36:08: [FAdmin] DJ Bread (STEAM_0:0:579690494) Spawned a models/hunter/misc/sphere025x025.mdl
L 07/10/2022 - 16:36:08: [ULX] DJ Bread<STEAM_0:0:579690494> spawned model models/hunter/misc/sphere025x025.mdl
L 07/10/2022 - 16:36:08: [FAdmin] DJ Bread (STEAM_0:0:579690494) Spawned a models/hunter/misc/sphere025x025.mdl
L 07/10/2022 - 16:36:08: [ULX] DJ Bread<STEAM_0:0:579690494> spawned model models/hunter/misc/sphere025x025.mdl
L 07/10/2022 - 16:36:08: [FAdmin] DJ Bread (STEAM_0:0:579690494) Spawned a models/hunter/misc/sphere025x025.mdl
L 07/10/2022 - 16:36:08: [ULX] DJ Bread<STEAM_0:0:579690494> spawned model models/hunter/misc/sphere025x025.mdl
L 07/10/2022 - 16:36:08: [FAdmin] DJ Bread (STEAM_0:0:579690494) Spawned a models/hunter/misc/sphere025x025.mdl
L 07/10/2022 - 16:36:08: [ULX] DJ Bread<STEAM_0:0:579690494> spawned model models/hunter/misc/sphere025x025.mdl
L 07/10/2022 - 16:36:08: [FAdmin] DJ Bread (STEAM_0:0:579690494) Spawned a models/hunter/misc/sphere025x025.mdl
L 07/10/2022 - 16:36:08: [ULX] DJ Bread<STEAM_0:0:579690494> spawned model models/hunter/misc/sphere025x025.mdl
L 07/10/2022 - 16:36:08: [FAdmin] DJ Bread (STEAM_0:0:579690494) Spawned a models/hunter/misc/sphere025x025.mdl
L 07/10/2022 - 16:36:08: [ULX] DJ Bread<STEAM_0:0:579690494> spawned model models/hunter/misc/sphere025x025.mdl
L 07/10/2022 - 16:36:08: [FAdmin] DJ Bread (STEAM_0:0:579690494) Spawned a models/hunter/misc/cone2x2.mdl
L 07/10/2022 - 16:36:08: [ULX] DJ Bread<STEAM_0:0:579690494> spawned model models/hunter/misc/cone2x2.mdl
L 07/10/2022 - 16:36:08: [FAdmin] DJ Bread (STEAM_0:0:579690494) Spawned a models/hunter/misc/sphere025x025.mdl
L 07/10/2022 - 16:36:08: [ULX] DJ Bread<STEAM_0:0:579690494> spawned model models/hunter/misc/sphere025x025.mdl
L 07/10/2022 - 16:36:08: [FAdmin] DJ Bread (STEAM_0:0:579690494) Spawned a models/hunter/misc/sphere025x025.mdl
L 07/10/2022 - 16:36:08: [ULX] DJ Bread<STEAM_0:0:579690494> spawned model models/hunter/misc/sphere025x025.mdl
L 07/10/2022 - 16:36:08: [FAdmin] DJ Bread (STEAM_0:0:579690494) Spawned a models/hunter/misc/sphere025x025.mdl
L 07/10/2022 - 16:36:08: [ULX] DJ Bread<STEAM_0:0:579690494> spawned model models/hunter/misc/sphere025x025.mdl
L 07/10/2022 - 16:36:08: [FAdmin] DJ Bread (STEAM_0:0:579690494) Spawned a models/hunter/misc/sphere025x025.mdl
L 07/10/2022 - 16:36:08: [ULX] DJ Bread<STEAM_0:0:579690494> spawned model models/hunter/misc/sphere025x025.mdl
L 07/10/2022 - 16:36:08: [FAdmin] DJ Bread (STEAM_0:0:579690494) Spawned a models/hunter/misc/sphere025x025.mdl
L 07/10/2022 - 16:36:08: [ULX] DJ Bread<STEAM_0:0:579690494> spawned model models/hunter/misc/sphere025x025.mdl
L 07/10/2022 - 16:36:08: [FAdmin] DJ Bread (STEAM_0:0:579690494) Spawned a models/hunter/misc/sphere025x025.mdl
L 07/10/2022 - 16:36:08: [ULX] DJ Bread<STEAM_0:0:579690494> spawned model models/hunter/misc/sphere025x025.mdl
L 07/10/2022 - 16:36:08: [FAdmin] DJ Bread (STEAM_0:0:579690494) Spawned a models/hunter/misc/sphere025x025.mdl
L 07/10/2022 - 16:36:08: [ULX] DJ Bread<STEAM_0:0:579690494> spawned model models/hunter/misc/sphere025x025.mdl
L 07/10/2022 - 16:36:08: [FAdmin] DJ Bread (STEAM_0:0:579690494) Spawned a models/hunter/misc/sphere025x025.mdl
L 07/10/2022 - 16:36:08: [ULX] DJ Bread<STEAM_0:0:579690494> spawned model models/hunter/misc/sphere025x025.mdl
L 07/10/2022 - 16:36:08: [FAdmin] DJ Bread (STEAM_0:0:579690494) Spawned a models/hunter/misc/sphere025x025.mdl
L 07/10/2022 - 16:36:08: [ULX] DJ Bread<STEAM_0:0:579690494> spawned model models/hunter/misc/sphere025x025.mdl
L 07/10/2022 - 16:36:08: [FAdmin] DJ Bread (STEAM_0:0:579690494) Spawned a models/hunter/misc/sphere025x025.mdl
L 07/10/2022 - 16:36:08: [ULX] DJ Bread<STEAM_0:0:579690494> spawned model models/hunter/misc/sphere025x025.mdl
L 07/10/2022 - 16:36:08: [FAdmin] DJ Bread (STEAM_0:0:579690494) Spawned a models/hunter/misc/sphere025x025.mdl
L 07/10/2022 - 16:36:08: [ULX] DJ Bread<STEAM_0:0:579690494> spawned model models/hunter/misc/sphere025x025.mdl
L 07/10/2022 - 16:36:08: [FAdmin] DJ Bread (STEAM_0:0:579690494) Spawned a models/hunter/misc/sphere025x025.mdl
L 07/10/2022 - 16:36:08: [ULX] DJ Bread<STEAM_0:0:579690494> spawned model models/hunter/misc/sphere025x025.mdl
L 07/10/2022 - 16:36:08: [FAdmin] DJ Bread (STEAM_0:0:579690494) Spawned a models/balloons/balloon_star.mdl
L 07/10/2022 - 16:36:08: [ULX] DJ Bread<STEAM_0:0:579690494> spawned model models/balloons/balloon_star.mdl
L 07/10/2022 - 16:36:08: [FAdmin] DJ Bread (STEAM_0:0:579690494) Spawned a models/hunter/blocks/cube025x05x025.mdl
L 07/10/2022 - 16:36:08: [ULX] DJ Bread<STEAM_0:0:579690494> spawned model models/hunter/blocks/cube025x05x025.mdl
L 07/10/2022 - 16:36:08: [FAdmin] DJ Bread (STEAM_0:0:579690494) Spawned a models/hunter/misc/sphere025x025.mdl
L 07/10/2022 - 16:36:08: [ULX] DJ Bread<STEAM_0:0:579690494> spawned model models/hunter/misc/sphere025x025.mdl
L 07/10/2022 - 16:36:08: [FAdmin] DJ Bread (STEAM_0:0:579690494) Spawned a models/hunter/misc/sphere025x025.mdl
L 07/10/2022 - 16:36:08: [ULX] DJ Bread<STEAM_0:0:579690494> spawned model models/hunter/misc/sphere025x025.mdl
L 07/10/2022 - 16:36:08: [FAdmin] DJ Bread (STEAM_0:0:579690494) Spawned a models/hunter/misc/sphere025x025.mdl
L 07/10/2022 - 16:36:08: [ULX] DJ Bread<STEAM_0:0:579690494> spawned model models/hunter/misc/sphere025x025.mdl
L 07/10/2022 - 16:36:16: [FAdmin] Frazer (STEAM_0:0:120840551) Attempted to use tool advdupe2
L 07/10/2022 - 16:36:16: [FAdmin] Frazer (STEAM_0:0:120840551) Spawned a models/hunter/plates/plate1x1.mdl
L 07/10/2022 - 16:36:16: [ULX] Frazer<STEAM_0:0:120840551> spawned model models/hunter/plates/plate1x1.mdl
L 07/10/2022 - 16:36:20: [FAdmin] prop_physics(models/hunter/plates/plate1x1.mdl) Got removed
L 07/10/2022 - 16:36:24: [FAdmin] Frazer (STEAM_0:0:120840551) Attempted to use tool advdupe2
L 07/10/2022 - 16:36:24: [FAdmin] Frazer (STEAM_0:0:120840551) Spawned a models/hunter/plates/plate1x1.mdl
L 07/10/2022 - 16:36:24: [ULX] Frazer<STEAM_0:0:120840551> spawned model models/hunter/plates/plate1x1.mdl
L 07/10/2022 - 16:36:25: [FAdmin] Frazer (STEAM_0:0:120840551) Attempted to use tool advdupe2
L 07/10/2022 - 16:36:26: [FAdmin] Frazer (STEAM_0:0:120840551) Attempted to use tool advdupe2
L 07/10/2022 - 16:36:27: [FAdmin] prop_physics(models/hunter/plates/plate1x1.mdl) Got removed
L 07/10/2022 - 16:36:28: [FAdmin] prop_physics(models/hunter/misc/sphere025x025.mdl) Got removed
L 07/10/2022 - 16:36:28: [FAdmin] prop_physics(models/hunter/misc/sphere025x025.mdl) Got removed
L 07/10/2022 - 16:36:28: [FAdmin] prop_physics(models/hunter/misc/sphere025x025.mdl) Got removed
L 07/10/2022 - 16:36:28: [FAdmin] prop_physics(models/hunter/misc/sphere025x025.mdl) Got removed
L 07/10/2022 - 16:36:28: [FAdmin] prop_physics(models/hunter/misc/sphere025x025.mdl) Got removed
L 07/10/2022 - 16:36:28: [FAdmin] prop_physics(models/hunter/misc/sphere025x025.mdl) Got removed
L 07/10/2022 - 16:36:28: [FAdmin] prop_physics(models/hunter/misc/sphere025x025.mdl) Got removed
L 07/10/2022 - 16:36:28: [FAdmin] prop_physics(models/hunter/misc/cone2x2.mdl) Got removed
L 07/10/2022 - 16:36:28: [FAdmin] prop_physics(models/hunter/misc/sphere025x025.mdl) Got removed
L 07/10/2022 - 16:36:28: [FAdmin] prop_physics(models/hunter/misc/sphere025x025.mdl) Got removed
L 07/10/2022 - 16:36:28: [FAdmin] prop_physics(models/hunter/misc/sphere025x025.mdl) Got removed
L 07/10/2022 - 16:36:28: [FAdmin] prop_physics(models/hunter/misc/sphere025x025.mdl) Got removed
L 07/10/2022 - 16:36:28: [FAdmin] prop_physics(models/hunter/misc/sphere025x025.mdl) Got removed
L 07/10/2022 - 16:36:28: [FAdmin] prop_physics(models/hunter/misc/sphere025x025.mdl) Got removed
L 07/10/2022 - 16:36:28: [FAdmin] prop_physics(models/hunter/misc/sphere025x025.mdl) Got removed
L 07/10/2022 - 16:36:28: [FAdmin] prop_physics(models/hunter/blocks/cube025x05x025.mdl) Got removed
L 07/10/2022 - 16:36:28: [FAdmin] prop_physics(models/hunter/misc/sphere025x025.mdl) Got removed
L 07/10/2022 - 16:36:28: [FAdmin] prop_physics(models/hunter/misc/sphere025x025.mdl) Got removed
L 07/10/2022 - 16:36:28: [FAdmin] prop_physics(models/hunter/misc/sphere025x025.mdl) Got removed
L 07/10/2022 - 16:36:28: [FAdmin] prop_physics(models/hunter/misc/sphere025x025.mdl) Got removed
L 07/10/2022 - 16:36:28: [FAdmin] prop_physics(models/hunter/misc/sphere025x025.mdl) Got removed
L 07/10/2022 - 16:36:28: [FAdmin] prop_physics(models/hunter/misc/sphere025x025.mdl) Got removed
L 07/10/2022 - 16:36:28: [FAdmin] prop_physics(models/balloons/balloon_star.mdl) Got removed
L 07/10/2022 - 16:36:28: [FAdmin] prop_physics(models/hunter/misc/sphere025x025.mdl) Got removed
L 07/10/2022 - 16:36:28: [FAdmin] prop_physics(models/hunter/misc/sphere025x025.mdl) Got removed
L 07/10/2022 - 16:36:29: [FAdmin] Al Shebab (STEAM_0:0:103364981) Attempted to use tool wire_dynamic_button
L 07/10/2022 - 16:36:29: [FAdmin] Al Shebab (STEAM_0:0:103364981) Attempted to use tool wire_dynamic_button
L 07/10/2022 - 16:36:29: [FAdmin] Al Shebab (STEAM_0:0:103364981) Attempted to use tool wire_dynamic_button
L 07/10/2022 - 16:36:30: [FAdmin] Al Shebab (STEAM_0:0:103364981) Attempted to use tool wire_dynamic_button
L 07/10/2022 - 16:36:31: [FAdmin] Al Shebab (STEAM_0:0:103364981) Attempted to use tool wire_dynamic_button
L 07/10/2022 - 16:36:31: [FAdmin] Al Shebab (STEAM_0:0:103364981) Attempted to use tool wire_dynamic_button
L 07/10/2022 - 16:36:31: [FAdmin] Al Shebab (STEAM_0:0:103364981) Attempted to use tool wire_dynamic_button
L 07/10/2022 - 16:36:32: [FAdmin] Al Shebab (STEAM_0:0:103364981) Attempted to use tool wire_dynamic_button
L 07/10/2022 - 16:36:33: [FAdmin] Al Shebab (STEAM_0:0:103364981) Attempted to use tool wire_dynamic_button
L 07/10/2022 - 16:36:34: [FAdmin] Al Shebab (STEAM_0:0:103364981) Attempted to use tool wire_dynamic_button
L 07/10/2022 - 16:36:34: [FAdmin] Al Shebab (STEAM_0:0:103364981) Attempted to use tool wire_dynamic_button
L 07/10/2022 - 16:36:35: [FAdmin] Al Shebab (STEAM_0:0:103364981) Attempted to use tool wire_dynamic_button
L 07/10/2022 - 16:36:35: [FAdmin] Al Shebab (STEAM_0:0:103364981) Attempted to use tool wire_dynamic_button
L 07/10/2022 - 16:36:37: [FAdmin] Frazer (STEAM_0:0:120840551) Attempted to use tool advdupe2
L 07/10/2022 - 16:36:37: [FAdmin] Frazer (STEAM_0:0:120840551) Spawned a models/hunter/plates/plate1x1.mdl
L 07/10/2022 - 16:36:37: [ULX] Frazer<STEAM_0:0:120840551> spawned model models/hunter/plates/plate1x1.mdl
L 07/10/2022 - 16:36:43: [FAdmin] Al Shebab (STEAM_0:0:103364981) Attempted to use tool wire_lever
L 07/10/2022 - 16:36:43: [FAdmin] prop_physics(models/hunter/plates/plate1x1.mdl) Got removed
L 07/10/2022 - 16:36:51: [FAdmin] Al Shebab (STEAM_0:0:103364981) Attempted to use tool wire_lever
L 07/10/2022 - 16:37:00: [FAdmin] Al Shebab (STEAM_0:0:103364981) Attempted to use tool wire_lever
L 07/10/2022 - 16:37:01: [FAdmin] Al Shebab (STEAM_0:0:103364981) Attempted to use tool wire_lever
L 07/10/2022 - 16:37:01: [FAdmin] Al Shebab (STEAM_0:0:103364981) Attempted to use tool wire_lever
L 07/10/2022 - 16:37:01: [FAdmin] Al Shebab (STEAM_0:0:103364981) Attempted to use tool wire_lever
L 07/10/2022 - 16:37:01: [FAdmin] Al Shebab (STEAM_0:0:103364981) Attempted to use tool wire_lever
L 07/10/2022 - 16:37:25: [FAdmin] DJ Bread (STEAM_0:0:579690494) Attempted to switch noclip
L 07/10/2022 - 16:37:28: [FAdmin] DJ Bread (STEAM_0:0:579690494) Attempted to switch noclip
L 07/10/2022 - 16:38:25: [FAdmin] Frazer (STEAM_0:0:120840551) Got killed by Frazer with a player
L 07/10/2022 - 16:38:28: [FAdmin] Frazer (STEAM_0:0:120840551) Spawned
L 07/10/2022 - 16:38:28: [FAdmin] Frazer (STEAM_0:0:120840551) Attempted to pick up a keys
L 07/10/2022 - 16:38:28: [FAdmin] Frazer (STEAM_0:0:120840551) Attempted to pick up a weapon_physcannon
L 07/10/2022 - 16:38:28: [FAdmin] Frazer (STEAM_0:0:120840551) Attempted to pick up a weapon_fists
L 07/10/2022 - 16:38:28: [FAdmin] Frazer (STEAM_0:0:120840551) Attempted to pick up a gmod_camera
L 07/10/2022 - 16:38:28: [FAdmin] Frazer (STEAM_0:0:120840551) Attempted to pick up a gmod_tool
L 07/10/2022 - 16:38:28: [FAdmin] Frazer (STEAM_0:0:120840551) Attempted to pick up a weapon_physgun
L 07/10/2022 - 16:38:56: Player [2][Skii] is arming a dupe, size: 2080
L 07/10/2022 - 16:38:57: [FAdmin] DJ Bread (STEAM_0:0:579690494) Attempted to use tool duplicator
L 07/10/2022 - 16:38:57: [FAdmin] DJ Bread (STEAM_0:0:579690494) Spawned a models/props_phx/construct/wood/wood_dome360.mdl
L 07/10/2022 - 16:38:57: [ULX] DJ Bread<STEAM_0:0:579690494> spawned model models/props_phx/construct/wood/wood_dome360.mdl
L 07/10/2022 - 16:38:57: [FAdmin] DJ Bread (STEAM_0:0:579690494) Spawned a models/props_phx/construct/wood/wood_dome360.mdl
L 07/10/2022 - 16:38:57: [ULX] DJ Bread<STEAM_0:0:579690494> spawned model models/props_phx/construct/wood/wood_dome360.mdl
L 07/10/2022 - 16:38:57: [FAdmin] DJ Bread (STEAM_0:0:579690494) Spawned a models/props_phx/construct/wood/wood_curve360x2.mdl
L 07/10/2022 - 16:38:57: [ULX] DJ Bread<STEAM_0:0:579690494> spawned model models/props_phx/construct/wood/wood_curve360x2.mdl
L 07/10/2022 - 16:38:57: [FAdmin] DJ Bread (STEAM_0:0:579690494) Spawned a models/props_phx/construct/wood/wood_angle360.mdl
L 07/10/2022 - 16:38:57: [ULX] DJ Bread<STEAM_0:0:579690494> spawned model models/props_phx/construct/wood/wood_angle360.mdl
L 07/10/2022 - 16:38:58: [FAdmin] DJ Bread (STEAM_0:0:579690494) Spawned a models/props_phx/construct/wood/wood_curve360x2.mdl
L 07/10/2022 - 16:38:58: [ULX] DJ Bread<STEAM_0:0:579690494> spawned model models/props_phx/construct/wood/wood_curve360x2.mdl
L 07/10/2022 - 16:38:58: [FAdmin] DJ Bread (STEAM_0:0:579690494) Spawned a models/props_phx/construct/wood/wood_curve360x2.mdl
L 07/10/2022 - 16:38:58: [ULX] DJ Bread<STEAM_0:0:579690494> spawned model models/props_phx/construct/wood/wood_curve360x2.mdl
L 07/10/2022 - 16:38:58: [FAdmin] DJ Bread (STEAM_0:0:579690494) Spawned a models/props_phx/construct/wood/wood_curve360x2.mdl
L 07/10/2022 - 16:38:58: [ULX] DJ Bread<STEAM_0:0:579690494> spawned model models/props_phx/construct/wood/wood_curve360x2.mdl
L 07/10/2022 - 16:38:58: [FAdmin] DJ Bread (STEAM_0:0:579690494) Spawned a prop_vehicle_prisoner_pod
L 07/10/2022 - 16:38:58: [ULX] DJ Bread<STEAM_0:0:579690494> spawned vehicle models/nova/airboat_seat.mdl
L 07/10/2022 - 16:38:58: [FAdmin] DJ Bread (STEAM_0:0:579690494) Spawned a models/props_phx/construct/wood/wood_dome360.mdl
L 07/10/2022 - 16:38:58: [ULX] DJ Bread<STEAM_0:0:579690494> spawned model models/props_phx/construct/wood/wood_dome360.mdl
L 07/10/2022 - 16:38:58: [FAdmin] DJ Bread (STEAM_0:0:579690494) Spawned a models/props_phx/construct/wood/wood_dome360.mdl
L 07/10/2022 - 16:38:58: [ULX] DJ Bread<STEAM_0:0:579690494> spawned model models/props_phx/construct/wood/wood_dome360.mdl
L 07/10/2022 - 16:38:58: [FAdmin] DJ Bread (STEAM_0:0:579690494) Spawned a models/props_phx/construct/wood/wood_dome360.mdl
L 07/10/2022 - 16:38:58: [ULX] DJ Bread<STEAM_0:0:579690494> spawned model models/props_phx/construct/wood/wood_dome360.mdl
L 07/10/2022 - 16:39:24: [FAdmin] prop_physics(models/props_phx/construct/wood/wood_dome360.mdl) Got removed
L 07/10/2022 - 16:39:24: [FAdmin] prop_physics(models/props_phx/construct/wood/wood_dome360.mdl) Got removed
L 07/10/2022 - 16:39:24: [FAdmin] prop_physics(models/props_phx/construct/wood/wood_curve360x2.mdl) Got removed
L 07/10/2022 - 16:39:24: [FAdmin] prop_physics(models/props_phx/construct/wood/wood_angle360.mdl) Got removed
L 07/10/2022 - 16:39:24: [FAdmin] prop_physics(models/props_phx/construct/wood/wood_dome360.mdl) Got removed
L 07/10/2022 - 16:39:24: [FAdmin] prop_physics(models/props_phx/construct/wood/wood_curve360x2.mdl) Got removed
L 07/10/2022 - 16:39:24: [FAdmin] prop_physics(models/props_phx/construct/wood/wood_curve360x2.mdl) Got removed
L 07/10/2022 - 16:39:24: [FAdmin] prop_physics(models/props_phx/construct/wood/wood_curve360x2.mdl) Got removed
L 07/10/2022 - 16:39:24: [FAdmin] prop_physics(models/props_phx/construct/wood/wood_dome360.mdl) Got removed
L 07/10/2022 - 16:39:24: [FAdmin] prop_physics(models/props_phx/construct/wood/wood_dome360.mdl) Got removed
L 07/10/2022 - 16:39:56: Player [2][Skii] is arming a dupe, size: 1215
L 07/10/2022 - 16:39:57: [FAdmin] DJ Bread (STEAM_0:0:579690494) Attempted to use tool duplicator
L 07/10/2022 - 16:39:57: [FAdmin] DJ Bread (STEAM_0:0:579690494) Spawned a models/props_c17/doll01.mdl
L 07/10/2022 - 16:39:57: [ULX] DJ Bread<STEAM_0:0:579690494> spawned model models/props_c17/doll01.mdl
L 07/10/2022 - 16:39:57: [FAdmin] DJ Bread (STEAM_0:0:579690494) Spawned a models/props_c17/doll01.mdl
L 07/10/2022 - 16:39:57: [ULX] DJ Bread<STEAM_0:0:579690494> spawned model models/props_c17/doll01.mdl
L 07/10/2022 - 16:39:57: [FAdmin] DJ Bread (STEAM_0:0:579690494) Spawned a models/props_c17/doll01.mdl
L 07/10/2022 - 16:39:57: [ULX] DJ Bread<STEAM_0:0:579690494> spawned model models/props_c17/doll01.mdl
L 07/10/2022 - 16:39:57: [FAdmin] DJ Bread (STEAM_0:0:579690494) Spawned a models/props_c17/doll01.mdl
L 07/10/2022 - 16:39:57: [ULX] DJ Bread<STEAM_0:0:579690494> spawned model models/props_c17/doll01.mdl
L 07/10/2022 - 16:39:57: [FAdmin] DJ Bread (STEAM_0:0:579690494) Spawned a models/props_c17/doll01.mdl
L 07/10/2022 - 16:39:57: [ULX] DJ Bread<STEAM_0:0:579690494> spawned model models/props_c17/doll01.mdl
L 07/10/2022 - 16:39:57: [FAdmin] DJ Bread (STEAM_0:0:579690494) Spawned a models/props_c17/doll01.mdl
L 07/10/2022 - 16:39:57: [ULX] DJ Bread<STEAM_0:0:579690494> spawned model models/props_c17/doll01.mdl
L 07/10/2022 - 16:39:58: [FAdmin] prop_physics(models/props_c17/doll01.mdl) Got removed
L 07/10/2022 - 16:39:58: [FAdmin] prop_physics(models/props_c17/doll01.mdl) Got removed
L 07/10/2022 - 16:39:58: [FAdmin] prop_physics(models/props_c17/doll01.mdl) Got removed
L 07/10/2022 - 16:39:58: [FAdmin] prop_physics(models/props_c17/doll01.mdl) Got removed
L 07/10/2022 - 16:39:58: [FAdmin] prop_physics(models/props_c17/doll01.mdl) Got removed
L 07/10/2022 - 16:39:58: [FAdmin] prop_physics(models/props_c17/doll01.mdl) Got removed
L 07/10/2022 - 16:39:59: [FAdmin] DJ Bread (STEAM_0:0:579690494) Attempted to use tool duplicator
L 07/10/2022 - 16:39:59: [FAdmin] DJ Bread (STEAM_0:0:579690494) Spawned a models/props_c17/doll01.mdl
L 07/10/2022 - 16:39:59: [ULX] DJ Bread<STEAM_0:0:579690494> spawned model models/props_c17/doll01.mdl
L 07/10/2022 - 16:39:59: [FAdmin] DJ Bread (STEAM_0:0:579690494) Spawned a models/props_c17/doll01.mdl
L 07/10/2022 - 16:39:59: [ULX] DJ Bread<STEAM_0:0:579690494> spawned model models/props_c17/doll01.mdl
L 07/10/2022 - 16:39:59: [FAdmin] DJ Bread (STEAM_0:0:579690494) Spawned a models/props_c17/doll01.mdl
L 07/10/2022 - 16:39:59: [ULX] DJ Bread<STEAM_0:0:579690494> spawned model models/props_c17/doll01.mdl
L 07/10/2022 - 16:39:59: [FAdmin] DJ Bread (STEAM_0:0:579690494) Spawned a models/props_c17/doll01.mdl
L 07/10/2022 - 16:39:59: [ULX] DJ Bread<STEAM_0:0:579690494> spawned model models/props_c17/doll01.mdl
L 07/10/2022 - 16:39:59: [FAdmin] DJ Bread (STEAM_0:0:579690494) Spawned a models/props_c17/doll01.mdl
L 07/10/2022 - 16:39:59: [ULX] DJ Bread<STEAM_0:0:579690494> spawned model models/props_c17/doll01.mdl
L 07/10/2022 - 16:39:59: [FAdmin] DJ Bread (STEAM_0:0:579690494) Spawned a models/props_c17/doll01.mdl
L 07/10/2022 - 16:39:59: [ULX] DJ Bread<STEAM_0:0:579690494> spawned model models/props_c17/doll01.mdl
L 07/10/2022 - 16:40:12: [FAdmin] prop_physics(models/props_c17/doll01.mdl) Got removed
L 07/10/2022 - 16:40:12: [FAdmin] prop_physics(models/props_c17/doll01.mdl) Got removed
L 07/10/2022 - 16:40:12: [FAdmin] prop_physics(models/props_c17/doll01.mdl) Got removed
L 07/10/2022 - 16:40:12: [FAdmin] prop_physics(models/props_c17/doll01.mdl) Got removed
L 07/10/2022 - 16:40:12: [FAdmin] prop_physics(models/props_c17/doll01.mdl) Got removed
L 07/10/2022 - 16:40:12: [FAdmin] prop_physics(models/props_c17/doll01.mdl) Got removed
L 07/10/2022 - 16:40:15: [FAdmin] DJ Bread (STEAM_0:0:579690494) Attempted to use tool duplicator
L 07/10/2022 - 16:40:15: [FAdmin] DJ Bread (STEAM_0:0:579690494) Spawned a models/props_c17/doll01.mdl
L 07/10/2022 - 16:40:15: [ULX] DJ Bread<STEAM_0:0:579690494> spawned model models/props_c17/doll01.mdl
L 07/10/2022 - 16:40:15: [FAdmin] DJ Bread (STEAM_0:0:579690494) Spawned a models/props_c17/doll01.mdl
L 07/10/2022 - 16:40:15: [ULX] DJ Bread<STEAM_0:0:579690494> spawned model models/props_c17/doll01.mdl
L 07/10/2022 - 16:40:15: [FAdmin] DJ Bread (STEAM_0:0:579690494) Spawned a models/props_c17/doll01.mdl
L 07/10/2022 - 16:40:15: [ULX] DJ Bread<STEAM_0:0:579690494> spawned model models/props_c17/doll01.mdl
L 07/10/2022 - 16:40:15: [FAdmin] DJ Bread (STEAM_0:0:579690494) Spawned a models/props_c17/doll01.mdl
L 07/10/2022 - 16:40:15: [ULX] DJ Bread<STEAM_0:0:579690494> spawned model models/props_c17/doll01.mdl
L 07/10/2022 - 16:40:15: [FAdmin] DJ Bread (STEAM_0:0:579690494) Spawned a models/props_c17/doll01.mdl
L 07/10/2022 - 16:40:15: [ULX] DJ Bread<STEAM_0:0:579690494> spawned model models/props_c17/doll01.mdl
L 07/10/2022 - 16:40:15: [FAdmin] DJ Bread (STEAM_0:0:579690494) Spawned a models/props_c17/doll01.mdl
L 07/10/2022 - 16:40:15: [ULX] DJ Bread<STEAM_0:0:579690494> spawned model models/props_c17/doll01.mdl
L 07/10/2022 - 16:40:16: [FAdmin] DJ Bread (STEAM_0:0:579690494) Attempted to use tool duplicator
L 07/10/2022 - 16:40:16: [FAdmin] DJ Bread (STEAM_0:0:579690494) Spawned a models/props_c17/doll01.mdl
L 07/10/2022 - 16:40:16: [ULX] DJ Bread<STEAM_0:0:579690494> spawned model models/props_c17/doll01.mdl
L 07/10/2022 - 16:40:16: [FAdmin] DJ Bread (STEAM_0:0:579690494) Spawned a models/props_c17/doll01.mdl
L 07/10/2022 - 16:40:16: [ULX] DJ Bread<STEAM_0:0:579690494> spawned model models/props_c17/doll01.mdl
L 07/10/2022 - 16:40:16: [FAdmin] DJ Bread (STEAM_0:0:579690494) Spawned a models/props_c17/doll01.mdl
L 07/10/2022 - 16:40:16: [ULX] DJ Bread<STEAM_0:0:579690494> spawned model models/props_c17/doll01.mdl
L 07/10/2022 - 16:40:16: [FAdmin] DJ Bread (STEAM_0:0:579690494) Spawned a models/props_c17/doll01.mdl
L 07/10/2022 - 16:40:16: [ULX] DJ Bread<STEAM_0:0:579690494> spawned model models/props_c17/doll01.mdl
L 07/10/2022 - 16:40:16: [FAdmin] DJ Bread (STEAM_0:0:579690494) Spawned a models/props_c17/doll01.mdl
L 07/10/2022 - 16:40:16: [ULX] DJ Bread<STEAM_0:0:579690494> spawned model models/props_c17/doll01.mdl
L 07/10/2022 - 16:40:16: [FAdmin] DJ Bread (STEAM_0:0:579690494) Spawned a models/props_c17/doll01.mdl
L 07/10/2022 - 16:40:16: [ULX] DJ Bread<STEAM_0:0:579690494> spawned model models/props_c17/doll01.mdl
L 07/10/2022 - 16:40:17: [FAdmin] prop_physics(models/props_c17/doll01.mdl) Got removed
L 07/10/2022 - 16:40:17: [FAdmin] prop_physics(models/props_c17/doll01.mdl) Got removed
L 07/10/2022 - 16:40:17: [FAdmin] prop_physics(models/props_c17/doll01.mdl) Got removed
L 07/10/2022 - 16:40:17: [FAdmin] prop_physics(models/props_c17/doll01.mdl) Got removed
L 07/10/2022 - 16:40:17: [FAdmin] prop_physics(models/props_c17/doll01.mdl) Got removed
L 07/10/2022 - 16:40:17: [FAdmin] prop_physics(models/props_c17/doll01.mdl) Got removed
L 07/10/2022 - 16:40:17: [FAdmin] DJ Bread (STEAM_0:0:579690494) Attempted to use tool duplicator
L 07/10/2022 - 16:40:17: [FAdmin] DJ Bread (STEAM_0:0:579690494) Spawned a models/props_c17/doll01.mdl
L 07/10/2022 - 16:40:17: [ULX] DJ Bread<STEAM_0:0:579690494> spawned model models/props_c17/doll01.mdl
L 07/10/2022 - 16:40:17: [FAdmin] DJ Bread (STEAM_0:0:579690494) Spawned a models/props_c17/doll01.mdl
L 07/10/2022 - 16:40:17: [ULX] DJ Bread<STEAM_0:0:579690494> spawned model models/props_c17/doll01.mdl
L 07/10/2022 - 16:40:17: [FAdmin] DJ Bread (STEAM_0:0:579690494) Spawned a models/props_c17/doll01.mdl
L 07/10/2022 - 16:40:17: [ULX] DJ Bread<STEAM_0:0:579690494> spawned model models/props_c17/doll01.mdl
L 07/10/2022 - 16:40:17: [FAdmin] DJ Bread (STEAM_0:0:579690494) Spawned a models/props_c17/doll01.mdl
L 07/10/2022 - 16:40:17: [ULX] DJ Bread<STEAM_0:0:579690494> spawned model models/props_c17/doll01.mdl
L 07/10/2022 - 16:40:17: [FAdmin] DJ Bread (STEAM_0:0:579690494) Spawned a models/props_c17/doll01.mdl
L 07/10/2022 - 16:40:17: [ULX] DJ Bread<STEAM_0:0:579690494> spawned model models/props_c17/doll01.mdl
L 07/10/2022 - 16:40:17: [FAdmin] DJ Bread (STEAM_0:0:579690494) Spawned a models/props_c17/doll01.mdl
L 07/10/2022 - 16:40:17: [ULX] DJ Bread<STEAM_0:0:579690494> spawned model models/props_c17/doll01.mdl
L 07/10/2022 - 16:40:18: [FAdmin] DJ Bread (STEAM_0:0:579690494) Attempted to use tool duplicator
L 07/10/2022 - 16:40:18: [FAdmin] DJ Bread (STEAM_0:0:579690494) Spawned a models/props_c17/doll01.mdl
L 07/10/2022 - 16:40:18: [ULX] DJ Bread<STEAM_0:0:579690494> spawned model models/props_c17/doll01.mdl
L 07/10/2022 - 16:40:18: [FAdmin] DJ Bread (STEAM_0:0:579690494) Spawned a models/props_c17/doll01.mdl
L 07/10/2022 - 16:40:18: [ULX] DJ Bread<STEAM_0:0:579690494> spawned model models/props_c17/doll01.mdl
L 07/10/2022 - 16:40:18: [FAdmin] DJ Bread (STEAM_0:0:579690494) Spawned a models/props_c17/doll01.mdl
L 07/10/2022 - 16:40:18: [ULX] DJ Bread<STEAM_0:0:579690494> spawned model models/props_c17/doll01.mdl
L 07/10/2022 - 16:40:18: [FAdmin] DJ Bread (STEAM_0:0:579690494) Spawned a models/props_c17/doll01.mdl
L 07/10/2022 - 16:40:18: [ULX] DJ Bread<STEAM_0:0:579690494> spawned model models/props_c17/doll01.mdl
L 07/10/2022 - 16:40:18: [FAdmin] DJ Bread (STEAM_0:0:579690494) Spawned a models/props_c17/doll01.mdl
L 07/10/2022 - 16:40:18: [ULX] DJ Bread<STEAM_0:0:579690494> spawned model models/props_c17/doll01.mdl
L 07/10/2022 - 16:40:18: [FAdmin] DJ Bread (STEAM_0:0:579690494) Spawned a models/props_c17/doll01.mdl
L 07/10/2022 - 16:40:18: [ULX] DJ Bread<STEAM_0:0:579690494> spawned model models/props_c17/doll01.mdl
L 07/10/2022 - 16:40:19: [FAdmin] prop_physics(models/props_c17/doll01.mdl) Got removed
L 07/10/2022 - 16:40:19: [FAdmin] prop_physics(models/props_c17/doll01.mdl) Got removed
L 07/10/2022 - 16:40:19: [FAdmin] prop_physics(models/props_c17/doll01.mdl) Got removed
L 07/10/2022 - 16:40:19: [FAdmin] prop_physics(models/props_c17/doll01.mdl) Got removed
L 07/10/2022 - 16:40:19: [FAdmin] prop_physics(models/props_c17/doll01.mdl) Got removed
L 07/10/2022 - 16:40:19: [FAdmin] prop_physics(models/props_c17/doll01.mdl) Got removed
L 07/10/2022 - 16:40:19: [FAdmin] prop_physics(models/props_c17/doll01.mdl) Got removed
L 07/10/2022 - 16:40:19: [FAdmin] prop_physics(models/props_c17/doll01.mdl) Got removed
L 07/10/2022 - 16:40:19: [FAdmin] prop_physics(models/props_c17/doll01.mdl) Got removed
L 07/10/2022 - 16:40:19: [FAdmin] prop_physics(models/props_c17/doll01.mdl) Got removed
L 07/10/2022 - 16:40:19: [FAdmin] prop_physics(models/props_c17/doll01.mdl) Got removed
L 07/10/2022 - 16:40:19: [FAdmin] prop_physics(models/props_c17/doll01.mdl) Got removed
L 07/10/2022 - 16:40:20: [FAdmin] DJ Bread (STEAM_0:0:579690494) Attempted to use tool duplicator
L 07/10/2022 - 16:40:20: [FAdmin] DJ Bread (STEAM_0:0:579690494) Spawned a models/props_c17/doll01.mdl
L 07/10/2022 - 16:40:20: [ULX] DJ Bread<STEAM_0:0:579690494> spawned model models/props_c17/doll01.mdl
L 07/10/2022 - 16:40:20: [FAdmin] DJ Bread (STEAM_0:0:579690494) Spawned a models/props_c17/doll01.mdl
L 07/10/2022 - 16:40:20: [ULX] DJ Bread<STEAM_0:0:579690494> spawned model models/props_c17/doll01.mdl
L 07/10/2022 - 16:40:20: [FAdmin] DJ Bread (STEAM_0:0:579690494) Spawned a models/props_c17/doll01.mdl
L 07/10/2022 - 16:40:20: [ULX] DJ Bread<STEAM_0:0:579690494> spawned model models/props_c17/doll01.mdl
L 07/10/2022 - 16:40:20: [FAdmin] DJ Bread (STEAM_0:0:579690494) Spawned a models/props_c17/doll01.mdl
L 07/10/2022 - 16:40:20: [ULX] DJ Bread<STEAM_0:0:579690494> spawned model models/props_c17/doll01.mdl
L 07/10/2022 - 16:40:20: [FAdmin] DJ Bread (STEAM_0:0:579690494) Spawned a models/props_c17/doll01.mdl
L 07/10/2022 - 16:40:20: [ULX] DJ Bread<STEAM_0:0:579690494> spawned model models/props_c17/doll01.mdl
L 07/10/2022 - 16:40:20: [FAdmin] DJ Bread (STEAM_0:0:579690494) Spawned a models/props_c17/doll01.mdl
L 07/10/2022 - 16:40:20: [ULX] DJ Bread<STEAM_0:0:579690494> spawned model models/props_c17/doll01.mdl
L 07/10/2022 - 16:40:20: [FAdmin] DJ Bread (STEAM_0:0:579690494) Attempted to use tool duplicator
L 07/10/2022 - 16:40:20: [FAdmin] DJ Bread (STEAM_0:0:579690494) Spawned a models/props_c17/doll01.mdl
L 07/10/2022 - 16:40:20: [ULX] DJ Bread<STEAM_0:0:579690494> spawned model models/props_c17/doll01.mdl
L 07/10/2022 - 16:40:20: [FAdmin] DJ Bread (STEAM_0:0:579690494) Spawned a models/props_c17/doll01.mdl
L 07/10/2022 - 16:40:20: [ULX] DJ Bread<STEAM_0:0:579690494> spawned model models/props_c17/doll01.mdl
L 07/10/2022 - 16:40:20: [FAdmin] DJ Bread (STEAM_0:0:579690494) Spawned a models/props_c17/doll01.mdl
L 07/10/2022 - 16:40:20: [ULX] DJ Bread<STEAM_0:0:579690494> spawned model models/props_c17/doll01.mdl
L 07/10/2022 - 16:40:20: [FAdmin] DJ Bread (STEAM_0:0:579690494) Spawned a models/props_c17/doll01.mdl
L 07/10/2022 - 16:40:20: [ULX] DJ Bread<STEAM_0:0:579690494> spawned model models/props_c17/doll01.mdl
L 07/10/2022 - 16:40:20: [FAdmin] DJ Bread (STEAM_0:0:579690494) Spawned a models/props_c17/doll01.mdl
L 07/10/2022 - 16:40:20: [ULX] DJ Bread<STEAM_0:0:579690494> spawned model models/props_c17/doll01.mdl
L 07/10/2022 - 16:40:20: [FAdmin] DJ Bread (STEAM_0:0:579690494) Spawned a models/props_c17/doll01.mdl
L 07/10/2022 - 16:40:20: [ULX] DJ Bread<STEAM_0:0:579690494> spawned model models/props_c17/doll01.mdl
L 07/10/2022 - 16:40:21: [FAdmin] DJ Bread (STEAM_0:0:579690494) Attempted to use tool duplicator
L 07/10/2022 - 16:40:21: [FAdmin] DJ Bread (STEAM_0:0:579690494) Spawned a models/props_c17/doll01.mdl
L 07/10/2022 - 16:40:21: [ULX] DJ Bread<STEAM_0:0:579690494> spawned model models/props_c17/doll01.mdl
L 07/10/2022 - 16:40:21: [FAdmin] DJ Bread (STEAM_0:0:579690494) Spawned a models/props_c17/doll01.mdl
L 07/10/2022 - 16:40:21: [ULX] DJ Bread<STEAM_0:0:579690494> spawned model models/props_c17/doll01.mdl
L 07/10/2022 - 16:40:21: [FAdmin] DJ Bread (STEAM_0:0:579690494) Spawned a models/props_c17/doll01.mdl
L 07/10/2022 - 16:40:21: [ULX] DJ Bread<STEAM_0:0:579690494> spawned model models/props_c17/doll01.mdl
L 07/10/2022 - 16:40:21: [FAdmin] DJ Bread (STEAM_0:0:579690494) Spawned a models/props_c17/doll01.mdl
L 07/10/2022 - 16:40:21: [ULX] DJ Bread<STEAM_0:0:579690494> spawned model models/props_c17/doll01.mdl
L 07/10/2022 - 16:40:21: [FAdmin] DJ Bread (STEAM_0:0:579690494) Spawned a models/props_c17/doll01.mdl
L 07/10/2022 - 16:40:21: [ULX] DJ Bread<STEAM_0:0:579690494> spawned model models/props_c17/doll01.mdl
L 07/10/2022 - 16:40:21: [FAdmin] DJ Bread (STEAM_0:0:579690494) Spawned a models/props_c17/doll01.mdl
L 07/10/2022 - 16:40:21: [ULX] DJ Bread<STEAM_0:0:579690494> spawned model models/props_c17/doll01.mdl
L 07/10/2022 - 16:40:21: [FAdmin] DJ Bread (STEAM_0:0:579690494) Attempted to use tool duplicator
L 07/10/2022 - 16:40:21: [FAdmin] DJ Bread (STEAM_0:0:579690494) Spawned a models/props_c17/doll01.mdl
L 07/10/2022 - 16:40:21: [ULX] DJ Bread<STEAM_0:0:579690494> spawned model models/props_c17/doll01.mdl
L 07/10/2022 - 16:40:21: [FAdmin] DJ Bread (STEAM_0:0:579690494) Spawned a models/props_c17/doll01.mdl
L 07/10/2022 - 16:40:21: [ULX] DJ Bread<STEAM_0:0:579690494> spawned model models/props_c17/doll01.mdl
L 07/10/2022 - 16:40:21: [FAdmin] DJ Bread (STEAM_0:0:579690494) Spawned a models/props_c17/doll01.mdl
L 07/10/2022 - 16:40:21: [ULX] DJ Bread<STEAM_0:0:579690494> spawned model models/props_c17/doll01.mdl
L 07/10/2022 - 16:40:21: [FAdmin] DJ Bread (STEAM_0:0:579690494) Spawned a models/props_c17/doll01.mdl
L 07/10/2022 - 16:40:21: [ULX] DJ Bread<STEAM_0:0:579690494> spawned model models/props_c17/doll01.mdl
L 07/10/2022 - 16:40:21: [FAdmin] DJ Bread (STEAM_0:0:579690494) Spawned a models/props_c17/doll01.mdl
L 07/10/2022 - 16:40:21: [ULX] DJ Bread<STEAM_0:0:579690494> sp