L 07/10/2022 - 18:41:19: Log file started (file "logs\L0710020.log") (game "C:\Users\kazza\Desktop\Garry's Mod\steamcmd\steamapps\common\GarrysModDS\garrysmod") (version "8607")
L 07/10/2022 - 18:41:19: server_cvar: "sbox_noclip" "0"
L 07/10/2022 - 18:41:19: server_cvar: "sbox_maxprops" "80"
L 07/10/2022 - 18:41:19: server_cvar: "sbox_maxragdolls" "0"
L 07/10/2022 - 18:41:19: server_cvar: "sbox_maxnpcs" "0"
L 07/10/2022 - 18:41:19: server_cvar: "sbox_maxballoons" "0"
L 07/10/2022 - 18:41:19: server_cvar: "sbox_maxeffects" "0"
L 07/10/2022 - 18:41:19: server_cvar: "sbox_maxdynamite" "0"
L 07/10/2022 - 18:41:19: server_cvar: "sbox_maxlamps" "0"
L 07/10/2022 - 18:41:19: server_cvar: "sbox_maxthrusters" "0"
L 07/10/2022 - 18:41:19: server_cvar: "sbox_maxwheels" "0"
L 07/10/2022 - 18:41:19: server_cvar: "sbox_maxhoverballs" "0"
L 07/10/2022 - 18:41:19: server_cvar: "sbox_maxvehicles" "1"
L 07/10/2022 - 18:41:19: server_cvar: "sbox_maxbuttons" "6"
L 07/10/2022 - 18:41:19: server_cvar: "sbox_maxemitters" "0"
L 07/10/2022 - 18:41:19: server_cvar: "sv_airaccelerate" "1000"
L 07/10/2022 - 18:41:24: Connection to Steam servers successful.
L 07/10/2022 - 18:41:24:    Public IP is 60.241.142.139.
L 07/10/2022 - 18:41:24: Assigned persistent gameserver Steam ID [G-1:3987399].
L 07/10/2022 - 18:41:24: VAC secure mode is activated.
L 07/10/2022 - 18:41:24: "Frazer<2><STEAM_0:0:120840551><>" connected, address "101.190.51.71:27005"
L 07/10/2022 - 18:41:24: "jaywalking0d<3><STEAM_0:1:212383203><>" connected, address "183.89.162.212:27005"
L 07/10/2022 - 18:41:24: "Frazer<2><STEAM_0:0:120840551><>" STEAM USERID validated
L 07/10/2022 - 18:41:24: "jaywalking0d<3><STEAM_0:1:212383203><>" STEAM USERID validated
L 07/10/2022 - 18:41:40: "Al Shebab<4><STEAM_0:0:103364981><>" connected, address "60.241.142.139:27006"
L 07/10/2022 - 18:41:40: "Al Shebab<4><STEAM_0:0:103364981><>" STEAM USERID validated
L 07/10/2022 - 18:41:46: "Frazer<2><STEAM_0:0:120840551><>" entered the game
L 07/10/2022 - 18:42:01: "Al Shebab<4><STEAM_0:0:103364981><>" entered the game
L 07/10/2022 - 18:42:03: "jaywalking0d<3><STEAM_0:1:212383203><>" entered the game
L 07/10/2022 - 18:42:05: Lua Error: 
[tebexgmod] addons/tebexgmod/lua/tebex/client/apiclient.lua:36: attempt to call upvalue 'failure' (a nil value)
  1. unknown - addons/tebexgmod/lua/tebex/client/apiclient.lua:36


L 07/10/2022 - 18:44:43: "Frazer<2><STEAM_0:0:120840551><>" disconnected (reason "Disconnect by user.")
L 07/10/2022 - 18:44:44: "Frazer<5><STEAM_0:0:120840551><>" connected, address "101.190.51.71:27005"
L 07/10/2022 - 18:44:44: "Frazer<5><STEAM_0:0:120840551><>" STEAM USERID validated
L 07/10/2022 - 18:44:49: Player [2][jaywalking0d] requested a Dupe. Size: 2009 ( 823 compressed, 1 parts )
L 07/10/2022 - 18:45:29: "Frazer<5><STEAM_0:0:120840551><>" entered the game
L 07/10/2022 - 18:46:29: [ULX] Al Shebab gave Everyone lockpick
L 07/10/2022 - 18:46:29: "Al Shebab<4><STEAM_0:0:103364981><Money Printer>" say "!give * lockpick"

L 07/10/2022 - 18:47:01: Player [2][jaywalking0d] requested a Dupe. Size: 2073 ( 871 compressed, 1 parts )
L 07/10/2022 - 18:50:12: [ULX] jaywalking0d granted god mode upon Themself
L 07/10/2022 - 18:50:12: "jaywalking0d<3><STEAM_0:1:212383203><Weed Grower>" say "!god"

L 07/10/2022 - 18:51:33: Player [2][jaywalking0d] requested a Dupe. Size: 2265 ( 886 compressed, 1 parts )
L 07/10/2022 - 18:52:00: [ULX] jaywalking0d teleported to Al Shebab
L 07/10/2022 - 18:52:00: "jaywalking0d<3><STEAM_0:1:212383203><Weed Grower>" say "!GOTO SHEBAB"

L 07/10/2022 - 18:55:57: "jaywalking0d<3><STEAM_0:1:212383203><Weed Grower>" say "!clo9ak"

L 07/10/2022 - 18:56:00: "jaywalking0d<3><STEAM_0:1:212383203><Weed Grower>" say "!cloak"

L 07/10/2022 - 18:56:08: "Frazer<5><STEAM_0:0:120840551><Civilian>" say "!cloak"

L 07/10/2022 - 18:56:42: "jaywalking0d<3><STEAM_0:1:212383203><Weed Grower>" say "!KILL FRAZER"

L 07/10/2022 - 18:56:45: "jaywalking0d<3><STEAM_0:1:212383203><Weed Grower>" say "!MENU"

L 07/10/2022 - 18:57:03: [ULX] jaywalking0d to admins: IM A FAG
L 07/10/2022 - 18:57:04: [ULX] jaywalking0d to admins: IM A FAG
L 07/10/2022 - 18:57:16: Lua Error: 
[tebexgmod] addons/tebexgmod/lua/tebex/client/apiclient.lua:36: attempt to call upvalue 'failure' (a nil value)
  1. unknown - addons/tebexgmod/lua/tebex/client/apiclient.lua:36


L 07/10/2022 - 18:57:21: "jaywalking0d<3><STEAM_0:1:212383203><Weed Grower>" say "!menu"

L 07/10/2022 - 18:57:36: "Al Shebab<4><STEAM_0:0:103364981><Money Printer>" say "/admintellall gay"

L 07/10/2022 - 18:57:50: [ULX] jaywalking0d set the hp for Frazer to 1
L 07/10/2022 - 18:57:57: [ULX] jaywalking0d jailed Frazer for 1 seconds
L 07/10/2022 - 18:58:16: [ULX] jaywalking0d revoked god mode from Frazer
L 07/10/2022 - 18:58:16: "jaywalking0d<3><STEAM_0:1:212383203><Weed Grower>" say "!ungod frazer"

L 07/10/2022 - 18:58:24: "jaywalking0d<3><STEAM_0:1:212383203><Weed Grower>" say "!unnoclip frazer"

L 07/10/2022 - 18:58:54: [ULX] Al Shebab stopped sounds
L 07/10/2022 - 18:58:54: "Al Shebab<4><STEAM_0:0:103364981><Money Printer>" say "!ss"

L 07/10/2022 - 18:59:32: "Al Shebab<4><STEAM_0:0:103364981><Money Printer>" say "/dropmoney 200000"

L 07/10/2022 - 19:00:01: "jaywalking0d<3><STEAM_0:1:212383203><Weed Grower>" say "/GIVEMONEY 5000000"

L 07/10/2022 - 19:00:06: "jaywalking0d<3><STEAM_0:1:212383203><Weed Grower>" say "!givemoney 5000000"

L 07/10/2022 - 19:01:25: "Frazer<5><STEAM_0:0:120840551><Civilian>" say "/DROP"

L 07/10/2022 - 19:04:04: "jaywalking0d<3><STEAM_0:1:212383203><Weed Grower>" say "!MENU"

L 07/10/2022 - 19:04:05: "Frazer<5><STEAM_0:0:120840551><Civilian>" say "!menu"

L 07/10/2022 - 19:04:16: [ULX] jaywalking0d gagged Frazer
L 07/10/2022 - 19:04:18: [ULX] jaywalking0d ungagged Frazer
L 07/10/2022 - 19:04:18: "Frazer<5><STEAM_0:0:120840551><Civilian>" say "d"

L 07/10/2022 - 19:04:38: "Frazer<5><STEAM_0:0:120840551><>" disconnected (reason "Disconnect by user.")
L 07/10/2022 - 19:04:41: "Al Shebab<4><STEAM_0:0:103364981><>" disconnected (reason "Disconnect by user.")
L 07/10/2022 - 19:04:50: "Frazer<6><STEAM_0:0:120840551><>" connected, address "101.190.51.71:27005"
L 07/10/2022 - 19:04:51: "Frazer<6><STEAM_0:0:120840551><>" STEAM USERID validated
L 07/10/2022 - 19:05:09: "jaywalking0d<3><STEAM_0:1:212383203><Weed Grower>" say "!MENU"

L 07/10/2022 - 19:05:12: "Frazer<6><STEAM_0:0:120840551><>" entered the game
L 07/10/2022 - 19:05:17: [ULX] jaywalking0d granted god mode upon Themself
L 07/10/2022 - 19:05:20: [ULX] jaywalking0d set the hp for Themself to 2147483647
L 07/10/2022 - 19:05:25: [ULX] jaywalking0d jailed Frazer for 100 seconds
L 07/10/2022 - 19:05:28: [ULX] jaywalking0d stripped weapons from Frazer
L 07/10/2022 - 19:05:38: "jaywalking0d<3><STEAM_0:1:212383203><Weed Grower>" say "!MENU"

L 07/10/2022 - 19:05:49: "jaywalking0d<3><STEAM_0:1:212383203><Weed Grower>" say "!tps"

L 07/10/2022 - 19:06:02: "jaywalking0d<3><STEAM_0:1:212383203><Weed Grower>" say "!thirdperson"

L 07/10/2022 - 19:06:09: "jaywalking0d<3><STEAM_0:1:212383203><Weed Grower>" say "!firstperson"

L 07/10/2022 - 19:07:01: [ULX] jaywalking0d unjailed Frazer
L 07/10/2022 - 19:07:01: "jaywalking0d<3><STEAM_0:1:212383203><Weed Grower>" say "!unjail frazer"

L 07/10/2022 - 19:07:16: "jaywalking0d<3><STEAM_0:1:212383203><Weed Grower>" say "!FIRSTPERSON"

L 07/10/2022 - 19:07:27: "jaywalking0d<3><STEAM_0:1:212383203><Weed Grower>" say "!menu"

L 07/10/2022 - 19:07:41: "jaywalking0d<3><STEAM_0:1:212383203><Weed Grower>" say "!menu"

L 07/10/2022 - 19:07:47: [ULX] jaywalking0d set the armor for Frazer to 255
L 07/10/2022 - 19:07:49: [ULX] jaywalking0d set the armor for Themself to 255
L 07/10/2022 - 19:08:02: "jaywalking0d<3><STEAM_0:1:212383203><Weed Grower>" say "!menu"

L 07/10/2022 - 19:11:55: "Binchicken<7><STEAM_0:0:437291733><>" connected, address "149.167.60.156:21373"
L 07/10/2022 - 19:11:55: "Binchicken<7><STEAM_0:0:437291733><>" STEAM USERID validated
L 07/10/2022 - 19:12:13: "Binchicken<7><STEAM_0:0:437291733><>" entered the game
L 07/10/2022 - 19:12:26: Lua Error: 
[tebexgmod] addons/tebexgmod/lua/tebex/client/apiclient.lua:36: attempt to call upvalue 'failure' (a nil value)
  1. unknown - addons/tebexgmod/lua/tebex/client/apiclient.lua:36


L 07/10/2022 - 19:13:20: "binchicken<7><STEAM_0:0:437291733><Bitcoin Miner>" say "gimme sec"

L 07/10/2022 - 19:13:28: "binchicken<7><STEAM_0:0:437291733><Bitcoin Miner>" say "dont have headset on"

L 07/10/2022 - 19:13:37: "jaywalking0d<3><STEAM_0:1:212383203><Weed Grower>" say "wanna see something?"

L 07/10/2022 - 19:13:41: "binchicken<7><STEAM_0:0:437291733><Bitcoin Miner>" say "sure"

L 07/10/2022 - 19:13:43: "jaywalking0d<3><STEAM_0:1:212383203><Weed Grower>" say "stand there"

L 07/10/2022 - 19:13:54: "jaywalking0d<3><STEAM_0:1:212383203><Weed Grower>" say "i have glitch"

L 07/10/2022 - 19:14:07: "jaywalking0d<3><STEAM_0:1:212383203><Weed Grower>" say "also dont god urself"

L 07/10/2022 - 19:14:12: "binchicken<7><STEAM_0:0:437291733><Bitcoin Miner>" say "y"

L 07/10/2022 - 19:14:18: "jaywalking0d<3><STEAM_0:1:212383203><Weed Grower>" say "i can do this hang on"

L 07/10/2022 - 19:16:01: [ULX] binchicken teleported to jaywalking0d
L 07/10/2022 - 19:16:06: [ULX] binchicken brought jaywalking0d
L 07/10/2022 - 19:16:07: [ULX] binchicken brought jaywalking0d
L 07/10/2022 - 19:16:07: [ULX] binchicken brought jaywalking0d
L 07/10/2022 - 19:16:08: [ULX] binchicken brought jaywalking0d
L 07/10/2022 - 19:16:45: "binchicken<7><STEAM_0:0:437291733><Bitcoin Miner>" say "!menu"

L 07/10/2022 - 19:16:53: [ULX] binchicken ragdolled jaywalking0d
L 07/10/2022 - 19:17:05: [ULX] binchicken teleported to jaywalking0d
L 07/10/2022 - 19:17:14: "binchicken<7><STEAM_0:0:437291733><Bitcoin Miner>" say "!menu"

L 07/10/2022 - 19:17:15: [ULX] binchicken unragdolled jaywalking0d
L 07/10/2022 - 19:17:18: "binchicken<7><STEAM_0:0:437291733><Bitcoin Miner>" say "!menu"

L 07/10/2022 - 19:17:24: [ULX] binchicken mauled jaywalking0d
L 07/10/2022 - 19:17:45: [ULX] jaywalking0d granted god mode upon Themself
L 07/10/2022 - 19:17:45: "jaywalking0d<3><STEAM_0:1:212383203><Weed Grower>" say "!god"

L 07/10/2022 - 19:17:53: "binchicken<7><STEAM_0:0:437291733><Bitcoin Miner>" say "!menu"

L 07/10/2022 - 19:17:57: [ULX] binchicken revoked god mode from jaywalking0d
L 07/10/2022 - 19:18:15: [ULX] binchicken teleported to jaywalking0d
L 07/10/2022 - 19:18:20: [ULX] binchicken brought jaywalking0d
L 07/10/2022 - 19:18:38: [ULX] jaywalking0d teleported to binchicken
L 07/10/2022 - 19:18:38: "jaywalking0d<3><STEAM_0:1:212383203><Weed Grower>" say "!GOTO BIN"

L 07/10/2022 - 19:18:51: "jaywalking0d<3><STEAM_0:1:212383203><Weed Grower>" say "/// RDM"

L 07/10/2022 - 19:18:53: [ULX] binchicken brought jaywalking0d
L 07/10/2022 - 19:18:54: [ULX] jaywalking0d to admins: RDM
L 07/10/2022 - 19:18:54: "jaywalking0d<3><STEAM_0:1:212383203><Weed Grower>" say "@ RDM"

L 07/10/2022 - 19:19:00: [ULX] jaywalking0d granted god mode upon Themself
L 07/10/2022 - 19:19:00: "jaywalking0d<3><STEAM_0:1:212383203><Weed Grower>" say "!GOD"

L 07/10/2022 - 19:19:03: [ULX] binchicken to admins: rdm
L 07/10/2022 - 19:19:03: "binchicken<7><STEAM_0:0:437291733><Bitcoin Miner>" say "@rdm"

L 07/10/2022 - 19:19:06: "binchicken<7><STEAM_0:0:437291733><Bitcoin Miner>" say "!menu"

L 07/10/2022 - 19:19:08: [ULX] binchicken revoked god mode from jaywalking0d
L 07/10/2022 - 19:19:09: "jaywalking0d<3><STEAM_0:1:212383203><Weed Grower>" say "no"

L 07/10/2022 - 19:19:12: [ULX] jaywalking0d granted god mode upon Themself
L 07/10/2022 - 19:19:12: "jaywalking0d<3><STEAM_0:1:212383203><Weed Grower>" say "!god"

L 07/10/2022 - 19:19:14: "binchicken<7><STEAM_0:0:437291733><Bitcoin Miner>" say "!menu"

L 07/10/2022 - 19:19:15: [ULX] binchicken revoked god mode from jaywalking0d
L 07/10/2022 - 19:19:19: "jaywalking0d<3><STEAM_0:1:212383203><Weed Grower>" say "!hp 503224"

L 07/10/2022 - 19:19:21: [ULX] binchicken brought jaywalking0d
L 07/10/2022 - 19:19:28: [ULX] jaywalking0d set the hp for Themself to 51341341
L 07/10/2022 - 19:19:28: "jaywalking0d<3><STEAM_0:1:212383203><Weed Grower>" say "!hp jay 51341341"

L 07/10/2022 - 19:19:31: "binchicken<7><STEAM_0:0:437291733><Bitcoin Miner>" say "!menu"

L 07/10/2022 - 19:19:35: [ULX] binchicken ignited jaywalking0d for 300 seconds
L 07/10/2022 - 19:19:45: "binchicken<7><STEAM_0:0:437291733><Bitcoin Miner>" say "!menu"

L 07/10/2022 - 19:19:49: [ULX] binchicken mauled jaywalking0d
L 07/10/2022 - 19:20:01: "jaywalking0d<3><STEAM_0:1:212383203><Weed Grower>" say "!hp jay 51341341523421"

L 07/10/2022 - 19:20:03: "binchicken<7><STEAM_0:0:437291733><Bitcoin Miner>" say "!menu"

L 07/10/2022 - 19:20:07: [ULX] jaywalking0d set the hp for Themself to 513413415
L 07/10/2022 - 19:20:07: "jaywalking0d<3><STEAM_0:1:212383203><Weed Grower>" say "!hp jay 513413415"

L 07/10/2022 - 19:20:14: [ULX] jaywalking0d set the hp for Themself to 513413415
L 07/10/2022 - 19:20:14: "jaywalking0d<3><STEAM_0:1:212383203><Weed Grower>" say "!hp jay 513413415"

L 07/10/2022 - 19:20:16: "binchicken<7><STEAM_0:0:437291733><Bitcoin Miner>" say "!menu"

L 07/10/2022 - 19:20:21: [ULX] binchicken set the hp for jaywalking0d to 1
L 07/10/2022 - 19:20:23: [ULX] jaywalking0d set the hp for Themself to 513413415
L 07/10/2022 - 19:20:23: "jaywalking0d<3><STEAM_0:1:212383203><Weed Grower>" say "!hp jay 513413415"

L 07/10/2022 - 19:20:25: "binchicken<7><STEAM_0:0:437291733><Bitcoin Miner>" say "!menu"

L 07/10/2022 - 19:20:26: [ULX] binchicken set the hp for jaywalking0d to 1
L 07/10/2022 - 19:20:30: [ULX] binchicken brought jaywalking0d
L 07/10/2022 - 19:22:26: "jaywalking0d<3><STEAM_0:1:212383203><>" disconnected (reason "Disconnect by user.")
L 07/10/2022 - 19:23:24: [ULX] (SILENT) binchicken began spectating Frazer
L 07/10/2022 - 19:23:25: [ULX] (SILENT) binchicken stopped spectating Frazer
L 07/10/2022 - 19:24:55: [ULX] binchicken<STEAM_0:0:437291733> spawned model models/props_building_details/storefront_template001a_bars.mdl
L 07/10/2022 - 19:25:55: [ULX] binchicken<STEAM_0:0:437291733> spawned model models/props_building_details/storefront_template001a_bars.mdl
L 07/10/2022 - 19:26:03: [ULX] binchicken<STEAM_0:0:437291733> spawned model models/props_building_details/storefront_template001a_bars.mdl
L 07/10/2022 - 19:26:15: [ULX] binchicken<STEAM_0:0:437291733> spawned model models/props_building_details/storefront_template001a_bars.mdl
L 07/10/2022 - 19:26:16: [ULX] binchicken<STEAM_0:0:437291733> spawned model models/props_building_details/storefront_template001a_bars.mdl
L 07/10/2022 - 19:26:16: [ULX] binchicken<STEAM_0:0:437291733> spawned model models/props_building_details/storefront_template001a_bars.mdl
L 07/10/2022 - 19:26:17: [ULX] binchicken<STEAM_0:0:437291733> spawned model models/props_building_details/storefront_template001a_bars.mdl
L 07/10/2022 - 19:26:25: [ULX] binchicken<STEAM_0:0:437291733> spawned model models/props_building_details/storefront_template001a_bars.mdl
L 07/10/2022 - 19:26:25: [ULX] binchicken<STEAM_0:0:437291733> spawned model models/props_building_details/storefront_template001a_bars.mdl
L 07/10/2022 - 19:26:26: [ULX] binchicken<STEAM_0:0:437291733> spawned model models/props_building_details/storefront_template001a_bars.mdl
L 07/10/2022 - 19:26:28: [ULX] binchicken<STEAM_0:0:437291733> spawned model models/props_building_details/storefront_template001a_bars.mdl
L 07/10/2022 - 19:26:28: [ULX] binchicken<STEAM_0:0:437291733> spawned model models/props_building_details/storefront_template001a_bars.mdl
L 07/10/2022 - 19:26:32: [ULX] binchicken<STEAM_0:0:437291733> spawned model models/props_building_details/storefront_template001a_bars.mdl
L 07/10/2022 - 19:26:33: [ULX] binchicken<STEAM_0:0:437291733> spawned model models/props_building_details/storefront_template001a_bars.mdl
L 07/10/2022 - 19:26:34: [ULX] binchicken<STEAM_0:0:437291733> spawned model models/props_building_details/storefront_template001a_bars.mdl
L 07/10/2022 - 19:26:35: [ULX] binchicken<STEAM_0:0:437291733> spawned model models/props_building_details/storefront_template001a_bars.mdl
L 07/10/2022 - 19:26:36: [ULX] binchicken<STEAM_0:0:437291733> spawned model models/props_building_details/storefront_template001a_bars.mdl
L 07/10/2022 - 19:27:35: Lua Error: 
[tebexgmod] addons/tebexgmod/lua/tebex/client/apiclient.lua:36: attempt to call upvalue 'failure' (a nil value)
  1. unknown - addons/tebexgmod/lua/tebex/client/apiclient.lua:36


L 07/10/2022 - 19:29:02: [ULX] binchicken<STEAM_0:0:437291733> spawned model models/props_lab/blastdoor001c.mdl
L 07/10/2022 - 19:29:11: [ULX] binchicken<STEAM_0:0:437291733> spawned model models/props_lab/blastdoor001c.mdl
L 07/10/2022 - 19:29:21: [ULX] binchicken<STEAM_0:0:437291733> spawned model models/props_lab/blastdoor001c.mdl
L 07/10/2022 - 19:29:21: [ULX] binchicken<STEAM_0:0:437291733> spawned model models/props_lab/blastdoor001c.mdl
L 07/10/2022 - 19:34:21: "binchicken<7><STEAM_0:0:437291733><Money Printer>" say "!menu"

L 07/10/2022 - 19:34:39: [ULX] binchicken removed all access rights from widepeeked
L 07/10/2022 - 19:36:11: "Frazer<6><STEAM_0:0:120840551><>" disconnected (reason "Disconnect by user.")
L 07/10/2022 - 19:42:46: Lua Error: 
[tebexgmod] addons/tebexgmod/lua/tebex/client/apiclient.lua:36: attempt to call upvalue 'failure' (a nil value)
  1. unknown - addons/tebexgmod/lua/tebex/client/apiclient.lua:36


L 07/10/2022 - 19:55:16: [ULX] binchicken<STEAM_0:0:437291733> spawned model models/props_lab/blastdoor001c.mdl
L 07/10/2022 - 19:55:30: [ULX] binchicken<STEAM_0:0:437291733> spawned model models/props_combine/combine_bridge_b.mdl
L 07/10/2022 - 19:57:56: Lua Error: 
[tebexgmod] addons/tebexgmod/lua/tebex/client/apiclient.lua:36: attempt to call upvalue 'failure' (a nil value)
  1. unknown - addons/tebexgmod/lua/tebex/client/apiclient.lua:36


L 07/10/2022 - 20:13:06: Lua Error: 
[tebexgmod] addons/tebexgmod/lua/tebex/client/apiclient.lua:36: attempt to call upvalue 'failure' (a nil value)
  1. unknown - addons/tebexgmod/lua/tebex/client/apiclient.lua:36


L 07/10/2022 - 20:28:16: Lua Error: 
[tebexgmod] addons/tebexgmod/lua/tebex/client/apiclient.lua:36: attempt to call upvalue 'failure' (a nil value)
  1. unknown - addons/tebexgmod/lua/tebex/client/apiclient.lua:36


L 07/10/2022 - 20:38:17: "VTL<8><STEAM_0:1:183228466><>" connected, address "206.83.113.120:51454"
L 07/10/2022 - 20:38:18: "VTL<8><STEAM_0:1:183228466><>" STEAM USERID validated
L 07/10/2022 - 20:40:08: "VTL<8><STEAM_0:1:183228466><>" entered the game
L 07/10/2022 - 20:40:46: "VTL<8><STEAM_0:1:183228466><>" disconnected (reason "VTL timed out")
L 07/10/2022 - 20:43:16: Lua Error: 
[tebexgmod] addons/tebexgmod/lua/tebex/client/apiclient.lua:36: attempt to call upvalue 'failure' (a nil value)
  1. unknown - addons/tebexgmod/lua/tebex/client/apiclient.lua:36


L 07/10/2022 - 20:46:44: "Skii<9><STEAM_0:0:579690494><>" connected, address "172.195.123.72:27005"
L 07/10/2022 - 20:46:44: "Skii<9><STEAM_0:0:579690494><>" STEAM USERID validated
L 07/10/2022 - 20:47:22: "Skii<9><STEAM_0:0:579690494><>" entered the game
L 07/10/2022 - 20:48:49: "Binchicken<7><STEAM_0:0:437291733><>" disconnected (reason "Disconnect by user.")
L 07/10/2022 - 20:50:34: [ULX] DJ Bread<STEAM_0:0:579690494> spawned sent sent_elegant_printer
L 07/10/2022 - 20:50:37: [ULX] DJ Bread<STEAM_0:0:579690494> spawned sent sent_elegant_printer_cooling
L 07/10/2022 - 20:50:39: [ULX] DJ Bread<STEAM_0:0:579690494> spawned sent sent_elegant_printer
L 07/10/2022 - 20:50:51: [ULX] DJ Bread<STEAM_0:0:579690494> spawned sent oneprint
L 07/10/2022 - 20:50:51: [ULX] DJ Bread<STEAM_0:0:579690494> spawned sent oneprint
L 07/10/2022 - 20:50:52: [ULX] DJ Bread<STEAM_0:0:579690494> spawned sent oneprint
L 07/10/2022 - 20:50:52: [ULX] DJ Bread<STEAM_0:0:579690494> spawned sent oneprint
L 07/10/2022 - 20:50:53: [ULX] DJ Bread<STEAM_0:0:579690494> spawned sent oneprint
L 07/10/2022 - 20:53:20: "DJ Bread<9><STEAM_0:0:579690494><Civilian>" say "!restart"

L 07/10/2022 - 20:53:23: "DJ Bread<9><STEAM_0:0:579690494><Civilian>" say "!menu"

L 07/10/2022 - 20:54:44: [ULX] DJ Bread shocked Themself
L 07/10/2022 - 20:54:46: [ULX] DJ Bread shocked Themself with 10 damage
L 07/10/2022 - 20:55:19: [ULX] DJ Bread spawned 15 bots
L 07/10/2022 - 20:55:19: "Bot01<10><BOT><>" connected, address "none"
L 07/10/2022 - 20:55:19: "Bot01<10><BOT><>" entered the game
L 07/10/2022 - 20:55:19: "Bot02<11><BOT><>" connected, address "none"
L 07/10/2022 - 20:55:19: "Bot02<11><BOT><>" entered the game
L 07/10/2022 - 20:55:19: "Bot03<12><BOT><>" connected, address "none"
L 07/10/2022 - 20:55:19: "Bot03<12><BOT><>" entered the game
L 07/10/2022 - 20:55:19: "Bot04<13><BOT><>" connected, address "none"
L 07/10/2022 - 20:55:19: "Bot04<13><BOT><>" entered the game
L 07/10/2022 - 20:55:19: "Bot05<14><BOT><>" connected, address "none"
L 07/10/2022 - 20:55:19: "Bot05<14><BOT><>" entered the game
L 07/10/2022 - 20:55:19: "Bot06<15><BOT><>" connected, address "none"
L 07/10/2022 - 20:55:19: "Bot06<15><BOT><>" entered the game
L 07/10/2022 - 20:55:19: "Bot07<16><BOT><>" connected, address "none"
L 07/10/2022 - 20:55:19: "Bot07<16><BOT><>" entered the game
L 07/10/2022 - 20:55:19: "Bot08<17><BOT><>" connected, address "none"
L 07/10/2022 - 20:55:19: "Bot08<17><BOT><>" entered the game
L 07/10/2022 - 20:55:19: "Bot09<18><BOT><>" connected, address "none"
L 07/10/2022 - 20:55:19: "Bot09<18><BOT><>" entered the game
L 07/10/2022 - 20:55:19: "Bot10<19><BOT><>" connected, address "none"
L 07/10/2022 - 20:55:19: "Bot10<19><BOT><>" entered the game
L 07/10/2022 - 20:55:19: "Bot11<20><BOT><>" connected, address "none"
L 07/10/2022 - 20:55:19: "Bot11<20><BOT><>" entered the game
L 07/10/2022 - 20:55:19: "Bot12<21><BOT><>" connected, address "none"
L 07/10/2022 - 20:55:19: "Bot12<21><BOT><>" entered the game
L 07/10/2022 - 20:55:19: "Bot13<22><BOT><>" connected, address "none"
L 07/10/2022 - 20:55:19: "Bot13<22><BOT><>" entered the game
L 07/10/2022 - 20:55:19: "Bot14<23><BOT><>" connected, address "none"
L 07/10/2022 - 20:55:19: "Bot14<23><BOT><>" entered the game
L 07/10/2022 - 20:55:19: "Bot15<24><BOT><>" connected, address "none"
L 07/10/2022 - 20:55:19: "Bot15<24><BOT><>" entered the game
L 07/10/2022 - 20:58:26: Lua Error: 
[tebexgmod] addons/tebexgmod/lua/tebex/client/apiclient.lua:36: attempt to call upvalue 'failure' (a nil value)
  1. unknown - addons/tebexgmod/lua/tebex/client/apiclient.lua:36


L 07/10/2022 - 21:13:23: [ULX] DJ Bread teleported to Bot13
L 07/10/2022 - 21:13:29: [ULX] DJ Bread teleported to Bot04
L 07/10/2022 - 21:13:36: Lua Error: 
[tebexgmod] addons/tebexgmod/lua/tebex/client/apiclient.lua:36: attempt to call upvalue 'failure' (a nil value)
  1. unknown - addons/tebexgmod/lua/tebex/client/apiclient.lua:36


L 07/10/2022 - 21:25:03: "DJ Bread<9><STEAM_0:0:579690494><Civilian>" say "!menu"

L 07/10/2022 - 21:25:05: [ULX] DJ Bread spawned 15 bots
L 07/10/2022 - 21:25:05: "Bot16<25><BOT><>" connected, address "none"
L 07/10/2022 - 21:25:05: "Bot16<25><BOT><>" entered the game
L 07/10/2022 - 21:25:05: "Bot17<26><BOT><>" connected, address "none"
L 07/10/2022 - 21:25:05: "Bot17<26><BOT><>" entered the game
L 07/10/2022 - 21:25:05: "Bot18<27><BOT><>" connected, address "none"
L 07/10/2022 - 21:25:05: "Bot18<27><BOT><>" entered the game
L 07/10/2022 - 21:25:05: "Bot19<28><BOT><>" connected, address "none"
L 07/10/2022 - 21:25:05: "Bot19<28><BOT><>" entered the game
L 07/10/2022 - 21:25:05: "Bot20<29><BOT><>" connected, address "none"
L 07/10/2022 - 21:25:05: "Bot20<29><BOT><>" entered the game
L 07/10/2022 - 21:25:05: "Bot21<30><BOT><>" connected, address "none"
L 07/10/2022 - 21:25:05: "Bot21<30><BOT><>" entered the game
L 07/10/2022 - 21:25:05: "Bot22<31><BOT><>" connected, address "none"
L 07/10/2022 - 21:25:05: "Bot22<31><BOT><>" entered the game
L 07/10/2022 - 21:25:05: "Bot23<32><BOT><>" connected, address "none"
L 07/10/2022 - 21:25:05: "Bot23<32><BOT><>" entered the game
L 07/10/2022 - 21:25:05: "Bot24<33><BOT><>" connected, address "none"
L 07/10/2022 - 21:25:05: "Bot24<33><BOT><>" entered the game
L 07/10/2022 - 21:25:05: "Bot25<34><BOT><>" connected, address "none"
L 07/10/2022 - 21:25:05: "Bot25<34><BOT><>" entered the game
L 07/10/2022 - 21:25:05: "Bot26<35><BOT><>" connected, address "none"
L 07/10/2022 - 21:25:05: "Bot26<35><BOT><>" entered the game
L 07/10/2022 - 21:25:05: "Bot27<36><BOT><>" connected, address "none"
L 07/10/2022 - 21:25:05: "Bot27<36><BOT><>" entered the game
L 07/10/2022 - 21:25:05: "Bot28<37><BOT><>" connected, address "none"
L 07/10/2022 - 21:25:06: "Bot28<37><BOT><>" entered the game
L 07/10/2022 - 21:25:06: "Bot29<38><BOT><>" connected, address "none"
L 07/10/2022 - 21:25:06: "Bot29<38><BOT><>" entered the game
L 07/10/2022 - 21:25:06: "Bot30<39><BOT><>" connected, address "none"
L 07/10/2022 - 21:25:06: "Bot30<39><BOT><>" entered the game
L 07/10/2022 - 21:25:06: [ULX] DJ Bread kicked all bots from the server
L 07/10/2022 - 21:25:06: "Bot01<10><BOT><>" disconnected (reason "")
L 07/10/2022 - 21:25:06: "Bot02<11><BOT><>" disconnected (reason "")
L 07/10/2022 - 21:25:06: "Bot03<12><BOT><>" disconnected (reason "")
L 07/10/2022 - 21:25:06: "Bot04<13><BOT><>" disconnected (reason "")
L 07/10/2022 - 21:25:06: "Bot05<14><BOT><>" disconnected (reason "")
L 07/10/2022 - 21:25:06: "Bot06<15><BOT><>" disconnected (reason "")
L 07/10/2022 - 21:25:06: "Bot07<16><BOT><>" disconnected (reason "")
L 07/10/2022 - 21:25:06: "Bot08<17><BOT><>" disconnected (reason "")
L 07/10/2022 - 21:25:06: "Bot09<18><BOT><>" disconnected (reason "")
L 07/10/2022 - 21:25:06: "Bot10<19><BOT><>" disconnected (reason "")
L 07/10/2022 - 21:25:06: "Bot11<20><BOT><>" disconnected (reason "")
L 07/10/2022 - 21:25:07: "Bot12<21><BOT><>" disconnected (reason "")
L 07/10/2022 - 21:25:07: "Bot13<22><BOT><>" disconnected (reason "")
L 07/10/2022 - 21:25:07: "Bot14<23><BOT><>" disconnected (reason "")
L 07/10/2022 - 21:25:07: "Bot15<24><BOT><>" disconnected (reason "")
L 07/10/2022 - 21:25:07: "Bot16<25><BOT><>" disconnected (reason "")
L 07/10/2022 - 21:25:07: "Bot17<26><BOT><>" disconnected (reason "")
L 07/10/2022 - 21:25:07: "Bot18<27><BOT><>" disconnected (reason "")
L 07/10/2022 - 21:25:07: "Bot19<28><BOT><>" disconnected (reason "")
L 07/10/2022 - 21:25:07: "Bot20<29><BOT><>" disconnected (reason "")
L 07/10/2022 - 21:25:07: "Bot21<30><BOT><>" disconnected (reason "")
L 07/10/2022 - 21:25:07: "Bot22<31><BOT><>" disconnected (reason "")
L 07/10/2022 - 21:25:07: "Bot23<32><BOT><>" disconnected (reason "")
L 07/10/2022 - 21:25:07: "Bot24<33><BOT><>" disconnected (reason "")
L 07/10/2022 - 21:25:07: "Bot25<34><BOT><>" disconnected (reason "")
L 07/10/2022 - 21:25:07: "Bot26<35><BOT><>" disconnected (reason "")
L 07/10/2022 - 21:25:07: "Bot27<36><BOT><>" disconnected (reason "")
L 07/10/2022 - 21:25:07: "Bot28<37><BOT><>" disconnected (reason "")
L 07/10/2022 - 21:25:07: "Bot29<38><BOT><>" disconnected (reason "")
L 07/10/2022 - 21:25:07: "Bot30<39><BOT><>" disconnected (reason "")
L 07/10/2022 - 21:25:07: [ULX] DJ Bread spawned 15 bots
L 07/10/2022 - 21:25:07: "Bot31<40><BOT><>" connected, address "none"
L 07/10/2022 - 21:25:07: "Bot31<40><BOT><>" entered the game
L 07/10/2022 - 21:25:07: "Bot32<41><BOT><>" connected, address "none"
L 07/10/2022 - 21:25:07: "Bot32<41><BOT><>" entered the game
L 07/10/2022 - 21:25:07: "Bot33<42><BOT><>" connected, address "none"
L 07/10/2022 - 21:25:07: "Bot33<42><BOT><>" entered the game
L 07/10/2022 - 21:25:07: "Bot34<43><BOT><>" connected, address "none"
L 07/10/2022 - 21:25:07: "Bot34<43><BOT><>" entered the game
L 07/10/2022 - 21:25:07: "Bot35<44><BOT><>" connected, address "none"
L 07/10/2022 - 21:25:07: "Bot35<44><BOT><>" entered the game
L 07/10/2022 - 21:25:07: "Bot36<45><BOT><>" connected, address "none"
L 07/10/2022 - 21:25:07: "Bot36<45><BOT><>" entered the game
L 07/10/2022 - 21:25:07: "Bot37<46><BOT><>" connected, address "none"
L 07/10/2022 - 21:25:07: "Bot37<46><BOT><>" entered the game
L 07/10/2022 - 21:25:07: "Bot38<47><BOT><>" connected, address "none"
L 07/10/2022 - 21:25:07: "Bot38<47><BOT><>" entered the game
L 07/10/2022 - 21:25:07: "Bot39<48><BOT><>" connected, address "none"
L 07/10/2022 - 21:25:07: "Bot39<48><BOT><>" entered the game
L 07/10/2022 - 21:25:07: "Bot40<49><BOT><>" connected, address "none"
L 07/10/2022 - 21:25:08: "Bot40<49><BOT><>" entered the game
L 07/10/2022 - 21:25:08: "Bot41<50><BOT><>" connected, address "none"
L 07/10/2022 - 21:25:08: "Bot41<50><BOT><>" entered the game
L 07/10/2022 - 21:25:08: "Bot42<51><BOT><>" connected, address "none"
L 07/10/2022 - 21:25:08: "Bot42<51><BOT><>" entered the game
L 07/10/2022 - 21:25:08: "Bot43<52><BOT><>" connected, address "none"
L 07/10/2022 - 21:25:08: "Bot43<52><BOT><>" entered the game
L 07/10/2022 - 21:25:08: "Bot44<53><BOT><>" connected, address "none"
L 07/10/2022 - 21:25:08: "Bot44<53><BOT><>" entered the game
L 07/10/2022 - 21:25:08: "Bot45<54><BOT><>" connected, address "none"
L 07/10/2022 - 21:25:08: "Bot45<54><BOT><>" entered the game
L 07/10/2022 - 21:25:09: [ULX] DJ Bread spawned 15 bots
L 07/10/2022 - 21:25:09: "Bot46<55><BOT><>" connected, address "none"
L 07/10/2022 - 21:25:09: "Bot46<55><BOT><>" entered the game
L 07/10/2022 - 21:25:09: "Bot47<56><BOT><>" connected, address "none"
L 07/10/2022 - 21:25:09: "Bot47<56><BOT><>" entered the game
L 07/10/2022 - 21:25:09: "Bot48<57><BOT><>" connected, address "none"
L 07/10/2022 - 21:25:09: "Bot48<57><BOT><>" entered the game
L 07/10/2022 - 21:25:09: "Bot49<58><BOT><>" connected, address "none"
L 07/10/2022 - 21:25:09: "Bot49<58><BOT><>" entered the game
L 07/10/2022 - 21:25:09: "Bot50<59><BOT><>" connected, address "none"
L 07/10/2022 - 21:25:09: "Bot50<59><BOT><>" entered the game
L 07/10/2022 - 21:25:09: "Bot51<60><BOT><>" connected, address "none"
L 07/10/2022 - 21:25:09: "Bot51<60><BOT><>" entered the game
L 07/10/2022 - 21:25:09: "Bot52<61><BOT><>" connected, address "none"
L 07/10/2022 - 21:25:09: "Bot52<61><BOT><>" entered the game
L 07/10/2022 - 21:25:09: "Bot53<62><BOT><>" connected, address "none"
L 07/10/2022 - 21:25:09: "Bot53<62><BOT><>" entered the game
L 07/10/2022 - 21:25:09: "Bot54<63><BOT><>" connected, address "none"
L 07/10/2022 - 21:25:10: "Bot54<63><BOT><>" entered the game
L 07/10/2022 - 21:25:10: "Bot55<64><BOT><>" connected, address "none"
L 07/10/2022 - 21:25:10: "Bot55<64><BOT><>" entered the game
L 07/10/2022 - 21:25:10: "Bot56<65><BOT><>" connected, address "none"
L 07/10/2022 - 21:25:10: "Bot56<65><BOT><>" entered the game
L 07/10/2022 - 21:25:10: "Bot57<66><BOT><>" connected, address "none"
L 07/10/2022 - 21:25:10: "Bot57<66><BOT><>" entered the game
L 07/10/2022 - 21:25:10: "Bot58<67><BOT><>" connected, address "none"
L 07/10/2022 - 21:25:10: "Bot58<67><BOT><>" entered the game
L 07/10/2022 - 21:25:10: "Bot59<68><BOT><>" connected, address "none"
L 07/10/2022 - 21:25:10: "Bot59<68><BOT><>" entered the game
L 07/10/2022 - 21:25:10: "Bot60<69><BOT><>" connected, address "none"
L 07/10/2022 - 21:25:10: "Bot60<69><BOT><>" entered the game
L 07/10/2022 - 21:25:11: [ULX] DJ Bread spawned 15 bots
L 07/10/2022 - 21:25:11: "Bot61<70><BOT><>" connected, address "none"
L 07/10/2022 - 21:25:11: "Bot61<70><BOT><>" entered the game
L 07/10/2022 - 21:25:11: "Bot62<71><BOT><>" connected, address "none"
L 07/10/2022 - 21:25:11: "Bot62<71><BOT><>" entered the game
L 07/10/2022 - 21:25:11: "Bot63<72><BOT><>" connected, address "none"
L 07/10/2022 - 21:25:11: "Bot63<72><BOT><>" entered the game
L 07/10/2022 - 21:25:11: "Bot64<73><BOT><>" connected, address "none"
L 07/10/2022 - 21:25:11: "Bot64<73><BOT><>" entered the game
L 07/10/2022 - 21:25:11: "Bot65<74><BOT><>" connected, address "none"
L 07/10/2022 - 21:25:11: "Bot65<74><BOT><>" entered the game
L 07/10/2022 - 21:25:11: "Bot66<75><BOT><>" connected, address "none"
L 07/10/2022 - 21:25:11: "Bot66<75><BOT><>" entered the game
L 07/10/2022 - 21:25:11: "Bot67<76><BOT><>" connected, address "none"
L 07/10/2022 - 21:25:11: "Bot67<76><BOT><>" entered the game
L 07/10/2022 - 21:25:11: "Bot68<77><BOT><>" connected, address "none"
L 07/10/2022 - 21:25:11: "Bot68<77><BOT><>" entered the game
L 07/10/2022 - 21:25:11: "Bot69<78><BOT><>" connected, address "none"
L 07/10/2022 - 21:25:11: "Bot69<78><BOT><>" entered the game
L 07/10/2022 - 21:25:11: "Bot70<79><BOT><>" connected, address "none"
L 07/10/2022 - 21:25:11: "Bot70<79><BOT><>" entered the game
L 07/10/2022 - 21:25:11: "Bot71<80><BOT><>" connected, address "none"
L 07/10/2022 - 21:25:11: "Bot71<80><BOT><>" entered the game
L 07/10/2022 - 21:25:11: "Bot72<81><BOT><>" connected, address "none"
L 07/10/2022 - 21:25:11: "Bot72<81><BOT><>" entered the game
L 07/10/2022 - 21:25:11: "Bot73<82><BOT>