L 07/10/2022 - 16:45:16: Log file started (file "logs\L0710016.log") (game "C:\Users\kazza\Desktop\Garry's Mod\steamcmd\steamapps\common\GarrysModDS\garrysmod") (version "8607")
L 07/10/2022 - 16:45:16: server_cvar: "sbox_noclip" "0"
L 07/10/2022 - 16:45:16: server_cvar: "sbox_maxprops" "80"
L 07/10/2022 - 16:45:16: server_cvar: "sbox_maxragdolls" "0"
L 07/10/2022 - 16:45:16: server_cvar: "sbox_maxnpcs" "0"
L 07/10/2022 - 16:45:16: server_cvar: "sbox_maxballoons" "0"
L 07/10/2022 - 16:45:16: server_cvar: "sbox_maxeffects" "0"
L 07/10/2022 - 16:45:16: server_cvar: "sbox_maxdynamite" "0"
L 07/10/2022 - 16:45:16: server_cvar: "sbox_maxlamps" "0"
L 07/10/2022 - 16:45:16: server_cvar: "sbox_maxthrusters" "0"
L 07/10/2022 - 16:45:16: server_cvar: "sbox_maxwheels" "0"
L 07/10/2022 - 16:45:16: server_cvar: "sbox_maxhoverballs" "0"
L 07/10/2022 - 16:45:16: server_cvar: "sbox_maxvehicles" "1"
L 07/10/2022 - 16:45:16: server_cvar: "sbox_maxbuttons" "6"
L 07/10/2022 - 16:45:16: server_cvar: "sbox_maxemitters" "0"
L 07/10/2022 - 16:45:16: server_cvar: "sv_airaccelerate" "1000"
L 07/10/2022 - 16:45:20: Connection to Steam servers successful.
L 07/10/2022 - 16:45:20:    Public IP is 60.241.142.139.
L 07/10/2022 - 16:45:20: Assigned persistent gameserver Steam ID [G-1:3987399].
L 07/10/2022 - 16:45:20: VAC secure mode is activated.
L 07/10/2022 - 16:45:20: "Skii<2><STEAM_0:0:579690494><>" connected, address "172.195.123.72:27005"
L 07/10/2022 - 16:45:21: "Skii<2><STEAM_0:0:579690494><>" STEAM USERID validated
L 07/10/2022 - 16:45:40: "Al Shebab<3><STEAM_0:0:103364981><>" connected, address "60.241.142.139:27006"
L 07/10/2022 - 16:45:40: "Al Shebab<3><STEAM_0:0:103364981><>" STEAM USERID validated
L 07/10/2022 - 16:45:45: "Frazer<4><STEAM_0:0:120840551><>" connected, address "101.190.51.71:27005"
L 07/10/2022 - 16:45:46: "Frazer<4><STEAM_0:0:120840551><>" STEAM USERID validated
L 07/10/2022 - 16:45:52: Lua Error: 
[tebexgmod] addons/tebexgmod/lua/tebex/client/apiclient.lua:36: attempt to call upvalue 'failure' (a nil value)
  1. unknown - addons/tebexgmod/lua/tebex/client/apiclient.lua:36


L 07/10/2022 - 16:45:59: [FAdmin] Skii (STEAM_0:0:579690494) is Authed
L 07/10/2022 - 16:45:59: [FAdmin] Skii (STEAM_0:0:579690494) Spawned for the first time
L 07/10/2022 - 16:45:59: [FAdmin] DJ Bread (STEAM_0:0:579690494) Spawned
L 07/10/2022 - 16:46:00: "Skii<2><STEAM_0:0:579690494><>" entered the game
L 07/10/2022 - 16:46:00: [FAdmin] DJ Bread (STEAM_0:0:579690494) Attempted to pick up a keys
L 07/10/2022 - 16:46:00: [FAdmin] DJ Bread (STEAM_0:0:579690494) Attempted to pick up a weapon_physcannon
L 07/10/2022 - 16:46:00: [FAdmin] DJ Bread (STEAM_0:0:579690494) Attempted to pick up a weapon_fists
L 07/10/2022 - 16:46:00: [FAdmin] DJ Bread (STEAM_0:0:579690494) Attempted to pick up a gmod_camera
L 07/10/2022 - 16:46:00: [FAdmin] DJ Bread (STEAM_0:0:579690494) Attempted to pick up a gmod_tool
L 07/10/2022 - 16:46:00: [FAdmin] DJ Bread (STEAM_0:0:579690494) Attempted to pick up a weapon_physgun
L 07/10/2022 - 16:46:01: [FAdmin] Al Shebab (STEAM_0:0:103364981) is Authed
L 07/10/2022 - 16:46:01: [FAdmin] Al Shebab (STEAM_0:0:103364981) Spawned for the first time
L 07/10/2022 - 16:46:01: [FAdmin] Al Shebab (STEAM_0:0:103364981) Spawned
L 07/10/2022 - 16:46:01: "Al Shebab<3><STEAM_0:0:103364981><>" entered the game
L 07/10/2022 - 16:46:01: [FAdmin] Al Shebab (STEAM_0:0:103364981) Attempted to pick up a keys
L 07/10/2022 - 16:46:01: [FAdmin] Al Shebab (STEAM_0:0:103364981) Attempted to pick up a weapon_physcannon
L 07/10/2022 - 16:46:01: [FAdmin] Al Shebab (STEAM_0:0:103364981) Attempted to pick up a weapon_fists
L 07/10/2022 - 16:46:01: [FAdmin] Al Shebab (STEAM_0:0:103364981) Attempted to pick up a gmod_camera
L 07/10/2022 - 16:46:01: [FAdmin] Al Shebab (STEAM_0:0:103364981) Attempted to pick up a gmod_tool
L 07/10/2022 - 16:46:01: [FAdmin] Al Shebab (STEAM_0:0:103364981) Attempted to pick up a weapon_physgun
L 07/10/2022 - 16:46:09: [FAdmin] Frazer (STEAM_0:0:120840551) is Authed
L 07/10/2022 - 16:46:09: [FAdmin] Frazer (STEAM_0:0:120840551) Spawned for the first time
L 07/10/2022 - 16:46:09: [FAdmin] Frazer (STEAM_0:0:120840551) Spawned
L 07/10/2022 - 16:46:09: "Frazer<4><STEAM_0:0:120840551><>" entered the game
L 07/10/2022 - 16:46:09: [FAdmin] Frazer (STEAM_0:0:120840551) Attempted to pick up a keys
L 07/10/2022 - 16:46:09: [FAdmin] Frazer (STEAM_0:0:120840551) Attempted to pick up a weapon_physcannon
L 07/10/2022 - 16:46:09: [FAdmin] Frazer (STEAM_0:0:120840551) Attempted to pick up a weapon_fists
L 07/10/2022 - 16:46:09: [FAdmin] Frazer (STEAM_0:0:120840551) Attempted to pick up a gmod_camera
L 07/10/2022 - 16:46:09: [FAdmin] Frazer (STEAM_0:0:120840551) Attempted to pick up a gmod_tool
L 07/10/2022 - 16:46:09: [FAdmin] Frazer (STEAM_0:0:120840551) Attempted to pick up a weapon_physgun
L 07/10/2022 - 16:46:50: [FAdmin] Al Shebab (STEAM_0:0:103364981) Attempted to use tool moneypot
L 07/10/2022 - 16:46:51: [FAdmin] Al Shebab (STEAM_0:0:103364981) Attempted to use tool moneypot
L 07/10/2022 - 16:46:52: [FAdmin] Al Shebab (STEAM_0:0:103364981) Attempted to use tool moneypot
L 07/10/2022 - 16:47:12: [FAdmin] Frazer (STEAM_0:0:120840551) Spawned a models/mechanics/wheels/bmwl.mdl
L 07/10/2022 - 16:47:12: [ULX] Frazer<STEAM_0:0:120840551> spawned model models/mechanics/wheels/bmwl.mdl
L 07/10/2022 - 16:47:12: [FAdmin] prop_physics(models/mechanics/wheels/bmwl.mdl) Got removed
L 07/10/2022 - 16:47:14: [FAdmin] Frazer (STEAM_0:0:120840551) Spawned a models/nateswheel/nateswheel.mdl
L 07/10/2022 - 16:47:14: [ULX] Frazer<STEAM_0:0:120840551> spawned model models/nateswheel/nateswheel.mdl
L 07/10/2022 - 16:47:14: [FAdmin] prop_physics(models/nateswheel/nateswheel.mdl) Got removed
L 07/10/2022 - 16:47:15: [FAdmin] Frazer (STEAM_0:0:120840551) Spawned a models/nateswheel/nateswheelwide.mdl
L 07/10/2022 - 16:47:15: [ULX] Frazer<STEAM_0:0:120840551> spawned model models/nateswheel/nateswheelwide.mdl
L 07/10/2022 - 16:47:15: [FAdmin] prop_physics(models/nateswheel/nateswheelwide.mdl) Got removed
L 07/10/2022 - 16:47:16: [FAdmin] Frazer (STEAM_0:0:120840551) Spawned a models/mechanics/wheels/wheel_rounded_72.mdl
L 07/10/2022 - 16:47:16: [ULX] Frazer<STEAM_0:0:120840551> spawned model models/mechanics/wheels/wheel_rounded_72.mdl
L 07/10/2022 - 16:47:17: [FAdmin] Frazer (STEAM_0:0:120840551) Spawned a models/mechanics/wheels/wheel_rounded_36s.mdl
L 07/10/2022 - 16:47:17: [ULX] Frazer<STEAM_0:0:120840551> spawned model models/mechanics/wheels/wheel_rounded_36s.mdl
L 07/10/2022 - 16:47:17: [FAdmin] prop_physics(models/mechanics/wheels/wheel_rounded_36s.mdl) Got removed
L 07/10/2022 - 16:47:18: [FAdmin] Frazer (STEAM_0:0:120840551) Spawned a models/mechanics/wheels/wheel_rounded_36.mdl
L 07/10/2022 - 16:47:18: [ULX] Frazer<STEAM_0:0:120840551> spawned model models/mechanics/wheels/wheel_rounded_36.mdl
L 07/10/2022 - 16:47:18: [FAdmin] prop_physics(models/mechanics/wheels/wheel_rounded_36.mdl) Got removed
L 07/10/2022 - 16:47:18: [FAdmin] Frazer (STEAM_0:0:120840551) Spawned a models/mechanics/wheels/wheel_race.mdl
L 07/10/2022 - 16:47:18: [ULX] Frazer<STEAM_0:0:120840551> spawned model models/mechanics/wheels/wheel_race.mdl
L 07/10/2022 - 16:47:18: [FAdmin] prop_physics(models/mechanics/wheels/wheel_race.mdl) Got removed
L 07/10/2022 - 16:47:19: [FAdmin] Frazer (STEAM_0:0:120840551) Spawned a models/mechanics/wheels/wheel_extruded_48.mdl
L 07/10/2022 - 16:47:19: [ULX] Frazer<STEAM_0:0:120840551> spawned model models/mechanics/wheels/wheel_extruded_48.mdl
L 07/10/2022 - 16:47:19: [FAdmin] prop_physics(models/mechanics/wheels/wheel_extruded_48.mdl) Got removed
L 07/10/2022 - 16:47:19: [FAdmin] Frazer (STEAM_0:0:120840551) Spawned a models/mechanics/wheels/wheel_2l.mdl
L 07/10/2022 - 16:47:19: [ULX] Frazer<STEAM_0:0:120840551> spawned model models/mechanics/wheels/wheel_2l.mdl
L 07/10/2022 - 16:47:19: [FAdmin] prop_physics(models/mechanics/wheels/wheel_2l.mdl) Got removed
L 07/10/2022 - 16:47:20: [FAdmin] Frazer (STEAM_0:0:120840551) Spawned a models/mechanics/wheels/wheel_2.mdl
L 07/10/2022 - 16:47:20: [ULX] Frazer<STEAM_0:0:120840551> spawned model models/mechanics/wheels/wheel_2.mdl
L 07/10/2022 - 16:47:20: [FAdmin] prop_physics(models/mechanics/wheels/wheel_2.mdl) Got removed
L 07/10/2022 - 16:47:20: [FAdmin] Frazer (STEAM_0:0:120840551) Spawned a models/mechanics/wheels/tractor.mdl
L 07/10/2022 - 16:47:20: [ULX] Frazer<STEAM_0:0:120840551> spawned model models/mechanics/wheels/tractor.mdl
L 07/10/2022 - 16:47:20: [FAdmin] prop_physics(models/mechanics/wheels/tractor.mdl) Got removed
L 07/10/2022 - 16:47:20: [FAdmin] Frazer (STEAM_0:0:120840551) Spawned a models/mechanics/wheels/bmwl.mdl
L 07/10/2022 - 16:47:20: [ULX] Frazer<STEAM_0:0:120840551> spawned model models/mechanics/wheels/bmwl.mdl
L 07/10/2022 - 16:47:20: [FAdmin] prop_physics(models/mechanics/wheels/bmwl.mdl) Got removed
L 07/10/2022 - 16:47:21: [FAdmin] Frazer (STEAM_0:0:120840551) Spawned a models/props_phx/wheels/magnetic_large_base.mdl
L 07/10/2022 - 16:47:21: [ULX] Frazer<STEAM_0:0:120840551> spawned model models/props_phx/wheels/magnetic_large_base.mdl
L 07/10/2022 - 16:47:21: [FAdmin] prop_physics(models/props_phx/wheels/magnetic_large_base.mdl) Got removed
L 07/10/2022 - 16:47:21: [FAdmin] Frazer (STEAM_0:0:120840551) Spawned a models/props_phx/wheels/magnetic_med_base.mdl
L 07/10/2022 - 16:47:21: [ULX] Frazer<STEAM_0:0:120840551> spawned model models/props_phx/wheels/magnetic_med_base.mdl
L 07/10/2022 - 16:47:21: [FAdmin] prop_physics(models/props_phx/wheels/magnetic_med_base.mdl) Got removed
L 07/10/2022 - 16:47:21: [FAdmin] Frazer (STEAM_0:0:120840551) Spawned a models/props_phx/wheels/magnetic_medium.mdl
L 07/10/2022 - 16:47:21: [ULX] Frazer<STEAM_0:0:120840551> spawned model models/props_phx/wheels/magnetic_medium.mdl
L 07/10/2022 - 16:47:21: [FAdmin] prop_physics(models/props_phx/wheels/magnetic_medium.mdl) Got removed
L 07/10/2022 - 16:47:23: "widepeeked<5><STEAM_0:0:492844137><>" connected, address "124.188.129.208:27005"
L 07/10/2022 - 16:47:23: "widepeeked<5><STEAM_0:0:492844137><>" STEAM USERID validated
L 07/10/2022 - 16:47:25: [FAdmin] Frazer (STEAM_0:0:120840551) Spawned a models/mechanics/wheels/wheel_race.mdl
L 07/10/2022 - 16:47:25: [ULX] Frazer<STEAM_0:0:120840551> spawned model models/mechanics/wheels/wheel_race.mdl
L 07/10/2022 - 16:47:25: [FAdmin] prop_physics(models/mechanics/wheels/wheel_race.mdl) Got removed
L 07/10/2022 - 16:47:26: [FAdmin] Frazer (STEAM_0:0:120840551) Spawned a models/mechanics/wheels/wheel_rounded_36.mdl
L 07/10/2022 - 16:47:26: [ULX] Frazer<STEAM_0:0:120840551> spawned model models/mechanics/wheels/wheel_rounded_36.mdl
L 07/10/2022 - 16:47:26: [FAdmin] prop_physics(models/mechanics/wheels/wheel_rounded_36.mdl) Got removed
L 07/10/2022 - 16:47:28: [FAdmin] Frazer (STEAM_0:0:120840551) Spawned a models/mechanics/wheels/wheel_rounded_36.mdl
L 07/10/2022 - 16:47:28: [ULX] Frazer<STEAM_0:0:120840551> spawned model models/mechanics/wheels/wheel_rounded_36.mdl
L 07/10/2022 - 16:47:28: [FAdmin] prop_physics(models/mechanics/wheels/wheel_rounded_36.mdl) Got removed
L 07/10/2022 - 16:47:30: [FAdmin] Frazer (STEAM_0:0:120840551) Spawned a models/mechanics/wheels/wheel_rounded_36s.mdl
L 07/10/2022 - 16:47:30: [ULX] Frazer<STEAM_0:0:120840551> spawned model models/mechanics/wheels/wheel_rounded_36s.mdl
L 07/10/2022 - 16:47:30: [FAdmin] prop_physics(models/mechanics/wheels/wheel_rounded_36s.mdl) Got removed
L 07/10/2022 - 16:47:30: [FAdmin] Frazer (STEAM_0:0:120840551) Spawned a models/mechanics/wheels/wheel_rounded_72.mdl
L 07/10/2022 - 16:47:30: [ULX] Frazer<STEAM_0:0:120840551> spawned model models/mechanics/wheels/wheel_rounded_72.mdl
L 07/10/2022 - 16:47:31: [FAdmin] prop_physics(models/mechanics/wheels/wheel_rounded_72.mdl) Got removed
L 07/10/2022 - 16:47:39: [FAdmin] Al Shebab (STEAM_0:0:103364981) Spawned a models/holograms/hq_hdome_thin.mdl
L 07/10/2022 - 16:47:39: [ULX] Al Shebab<STEAM_0:0:103364981> spawned model models/holograms/hq_hdome_thin.mdl
L 07/10/2022 - 16:47:40: [FAdmin] Frazer (STEAM_0:0:120840551) Attempted to use tool fading_door
L 07/10/2022 - 16:47:42: [FAdmin] prop_physics(models/holograms/hq_hdome_thin.mdl) Got removed
L 07/10/2022 - 16:47:42: [FAdmin] DJ Bread (STEAM_0:0:579690494) Gave himself a gas_log_scanner
L 07/10/2022 - 16:47:42: [FAdmin] DJ Bread (STEAM_0:0:579690494) Attempted to pick up a gas_log_scanner
L 07/10/2022 - 16:47:43: [FAdmin] Al Shebab (STEAM_0:0:103364981) Spawned a models/holograms/hq_dome.mdl
L 07/10/2022 - 16:47:43: [ULX] Al Shebab<STEAM_0:0:103364981> spawned model models/holograms/hq_dome.mdl
L 07/10/2022 - 16:47:44: [FAdmin] Frazer (STEAM_0:0:120840551) Attempted to use tool fading_door
L 07/10/2022 - 16:47:44: [FAdmin] widepeeked (STEAM_0:0:492844137) is Authed
L 07/10/2022 - 16:47:44: [FAdmin] widepeeked (STEAM_0:0:492844137) Spawned for the first time
L 07/10/2022 - 16:47:44: [FAdmin] widepeeked (STEAM_0:0:492844137) Spawned
L 07/10/2022 - 16:47:44: "widepeeked<5><STEAM_0:0:492844137><>" entered the game
L 07/10/2022 - 16:47:44: [FAdmin] widepeeked (STEAM_0:0:492844137) Attempted to pick up a keys
L 07/10/2022 - 16:47:44: [FAdmin] widepeeked (STEAM_0:0:492844137) Attempted to pick up a weapon_physcannon
L 07/10/2022 - 16:47:44: [FAdmin] widepeeked (STEAM_0:0:492844137) Attempted to pick up a weapon_fists
L 07/10/2022 - 16:47:44: [FAdmin] widepeeked (STEAM_0:0:492844137) Attempted to pick up a gmod_camera
L 07/10/2022 - 16:47:44: [FAdmin] widepeeked (STEAM_0:0:492844137) Attempted to pick up a gmod_tool
L 07/10/2022 - 16:47:44: [FAdmin] widepeeked (STEAM_0:0:492844137) Attempted to pick up a weapon_physgun
L 07/10/2022 - 16:47:44: [FAdmin] prop_physics(models/holograms/hq_dome.mdl) Got removed
L 07/10/2022 - 16:47:48: [FAdmin] Al Shebab (STEAM_0:0:103364981) Spawned a models/props_phx/construct/metal_dome360.mdl
L 07/10/2022 - 16:47:48: [ULX] Al Shebab<STEAM_0:0:103364981> spawned model models/props_phx/construct/metal_dome360.mdl
L 07/10/2022 - 16:47:49: [FAdmin] Al Shebab (STEAM_0:0:103364981) Spawned a models/props_phx/construct/metal_dome360.mdl
L 07/10/2022 - 16:47:49: [ULX] Al Shebab<STEAM_0:0:103364981> spawned model models/props_phx/construct/metal_dome360.mdl
L 07/10/2022 - 16:48:02: [FAdmin] Frazer (STEAM_0:0:120840551) Attempted to use tool stacker_improved
L 07/10/2022 - 16:48:02: [FAdmin] Frazer (STEAM_0:0:120840551) Attempted to use tool stacker_improved
L 07/10/2022 - 16:48:02: [FAdmin] Frazer (STEAM_0:0:120840551) Attempted to use tool stacker_improved
L 07/10/2022 - 16:48:02: [FAdmin] Frazer (STEAM_0:0:120840551) Attempted to use tool stacker_improved
L 07/10/2022 - 16:48:03: [FAdmin] Frazer (STEAM_0:0:120840551) Attempted to use tool stacker_improved
L 07/10/2022 - 16:48:03: [FAdmin] Frazer (STEAM_0:0:120840551) Attempted to use tool stacker_improved
L 07/10/2022 - 16:48:03: [FAdmin] Frazer (STEAM_0:0:120840551) Attempted to use tool stacker_improved
L 07/10/2022 - 16:48:14: [FAdmin] Al Shebab (STEAM_0:0:103364981) Spawned a models/props_phx/construct/metal_dome360.mdl
L 07/10/2022 - 16:48:14: [ULX] Al Shebab<STEAM_0:0:103364981> spawned model models/props_phx/construct/metal_dome360.mdl
L 07/10/2022 - 16:48:16: [FAdmin] Frazer (STEAM_0:0:120840551) Attempted to use tool creator
L 07/10/2022 - 16:48:16: [FAdmin] Frazer (STEAM_0:0:120840551) Spawned a models/mechanics/wheels/wheel_rounded_72.mdl
L 07/10/2022 - 16:48:16: [ULX] Frazer<STEAM_0:0:120840551> spawned model models/mechanics/wheels/wheel_rounded_72.mdl
L 07/10/2022 - 16:48:18: [FAdmin] prop_physics(models/mechanics/wheels/wheel_rounded_72.mdl) Got removed
L 07/10/2022 - 16:48:19: [FAdmin] prop_physics(models/mechanics/wheels/wheel_rounded_72.mdl) Got removed
L 07/10/2022 - 16:48:21: [FAdmin] Frazer (STEAM_0:0:120840551) Spawned a models/mechanics/wheels/wheel_rounded_72.mdl
L 07/10/2022 - 16:48:21: [ULX] Frazer<STEAM_0:0:120840551> spawned model models/mechanics/wheels/wheel_rounded_72.mdl
L 07/10/2022 - 16:48:21: [FAdmin] Frazer (STEAM_0:0:120840551) Attempted to use tool creator
L 07/10/2022 - 16:48:21: [FAdmin] Frazer (STEAM_0:0:120840551) Spawned a models/mechanics/wheels/wheel_rounded_72.mdl
L 07/10/2022 - 16:48:21: [ULX] Frazer<STEAM_0:0:120840551> spawned model models/mechanics/wheels/wheel_rounded_72.mdl
L 07/10/2022 - 16:48:26: [FAdmin] prop_physics(models/mechanics/wheels/wheel_rounded_72.mdl) Got removed
L 07/10/2022 - 16:48:28: [FAdmin] DJ Bread (STEAM_0:0:579690494) Gave himself a weapon_stunstick
L 07/10/2022 - 16:48:28: [FAdmin] DJ Bread (STEAM_0:0:579690494) Attempted to pick up a weapon_stunstick
L 07/10/2022 - 16:48:33: [FAdmin] prop_physics(models/props_phx/construct/metal_dome360.mdl) Got removed
L 07/10/2022 - 16:48:33: [FAdmin] Frazer (STEAM_0:0:120840551) Attempted to use tool fading_door
L 07/10/2022 - 16:48:34: [FAdmin] prop_physics(models/props_phx/construct/metal_dome360.mdl) Got removed
L 07/10/2022 - 16:48:34: [FAdmin] prop_physics(models/props_phx/construct/metal_dome360.mdl) Got removed
L 07/10/2022 - 16:48:36: [FAdmin] prop_physics(models/mechanics/wheels/wheel_rounded_72.mdl) Got removed
L 07/10/2022 - 16:48:37: [FAdmin] Al Shebab (STEAM_0:0:103364981) Spawned a models/props_phx/construct/wood/wood_dome360.mdl
L 07/10/2022 - 16:48:37: [ULX] Al Shebab<STEAM_0:0:103364981> spawned model models/props_phx/construct/wood/wood_dome360.mdl
L 07/10/2022 - 16:48:40: [FAdmin] Frazer (STEAM_0:0:120840551) Spawned a models/mechanics/wheels/wheel_rounded_72.mdl
L 07/10/2022 - 16:48:40: [ULX] Frazer<STEAM_0:0:120840551> spawned model models/mechanics/wheels/wheel_rounded_72.mdl
L 07/10/2022 - 16:48:44: [FAdmin] Frazer (STEAM_0:0:120840551) Attempted to use tool fading_door
L 07/10/2022 - 16:48:46: [FAdmin] Frazer (STEAM_0:0:120840551) Attempted to use tool creator
L 07/10/2022 - 16:48:46: [FAdmin] Frazer (STEAM_0:0:120840551) Spawned a models/mechanics/wheels/wheel_rounded_72.mdl
L 07/10/2022 - 16:48:46: [ULX] Frazer<STEAM_0:0:120840551> spawned model models/mechanics/wheels/wheel_rounded_72.mdl
L 07/10/2022 - 16:48:49: [FAdmin] Frazer (STEAM_0:0:120840551) Attempted to use tool fading_door
L 07/10/2022 - 16:48:52: [FAdmin] Frazer (STEAM_0:0:120840551) Spawned a models/mechanics/wheels/wheel_rounded_72.mdl
L 07/10/2022 - 16:48:52: [ULX] Frazer<STEAM_0:0:120840551> spawned model models/mechanics/wheels/wheel_rounded_72.mdl
L 07/10/2022 - 16:48:56: [FAdmin] Frazer (STEAM_0:0:120840551) Attempted to use tool fading_door
L 07/10/2022 - 16:48:58: [FAdmin] Frazer (STEAM_0:0:120840551) Spawned a models/mechanics/wheels/wheel_rounded_72.mdl
L 07/10/2022 - 16:48:58: [ULX] Frazer<STEAM_0:0:120840551> spawned model models/mechanics/wheels/wheel_rounded_72.mdl
L 07/10/2022 - 16:48:59: [FAdmin] Frazer (STEAM_0:0:120840551) Attempted to use tool fading_door
L 07/10/2022 - 16:49:00: [FAdmin] Frazer (STEAM_0:0:120840551) Spawned a models/mechanics/wheels/wheel_rounded_72.mdl
L 07/10/2022 - 16:49:00: [ULX] Frazer<STEAM_0:0:120840551> spawned model models/mechanics/wheels/wheel_rounded_72.mdl
L 07/10/2022 - 16:49:00: [FAdmin] Frazer (STEAM_0:0:120840551) Attempted to use tool fading_door
L 07/10/2022 - 16:49:01: [FAdmin] Frazer (STEAM_0:0:120840551) Spawned a models/mechanics/wheels/wheel_rounded_72.mdl
L 07/10/2022 - 16:49:01: [ULX] Frazer<STEAM_0:0:120840551> spawned model models/mechanics/wheels/wheel_rounded_72.mdl
L 07/10/2022 - 16:49:02: [FAdmin] Frazer (STEAM_0:0:120840551) Attempted to use tool fading_door
L 07/10/2022 - 16:49:03: [FAdmin] Frazer (STEAM_0:0:120840551) Spawned a models/mechanics/wheels/wheel_rounded_72.mdl
L 07/10/2022 - 16:49:03: [ULX] Frazer<STEAM_0:0:120840551> spawned model models/mechanics/wheels/wheel_rounded_72.mdl
L 07/10/2022 - 16:49:04: [FAdmin] Frazer (STEAM_0:0:120840551) Attempted to use tool fading_door
L 07/10/2022 - 16:49:04: [FAdmin] Frazer (STEAM_0:0:120840551) Spawned a models/mechanics/wheels/wheel_rounded_72.mdl
L 07/10/2022 - 16:49:04: [ULX] Frazer<STEAM_0:0:120840551> spawned model models/mechanics/wheels/wheel_rounded_72.mdl
L 07/10/2022 - 16:49:05: [FAdmin] Frazer (STEAM_0:0:120840551) Spawned a models/mechanics/wheels/wheel_rounded_72.mdl
L 07/10/2022 - 16:49:05: [ULX] Frazer<STEAM_0:0:120840551> spawned model models/mechanics/wheels/wheel_rounded_72.mdl
L 07/10/2022 - 16:49:08: [FAdmin] Frazer (STEAM_0:0:120840551) Attempted to use tool fading_door
L 07/10/2022 - 16:49:10: [FAdmin] prop_physics(models/mechanics/wheels/wheel_rounded_72.mdl) Got removed
L 07/10/2022 - 16:49:12: [FAdmin] Frazer (STEAM_0:0:120840551) Attempted to use tool fading_door
L 07/10/2022 - 16:49:13: [FAdmin] Frazer (STEAM_0:0:120840551) Spawned a models/mechanics/wheels/wheel_rounded_72.mdl
L 07/10/2022 - 16:49:13: [ULX] Frazer<STEAM_0:0:120840551> spawned model models/mechanics/wheels/wheel_rounded_72.mdl
L 07/10/2022 - 16:49:14: [FAdmin] Frazer (STEAM_0:0:120840551) Attempted to use tool fading_door
L 07/10/2022 - 16:49:15: [FAdmin] Frazer (STEAM_0:0:120840551) Spawned a models/mechanics/wheels/wheel_rounded_72.mdl
L 07/10/2022 - 16:49:15: [ULX] Frazer<STEAM_0:0:120840551> spawned model models/mechanics/wheels/wheel_rounded_72.mdl
L 07/10/2022 - 16:49:15: [FAdmin] Frazer (STEAM_0:0:120840551) Attempted to use tool fading_door
L 07/10/2022 - 16:49:16: [FAdmin] Frazer (STEAM_0:0:120840551) Spawned a models/mechanics/wheels/wheel_rounded_72.mdl
L 07/10/2022 - 16:49:16: [ULX] Frazer<STEAM_0:0:120840551> spawned model models/mechanics/wheels/wheel_rounded_72.mdl
L 07/10/2022 - 16:49:17: [FAdmin] Frazer (STEAM_0:0:120840551) Attempted to use tool fading_door
L 07/10/2022 - 16:49:18: [FAdmin] Frazer (STEAM_0:0:120840551) Spawned a models/mechanics/wheels/wheel_rounded_72.mdl
L 07/10/2022 - 16:49:18: [ULX] Frazer<STEAM_0:0:120840551> spawned model models/mechanics/wheels/wheel_rounded_72.mdl
L 07/10/2022 - 16:49:18: [FAdmin] Frazer (STEAM_0:0:120840551) Attempted to use tool fading_door
L 07/10/2022 - 16:49:19: [FAdmin] Frazer (STEAM_0:0:120840551) Spawned a models/mechanics/wheels/wheel_rounded_72.mdl
L 07/10/2022 - 16:49:19: [ULX] Frazer<STEAM_0:0:120840551> spawned model models/mechanics/wheels/wheel_rounded_72.mdl
L 07/10/2022 - 16:49:20: [FAdmin] Frazer (STEAM_0:0:120840551) Attempted to use tool fading_door
L 07/10/2022 - 16:49:20: [FAdmin] Frazer (STEAM_0:0:120840551) Spawned a models/mechanics/wheels/wheel_rounded_72.mdl
L 07/10/2022 - 16:49:20: [ULX] Frazer<STEAM_0:0:120840551> spawned model models/mechanics/wheels/wheel_rounded_72.mdl
L 07/10/2022 - 16:49:21: [FAdmin] Frazer (STEAM_0:0:120840551) Attempted to use tool fading_door
L 07/10/2022 - 16:49:22: [FAdmin] Frazer (STEAM_0:0:120840551) Spawned a models/mechanics/wheels/wheel_rounded_72.mdl
L 07/10/2022 - 16:49:22: [ULX] Frazer<STEAM_0:0:120840551> spawned model models/mechanics/wheels/wheel_rounded_72.mdl
L 07/10/2022 - 16:49:22: [FAdmin] Frazer (STEAM_0:0:120840551) Attempted to use tool fading_door
L 07/10/2022 - 16:49:23: [FAdmin] Frazer (STEAM_0:0:120840551) Spawned a models/mechanics/wheels/wheel_rounded_72.mdl
L 07/10/2022 - 16:49:23: [ULX] Frazer<STEAM_0:0:120840551> spawned model models/mechanics/wheels/wheel_rounded_72.mdl
L 07/10/2022 - 16:49:24: [FAdmin] Frazer (STEAM_0:0:120840551) Attempted to use tool fading_door
L 07/10/2022 - 16:49:24: [FAdmin] Frazer (STEAM_0:0:120840551) Spawned a models/mechanics/wheels/wheel_rounded_72.mdl
L 07/10/2022 - 16:49:24: [ULX] Frazer<STEAM_0:0:120840551> spawned model models/mechanics/wheels/wheel_rounded_72.mdl
L 07/10/2022 - 16:49:25: [FAdmin] Frazer (STEAM_0:0:120840551) Attempted to use tool fading_door
L 07/10/2022 - 16:49:26: [FAdmin] Frazer (STEAM_0:0:120840551) Spawned a models/mechanics/wheels/wheel_rounded_72.mdl
L 07/10/2022 - 16:49:26: [ULX] Frazer<STEAM_0:0:120840551> spawned model models/mechanics/wheels/wheel_rounded_72.mdl
L 07/10/2022 - 16:49:26: [FAdmin] Frazer (STEAM_0:0:120840551) Attempted to use tool fading_door
L 07/10/2022 - 16:49:27: [FAdmin] Al Shebab (STEAM_0:0:103364981) Attempted to use tool remover
L 07/10/2022 - 16:49:27: [FAdmin] Frazer (STEAM_0:0:120840551) Spawned a models/mechanics/wheels/wheel_rounded_72.mdl
L 07/10/2022 - 16:49:27: [ULX] Frazer<STEAM_0:0:120840551> spawned model models/mechanics/wheels/wheel_rounded_72.mdl
L 07/10/2022 - 16:49:27: [FAdmin] Frazer (STEAM_0:0:120840551) Attempted to use tool fading_door
L 07/10/2022 - 16:49:28: [FAdmin] prop_physics(models/props_phx/construct/wood/wood_dome360.mdl) Got removed
L 07/10/2022 - 16:49:28: [FAdmin] Frazer (STEAM_0:0:120840551) Spawned a models/mechanics/wheels/wheel_rounded_72.mdl
L 07/10/2022 - 16:49:28: [ULX] Frazer<STEAM_0:0:120840551> spawned model models/mechanics/wheels/wheel_rounded_72.mdl
L 07/10/2022 - 16:49:29: [FAdmin] Frazer (STEAM_0:0:120840551) Attempted to use tool fading_door
L 07/10/2022 - 16:49:43: [FAdmin] prop_physics(models/mechanics/wheels/wheel_rounded_72.mdl) Got removed
L 07/10/2022 - 16:49:44: [FAdmin] prop_physics(models/mechanics/wheels/wheel_rounded_72.mdl) Got removed
L 07/10/2022 - 16:49:45: [FAdmin] prop_physics(models/mechanics/wheels/wheel_rounded_72.mdl) Got removed
L 07/10/2022 - 16:49:45: [FAdmin] prop_physics(models/mechanics/wheels/wheel_rounded_72.mdl) Got removed
L 07/10/2022 - 16:49:45: [FAdmin] prop_physics(models/mechanics/wheels/wheel_rounded_72.mdl) Got removed
L 07/10/2022 - 16:49:46: [FAdmin] prop_physics(models/mechanics/wheels/wheel_rounded_72.mdl) Got removed
L 07/10/2022 - 16:49:46: [FAdmin] prop_physics(models/mechanics/wheels/wheel_rounded_72.mdl) Got removed
L 07/10/2022 - 16:49:46: [FAdmin] prop_physics(models/mechanics/wheels/wheel_rounded_72.mdl) Got removed
L 07/10/2022 - 16:49:47: [FAdmin] prop_physics(models/mechanics/wheels/wheel_rounded_72.mdl) Got removed
L 07/10/2022 - 16:49:47: [FAdmin] prop_physics(models/mechanics/wheels/wheel_rounded_72.mdl) Got removed
L 07/10/2022 - 16:49:47: [FAdmin] prop_physics(models/mechanics/wheels/wheel_rounded_72.mdl) Got removed
L 07/10/2022 - 16:49:48: [FAdmin] prop_physics(models/mechanics/wheels/wheel_rounded_72.mdl) Got removed
L 07/10/2022 - 16:49:48: [FAdmin] prop_physics(models/mechanics/wheels/wheel_rounded_72.mdl) Got removed
L 07/10/2022 - 16:49:48: [FAdmin] prop_physics(models/mechanics/wheels/wheel_rounded_72.mdl) Got removed
L 07/10/2022 - 16:49:49: [FAdmin] prop_physics(models/mechanics/wheels/wheel_rounded_72.mdl) Got removed
L 07/10/2022 - 16:49:49: [FAdmin] prop_physics(models/mechanics/wheels/wheel_rounded_72.mdl) Got removed
L 07/10/2022 - 16:49:49: [FAdmin] prop_physics(models/mechanics/wheels/wheel_rounded_72.mdl) Got removed
L 07/10/2022 - 16:49:50: [FAdmin] prop_physics(models/mechanics/wheels/wheel_rounded_72.mdl) Got removed
L 07/10/2022 - 16:49:50: [FAdmin] prop_physics(models/mechanics/wheels/wheel_rounded_72.mdl) Got removed
L 07/10/2022 - 16:49:50: [FAdmin] prop_physics(models/mechanics/wheels/wheel_rounded_72.mdl) Got removed
L 07/10/2022 - 16:49:54: [FAdmin] Frazer (STEAM_0:0:120840551) Spawned a models/props_phx/wheels/monster_truck.mdl
L 07/10/2022 - 16:49:54: [ULX] Frazer<STEAM_0:0:120840551> spawned model models/props_phx/wheels/monster_truck.mdl
L 07/10/2022 - 16:49:54: [FAdmin] prop_physics(models/props_phx/wheels/monster_truck.mdl) Got removed
L 07/10/2022 - 16:49:55: [FAdmin] Frazer (STEAM_0:0:120840551) Spawned a models/xeon133/racewheelskinny/race-wheel-35_s.mdl
L 07/10/2022 - 16:49:55: [ULX] Frazer<STEAM_0:0:120840551> spawned model models/xeon133/racewheelskinny/race-wheel-35_s.mdl
L 07/10/2022 - 16:49:59: [FAdmin] prop_physics(models/xeon133/racewheelskinny/race-wheel-35_s.mdl) Got removed
L 07/10/2022 - 16:50:00: "Al Shebab<3><STEAM_0:0:103364981><Civilian>" say "!gprotect"

L 07/10/2022 - 16:50:04: [FAdmin] Frazer (STEAM_0:0:120840551) Spawned a models/mechanics/wheels/bmw.mdl
L 07/10/2022 - 16:50:04: [ULX] Frazer<STEAM_0:0:120840551> spawned model models/mechanics/wheels/bmw.mdl
L 07/10/2022 - 16:50:04: [FAdmin] prop_physics(models/mechanics/wheels/bmw.mdl) Got removed
L 07/10/2022 - 16:50:06: [FAdmin] Frazer (STEAM_0:0:120840551) Spawned a models/mechanics/wheels/bmwl.mdl
L 07/10/2022 - 16:50:06: [ULX] Frazer<STEAM_0:0:120840551> spawned model models/mechanics/wheels/bmwl.mdl
L 07/10/2022 - 16:50:06: [FAdmin] prop_physics(models/mechanics/wheels/bmwl.mdl) Got removed
L 07/10/2022 - 16:50:07: [FAdmin] Frazer (STEAM_0:0:120840551) Spawned a models/mechanics/wheels/rim_1.mdl
L 07/10/2022 - 16:50:07: [ULX] Frazer<STEAM_0:0:120840551> spawned model models/mechanics/wheels/rim_1.mdl
L 07/10/2022 - 16:50:07: [FAdmin] prop_physics(models/mechanics/wheels/rim_1.mdl) Got removed
L 07/10/2022 - 16:50:07: [FAdmin] Frazer (STEAM_0:0:120840551) Spawned a models/mechanics/wheels/tractor.mdl
L 07/10/2022 - 16:50:07: [ULX] Frazer<STEAM_0:0:120840551> spawned model models/mechanics/wheels/tractor.mdl
L 07/10/2022 - 16:50:07: [FAdmin] prop_physics(models/mechanics/wheels/tractor.mdl) Got removed
L 07/10/2022 - 16:50:07: [FAdmin] Frazer (STEAM_0:0:120840551) Spawned a models/mechanics/wheels/tractors.mdl
L 07/10/2022 - 16:50:07: [ULX] Frazer<STEAM_0:0:120840551> spawned model models/mechanics/wheels/tractors.mdl
L 07/10/2022 - 16:50:07: [FAdmin] prop_physics(models/mechanics/wheels/tractors.mdl) Got removed
L 07/10/2022 - 16:50:08: [FAdmin] Frazer (STEAM_0:0:120840551) Spawned a models/mechanics/wheels/wheel_2.mdl
L 07/10/2022 - 16:50:08: [ULX] Frazer<STEAM_0:0:120840551> spawned model models/mechanics/wheels/wheel_2.mdl
L 07/10/2022 - 16:50:08: [FAdmin] prop_physics(models/mechanics/wheels/wheel_2.mdl) Got removed
L 07/10/2022 - 16:50:08: [FAdmin] Frazer (STEAM_0:0:120840551) Spawned a models/mechanics/wheels/wheel_2l.mdl
L 07/10/2022 - 16:50:08: [ULX] Frazer<STEAM_0:0:120840551> spawned model models/mechanics/wheels/wheel_2l.mdl
L 07/10/2022 - 16:50:08: [FAdmin] prop_physics(models/mechanics/wheels/wheel_2l.mdl) Got removed
L 07/10/2022 - 16:50:09: [FAdmin] Frazer (STEAM_0:0:120840551) Spawned a models/mechanics/wheels/wheel_extruded_48.mdl
L 07/10/2022 - 16:50:09: [ULX] Frazer<STEAM_0:0:120840551> spawned model models/mechanics/wheels/wheel_extruded_48.mdl
L 07/10/2022 - 16:50:09: [FAdmin] prop_physics(models/mechanics/wheels/wheel_extruded_48.mdl) Got removed
L 07/10/2022 - 16:50:09: [FAdmin] Frazer (STEAM_0:0:120840551) Spawned a models/mechanics/wheels/wheel_race.mdl
L 07/10/2022 - 16:50:09: [ULX] Frazer<STEAM_0:0:120840551> spawned model models/mechanics/wheels/wheel_race.mdl
L 07/10/2022 - 16:50:09: [FAdmin] prop_physics(models/mechanics/wheels/wheel_race.mdl) Got removed
L 07/10/2022 - 16:50:11: [FAdmin] Frazer (STEAM_0:0:120840551) Spawned a models/mechanics/wheels/wheel_rugged_24.mdl
L 07/10/2022 - 16:50:11: [ULX] Frazer<STEAM_0:0:120840551> spawned model models/mechanics/wheels/wheel_rugged_24.mdl
L 07/10/2022 - 16:50:11: [FAdmin] prop_physics(models/mechanics/wheels/wheel_rugged_24.mdl) Got removed
L 07/10/2022 - 16:50:11: [FAdmin] Frazer (STEAM_0:0:120840551) Spawned a models/mechanics/wheels/wheel_rugged_24w.mdl
L 07/10/2022 - 16:50:11: [ULX] Frazer<STEAM_0:0:120840551> spawned model models/mechanics/wheels/wheel_rugged_24w.mdl
L 07/10/2022 - 16:50:11: [FAdmin] prop_physics(models/mechanics/wheels/wheel_rugged_24w.mdl) Got removed
L 07/10/2022 - 16:50:12: [FAdmin] Frazer (STEAM_0:0:120840551) Spawned a models/mechanics/wheels/wheel_rugged_48.mdl
L 07/10/2022 - 16:50:12: [ULX] Frazer<STEAM_0:0:120840551> spawned model models/mechanics/wheels/wheel_rugged_48.mdl
L 07/10/2022 - 16:50:12: [FAdmin] prop_physics(models/mechanics/wheels/wheel_rugged_48.mdl) Got removed
L 07/10/2022 - 16:50:12: [FAdmin] Frazer (STEAM_0:0:120840551) Spawned a models/mechanics/wheels/wheel_rugged_48w.mdl
L 07/10/2022 - 16:50:12: [ULX] Frazer<STEAM_0:0:120840551> spawned model models/mechanics/wheels/wheel_rugged_48w.mdl
L 07/10/2022 - 16:50:12: [FAdmin] prop_physics(models/mechanics/wheels/wheel_rugged_48w.mdl) Got removed
L 07/10/2022 - 16:50:13: [FAdmin] Frazer (STEAM_0:0:120840551) Spawned a models/mechanics/wheels/wheel_smooth2.mdl
L 07/10/2022 - 16:50:13: [ULX] Frazer<STEAM_0:0:120840551> spawned model models/mechanics/wheels/wheel_smooth2.mdl
L 07/10/2022 - 16:50:13: [FAdmin] prop_physics(models/mechanics/wheels/wheel_smooth2.mdl) Got removed
L 07/10/2022 - 16:50:13: [FAdmin] Frazer (STEAM_0:0:120840551) Spawned a models/mechanics/wheels/wheel_smooth_18r.mdl
L 07/10/2022 - 16:50:13: [ULX] Frazer<STEAM_0:0:120840551> spawned model models/mechanics/wheels/wheel_smooth_18r.mdl
L 07/10/2022 - 16:50:13: [FAdmin] prop_physics(models/mechanics/wheels/wheel_smooth_18r.mdl) Got removed
L 07/10/2022 - 16:50:13: [FAdmin] Frazer (STEAM_0:0:120840551) Spawned a models/mechanics/wheels/wheel_smooth_24.mdl
L 07/10/2022 - 16:50:13: [ULX] Frazer<STEAM_0:0:120840551> spawned model models/mechanics/wheels/wheel_smooth_24.mdl
L 07/10/2022 - 16:50:13: [FAdmin] prop_physics(models/mechanics/wheels/wheel_smooth_24.mdl) Got removed
L 07/10/2022 - 16:50:14: [FAdmin] Frazer (STEAM_0:0:120840551) Spawned a models/mechanics/wheels/wheel_speed_72.mdl
L 07/10/2022 - 16:50:14: [ULX] Frazer<STEAM_0:0:120840551> spawned model models/mechanics/wheels/wheel_speed_72.mdl
L 07/10/2022 - 16:50:14: [FAdmin] prop_physics(models/mechanics/wheels/wheel_speed_72.mdl) Got removed
L 07/10/2022 - 16:50:14: [FAdmin] Frazer (STEAM_0:0:120840551) Spawned a models/mechanics/wheels/wheel_spike_24.mdl
L 07/10/2022 - 16:50:14: [ULX] Frazer<STEAM_0:0:120840551> spawned model models/mechanics/wheels/wheel_spike_24.mdl
L 07/10/2022 - 16:50:14: [FAdmin] DJ Bread (STEAM_0:0:579690494) Gave himself a weapon_smg1
L 07/10/2022 - 16:50:14: [FAdmin] DJ Bread (STEAM_0:0:579690494) Attempted to pick up a weapon_smg1
L 07/10/2022 - 16:50:14: [FAdmin] prop_physics(models/mechanics/wheels/wheel_spike_24.mdl) Got removed
L 07/10/2022 - 16:50:15: [FAdmin] Frazer (STEAM_0:0:120840551) Spawned a models/mechanics/wheels/wheel_smooth_72w.mdl
L 07/10/2022 - 16:50:15: [ULX] Frazer<STEAM_0:0:120840551> spawned model models/mechanics/wheels/wheel_smooth_72w.mdl
L 07/10/2022 - 16:50:15: [FAdmin] prop_physics(models/mechanics/wheels/wheel_smooth_72w.mdl) Got removed
L 07/10/2022 - 16:50:15: [FAdmin] Frazer (STEAM_0:0:120840551) Spawned a models/mechanics/wheels/wheel_spike_24.mdl
L 07/10/2022 - 16:50:15: [ULX] Frazer<STEAM_0:0:120840551> spawned model models/mechanics/wheels/wheel_spike_24.mdl
L 07/10/2022 - 16:50:15: [FAdmin] prop_physics(models/mechanics/wheels/wheel_spike_24.mdl) Got removed
L 07/10/2022 - 16:50:15: [FAdmin] Frazer (STEAM_0:0:120840551) Spawned a models/mechanics/wheels/wheel_spike_24.mdl
L 07/10/2022 - 16:50:15: [ULX] Frazer<STEAM_0:0:120840551> spawned model models/mechanics/wheels/wheel_spike_24.mdl
L 07/10/2022 - 16:50:15: [FAdmin] prop_physics(models/mechanics/wheels/wheel_spike_24.mdl) Got removed
L 07/10/2022 - 16:50:16: [FAdmin] Frazer (STEAM_0:0:120840551) Spawned a models/mechanics/wheels/wheel_spike_48.mdl
L 07/10/2022 - 16:50:16: [ULX] Frazer<STEAM_0:0:120840551> spawned model models/mechanics/wheels/wheel_spike_48.mdl
L 07/10/2022 - 16:50:16: [FAdmin] prop_physics(models/mechanics/wheels/wheel_spike_48.mdl) Got removed
L 07/10/2022 - 16:50:16: [FAdmin] Frazer (STEAM_0:0:120840551) Spawned a models/props/de_inferno/cart_wheel.mdl
L 07/10/2022 - 16:50:16: [ULX] Frazer<STEAM_0:0:120840551> spawned model models/props/de_inferno/cart_wheel.mdl
L 07/10/2022 - 16:50:16: [FAdmin] prop_physics(models/props/de_inferno/cart_wheel.mdl) Got removed
L 07/10/2022 - 16:50:16: [FAdmin] Frazer (STEAM_0:0:120840551) Spawned a models/props/de_tides/vending_cart_wheell.mdl
L 07/10/2022 - 16:50:16: [ULX] Frazer<STEAM_0:0:120840551> spawned model models/props/de_tides/vending_cart_wheell.mdl
L 07/10/2022 - 16:50:16: [FAdmin] prop_physics(models/props/de_tides/vending_cart_wheell.mdl) Got removed
L 07/10/2022 - 16:50:16: [FAdmin] Frazer (STEAM_0:0:120840551) Spawned a models/props/de_tides/vending_cart_wheell.mdl
L 07/10/2022 - 16:50:16: [ULX] Frazer<STEAM_0:0:120840551> spawned model models/props/de_tides/vending_cart_wheell.mdl
L 07/10/2022 - 16:50:16: [FAdmin] Frazer (STEAM_0:0:120840551) Spawned a models/props/de_tides/vending_cart_wheelr.mdl
L 07/10/2022 - 16:50:16: [ULX] Frazer<STEAM_0:0:120840551> spawned model models/props/de_tides/vending_cart_wheelr.mdl
L 07/10/2022 - 16:50:17: [FAdmin] prop_physics(models/props/de_tides/vending_cart_wheelr.mdl) Got removed
L 07/10/2022 - 16:50:18: [FAdmin] prop_physics(models/props/de_tides/vending_cart_wheell.mdl) Got removed
L 07/10/2022 - 16:50:19: [FAdmin] Frazer (STEAM_0:0:120840551) Spawned a models/props_phx/wheels/magnetic_large.mdl
L 07/10/2022 - 16:50:19: [ULX] Frazer<STEAM_0:0:120840551> spawned model models/props_phx/wheels/magnetic_large.mdl
L 07/10/2022 - 16:50:19: [FAdmin] prop_physics(models/props_phx/wheels/magnetic_large.mdl) Got removed
L 07/10/2022 - 16:50:20: [FAdmin] DJ Bread (STEAM_0:0:579690494) Gave himself a weapon_ar2
L 07/10/2022 - 16:50:20: [FAdmin] DJ Bread (STEAM_0:0:579690494) Attempted to pick up a weapon_ar2
L 07/10/2022 - 16:50:21: [FAdmin] Frazer (STEAM_0:0:120840551) Spawned a models/props_phx/wheels/monster_truck.mdl
L 07/10/2022 - 16:50:21: [ULX] Frazer<STEAM_0:0:120840551> spawned model models/props_phx/wheels/monster_truck.mdl
L 07/10/2022 - 16:50:21: [FAdmin] prop_physics(models/props_phx/wheels/monster_truck.mdl) Got removed
L 07/10/2022 - 16:50:22: [FAdmin] Frazer (STEAM_0:0:120840551) Spawned a models/props_phx/wheels/magnetic_small.mdl
L 07/10/2022 - 16:50:22: [ULX] Frazer<STEAM_0:0:120840551> spawned model models/props_phx/wheels/magnetic_small.mdl
L 07/10/2022 - 16:50:22: [FAdmin] prop_physics(models/props_phx/wheels/magnetic_small.mdl) Got removed
L 07/10/2022 - 16:50:23: [FAdmin] Frazer (STEAM_0:0:120840551) Spawned a models/props_phx/wheels/magnetic_medium.mdl
L 07/10/2022 - 16:50:23: [ULX] Frazer<STEAM_0:0:120840551> spawned model models/props_phx/wheels/magnetic_medium.mdl
L 07/10/2022 - 16:50:23: [FAdmin] prop_physics(models/props_phx/wheels/magnetic_medium.mdl) Got removed
L 07/10/2022 - 16:50:24: [FAdmin] Frazer (STEAM_0:0:120840551) Spawned a models/xeon133/racewheel/race-wheel-45.mdl
L 07/10/2022 - 16:50:24: [ULX] Frazer<STEAM_0:0:120840551> spawned model models/xeon133/racewheel/race-wheel-45.mdl
L 07/10/2022 - 16:50:24: [FAdmin] Frazer (STEAM_0:0:120840551) Spawned a models/xeon133/racewheel/race-wheel-50.mdl
L 07/10/2022 - 16:50:24: [ULX] Frazer<STEAM_0:0:120840551> spawned model models/xeon133/racewheel/race-wheel-50.mdl
L 07/10/2022 - 16:50:25: [FAdmin] prop_physics(models/xeon133/racewheel/race-wheel-50.mdl) Got removed
L 07/10/2022 - 16:50:25: [FAdmin] prop_physics(models/xeon133/racewheel/race-wheel-45.mdl) Got removed
L 07/10/2022 - 16:50:37: [FAdmin] Frazer (STEAM_0:0:120840551) Attempted to use tool fading_door
L 07/10/2022 - 16:50:38: [FAdmin] Frazer (STEAM_0:0:120840551) Spawned a models/props_vehicles/carparts_wheel01a.mdl
L 07/10/2022 - 16:50:38: [ULX] Frazer<STEAM_0:0:120840551> spawned model models/props_vehicles/carparts_wheel01a.mdl
L 07/10/2022 - 16:50:41: [FAdmin] DJ Bread (STEAM_0:0:579690494) Spawned a item_ammo_ar2_large
L 07/10/2022 - 16:50:41: [ULX] DJ Bread<STEAM_0:0:579690494> spawned sent item_ammo_ar2_large
L 07/10/2022 - 16:50:42: [FAdmin] prop_physics(models/props_vehicles/carparts_wheel01a.mdl) Got removed
L 07/10/2022 - 16:50:46: [FAdmin] DJ Bread (STEAM_0:0:579690494) Spawned a item_ammo_ar2_altfire
L 07/10/2022 - 16:50:46: [ULX] DJ Bread<STEAM_0:0:579690494> spawned sent item_ammo_ar2_altfire
L 07/10/2022 - 16:50:51: [FAdmin] Al Shebab (STEAM_0:0:103364981) Spawned a models/Items/ammocrate_smg1.mdl
L 07/10/2022 - 16:50:51: [ULX] Al Shebab<STEAM_0:0:103364981> spawned model models/items/ammocrate_smg1.mdl
L 07/10/2022 - 16:50:52: [FAdmin] DJ Bread (STEAM_0:0:579690494) Spawned a item_ammo_ar2_altfire
L 07/10/2022 - 16:50:52: [ULX] DJ Bread<STEAM_0:0:579690494> spawned sent item_ammo_ar2_altfire
L 07/10/2022 - 16:50:52: [FAdmin] DJ Bread (STEAM_0:0:579690494) Spawned a item_ammo_ar2_altfire
L 07/10/2022 - 16:50:52: [ULX] DJ Bread<STEAM_0:0:579690494> spawned sent item_ammo_ar2_altfire
L 07/10/2022 - 16:50:52: [FAdmin] DJ Bread (STEAM_0:0:579690494) Spawned a item_ammo_ar2_altfire
L 07/10/2022 - 16:50:52: [ULX] DJ Bread<STEAM_0:0:579690494> spawned sent item_ammo_ar2_altfire
L 07/10/2022 - 16:50:52: [FAdmin] DJ Bread (STEAM_0:0:579690494) Spawned a item_ammo_ar2_altfire
L 07/10/2022 - 16:50:52: [ULX] DJ Bread<STEAM_0:0:579690494> spawned sent item_ammo_ar2_altfire
L 07/10/2022 - 16:50:56: [FAdmin] widepeeked (STEAM_0:0:492844137) Got killed by DJ Bread with a prop_combine_ball
L 07/10/2022 - 16:50:56: [FAdmin] widepeeked (STEAM_0:0:492844137) Spawned a models/props_c17/FurnitureWashingmachine001a.mdl
L 07/10/2022 - 16:50:56: [ULX] widepeeked<STEAM_0:0:492844137> spawned model models/props_c17/furniturewashingmachine001a.mdl
L 07/10/2022 - 16:50:58: [FAdmin] Al Shebab (STEAM_0:0:103364981) Got killed by DJ Bread with a prop_combine_ball
L 07/10/2022 - 16:50:58: [FAdmin] prop_physics(models/props_c17/furniturewashingmachine001a.mdl) Got removed
L 07/10/2022 - 16:50:59: [FAdmin] widepeeked (STEAM_0:0:492844137) Spawned
L 07/10/2022 - 16:50:59: [FAdmin] widepeeked (STEAM_0:0:492844137) Attempted to pick up a keys
L 07/10/2022 - 16:50:59: [FAdmin] widepeeked (STEAM_0:0:492844137) Attempted to pick up a weapon_physcannon
L 07/10/2022 - 16:50:59: [FAdmin] widepeeked (STEAM_0:0:492844137) Attempted to pick up a weapon_fists
L 07/10/2022 - 16:50:59: [FAdmin] widepeeked (STEAM_0:0:492844137) Attempted to pick up a gmod_camera
L 07/10/2022 - 16:50:59: [FAdmin] widepeeked (STEAM_0:0:492844137) Attempted to pick up a gmod_tool
L 07/10/2022 - 16:50:59: [FAdmin] widepeeked (STEAM_0:0:492844137) Attempted to pick up a weapon_physgun
L 07/10/2022 - 16:51:00: [FAdmin] widepeeked (STEAM_0:0:492844137) Spawned a models/props_c17/FurnitureWashingmachine001a.mdl
L 07/10/2022 - 16:51:00: [ULX] widepeeked<STEAM_0:0:492844137> spawned model models/props_c17/furniturewashingmachine001a.mdl
L 07/10/2022 - 16:51:01: [FAdmin] Al Shebab (STEAM_0:0:103364981) Spawned
L 07/10/2022 - 16:51:01: [FAdmin] Al Shebab (STEAM_0:0:103364981) Attempted to pick up a keys
L 07/10/2022 - 16:51:01: [FAdmin] Al Shebab (STEAM_0:0:103364981) Attempted to pick up a weapon_physcannon
L 07/10/2022 - 16:51:01: [FAdmin] Al Shebab (STEAM_0:0:103364981) Attempted to pick up a weapon_fists
L 07/10/2022 - 16:51:01: [FAdmin] Al Shebab (STEAM_0:0:103364981) Attempted to pick up a gmod_camera
L 07/10/2022 - 16:51:01: [FAdmin] Al Shebab (STEAM_0:0:103364981) Attempted to pick up a gmod_tool
L 07/10/2022 - 16:51:01: [FAdmin] Al Shebab (STEAM_0:0:103364981) Attempted to pick up a weapon_physgun
L 07/10/2022 - 16:51:05: [FAdmin] Al Shebab (STEAM_0:0:103364981) Spawned a models/Items/item_item_crate_chunk09.mdl
L 07/10/2022 - 16:51:05: [ULX] Al Shebab<STEAM_0:0:103364981> spawned model models/items/item_item_crate_chunk09.mdl
L 07/10/2022 - 16:51:14: [FAdmin] DJ Bread (STEAM_0:0:579690494) Attempted to use tool creator
L 07/10/2022 - 16:51:14: [FAdmin] DJ Bread (STEAM_0:0:579690494) Spawned a grenade_helicopter
L 07/10/2022 - 16:51:14: [ULX] DJ Bread<STEAM_0:0:579690494> spawned sent grenade_helicopter
L 07/10/2022 - 16:51:16: [FAdmin] Al Shebab (STEAM_0:0:103364981) Attempted to use tool creator
L 07/10/2022 - 16:51:16: [FAdmin] Al Shebab (STEAM_0:0:103364981) Spawned a m9k_davy_crockett
L 07/10/2022 - 16:51:16: [FAdmin] Frazer (STEAM_0:0:120840551) Attempted to pick up a m9k_davy_crockett
L 07/10/2022 - 16:51:18: [FAdmin] prop_physics(models/props_c17/furniturewashingmachine001a.mdl) Got removed
L 07/10/2022 - 16:51:29: [FAdmin] Al Shebab (STEAM_0:0:103364981) Gave himself a m9k_an94
L 07/10/2022 - 16:51:29: [FAdmin] DJ Bread (STEAM_0:0:579690494) Spawned a item_suit
L 07/10/2022 - 16:51:29: [ULX] DJ Bread<STEAM_0:0:579690494> spawned sent item_suit
L 07/10/2022 - 16:51:29: [FAdmin] Al Shebab (STEAM_0:0:103364981) Attempted to pick up a m9k_an94
L 07/10/2022 - 16:51:34: [FAdmin] DJ Bread (STEAM_0:0:579690494) Got killed by Al Shebab with a player
L 07/10/2022 - 16:51:37: [FAdmin] DJ Bread (STEAM_0:0:579690494) Spawned
L 07/10/2022 - 16:51:37: [FAdmin] DJ Bread (STEAM_0:0:579690494) Attempted to pick up a keys
L 07/10/2022 - 16:51:37: [FAdmin] DJ Bread (STEAM_0:0:579690494) Attempted to pick up a weapon_physcannon
L 07/10/2022 - 16:51:37: [FAdmin] DJ Bread (STEAM_0:0:579690494) Attempted to pick up a weapon_fists
L 07/10/2022 - 16:51:37: [FAdmin] DJ Bread (STEAM_0:0:579690494) Attempted to pick up a gmod_camera
L 07/10/2022 - 16:51:37: [FAdmin] DJ Bread (STEAM_0:0:579690494) Attempted to pick up a gmod_tool
L 07/10/2022 - 16:51:37: [FAdmin] DJ Bread (STEAM_0:0:579690494) Attempted to pick up a weapon_physgun
L 07/10/2022 - 16:51:41: [FAdmin] widepeeked (STEAM_0:0:492844137) Spawned a models/props_c17/FurnitureWashingmachine001a.mdl
L 07/10/2022 - 16:51:41: [ULX] widepeeked<STEAM_0:0:492844137> spawned model models/props_c17/furniturewashingmachine001a.mdl
L 07/10/2022 - 16:51:42: [FAdmin] DJ Bread (STEAM_0:0:579690494) Gave himself a m9k_mossberg590
L 07/10/2022 - 16:51:42: [FAdmin] DJ Bread (STEAM_0:0:579690494) Attempted to pick up a m9k_mossberg590
L 07/10/2022 - 16:51:46: [FAdmin] DJ Bread (STEAM_0:0:579690494) Got killed by Al Shebab with a player
L 07/10/2022 - 16:51:48: [FAdmin] Frazer (STEAM_0:0:120840551) Attempted to pick up a m9k_mossberg590
L 07/10/2022 - 16:51:51: [FAdmin] DJ Bread (STEAM_0:0:579690494) Spawned
L 07/10/2022 - 16:51:51: [FAdmin] DJ Bread (STEAM_0:0:579690494) Attempted to pick up a keys
L 07/10/2022 - 16:51:51: [FAdmin] DJ Bread (STEAM_0:0:579690494) Attempted to pick up a weapon_physcannon
L 07/10/2022 - 16:51:51: [FAdmin] DJ Bread (STEAM_0:0:579690494) Attempted to pick up a weapon_fists
L 07/10/2022 - 16:51:51: [FAdmin] DJ Bread (STEAM_0:0:579690494) Attempted to pick up a gmod_camera
L 07/10/2022 - 16:51:51: [FAdmin] DJ Bread (STEAM_0:0:579690494) Attempted to pick up a gmod_tool
L 07/10/2022 - 16:51:51: [FAdmin] DJ Bread (STEAM_0:0:579690494) Attempted to pick up a weapon_physgun
L 07/10/2022 - 16:51:53: [FAdmin] Al Shebab (STEAM_0:0:103364981) Attempted to use tool creator
L 07/10/2022 - 16:51:53: [FAdmin] Al Shebab (STEAM_0:0:103364981) Spawned a m9k_an94
L 07/10/2022 - 16:51:53: [FAdmin] Frazer (STEAM_0:0:120840551) Attempted to pick up a m9k_an94
L 07/10/2022 - 16:51:53: [FAdmin] widepeeked (STEAM_0:0:492844137) Got killed by Frazer with a player
L 07/10/2022 - 16:51:53: [FAdmin] Al Shebab (STEAM_0:0:103364981) Attempted to use tool creator
L 07/10/2022 - 16:51:53: [FAdmin] Al Shebab (STEAM_0:0:103364981) Spawned a m9k_an94
L 07/10/2022 - 16:51:53: [FAdmin] Al Shebab (STEAM_0:0:103364981) Attempted to use tool creator
L 07/10/2022 - 16:51:53: [FAdmin] Al Shebab (STEAM_0:0:103364981) Spawned a m9k_an94
L 07/10/2022 - 16:51:53: [FAdmin] Al Shebab (STEAM_0:0:103364981) Attempted to use tool creator
L 07/10/2022 - 16:51:53: [FAdmin] Al Shebab (STEAM_0:0:103364981) Spawned a m9k_an94
L 07/10/2022 - 16:51:54: [FAdmin] Al Shebab (STEAM_0:0:103364981) Attempted to use tool creator
L 07/10/2022 - 16:51:54: [FAdmin] Al Shebab (STEAM_0:0:103364981) Spawned a m9k_an94
L 07/10/2022 - 16:51:54: [FAdmin] Al Shebab (STEAM_0:0:103364981) Attempted to use tool creator
L 07/10/2022 - 16:51:54: [FAdmin] Al Shebab (STEAM_0:0:103364981) Spawned a m9k_an94
L 07/10/2022 - 16:51:54: [FAdmin] Al Shebab (STEAM_0:0:103364981) Attempted to use tool creator
L 07/10/2022 - 16:51:54: [FAdmin] Al Shebab (STEAM_0:0:103364981) Spawned a m9k_an94
L 07/10/2022 - 16:51:56: [FAdmin] DJ Bread (STEAM_0:0:579690494) Gave himself a m9k_spas12
L 07/10/2022 - 16:51:56: [FAdmin] DJ Bread (STEAM_0:0:579690494) Attempted to pick up a m9k_spas12
L 07/10/2022 - 16:51:56: [FAdmin] widepeeked (STEAM_0:0:492844137) Spawned
L 07/10/2022 - 16:51:56: [FAdmin] widepeeked (STEAM_0:0:492844137) Attempted to pick up a keys
L 07/10/2022 - 16:51:56: [FAdmin] widepeeked (STEAM_0:0:492844137) Attempted to pick up a weapon_physcannon
L 07/10/2022 - 16:51:56: [FAdmin] widepeeked (STEAM_0:0:492844137) Attempted to pick up a weapon_fists
L 07/10/2022 - 16:51:56: [FAdmin] widepeeked (STEAM_0:0:492844137) Attempted to pick up a gmod_camera
L 07/10/2022 - 16:51:56: [FAdmin] widepeeked (STEAM_0:0:492844137) Attempted to pick up a gmod_tool
L 07/10/2022 - 16:51:56: [FAdmin] widepeeked (STEAM_0:0:492844137) Attempted to pick up a weapon_physgun
L 07/10/2022 - 16:52:00: [FAdmin] DJ Bread (STEAM_0:0:579690494) Got killed by Al Shebab with a player
L 07/10/2022 - 16:52:03: [FAdmin] DJ Bread (STEAM_0:0:579690494) Spawned
L 07/10/2022 - 16:52:03: [FAdmin] widepeeked (STEAM_0:0:492844137) Attempted to pick up a m9k_spas12
L 07/10/2022 - 16:52:03: [FAdmin] DJ Bread (STEAM_0:0:579690494) Attempted to pick up a keys
L 07/10/2022 - 16:52:03: [FAdmin] DJ Bread (STEAM_0:0:579690494) Attempted to pick up a weapon_physcannon
L 07/10/2022 - 16:52:03: [FAdmin] DJ Bread (STEAM_0:0:579690494) Attempted to pick up a weapon_fists
L 07/10/2022 - 16:52:03: [FAdmin] DJ Bread (STEAM_0:0:579690494) Attempted to pick up a gmod_camera
L 07/10/2022 - 16:52:03: [FAdmin] DJ Bread (STEAM_0:0:579690494) Attempted to pick up a gmod_tool
L 07/10/2022 - 16:52:03: [FAdmin] DJ Bread (STEAM_0:0:579690494) Attempted to pick up a weapon_physgun
L 07/10/2022 - 16:52:04: [FAdmin] DJ Bread (STEAM_0:0:579690494) Gave himself a m9k_spas12
L 07/10/2022 - 16:52:04: [FAdmin] DJ Bread (STEAM_0:0:579690494) Attempted to pick up a m9k_spas12
L 07/10/2022 - 16:52:06: [FAdmin] widepeeked (STEAM_0:0:492844137) Got killed by DJ Bread with a player
L 07/10/2022 - 16:52:09: [FAdmin] widepeeked (STEAM_0:0:492844137) Spawned
L 07/10/2022 - 16:52:09: [FAdmin] widepeeked (STEAM_0:0:492844137) Attempted to pick up a keys
L 07/10/2022 - 16:52:09: [FAdmin] widepeeked (STEAM_0:0:492844137) Attempted to pick up a weapon_physcannon
L 07/10/2022 - 16:52:09: [FAdmin] widepeeked (STEAM_0:0:492844137) Attempted to pick up a weapon_fists
L 07/10/2022 - 16:52:09: [FAdmin] widepeeked (STEAM_0:0:492844137) Attempted to pick up a gmod_camera
L 07/10/2022 - 16:52:09: [FAdmin] widepeeked (STEAM_0:0:492844137) Attempted to pick up a gmod_tool
L 07/10/2022 - 16:52:09: [FAdmin] widepeeked (STEAM_0:0:492844137) Attempted to pick up a weapon_physgun
L 07/10/2022 - 16:52:10: [FAdmin] Al Shebab (STEAM_0:0:103364981) Got killed by DJ Bread with a player
L 07/10/2022 - 16:52:13: [FAdmin] Al Shebab (STEAM_0:0:103364981) Spawned
L 07/10/2022 - 16:52:13: [FAdmin] widepeeked (STEAM_0:0:492844137) Attempted to pick up a m9k_spas12
L 07/10/2022 - 16:52:13: [FAdmin] Al Shebab (STEAM_0:0:103364981) Attempted to pick up a keys
L 07/10/2022 - 16:52:13: [FAdmin] Al Shebab (STEAM_0:0:103364981) Attempted to pick up a weapon_physcannon
L 07/10/2022 - 16:52:13: [FAdmin] Al Shebab (STEAM_0:0:103364981) Attempted to pick up a weapon_fists
L 07/10/2022 - 16:52:13: [FAdmin] Al Shebab (STEAM_0:0:103364981) Attempted to pick up a gmod_camera
L 07/10/2022 - 16:52:13: [FAdmin] Al Shebab (STEAM_0:0:103364981) Attempted to pick up a gmod_tool
L 07/10/2022 - 16:52:13: [FAdmin] Al Shebab (STEAM_0:0:103364981) Attempted to pick up a weapon_physgun
L 07/10/2022 - 16:52:14: [FAdmin] Al Shebab (STEAM_0:0:103364981) Gave himself a m9k_an94
L 07/10/2022 - 16:52:14: [FAdmin] Al Shebab (STEAM_0:0:103364981) Attempted to pick up a m9k_an94
L 07/10/2022 - 16:52:17: [FAdmin] DJ Bread (STEAM_0:0:579690494) Attempted to switch noclip
L 07/10/2022 - 16:52:20: [FAdmin] DJ Bread (STEAM_0:0:579690494) Attempted to switch noclip
L 07/10/2022 - 16:52:22: [FAdmin] DJ Bread (STEAM_0:0:579690494) Got killed by Frazer with a player
L 07/10/2022 - 16:52:25: [FAdmin] DJ Bread (STEAM_0:0:579690494) Spawned
L 07/10/2022 - 16:52:25: [FAdmin] DJ Bread (STEAM_0:0:579690494) Attempted to pick up a keys
L 07/10/2022 - 16:52:25: [FAdmin] DJ Bread (STEAM_0:0:579690494) Attempted to pick up a weapon_physcannon
L 07/10/2022 - 16:52:25: [FAdmin] DJ Bread (STEAM_0:0:579690494) Attempted to pick up a weapon_fists
L 07/10/2022 - 16:52:25: [FAdmin] DJ Bread (STEAM_0:0:579690494) Attempted to pick up a gmod_camera
L 07/10/2022 - 16:52:25: [FAdmin] DJ Bread (STEAM_0:0:579690494) Attempted to pick up a gmod_tool
L 07/10/2022 - 16:52:25: [FAdmin] DJ Bread (STEAM_0:0:579690494) Attempted to pick up a weapon_physgun
L 07/10/2022 - 16:52:29: [FAdmin] DJ Bread (STEAM_0:0:579690494) Gave himself a m9k_minigun
L 07/10/2022 - 16:52:29: [FAdmin] DJ Bread (STEAM_0:0:579690494) Attempted to pick up a m9k_minigun
L 07/10/2022 - 16:52:31: [FAdmin] Al Shebab (STEAM_0:0:103364981) Got killed by Frazer with a player
L 07/10/2022 - 16:52:31: [FAdmin] Frazer (STEAM_0:0:120840551) Got killed by DJ Bread with a player
L 07/10/2022 - 16:52:35: [FAdmin] Frazer (STEAM_0:0:120840551) Spawned
L 07/10/2022 - 16:52:35: [FAdmin] Frazer (STEAM_0:0:120840551) Attempted to pick up a keys
L 07/10/2022 - 16:52:35: [FAdmin] Frazer (STEAM_0:0:120840551) Attempted to pick up a weapon_physcannon
L 07/10/2022 - 16:52:35: [FAdmin] Frazer (STEAM_0:0:120840551) Attempted to pick up a weapon_fists
L 07/10/2022 - 16:52:35: [FAdmin] Frazer (STEAM_0:0:120840551) Attempted to pick up a gmod_camera
L 07/10/2022 - 16:52:35: [FAdmin] Frazer (STEAM_0:0:120840551) Attempted to pick up a gmod_tool
L 07/10/2022 - 16:52:35: [FAdmin] Frazer (STEAM_0:0:120840551) Attempted to pick up a weapon_physgun
L 07/10/2022 - 16:52:36: [FAdmin] widepeeked (STEAM_0:0:492844137) Got killed by DJ Bread with a player
L 07/10/2022 - 16:52:39: [FAdmin] widepeeked (STEAM_0:0:492844137) Spawned
L 07/10/2022 - 16:52:39: [FAdmin] widepeeked (STEAM_0:0:492844137) Attempted to pick up a keys
L 07/10/2022 - 16:52:39: [FAdmin] widepeeked (STEAM_0:0:492844137) Attempted to pick up a weapon_physcannon
L 07/10/2022 - 16:52:39: [FAdmin] widepeeked (STEAM_0:0:492844137) Attempted to pick up a weapon_fists
L 07/10/2022 - 16:52:39: [FAdmin] widepeeked (STEAM_0:0:492844137) Attempted to pick up a gmod_camera
L 07/10/2022 - 16:52:39: [FAdmin] widepeeked (STEAM_0:0:492844137) Attempted to pick up a gmod_tool
L 07/10/2022 - 16:52:39: [FAdmin] widepeeked (STEAM_0:0:492844137) Attempted to pick up a weapon_physgun
L 07/10/2022 - 16:52:41: [FAdmin] Frazer (STEAM_0:0:120840551) Got killed by DJ Bread with a player
L 07/10/2022 - 16:52:44: [FAdmin] Frazer (STEAM_0:0:120840551) Spawned
L 07/10/2022 - 16:52:44: [FAdmin] Frazer (STEAM_0:0:120840551) Attempted to pick up a keys
L 07/10/2022 - 16:52:44: [FAdmin] Frazer (STEAM_0:0:120840551) Attempted to pick up a weapon_physcannon
L 07/10/2022 - 16:52:44: [FAdmin] Frazer (STEAM_0:0:120840551) Attempted to pick up a weapon_fists
L 07/10/2022 - 16:52:44: [FAdmin] Frazer (STEAM_0:0:120840551) Attempted to pick up a gmod_camera
L 07/10/2022 - 16:52:44: [FAdmin] Frazer (STEAM_0:0:120840551) Attempted to pick up a gmod_tool
L 07/10/2022 - 16:52:44: [FAdmin] Frazer (STEAM_0:0:120840551) Attempted to pick up a weapon_physgun
L 07/10/2022 - 16:52:46: [FAdmin] widepeeked (STEAM_0:0:492844137) Attempted to pick up a m9k_an94
L 07/10/2022 - 16:52:46: [FAdmin] Al Shebab (STEAM_0:0:103364981) Spawned
L 07/10/2022 - 16:52:46: [FAdmin] Al Shebab (STEAM_0:0:103364981) Attempted to pick up a keys
L 07/10/2022 - 16:52:46: [FAdmin] Al Shebab (STEAM_0:0:103364981) Attempted to pick up a weapon_physcannon
L 07/10/2022 - 16:52:46: [FAdmin] Al Shebab (STEAM_0:0:103364981) Attempted to pick up a weapon_fists
L 07/10/2022 - 16:52:46: [FAdmin] Al Shebab (STEAM_0:0:103364981) Attempted to pick up a gmod_camera
L 07/10/2022 - 16:52:46: [FAdmin] Al Shebab (STEAM_0:0:103364981) Attempted to pick up a gmod_tool
L 07/10/2022 - 16:52:46: [FAdmin] Al Shebab (STEAM_0:0:103364981) Attempted to pick up a weapon_physgun
L 07/10/2022 - 16:52:47: [FAdmin] widepeeked (STEAM_0:0:492844137) Attempted to pick up a m9k_spas12
L 07/10/2022 - 16:52:50: [FAdmin] DJ Bread (STEAM_0:0:579690494) Gave himself a manhack_welder
L 07/10/2022 - 16:52:50: [FAdmin] DJ Bread (STEAM_0:0:579690494) Attempted to pick up a manhack_welder
L 07/10/2022 - 16:52:57: [ULX] Al Shebab granted god mode upon Themself
L 07/10/2022 - 16:53:03: [FAdmin] DJ Bread (STEAM_0:0:579690494) Got killed by widepeeked with a player
L 07/10/2022 - 16:53:06: [FAdmin] DJ Bread (STEAM_0:0:579690494) Spawned
L 07/10/2022 - 16:53:06: [FAdmin] DJ Bread (STEAM_0:0:579690494) Attempted to pick up a keys
L 07/10/2022 - 16:53:06: [FAdmin] DJ Bread (STEAM_0:0:579690494) Attempted to pick up a weapon_physcannon
L 07/10/2022 - 16:53:06: [FAdmin] DJ Bread (STEAM_0:0:579690494) Attempted to pick up a weapon_fists
L 07/10/2022 - 16:53:06: [FAdmin] DJ Bread (STEAM_0:0:579690494) Attempted to pick up a gmod_camera
L 07/10/2022 - 16:53:06: [FAdmin] DJ Bread (STEAM_0:0:579690494) Attempted to pick up a gmod_tool
L 07/10/2022 - 16:53:06: [FAdmin] DJ Bread (STEAM_0:0:579690494) Attempted to pick up a weapon_physgun
L 07/10/2022 - 16:53:11: [ULX] Al Shebab granted god mode upon Themself
L 07/10/2022 - 16:53:11: "Al Shebab<3><STEAM_0:0:103364981><Civilian>" say "!god"

L 07/10/2022 - 16:53:13: [FAdmin] Frazer (STEAM_0:0:120840551) Got killed by npc_rollermine with a npc_rollermine
L 07/10/2022 - 16:53:15: [FAdmin] DJ Bread (STEAM_0:0:579690494) Gave himself a m9k_spas12
L 07/10/2022 - 16:53:15: [FAdmin] DJ Bread (STEAM_0:0:579690494) Attempted to pick up a m9k_spas12
L 07/10/2022 - 16:53:16: [ULX] Al Shebab revoked god mode from Themself
L 07/10/2022 - 16:53:16: "Al Shebab<3><STEAM_0:0:103364981><Civilian>" say "!ungod"

L 07/10/2022 - 16:53:19: [FAdmin] DJ Bread (STEAM_0:0:579690494) Attempted to switch noclip
L 07/10/2022 - 16:53:20: [FAdmin] DJ Bread (STEAM_0:0:579690494) Attempted to switch noclip
L 07/10/2022 - 16:53:21: [FAdmin] widepeeked (STEAM_0:0:492844137) Got killed by DJ Bread with a player
L 07/10/2022 - 16:53:23: [FAdmin] Al Shebab (STEAM_0:0:103364981) Gave himself a m9k_davy_crockett
L 07/10/2022 - 16:53:23: [FAdmin] Al Shebab (STEAM_0:0:103364981) Attempted to pick up a m9k_davy_crockett
L 07/10/2022 - 16:53:23: [FAdmin] Al Shebab (STEAM_0:0:103364981) Gave himself a m9k_ex41
L 07/10/2022 - 16:53:23: [FAdmin] Al Shebab (STEAM_0:0:103364981) Attempted to pick up a m9k_ex41
L 07/10/2022 - 16:53:24: [FAdmin] Al Shebab (STEAM_0:0:103364981) Gave himself a m9k_m202
L 07/10/2022 - 16:53:24: [FAdmin] Al Shebab (STEAM_0:0:103364981) Attempted to pick up a m9k_m202
L 07/10/2022 - 16:53:24: [FAdmin] widepeeked (STEAM_0:0:492844137) Spawned
L 07/10/2022 - 16:53:24: [FAdmin] widepeeked (STEAM_0:0:492844137) Attempted to pick up a keys
L 07/10/2022 - 16:53:24: [FAdmin] widepeeked (STEAM_0:0:492844137) Attempted to pick up a weapon_physcannon
L 07/10/2022 - 16:53:24: [FAdmin] widepeeked (STEAM_0:0:492844137) Attempted to pick up a weapon_fists
L 07/10/2022 - 16:53:24: [FAdmin] widepeeked (STEAM_0:0:492844137) Attempted to pick up a gmod_camera
L 07/10/2022 - 16:53:24: [FAdmin] widepeeked (STEAM_0:0:492844137) Attempted to pick up a gmod_tool
L 07/10/2022 - 16:53:24: [FAdmin] widepeeked (STEAM_0:0:492844137) Attempted to pick up a weapon_physgun
L 07/10/2022 - 16:53:25: [FAdmin] Al Shebab (STEAM_0:0:103364981) Got killed by Al Shebab with a m9k_m202_rocket
L 07/10/2022 - 16:53:26: [FAdmin] widepeeked (STEAM_0:0:492844137) Attempted to pick up a manhack_welder
L 07/10/2022 - 16:53:28: [FAdmin] Al Shebab (STEAM_0:0:103364981) Spawned
L 07/10/2022 - 16:53:28: [FAdmin] Al Shebab (STEAM_0:0:103364981) Attempted to pick up a keys
L 07/10/2022 - 16:53:28: [FAdmin] Al Shebab (STEAM_0:0:103364981) Attempted to pick up a weapon_physcannon
L 07/10/2022 - 16:53:28: [FAdmin] Al Shebab (STEAM_0:0:103364981) Attempted to pick up a weapon_fists
L 07/10/2022 - 16:53:28: [FAdmin] Al Shebab (STEAM_0:0:103364981) Attempted to pick up a gmod_camera
L 07/10/2022 - 16:53:28: [FAdmin] Al Shebab (STEAM_0:0:103364981) Attempted to pick up a gmod_tool
L 07/10/2022 - 16:53:28: [FAdmin] Al Shebab (STEAM_0:0:103364981) Attempted to pick up a weapon_physgun
L 07/10/2022 - 16:53:33: [FAdmin] widepeeked (STEAM_0:0:492844137) Got killed by DJ Bread with a player
L 07/10/2022 - 16:53:36: [FAdmin] widepeeked (STEAM_0:0:492844137) Spawned
L 07/10/2022 - 16:53:36: [FAdmin] widepeeked (STEAM_0:0:492844137) Attempted to pick up a keys
L 07/10/2022 - 16:53:36: [FAdmin] widepeeked (STEAM_0:0:492844137) Attempted to pick up a weapon_physcannon
L 07/10/2022 - 16:53:36: [FAdmin] widepeeked (STEAM_0:0:492844137) Attempted to pick up a weapon_fists
L 07/10/2022 - 16:53:36: [FAdmin] widepeeked (STEAM_0:0:492844137) Attempted to pick up a gmod_camera
L 07/10/2022 - 16:53:36: [FAdmin] widepeeked (STEAM_0:0:492844137) Attempted to pick up a gmod_tool
L 07/10/2022 - 16:53:36: [FAdmin] widepeeked (STEAM_0:0:492844137) Attempted to pick up a weapon_physgun
L 07/10/2022 - 16:53:36: [FAdmin] DJ Bread (STEAM_0:0:579690494) Attempted to pick up a manhack_welder
L 07/10/2022 - 16:53:38: [FAdmin] npc_manhack was killed by DJ Bread with a player
L 07/10/2022 - 16:53:39: [FAdmin] Al Shebab (STEAM_0:0:103364981) Attempted to use tool creator
L 07/10/2022 - 16:53:39: [FAdmin] Al Shebab (STEAM_0:0:103364981) Spawned a prop_thumper
L 07/10/2022 - 16:53:39: [ULX] Al Shebab<STEAM_0:0:103364981> spawned sent prop_thumper
L 07/10/2022 - 16:53:39: [FAdmin] Al Shebab (STEAM_0:0:103364981) Attempted to use tool creator
L 07/10/2022 - 16:53:39: [FAdmin] Al Shebab (STEAM_0:0:103364981) Spawned a prop_thumper
L 07/10/2022 - 16:53:39: [ULX] Al Shebab<STEAM_0:0:103364981> spawned sent prop_thumper
L 07/10/2022 - 16:53:40: [FAdmin] Al Shebab (STEAM_0:0:103364981) Attempted to use tool creator
L 07/10/2022 - 16:53:40: [FAdmin] Al Shebab (STEAM_0:0:103364981) Spawned a prop_thumper
L 07/10/2022 - 16:53:40: [ULX] Al Shebab<STEAM_0:0:103364981> spawned sent prop_thumper
L 07/10/2022 - 16:53:40: [FAdmin] Al Shebab (STEAM_0:0:103364981) Attempted to use tool creator
L 07/10/2022 - 16:53:40: [FAdmin] Al Shebab (STEAM_0:0:103364981) Spawned a prop_thumper
L 07/10/2022 - 16:53:40: [ULX] Al Shebab<STEAM_0:0:103364981> spawned sent prop_thumper
L 07/10/2022 - 16:53:40: [FAdmin] Al Shebab (STEAM_0:0:103364981) Attempted to use tool creator
L 07/10/2022 - 16:53:40: [FAdmin] Al Shebab (STEAM_0:0:103364981) Spawned a prop_thumper
L 07/10/2022 - 16:53:40: [ULX] Al Shebab<STEAM_0:0:103364981> spawned sent prop_thumper
L 07/10/2022 - 16:53:41: [FAdmin] Al Shebab (STEAM_0:0:103364981) Attempted to use tool creator
L 07/10/2022 - 16:53:41: [FAdmin] Al Shebab (STEAM_0:0:103364981) Spawned a prop_thumper
L 07/10/2022 - 16:53:41: [ULX] Al Shebab<STEAM_0:0:103364981> spawned sent prop_thumper
L 07/10/2022 - 16:53:41: [FAdmin] Al Shebab (STEAM_0:0:103364981) Attempted to use tool creator
L 07/10/2022 - 16:53:41: [FAdmin] Al Shebab (STEAM_0:0:103364981) Spawned a prop_thumper
L 07/10/2022 - 16:53:41: [ULX] Al Shebab<STEAM_0:0:103364981> spawned sent prop_thumper
L 07/10/2022 - 16:53:42: [FAdmin] Al Shebab (STEAM_0:0:103364981) Attempted to use tool creator
L 07/10/2022 - 16:53:42: [FAdmin] Al Shebab (STEAM_0:0:103364981) Spawned a prop_thumper
L 07/10/2022 - 16:53:42: [ULX] Al Shebab<STEAM_0:0:103364981> spawned sent prop_thumper
L 07/10/2022 - 16:53:42: [FAdmin] Al Shebab (STEAM_0:0:103364981) Attempted to use tool creator
L 07/10/2022 - 16:53:42: [FAdmin] Al Shebab (STEAM_0:0:103364981) Spawned a prop_thumper
L 07/10/2022 - 16:53:42: [ULX] Al Shebab<STEAM_0:0:103364981> spawned sent prop_thumper
L 07/10/2022 - 16:53:42: [FAdmin] Al Shebab (STEAM_0:0:103364981) Attempted to use tool creator
L 07/10/2022 - 16:53:42: [FAdmin] Al Shebab (STEAM_0:0:103364981) Spawned a prop_thumper
L 07/10/2022 - 16:53:42: [ULX] Al Shebab<STEAM_0:0:103364981> spawned sent prop_thumper
L 07/10/2022 - 16:53:43: [FAdmin] Al Shebab (STEAM_0:0:103364981) Attempted to use tool creator
L 07/10/2022 - 16:53:43: [FAdmin] Al Shebab (STEAM_0:0:103364981) Spawned a prop_thumper
L 07/10/2022 - 16:53:43: [ULX] Al Shebab<STEAM_0:0:103364981> spawned sent prop_thumper
L 07/10/2022 - 16:53:43: [FAdmin] Al Shebab (STEAM_0:0:103364981) Attempted to use tool creator
L 07/10/2022 - 16:53:43: [FAdmin] Al Shebab (STEAM_0:0:103364981) Spawned a prop_thumper
L 07/10/2022 - 16:53:43: [ULX] Al Shebab<STEAM_0:0:103364981> spawned sent prop_thumper
L 07/10/2022 - 16:53:43: [FAdmin] Al Shebab (STEAM_0:0:103364981) Attempted to use tool creator
L 07/10/2022 - 16:53:43: [FAdmin] Al Shebab (STEAM_0:0:103364981) Spawned a prop_thumper
L 07/10/2022 - 16:53:43: [ULX] Al Shebab<STEAM_0:0:103364981> spawned sent prop_thumper
L 07/10/2022 - 16:53:44: [FAdmin] Al Shebab (STEAM_0:0:103364981) Attempted to use tool creator
L 07/10/2022 - 16:53:44: [FAdmin] Al Shebab (STEAM_0:0:103364981) Spawned a prop_thumper
L 07/10/2022 - 16:53:44: [ULX] Al Shebab<STEAM_0:0:103364981> spawned sent prop_thumper
L 07/10/2022 - 16:53:44: [FAdmin] Al Shebab (STEAM_0:0:103364981) Attempted to use tool creator
L 07/10/2022 - 16:53:44: [FAdmin] Al Shebab (STEAM_0:0:103364981) Spawned a prop_thumper
L 07/10/2022 - 16:53:44: [ULX] Al Shebab<STEAM_0:0:103364981> spawned sent prop_thumper
L 07/10/2022 - 16:53:45: [FAdmin] Al Shebab (STEAM_0:0:103364981) Attempted to use tool creator
L 07/10/2022 - 16:53:45: [FAdmin] Al Shebab (STEAM_0:0:103364981) Spawned a prop_thumper
L 07/10/2022 - 16:53:45: [ULX] Al Shebab<STEAM_0:0:103364981> spawned sent prop_thumper
L 07/10/2022 - 16:53:45: [FAdmin] Al Shebab (STEAM_0:0:103364981) Attempted to use tool creator
L 07/10/2022 - 16:53:45: [FAdmin] Al Shebab (STEAM_0:0:103364981) Spawned a prop_thumper
L 07/10/2022 - 16:53:45: [ULX] Al Shebab<STEAM_0:0:103364981> spawned sent prop_thumper
L 07/10/2022 - 16:53:46: [FAdmin] DJ Bread (STEAM_0:0:579690494) Attempted to switch noclip
L 07/10/2022 - 16:53:48: [FAdmin] Al Shebab (STEAM_0:0:103364981) Attempted to use tool creator
L 07/10/2022 - 16:53:48: [FAdmin] Al Shebab (STEAM_0:0:103364981) Spawned a prop_thumper
L 07/10/2022 - 16:53:48: [ULX] Al Shebab<STEAM_0:0:103364981> spawned sent prop_thumper
L 07/10/2022 - 16:53:48: [FAdmin] Al Shebab (STEAM_0:0:103364981) Attempted to use tool creator
L 07/10/2022 - 16:53:48: [FAdmin] Al Shebab (STEAM_0:0:103364981) Spawned a prop_thumper
L 07/10/2022 - 16:53:48: [ULX] Al Shebab<STEAM_0:0:103364981> spawned sent prop_thumper
L 07/10/2022 - 16:53:48: [FAdmin] DJ Bread (STEAM_0:0:579690494) Attempted to switch noclip
L 07/10/2022 - 16:53:48: [FAdmin] Al Shebab (STEAM_0:0:103364981) Attempted to use tool creator
L 07/10/2022 - 16:53:48: [FAdmin] Al Shebab (STEAM_0:0:103364981) Spawned a prop_thumper
L 07/10/2022 - 16:53:48: [ULX] Al Shebab<STEAM_0:0:103364981> spawned sent prop_thumper
L 07/10/2022 - 16:53:49: [FAdmin] Al Shebab (STEAM_0:0:103364981) Attempted to use tool creator
L 07/10/2022 - 16:53:49: [FAdmin] Al Shebab (STEAM_0:0:103364981) Spawned a prop_thumper
L 07/10/2022 - 16:53:49: [ULX] Al Shebab<STEAM_0:0:103364981> spawned sent prop_thumper
L 07/10/2022 - 16:53:49: [FAdmin] Al Shebab (STEAM_0:0:103364981) Attempted to use tool creator
L 07/10/2022 - 16:53:49: [FAdmin] Al Shebab (STEAM_0:0:103364981) Spawned a prop_thumper
L 07/10/2022 - 16:53:49: [ULX] Al Shebab<STEAM_0:0:103364981> spawned sent prop_thumper
L 07/10/2022 - 16:53:49: [FAdmin] Al Shebab (STEAM_0:0:103364981) Attempted to use tool creator
L 07/10/2022 - 16:53:49: [FAdmin] Al Shebab (STEAM_0:0:103364981) Spawned a prop_thumper
L 07/10/2022 - 16:53:49: [ULX] Al Shebab<STEAM_0:0:103364981> spawned sent prop_thumper
L 07/10/2022 - 16:53:49: [FAdmin] Al Shebab (STEAM_0:0:103364981) Attempted to use tool creator
L 07/10/2022 - 16:53:49: [FAdmin] Al Shebab (STEAM_0:0:103364981) Spawned a prop_thumper
L 07/10/2022 - 16:53:49: [ULX] Al Shebab<STEAM_0:0:103364981> spawned sent prop_thumper
L 07/10/2022 - 16:53:49: [FAdmin] Al Shebab (STEAM_0:0:103364981) Attempted to use tool creator
L 07/10/2022 - 16:53:49: [FAdmin] Al Shebab (STEAM_0:0:103364981) Spawned a prop_thumper
L 07/10/2022 - 16:53:49: [ULX] Al Shebab<STEAM_0:0:103364981> spawned sent prop_thumper
L 07/10/2022 - 16:53:50: [FAdmin] Al Shebab (STEAM_0:0:103364981) Attempted to use tool creator
L 07/10/2022 - 16:53:50: [FAdmin] Al Shebab (STEAM_0:0:103364981) Spawned a prop_thumper
L 07/10/2022 - 16:53:50: [ULX] Al Shebab<STEAM_0:0:103364981> spawned sent prop_thumper
L 07/10/2022 - 16:53:50: [FAdmin] Al Shebab (STEAM_0:0:103364981) Attempted to use tool creator
L 07/10/2022 - 16:53:50: [FAdmin] Al Shebab (STEAM_0:0:103364981) Spawned a prop_thumper
L 07/10/2022 - 16:53:50: [ULX] Al Shebab<STEAM_0:0:103364981> spawned sent prop_thumper
L 07/10/2022 - 16:53:50: [FAdmin] Al Shebab (STEAM_0:0:103364981) Attempted to use tool creator
L 07/10/2022 - 16:53:50: [FAdmin] Al Shebab (STEAM_0:0:103364981) Spawned a prop_thumper
L 07/10/2022 - 16:53:50: [ULX] Al Shebab<STEAM_0:0:103364981> spawned sent prop_thumper
L 07/10/2022 - 16:53:50: [FAdmin] Al Shebab (STEAM_0:0:103364981) Attempted to use tool creator
L 07/10/2022 - 16:53:50: [FAdmin] Al Shebab (STEAM_0:0:103364981) Spawned a prop_thumper
L 07/10/2022 - 16:53:50: [ULX] Al Shebab<STEAM_0:0:103364981> spawned sent prop_thumper
L 07/10/2022 - 16:53:50: [FAdmin] DJ Bread (STEAM_0:0:579690494) Gave himself a m9k_rpg7
L 07/10/2022 - 16:53:50: [FAdmin] DJ Bread (STEAM_0:0:579690494) Attempted to pick up a m9k_rpg7
L 07/10/2022 - 16:53:51: [FAdmin] Al Shebab (STEAM_0:0:103364981) Attempted to use tool creator
L 07/10/2022 - 16:53:51: [FAdmin] Al Shebab (STEAM_0:0:103364981) Spawned a prop_thumper
L 07/10/2022 - 16:53:51: [ULX] Al Shebab<STEAM_0:0:103364981> spawned sent prop_thumper
L 07/10/2022 - 16:53:51: [FAdmin] Al Shebab (STEAM_0:0:103364981) Attempted to use tool creator
L 07/10/2022 - 16:53:51: [FAdmin] Al Shebab (STEAM_0:0:103364981) Spawned a prop_thumper
L 07/10/2022 - 16:53:51: [ULX] Al Shebab<STEAM_0:0:103364981> spawned sent prop_thumper
L 07/10/2022 - 16:53:51: [FAdmin] DJ Bread (STEAM_0:0:579690494) Attempted to switch noclip
L 07/10/2022 - 16:53:51: [FAdmin] Al Shebab (STEAM_0:0:103364981) Attempted to use tool creator
L 07/10/2022 - 16:53:51: [FAdmin] Al Shebab (STEAM_0:0:103364981) Spawned a prop_thumper
L 07/10/2022 - 16:53:51: [ULX] Al Shebab<STEAM_0:0:103364981> spawned sent prop_thumper
L 07/10/2022 - 16:53:51: [FAdmin] Al Shebab (STEAM_0:0:103364981) Attempted to use tool creator
L 07/10/2022 - 16:53:51: [FAdmin] Al Shebab (STEAM_0:0:103364981) Spawned a prop_thumper
L 07/10/2022 - 16:53:51: [ULX] Al Shebab<STEAM_0:0:103364981> spawned sent prop_thumper
L 07/10/2022 - 16:53:52: [FAdmin] DJ Bread (STEAM_0:0:579690494) Attempted to switch noclip
L 07/10/2022 - 16:53:52: [FAdmin] npc_manhack was killed by DJ Bread with a m9k_gdcwa_rpg_heat
L 07/10/2022 - 16:53:53: [FAdmin] prop_physics(models/items/item_item_crate_chunk09.mdl) Got removed
L 07/10/2022 - 16:53:59: [FAdmin] npc_manhack was killed by DJ Bread with a m9k_gdcwa_rpg_heat
L 07/10/2022 - 16:53:59: [FAdmin] Al Shebab (STEAM_0:0:103364981) Got killed by DJ Bread with a m9k_gdcwa_rpg_heat
L 07/10/2022 - 16:53:59: [FAdmin] widepeeked (STEAM_0:0:492844137) Got killed by DJ Bread with a m9k_gdcwa_rpg_heat
L 07/10/2022 - 16:54:02: [FAdmin] widepeeked (STEAM_0:0:492844137) Spawned
L 07/10/2022 - 16:54:02: [FAdmin] widepeeked (STEAM_0:0:492844137) Attempted to pick up a keys
L 07/10/2022 - 16:54:02: [FAdmin] widepeeked (STEAM_0:0:492844137) Attempted to pick up a weapon_physcannon
L 07/10/2022 - 16:54:02: [FAdmin] widepeeked (STEAM_0:0:492844137) Attempted to pick up a weapon_fists
L 07/10/2022 - 16:54:02: [FAdmin] widepeeked (STEAM_0:0:492844137) Attempted to pick up a gmod_camera
L 07/10/2022 - 16:54:02: [FAdmin] widepeeked (STEAM_0:0:492844137) Attempted to pick up a gmod_tool
L 07/10/2022 - 16:54:02: [FAdmin] widepeeked (STEAM_0:0:492844137) Attempted to pick up a weapon_physgun
L 07/10/2022 - 16:54:02: [FAdmin] DJ Bread (STEAM_0:0:579690494) Attempted to pick up a m9k_mossberg590
L 07/10/2022 - 16:54:05: [FAdmin] DJ Bread (STEAM_0:0:579690494) Got killed by npc_manhack with a npc_manhack
L 07/10/2022 - 16:54:08: [FAdmin] widepeeked (STEAM_0:0:492844137) Attempted to pick up a m9k_rpg7
L 07/10/2022 - 16:54:08: [FAdmin] DJ Bread (STEAM_0:0:579690494) Spawned
L 07/10/2022 - 16:54:08: [FAdmin] DJ Bread (STEAM_0:0:579690494) Attempted to pick up a keys
L 07/10/2022 - 16:54:08: [FAdmin] DJ Bread (STEAM_0:0:579690494) Attempted to pick up a weapon_physcannon
L 07/10/2022 - 16:54:08: [FAdmin] DJ Bread (STEAM_0:0:579690494) Attempted to pick up a weapon_fists
L 07/10/2022 - 16:54:08: [FAdmin] DJ Bread (STEAM_0:0:579690494) Attempted to pick up a gmod_camera
L 07/10/2022 - 16:54:08: [FAdmin] DJ Bread (STEAM_0:0:579690494) Attempted to pick up a gmod_tool
L 07/10/2022 - 16:54:08: [FAdmin] DJ Bread (STEAM_0:0:579690494) Attempted to pick up a weapon_physgun
L 07/10/2022 - 16:54:12: [FAdmin] Al Shebab (STEAM_0:0:103364981) Spawned
L 07/10/2022 - 16:54:12: [FAdmin] Al Shebab (STEAM_0:0:103364981) Attempted to pick up a keys
L 07/10/2022 - 16:54:12: [FAdmin] Al Shebab (STEAM_0:0:103364981) Attempted to pick up a weapon_physcannon
L 07/10/2022 - 16:54:12: [FAdmin] Al Shebab (STEAM_0:0:103364981) Attempted to pick up a weapon_fists
L 07/10/2022 - 16:54:12: [FAdmin] Al Shebab (STEAM_0:0:103364981) Attempted to pick up a gmod_camera
L 07/10/2022 - 16:54:12: [FAdmin] Al Shebab (STEAM_0:0:103364981) Attempted to pick up a gmod_tool
L 07/10/2022 - 16:54:12: [FAdmin] Al Shebab (STEAM_0:0:103364981) Attempted to pick up a weapon_physgun
L 07/10/2022 - 16:54:13: [FAdmin] DJ Bread (STEAM_0:0:579690494) Gave himself a m9k_nerve_gas
L 07/10/2022 - 16:54:13: [FAdmin] DJ Bread (STEAM_0:0:579690494) Attempted to pick up a m9k_nerve_gas
L 07/10/2022 - 16:54:14: [FAdmin] npc_manhack was killed by DJ Bread with a m9k_released_poison
L 07/10/2022 - 16:54:14: [FAdmin] DJ Bread (STEAM_0:0:579690494) Got killed by DJ Bread with a m9k_released_poison
L 07/10/2022 - 16:54:14: [FAdmin] Al Shebab (STEAM_0:0:103364981) Attempted to use tool wire_soundemitter
L 07/10/2022 - 16:54:15: [FAdmin] widepeeked (STEAM_0:0:492844137) Got killed by widepeeked with a m9k_gdcwa_rpg_heat
L 07/10/2022 - 16:54:15: [FAdmin] Al Shebab (STEAM_0:0:103364981) Attempted to use tool wire_soundemitter
L 07/10/2022 - 16:54:15: [FAdmin] Al Shebab (STEAM_0:0:103364981) Attempted to use tool wire_soundemitter
L 07/10/2022 - 16:54:16: [FAdmin] Al Shebab (STEAM_0:0:103364981) Attempted to use tool wire_soundemitter
L 07/10/2022 - 16:54:17: [FAdmin] Al Shebab (STEAM_0:0:103364981) Attempted to use tool wire_soundemitter
L 07/10/2022 - 16:54:17: [FAdmin] DJ Bread (STEAM_0:0:579690494) Spawned
L 07/10/2022 - 16:54:17: [FAdmin] DJ Bread (STEAM_0:0:579690494) Attempted to pick up a keys
L 07/10/2022 - 16:54:17: [FAdmin] DJ Bread (STEAM_0:0:579690494) Attempted to pick up a weapon_physcannon
L 07/10/2022 - 16:54:17: [FAdmin] DJ Bread (STEAM_0:0:579690494) Attempted to pick up a weapon_fists
L 07/10/2022 - 16:54:17: [FAdmin] DJ Bread (STEAM_0:0:579690494) Attempted to pick up a gmod_camera
L 07/10/2022 - 16:54:17: [FAdmin] DJ Bread (STEAM_0:0:579690494) Attempted to pick up a gmod_tool
L 07/10/2022 - 16:54:17: [FAdmin] DJ Bread (STEAM_0:0:579690494) Attempted to pick up a weapon_physgun
L 07/10/2022 - 16:54:18: [FAdmin] Al Shebab (STEAM_0:0:103364981) Attempted to use tool wire_soundemitter
L 07/10/2022 - 16:54:18: [FAdmin] widepeeked (STEAM_0:0:492844137) Spawned
L 07/10/2022 - 16:54:18: [FAdmin] widepeeked (STEAM_0:0:492844137) Attempted to pick up a keys
L 07/10/2022 - 16:54:18: [FAdmin] widepeeked (STEAM_0:0:492844137) Attempted to pick up a weapon_physcannon
L 07/10/2022 - 16:54:18: [FAdmin] widepeeked (STEAM_0:0:492844137) Attempted to pick up a weapon_fists
L 07/10/2022 - 16:54:18: [FAdmin] widepeeked (STEAM_0:0:492844137) Attempted to pick up a gmod_camera
L 07/10/2022 - 16:54:18: [FAdmin] widepeeked (STEAM_0:0:492844137) Attempted to pick up a gmod_tool
L 07/10/2022 - 16:54:18: [FAdmin] widepeeked (STEAM_0:0:492844137) Attempted to pick up a weapon_physgun
L 07/10/2022 - 16:54:19: [FAdmin] DJ Bread (STEAM_0:0:579690494) Attempted to switch noclip
L 07/10/2022 - 16:54:22: [FAdmin] DJ Bread (STEAM_0:0:579690494) Gave himself a m9k_orbital_strike
L 07/10/2022 - 16:54:22: [FAdmin] DJ Bread (STEAM_0:0:579690494) Attempted to pick up a m9k_orbital_strike
L 07/10/2022 - 16:54:24: [FAdmin] prop_physics(models/gibs/manhack_gib03.mdl) Got removed
L 07/10/2022 - 16:54:24: [FAdmin] prop_physics(models/gibs/manhack_gib06.mdl) Got removed
L 07/10/2022 - 16:54:24: [FAdmin] prop_physics(models/gibs/manhack_gib04.mdl) Got removed
L 07/10/2022 - 16:54:24: [FAdmin] prop_physics(models/gibs/manhack_gib01.mdl) Got removed
L 07/10/2022 - 16:54:24: [FAdmin] prop_physics(models/gibs/manhack_gib02.mdl) Got removed
L 07/10/2022 - 16:54:24: [FAdmin] prop_physics(models/gibs/manhack_gib05.mdl) Got removed
L 07/10/2022 - 16:54:27: [FAdmin] Al Shebab (STEAM_0:0:103364981) Attempted to use tool wire_lever
L 07/10/2022 - 16:54:29: [FAdmin] DJ Bread (STEAM_0:0:579690494) Gave himself a m9k_orbital_strike
L 07/10/2022 - 16:54:30: [FAdmin] prop_physics(models/gibs/manhack_gib01.mdl) Got removed
L 07/10/2022 - 16:54:30: [FAdmin] prop_physics(models/gibs/manhack_gib02.mdl) Got removed
L 07/10/2022 - 16:54:30: [FAdmin] prop_physics(models/gibs/manhack_gib04.mdl) Got removed
L 07/10/2022 - 16:54:30: [FAdmin] prop_physics(models/gibs/manhack_gib03.mdl) Got removed
L 07/10/2022 - 16:54:30: [FAdmin] prop_physics(models/gibs/manhack_gib05.mdl) Got removed
L 07/10/2022 - 16:54:30: [FAdmin] prop_physics(models/gibs/manhack_gib06.mdl) Got removed
L 07/10/2022 - 16:54:30: [FAdmin] DJ Bread (STEAM_0:0:579690494) Gave himself a m9k_orbital_strike
L 07/10/2022 - 16:54:32: [FAdmin] DJ Bread (STEAM_0:0:579690494) Gave himself a m9k_orbital_strike
L 07/10/2022 - 16:54:32: [FAdmin] Al Shebab (STEAM_0:0:103364981) Attempted to use tool wire_adv
L 07/10/2022 - 16:54:33: [FAdmin] Al Shebab (STEAM_0:0:103364981) Attempted to use tool wire_adv
L 07/10/2022 - 16:54:33: [FAdmin] DJ Bread (STEAM_0:0:579690494) Gave himself a m9k_orbital_strike
L 07/10/2022 - 16:54:38: [FAdmin] Al Shebab (STEAM_0:0:103364981) Attempted to use tool wire_adv
L 07/10/2022 - 16:54:38: [FAdmin] Al Shebab (STEAM_0:0:103364981) Attempted to use tool wire_adv
L 07/10/2022 - 16:54:38: [FAdmin] Al Shebab (STEAM_0:0:103364981) Attempted to use tool wire_adv
L 07/10/2022 - 16:54:40: [FAdmin] DJ Bread (STEAM_0:0:579690494) Attempted to switch noclip
L 07/10/2022 - 16:54:41: [FAdmin] DJ Bread (STEAM_0:0:579690494) Attempted to switch noclip
L 07/10/2022 - 16:54:43: [FAdmin] Al Shebab (STEAM_0:0:103364981) Attempted to use tool wire_adv
L 07/10/2022 - 16:54:45: [FAdmin] Al Shebab (STEAM_0:0:103364981) Attempted to use tool wire_adv
L 07/10/2022 - 16:54:45: [FAdmin] prop_physics(models/gibs/manhack_gib05.mdl) Got removed
L 07/10/2022 - 16:54:45: [FAdmin] prop_physics(models/gibs/manhack_gib03.mdl) Got removed
L 07/10/2022 - 16:54:45: [FAdmin] prop_physics(models/gibs/manhack_gib01.mdl) Got removed
L 07/10/2022 - 16:54:45: [FAdmin] prop_physics(models/gibs/manhack_gib04.mdl) Got removed
L 07/10/2022 - 16:54:45: [FAdmin] prop_physics(models/gibs/manhack_gib02.mdl) Got removed
L 07/10/2022 - 16:54:45: [FAdmin] prop_physics(models/gibs/manhack_gib06.mdl) Got removed
L 07/10/2022 - 16:54:45: [FAdmin] Al Shebab (STEAM_0:0:103364981) Attempted to use tool wire_adv
L 07/10/2022 - 16:54:45: [FAdmin] Al Shebab (STEAM_0:0:103364981) Attempted to use tool wire_adv
L 07/10/2022 - 16:54:45: [FAdmin] Al Shebab (STEAM_0:0:103364981) Attempted to use tool wire_adv
L 07/10/2022 - 16:54:46: [FAdmin] Frazer (STEAM_0:0:120840551) Spawned
L 07/10/2022 - 16:54:46: [FAdmin] Frazer (STEAM_0:0:120840551) Attempted to pick up a keys
L 07/10/2022 - 16:54:46: [FAdmin] Frazer (STEAM_0:0:120840551) Attempted to pick up a weapon_physcannon
L 07/10/2022 - 16:54:46: [FAdmin] Frazer (STEAM_0:0:120840551) Attempted to pick up a weapon_fists
L 07/10/2022 - 16:54:46: [FAdmin] Frazer (STEAM_0:0:120840551) Attempted to pick up a gmod_camera
L 07/10/2022 - 16:54:46: [FAdmin] Frazer (STEAM_0:0:120840551) Attempted to pick up a gmod_tool
L 07/10/2022 - 16:54:46: [FAdmin] Frazer (STEAM_0:0:120840551) Attempted to pick up a weapon_physgun
L 07/10/2022 - 16:54:48: [FAdmin] Al Shebab (STEAM_0:0:103364981) Attempted to use tool wire_adv
L 07/10/2022 - 16:54:48: [FAdmin] Al Shebab (STEAM_0:0:103364981) Attempted to use tool wire_adv
L 07/10/2022 - 16:54:50: "DJ Bread<2><STEAM_0:0:579690494><Civilian>" say "!menu"

L 07/10/2022 - 16:54:52: [FAdmin] prop_physics(models/items/ammocrate_smg1.mdl) Got removed
L 07/10/2022 - 16:54:57: "Al Shebab<3><STEAM_0:0:103364981><Civilian>" say "// thats poo poo"

L 07/10/2022 - 16:54:59: [ULX] DJ Bread granted god mode upon Themself
L 07/10/2022 - 16:55:06: [FAdmin] DJ Bread (STEAM_0:0:579690494) Gave himself a m9k_nerve_gas
L 07/10/2022 - 16:55:06: [FAdmin] DJ Bread (STEAM_0:0:579690494) Attempted to pick up a m9k_nerve_gas
L 07/10/2022 - 16:55:07: [FAdmin] Al Shebab (STEAM_0:0:103364981) Attempted to use tool wire_soundemitter
L 07/10/2022 - 16:55:07: [FAdmin] Al Shebab (STEAM_0:0:103364981) Attempted to use tool wire_soundemitter
L 07/10/2022 - 16:55:08: [FAdmin] Al Shebab (STEAM_0:0:103364981) Attempted to use tool wire_soundemitter
L 07/10/2022 - 16:55:08: [FAdmin] npc_manhack was killed by DJ Bread with a m9k_released_poison
L 07/10/2022 - 16:55:08: [FAdmin] npc_manhack was killed by DJ Bread with a m9k_released_poison
L 07/10/2022 - 16:55:08: [FAdmin] npc_manhack was killed by DJ Bread with a m9k_released_poison
L 07/10/2022 - 16:55:08: [FAdmin] npc_manhack was killed by DJ Bread with a m9k_released_poison
L 07/10/2022 - 16:55:08: [FAdmin] npc_manhack was killed by DJ Bread with a m9k_released_poison
L 07/10/2022 - 16:55:08: [FAdmin] npc_manhack was killed by DJ Bread with a m9k_released_poison
L 07/10/2022 - 16:55:08: [FAdmin] npc_manhack was killed by DJ Bread with a m9k_released_poison
L 07/10/2022 - 16:55:08: [FAdmin] Al Shebab (STEAM_0:0:103364981) Attempted to use tool wire_soundemitter
L 07/10/2022 - 16:55:09: [FAdmin] Al Shebab (STEAM_0:0:103364981) Attempted to use tool wire_soundemitter
L 07/10/2022 - 16:55:09: [FAdmin] Al Shebab (STEAM_0:0:103364981) Attempted to use tool wire_soundemitter
L 07/10/2022 - 16:55:10: [FAdmin] Al Shebab (STEAM_0:0:103364981) Attempted to use tool wire_soundemitter
L 07/10/2022 - 16:55:11: [FAdmin] Al Shebab (STEAM_0:0:103364981) Attempted to use tool wire_soundemitter
L 07/10/2022 - 16:55:13: [FAdmin] Al Shebab (STEAM_0:0:103364981) Attempted to use tool wire_soundemitter
L 07/10/2022 - 16:55:16: [FAdmin] DJ Bread (STEAM_0:0:579690494) Gave himself a m9k_ex41
L 07/10/2022 - 16:55:16: [FAdmin] DJ Bread (STEAM_0:0:579690494) Attempted to pick up a m9k_ex41
L 07/10/2022 - 16:55:17: [FAdmin] Frazer (STEAM_0:0:120840551) changed from Civilian to Gun Dealer
L 07/10/2022 - 16:55:17: [FAdmin] Frazer (STEAM_0:0:120840551) Attempted to pick up a keys
L 07/10/2022 - 16:55:17: [FAdmin] Frazer (STEAM_0:0:120840551) Attempted to pick up a weapon_physcannon
L 07/10/2022 - 16:55:17: [FAdmin] Frazer (STEAM_0:0:120840551) Attempted to pick up a weapon_fists
L 07/10/2022 - 16:55:17: [FAdmin] Frazer (STEAM_0:0:120840551) Attempted to pick up a gmod_camera
L 07/10/2022 - 16:55:17: [FAdmin] Frazer (STEAM_0:0:120840551) Attempted to pick up a gmod_tool
L 07/10/2022 - 16:55:17: [FAdmin] Frazer (STEAM_0:0:120840551) Attempted to pick up a weapon_physgun
L 07/10/2022 - 16:55:18: [FAdmin] Al Shebab (STEAM_0:0:103364981) Attempted to use tool wire_lever
L 07/10/2022 - 16:55:22: [FAdmin] Frazer (STEAM_0:0:120840551) Attempted to pick up a m9k_an94
L 07/10/2022 - 16:55:25: [FAdmin] Al Shebab (STEAM_0:0:103364981) Attempted to use tool wire_adv
L 07/10/2022 - 16:55:28: [FAdmin] npc_manhack was killed by DJ Bread with a m9k_launched_ex41
L 07/10/2022 - 16:55:28: [FAdmin] npc_manhack was killed by DJ Bread with a m9k_launched_ex41
L 07/10/2022 - 16:55:29: [FAdmin] Al Shebab (STEAM_0:0:103364981) Attempted to use tool wire_adv
L 07/10/2022 - 16:55:30: [FAdmin] Al Shebab (STEAM_0:0:103364981) Attempted to use tool wire_adv
L 07/10/2022 - 16:55:30: [FAdmin] Al Shebab (STEAM_0:0:103364981) Attempted to use tool wire_adv
L 07/10/2022 - 16:55:30: [FAdmin] Al Shebab (STEAM_0:0:103364981) Attempted to use tool wire_adv
L 07/10/2022 - 16:55:32: [FAdmin] Al Shebab (STEAM_0:0:103364981) Attempted to use tool wire_adv
L 07/10/2022 - 16:55:38: [FAdmin] Al Shebab (STEAM_0:0:103364981) Attempted to use tool wire_adv
L 07/10/2022 - 16:55:39: [FAdmin] Al Shebab (STEAM_0:0:103364981) Attempted to use tool wire_adv
L 07/10/2022 - 16:55:39: [FAdmin] Al Shebab (STEAM_0:0:103364981) Attempted to use tool wire_adv
L 07/10/2022 - 16:55:39: [FAdmin] Al Shebab (STEAM_0:0:103364981) Attempted to use tool wire_adv
L 07/10/2022 - 16:55:39: [FAdmin] prop_physics(models/gibs/manhack_gib06.mdl) Got removed
L 07/10/2022 - 16:55:39: [FAdmin] prop_physics(models/gibs/manhack_gib06.mdl) Got removed
L 07/10/2022 - 16:55:39: [FAdmin] prop_physics(models/gibs/manhack_gib01.mdl) Got removed
L 07/10/2022 - 16:55:39: [FAdmin] prop_physics(models/gibs/manhack_gib02.mdl) Got removed
L 07/10/2022 - 16:55:39: [FAdmin] prop_physics(models/gibs/manhack_gib03.mdl) Got removed
L 07/10/2022 - 16:55:39: [FAdmin] prop_physics(models/gibs/manhack_gib04.mdl) Got removed
L 07/10/2022 - 16:55:39: [FAdmin] prop_physics(models/gibs/manhack_gib05.mdl) Got removed
L 07/10/2022 - 16:55:39: [FAdmin] prop_physics(models/gibs/manhack_gib01.mdl) Got removed
L 07/10/2022 - 16:55:39: [FAdmin] prop_physics(models/gibs/manhack_gib02.mdl) Got removed
L 07/10/2022 - 16:55:39: [FAdmin] prop_physics(models/gibs/manhack_gib03.mdl) Got removed
L 07/10/2022 - 16:55:39: [FAdmin] prop_physics(models/gibs/manhack_gib04.mdl) Got removed
L 07/10/2022 - 16:55:39: [FAdmin] prop_physics(models/gibs/manhack_gib05.mdl) Got removed
L 07/10/2022 - 16:55:39: [FAdmin] prop_physics(models/gibs/manhack_gib01.mdl) Got removed
L 07/10/2022 - 16:55:39: [FAdmin] prop_physics(models/gibs/manhack_gib02.mdl) Got removed
L 07/10/2022 - 16:55:39: [FAdmin] prop_physics(models/gibs/manhack_gib03.mdl) Got removed
L 07/10/2022 - 16:55:39: [FAdmin] prop_physics(models/gibs/manhack_gib04.mdl) Got removed
L 07/10/2022 - 16:55:39: [FAdmin] prop_physics(models/gibs/manhack_gib05.mdl) Got removed
L 07/10/2022 - 16:55:39: [FAdmin] prop_physics(models/gibs/manhack_gib01.mdl) Got removed
L 07/10/2022 - 16:55:39: [FAdmin] prop_physics(models/gibs/manhack_gib02.mdl) Got removed
L 07/10/2022 - 16:55:39: [FAdmin] prop_physics(models/gibs/manhack_gib03.mdl) Got removed
L 07/10/2022 - 16:55:39: [FAdmin] prop_physics(models/gibs/manhack_gib04.mdl) Got removed
L 07/10/2022 - 16:55:39: [FAdmin] prop_physics(models/gibs/manhack_gib05.mdl) Got removed
L 07/10/2022 - 16:55:39: [FAdmin] prop_physics(models/gibs/manhack_gib01.mdl) Got removed
L 07/10/2022 - 16:55:39: [FAdmin] prop_physics(models/gibs/manhack_gib02.mdl) Got removed
L 07/10/2022 - 16:55:39: [FAdmin] prop_physics(models/gibs/manhack_gib03.mdl) Got removed
L 07/10/2022 - 16:55:39: [FAdmin] prop_physics(models/gibs/manhack_gib04.mdl) Got removed
L 07/10/2022 - 16:55:39: [FAdmin] prop_physics(models/gibs/manhack_gib05.mdl) Got removed
L 07/10/2022 - 16:55:39: [FAdmin] prop_physics(models/gibs/manhack_gib01.mdl) Got removed
L 07/10/2022 - 16:55:39: [FAdmin] prop_physics(models/gibs/manhack_gib02.mdl) Got removed
L 07/10/2022 - 16:55:39: [FAdmin] prop_physics(models/gibs/manhack_gib03.mdl) Got removed
L 07/10/2022 - 16:55:39: [FAdmin] prop_physics(models/gibs/manhack_gib04.mdl) Got removed
L 07/10/2022 - 16:55:39: [FAdmin] prop_physics(models/gibs/manhack_gib05.mdl) Got removed
L 07/10/2022 - 16:55:39: [FAdmin] prop_physics(models/gibs/manhack_gib06.mdl) Got removed
L 07/10/2022 - 16:55:39: [FAdmin] prop_physics(models/gibs/manhack_gib06.mdl) Got removed
L 07/10/2022 - 16:55:39: [FAdmin] prop_physics(models/gibs/manhack_gib06.mdl) Got removed
L 07/10/2022 - 16:55:39: [FAdmin] prop_physics(models/gibs/manhack_gib06.mdl) Got removed
L 07/10/2022 - 16:55:39: [FAdmin] prop_physics(models/gibs/manhack_gib03.mdl) Got removed
L 07/10/2022 - 16:55:39: [FAdmin] prop_physics(models/gibs/manhack_gib04.mdl) Got removed
L 07/10/2022 - 16:55:39: [FAdmin] prop_physics(models/gibs/manhack_gib06.mdl) Got removed
L 07/10/2022 - 16:55:39: [FAdmin] prop_physics(models/gibs/manhack_gib05.mdl) Got removed
L 07/10/2022 - 16:55:39: [FAdmin] prop_physics(models/gibs/manhack_gib01.mdl) Got removed
L 07/10/2022 - 16:55:39: [FAdmin] prop_physics(models/gibs/manhack_gib02.mdl) Got removed
L 07/10/2022 - 16:55:40: [FAdmin] Al Shebab (STEAM_0:0:103364981) Attempted to use tool wire_adv
L 07/10/2022 - 16:55:42: [FAdmin] Al Shebab (STEAM_0:0:103364981) Attempted to use tool wire_adv
L 07/10/2022 - 16:55:43: [FAdmin] DJ Bread (STEAM_0:0:579690494) Gave himself a m9k_orbital_strike
L 07/10/2022 - 16:55:43: [FAdmin] Al Shebab (STEAM_0:0:103364981) Attempted to use tool wire_adv
L 07/10/2022 - 16:55:43: [FAdmin] Al Shebab (STEAM_0:0:103364981) Attempted to use tool wire_adv
L 07/10/2022 - 16:55:43: [FAdmin] Al Shebab (STEAM_0:0:103364981) Attempted to use tool wire_adv
L 07/10/2022 - 16:55:44: [FAdmin] widepeeked (STEAM_0:0:492844137) Got killed by npc_manhack with a npc_manhack
L 07/10/2022 - 16:55:44: [FAdmin] DJ Bread (STEAM_0:0:579690494) Attempted to switch noclip
L 07/10/2022 - 16:55:46: [FAdmin] Al Shebab (STEAM_0:0:103364981) Attempted to use tool wire_adv
L 07/10/2022 - 16:55:47: [FAdmin] widepeeked (STEAM_0:0:492844137) Spawned
L 07/10/2022 - 16:55:47: [FAdmin] widepeeked (STEAM_0:0:492844137) Attempted to pick up a keys
L 07/10/2022 - 16:55:47: [FAdmin] widepeeked (STEAM_0:0:492844137) Attempted to pick up a weapon_physcannon
L 07/10/2022 - 16:55:47: [FAdmin] widepeeked (STEAM_0:0:492844137) Attempted to pick up a weapon_fists
L 07/10/2022 - 16:55:47: [FAdmin] widepeeked (STEAM_0:0:492844137) Attempted to pick up a gmod_camera
L 07/10/2022 - 16:55:47: [FAdmin] widepeeked (STEAM_0:0:492844137) Attempted to pick up a gmod_tool
L 07/10/2022 - 16:55:47: [FAdmin] widepeeked (STEAM_0:0:492844137) Attempted to pick up a weapon_physgun
L 07/10/2022 - 16:55:47: [FAdmin] DJ Bread (STEAM_0:0:579690494) Gave himself a m9k_orbital_strike
L 07/10/2022 - 16:55:48: [FAdmin] DJ Bread (STEAM_0:0:579690494) Gave himself a m9k_orbital_strike
L 07/10/2022 - 16:55:48: [FAdmin] DJ Bread (STEAM_0:0:579690494) Gave himself a m9k_orbital_strike
L 07/10/2022 - 16:55:48: [FAdmin] Al Shebab (STEAM_0:0:103364981) Attempted to use tool wire_adv
L 07/10/2022 - 16:55:48: [FAdmin] Al Shebab (STEAM_0:0:103364981) Attempted to use tool wire_adv
L 07/10/2022 - 16:55:48: [FAdmin] Al Shebab (STEAM_0:0:103364981) Attempted to use tool wire_adv
L 07/10/2022 - 16:55:48: [FAdmin] Al Shebab (STEAM_0:0:103364981) Attempted to use tool wire_adv
L 07/10/2022 - 16:55:49: [FAdmin] DJ Bread (STEAM_0:0:579690494) Gave himself a m9k_orbital_strike
L 07/10/2022 - 16:55:51: [FAdmin] Al Shebab (STEAM_0:0:103364981) Attempted to use tool wire_adv
L 07/10/2022 - 16:55:52: [FAdmin] Al Shebab (STEAM_0:0:103364981) Attempted to use tool wire_adv
L 07/10/2022 - 16:55:54: [FAdmin] Al Shebab (STEAM_0:0:103364981) Attempted to use tool wire_adv
L 07/10/2022 - 16:55:54: [FAdmin] Al Shebab (STEAM_0:0:103364981) Attempted to use tool wire_adv
L 07/10/2022 - 16:55:54: [FAdmin] Al Shebab (STEAM_0:0:103364981) Attempted to use tool wire_adv
L 07/10/2022 - 16:55:55: [FAdmin] Al Shebab (STEAM_0:0:103364981) Attempted to use tool wire_adv
L 07/10/2022 - 16:55:57: [FAdmin] Al Shebab (STEAM_0:0:103364981) Attempted to use tool wire_adv
L 07/10/2022 - 16:55:57: [FAdmin] Al Shebab (STEAM_0:0:103364981) Attempted to use tool wire_adv
L 07/10/2022 - 16:55:57: [FAdmin] Al Shebab (STEAM_0:0:103364981) Attempted to use tool wire_adv
L 07/10/2022 - 16:55:57: [FAdmin] Al Shebab (STEAM_0:0:103364981) Attempted to use tool wire_adv
L 07/10/2022 - 16:55:58: [FAdmin] DJ Bread (STEAM_0:0:579690494) Spawned a m9k_ammo_nuke
L 07/10/2022 - 16:55:58: [ULX] DJ Bread<STEAM_0:0:579690494> spawned sent m9k_ammo_nuke
L 07/10/2022 - 16:55:58: [FAdmin] DJ Bread (STEAM_0:0:579690494) Spawned a m9k_ammo_orbitalstrike
L 07/10/2022 - 16:55:58: [ULX] DJ Bread<STEAM_0:0:579690494> spawned sent m9k_ammo_orbitalstrike
L 07/10/2022 - 16:55:58: [FAdmin] DJ Bread (STEAM_0:0:579690494) Spawned a m9k_ammo_orbitalstrike
L 07/10/2022 - 16:55:58: [ULX] DJ Bread<STEAM_0:0:579690494> spawned sent m9k_ammo_orbitalstrike
L 07/10/2022 - 16:55:58: [FAdmin] DJ Bread (STEAM_0:0:579690494) Spawned a m9k_ammo_orbitalstrike
L 07/10/2022 - 16:55:58: [ULX] DJ Bread<STEAM_0:0:579690494> spawned sent m9k_ammo_orbitalstrike
L 07/10/2022 - 16:56:00: [FAdmin] prop_physics(models/gibs/manhack_gib02.mdl) Got removed
L 07/10/2022 - 16:56:00: [FAdmin] prop_physics(models/gibs/manhack_gib05.mdl) Got removed
L 07/10/2022 - 16:56:00: [FAdmin] prop_physics(models/gibs/manhack_gib01.mdl) Got removed
L 07/10/2022 - 16:56:00: [FAdmin] prop_physics(models/gibs/manhack_gib05.mdl) Got removed
L 07/10/2022 - 16:56:00: [FAdmin] prop_physics(models/gibs/manhack_gib04.mdl) Got removed
L 07/10/2022 - 16:56:00: [FAdmin] prop_physics(models/gibs/manhack_gib06.mdl) Got removed
L 07/10/2022 - 16:56:00: [FAdmin] prop_physics(models/gibs/manhack_gib03.mdl) Got removed
L 07/10/2022 - 16:56:00: [FAdmin] prop_physics(models/gibs/manhack_gib02.mdl) Got removed
L 07/10/2022 - 16:56:00: [FAdmin] prop_physics(models/gibs/manhack_gib01.mdl) Got removed
L 07/10/2022 - 16:56:00: [FAdmin] prop_physics(models/gibs/manhack_gib06.mdl) Got removed
L 07/10/2022 - 16:56:00: [FAdmin] prop_physics(models/gibs/manhack_gib04.mdl) Got removed
L 07/10/2022 - 16:56:00: [FAdmin] prop_physics(models/gibs/manhack_gib03.mdl) Got removed
L 07/10/2022 - 16:56:00: [FAdmin] Al Shebab (STEAM_0:0:103364981) Attempted to use tool wire_adv
L 07/10/2022 - 16:56:02: [FAdmin] Al Shebab (STEAM_0:0:103364981) Attempted to use tool wire_adv
L 07/10/2022 - 16:56:03: [FAdmin] DJ Bread (STEAM_0:0:579690494) Spawned a m9k_ammo_orbitalstrike
L 07/10/2022 - 16:56:03: [ULX] DJ Bread<STEAM_0:0:579690494> spawned sent m9k_ammo_orbitalstrike
L 07/10/2022 - 16:56:03: [FAdmin] Al Shebab (STEAM_0:0:103364981) Attempted to use tool wire_adv
L 07/10/2022 - 16:56:03: [FAdmin] Al Shebab (STEAM_0:0:103364981) Attempted to use tool wire_adv
L 07/10/2022 - 16:56:03: [FAdmin] Al Shebab (STEAM_0:0:103364981) Attempted to use tool wire_adv
L 07/10/2022 - 16:56:04: [FAdmin] DJ Bread (STEAM_0:0:579690494) Spawned a m9k_ammo_orbitalstrike
L 07/10/2022 - 16:56:04: [ULX] DJ Bread<STEAM_0:0:579690494> spawned sent m9k_ammo_orbitalstrike
L 07/10/2022 - 16:56:06: [FAdmin] Al Shebab (STEAM_0:0:103364981) Attempted to use tool wire_adv
L 07/10/2022 - 16:56:06: [FAdmin] Frazer (STEAM_0:0:120840551) Attempted to pick up a weapon_pumpshotgun2
L 07/10/2022 - 16:56:10: [FAdmin] DJ Bread (STEAM_0:0:579690494) Spawned a m9k_ammo_rockets
L 07/10/2022 - 16:56:10: [ULX] DJ Bread<STEAM_0:0:579690494> spawned sent m9k_ammo_rockets
L 07/10/2022 - 16:56:14: [FAdmin] widepeeked (STEAM_0:0:492844137) Got killed by npc_manhack with a npc_manhack
L 07/10/2022 - 16:56:15: [FAdmin] prop_physics(models/weapons/w_shot_m3super90.mdl) Got removed
L 07/10/2022 - 16:56:17: [FAdmin] widepeeked (STEAM_0:0:492844137) Spawned
L 07/10/2022 - 16:56:17: [FAdmin] widepeeked (STEAM_0:0:492844137) Attempted to pick up a keys
L 07/10/2022 - 16:56:17: [FAdmin] widepeeked (STEAM_0:0:492844137) Attempted to pick up a weapon_physcannon
L 07/10/2022 - 16:56:17: [FAdmin] widepeeked (STEAM_0:0:492844137) Attempted to pick up a weapon_fists
L 07/10/2022 - 16:56:17: [FAdmin] widepeeked (STEAM_0:0:492844137) Attempted to pick up a gmod_camera
L 07/10/2022 - 16:56:17: [FAdmin] widepeeked (STEAM_0:0:492844137) Attempted to pick up a gmod_tool
L 07/10/2022 - 16:56:17: [FAdmin] widepeeked (STEAM_0:0:492844137) Attempted to pick up a weapon_physgun
L 07/10/2022 - 16:56:20: [FAdmin] DJ Bread (STEAM_0:0:579690494) Gave himself a m9k_1897winchester
L 07/10/2022 - 16:56:20: [FAdmin] DJ Bread (STEAM_0:0:579690494) Attempted to pick up a m9k_1897winchester
L 07/10/2022 - 16:56:25: [FAdmin] Frazer (STEAM_0:0:120840551) Got killed by DJ Bread with a player
L 07/10/2022 - 16:56:29: [FAdmin] Frazer (STEAM_0:0:120840551) Spawned
L 07/10/2022 - 16:56:29: [FAdmin] Frazer (STEAM_0:0:120840551) Attempted to pick up a keys
L 07/10/2022 - 16:56:29: [FAdmin] Frazer (STEAM_0:0:120840551) Attempted to pick up a weapon_physcannon
L 07/10/2022 - 16:56:29: [FAdmin] Frazer (STEAM_0:0:120840551) Attempted to pick up a weapon_fists
L 07/10/2022 - 16:56:29: [FAdmin] Frazer (STEAM_0:0:120840551) Attempted to pick up a gmod_camera
L 07/10/2022 - 16:56:29: [FAdmin] Frazer (STEAM_0:0:120840551) Attempted to pick up a gmod_tool
L 07/10/2022 - 16:56:29: [FAdmin] Frazer (STEAM_0:0:120840551) Attempted to pick up a weapon_physgun
L 07/10/2022 - 16:56:29: [FAdmin] Al Shebab (STEAM_0:0:103364981) Gave himself a m9k_m202
L 07/10/2022 - 16:56:29: [FAdmin] Al Shebab (STEAM_0:0:103364981) Attempted to pick up a m9k_m202
L 07/10/2022 - 16:56:29: [FAdmin] npc_manhack was killed by DJ Bread with a player
L 07/10/2022 - 16:56:37: [FAdmin] DJ Bread (STEAM_0:0:579690494) Gave himself a m9k_mossberg590
L 07/10/2022 - 16:56:37: [FAdmin] DJ Bread (STEAM_0:0:579690494) Attempted to pick up a m9k_mossberg590
L 07/10/2022 - 16:56:38: [FAdmin] npc_manhack was killed by DJ Bread with a player
L 07/10/2022 - 16:56:40: [FAdmin] npc_manhack was killed by DJ Bread with a player
L 07/10/2022 - 16:56:41: [FAdmin] widepeeked (STEAM_0:0:492844137) Attempted to pick up a m9k_m202
L 07/10/2022 - 16:56:43: [FAdmin] Al Shebab (STEAM_0:0:103364981) Got killed by widepeeked with a m9k_m202_rocket
L 07/10/2022 - 16:56:50: [FAdmin] Al Shebab (STEAM_0:0:103364981) Spawned
L 07/10/2022 - 16:56:50: [FAdmin] Al Shebab (STEAM_0:0:103364981) Attempted to pick up a keys
L 07/10/2022 - 16:56:50: [FAdmin] Al Shebab (STEAM_0:0:103364981) Attempted to pick up a weapon_physcannon
L 07/10/2022 - 16:56:50: [FAdmin] Al Shebab (STEAM_0:0:103364981) Attempted to pick up a weapon_fists
L 07/10/2022 - 16:56:50: [FAdmin] Al Shebab (STEAM_0:0:103364981) Attempted to pick up a gmod_camera
L 07/10/2022 - 16:56:50: [FAdmin] Al Shebab (STEAM_0:0:103364981) Attempted to pick up a gmod_tool
L 07/10/2022 - 16:56:50: [FAdmin] Al Shebab (STEAM_0:0:103364981) Attempted to pick up a weapon_physgun
L 07/10/2022 - 16:56:53: "widepeeked<5><STEAM_0:0:492844137><Civilian