L 07/10/2022 - 17:24:10: Log file started (file "logs\L0710017.log") (game "C:\Users\kazza\Desktop\Garry's Mod\steamcmd\steamapps\common\GarrysModDS\garrysmod") (version "8607")
L 07/10/2022 - 17:24:10: server_cvar: "sbox_noclip" "0"
L 07/10/2022 - 17:24:10: server_cvar: "sbox_maxprops" "80"
L 07/10/2022 - 17:24:10: server_cvar: "sbox_maxragdolls" "0"
L 07/10/2022 - 17:24:10: server_cvar: "sbox_maxnpcs" "0"
L 07/10/2022 - 17:24:10: server_cvar: "sbox_maxballoons" "0"
L 07/10/2022 - 17:24:10: server_cvar: "sbox_maxeffects" "0"
L 07/10/2022 - 17:24:10: server_cvar: "sbox_maxdynamite" "0"
L 07/10/2022 - 17:24:10: server_cvar: "sbox_maxlamps" "0"
L 07/10/2022 - 17:24:10: server_cvar: "sbox_maxthrusters" "0"
L 07/10/2022 - 17:24:10: server_cvar: "sbox_maxwheels" "0"
L 07/10/2022 - 17:24:10: server_cvar: "sbox_maxhoverballs" "0"
L 07/10/2022 - 17:24:10: server_cvar: "sbox_maxvehicles" "1"
L 07/10/2022 - 17:24:10: server_cvar: "sbox_maxbuttons" "6"
L 07/10/2022 - 17:24:10: server_cvar: "sbox_maxemitters" "0"
L 07/10/2022 - 17:24:10: server_cvar: "sv_airaccelerate" "1000"
L 07/10/2022 - 17:24:15: Connection to Steam servers successful.
L 07/10/2022 - 17:24:15:    Public IP is 60.241.142.139.
L 07/10/2022 - 17:24:15: Assigned persistent gameserver Steam ID [G-1:3987399].
L 07/10/2022 - 17:24:15: VAC secure mode is activated.
L 07/10/2022 - 17:24:15: "Skii<2><STEAM_0:0:579690494><>" connected, address "172.195.123.72:27005"
L 07/10/2022 - 17:24:15: "Frazer<3><STEAM_0:0:120840551><>" connected, address "101.190.51.71:27005"
L 07/10/2022 - 17:24:15: "Frazer<3><STEAM_0:0:120840551><>" disconnected (reason "Connection closing")
L 07/10/2022 - 17:24:15: "Frazer<4><STEAM_0:0:120840551><>" connected, address "101.190.51.71:27005"
L 07/10/2022 - 17:24:16: "Skii<2><STEAM_0:0:579690494><>" STEAM USERID validated
L 07/10/2022 - 17:24:16: "Frazer<4><STEAM_0:0:120840551><>" STEAM USERID validated
L 07/10/2022 - 17:24:28: "idle<5><STEAM_0:0:191691202><>" connected, address "101.190.51.71:1388"
L 07/10/2022 - 17:24:28: "idle<5><STEAM_0:0:191691202><>" STEAM USERID validated
L 07/10/2022 - 17:24:40: "Frazer<4><STEAM_0:0:120840551><>" entered the game
L 07/10/2022 - 17:24:47: Lua Error: 
[tebexgmod] addons/tebexgmod/lua/tebex/client/apiclient.lua:36: attempt to call upvalue 'failure' (a nil value)
  1. unknown - addons/tebexgmod/lua/tebex/client/apiclient.lua:36


L 07/10/2022 - 17:24:50: "idle<5><STEAM_0:0:191691202><>" entered the game
L 07/10/2022 - 17:24:53: "Skii<2><STEAM_0:0:579690494><>" entered the game
L 07/10/2022 - 17:24:56: "Al Shebab<6><STEAM_0:0:103364981><>" connected, address "60.241.142.139:27006"
L 07/10/2022 - 17:24:56: "Al Shebab<6><STEAM_0:0:103364981><>" STEAM USERID validated
L 07/10/2022 - 17:25:15: "Al Shebab<6><STEAM_0:0:103364981><>" entered the game
L 07/10/2022 - 17:25:39: "DJ Bread<2><STEAM_0:0:579690494><Civilian>" say "!menu"

L 07/10/2022 - 17:25:43: "Binchicken<7><STEAM_0:0:437291733><>" connected, address "149.167.60.156:21373"
L 07/10/2022 - 17:25:43: "Binchicken<7><STEAM_0:0:437291733><>" STEAM USERID validated
L 07/10/2022 - 17:26:01: "Binchicken<7><STEAM_0:0:437291733><>" entered the game
L 07/10/2022 - 17:26:03: "DJ Bread<2><STEAM_0:0:579690494><Civilian>" say "!menu"

L 07/10/2022 - 17:26:39: "Al Shebab<6><STEAM_0:0:103364981><Civilian>" say "bind v ulx noclip"

L 07/10/2022 - 17:27:29: "jaywalking0d<8><STEAM_0:1:212383203><>" connected, address "183.89.162.212:27005"
L 07/10/2022 - 17:27:29: "jaywalking0d<8><STEAM_0:1:212383203><>" STEAM USERID validated
L 07/10/2022 - 17:30:18: [ULX] DJ Bread teleported to Frazer
L 07/10/2022 - 17:30:22: "jaywalking0d<8><STEAM_0:1:212383203><>" entered the game
L 07/10/2022 - 17:30:25: "DJ Bread<2><STEAM_0:0:579690494><Civilian>" say "!menu"

L 07/10/2022 - 17:30:37: [ULX] DJ Bread set the scale for Themself to 0
L 07/10/2022 - 17:30:39: [ULX] DJ Bread set the scale for Themself to 0
L 07/10/2022 - 17:30:41: "binchicken<7><STEAM_0:0:437291733><Civilian>" say "!menu"

L 07/10/2022 - 17:30:41: [ULX] DJ Bread set the scale for Themself to 1
L 07/10/2022 - 17:30:47: [ULX] DJ Bread set the scale for Frazer to 3
L 07/10/2022 - 17:30:50: [ULX] binchicken added jaywalking0d to group administrator
L 07/10/2022 - 17:30:55: [ULX] idle<STEAM_0:0:191691202> spawned model models/props_c17/furniturewashingmachine001a.mdl
L 07/10/2022 - 17:30:58: [ULX] idle<STEAM_0:0:191691202> spawned model models/props_c17/furniturewashingmachine001a.mdl
L 07/10/2022 - 17:31:06: "DJ Bread<2><STEAM_0:0:579690494><Civilian>" say "!menu"

L 07/10/2022 - 17:31:09: [ULX] DJ Bread set the scale for Frazer to 8
L 07/10/2022 - 17:31:12: [ULX] binchicken teleported to jaywalking0d
L 07/10/2022 - 17:31:15: [ULX] idle<STEAM_0:0:191691202> spawned model models/props_c17/furniturewashingmachine001a.mdl
L 07/10/2022 - 17:31:15: [ULX] idle<STEAM_0:0:191691202> spawned model models/props_c17/furniturewashingmachine001a.mdl
L 07/10/2022 - 17:31:16: [ULX] idle<STEAM_0:0:191691202> spawned model models/props_c17/furniturewashingmachine001a.mdl
L 07/10/2022 - 17:31:16: [ULX] idle<STEAM_0:0:191691202> spawned model models/props_c17/furniturewashingmachine001a.mdl
L 07/10/2022 - 17:31:23: [ULX] idle<STEAM_0:0:191691202> spawned model models/props_phx/construct/metal_wire1x1x2b.mdl
L 07/10/2022 - 17:31:23: "DJ Bread<2><STEAM_0:0:579690494><Civilian>" say "!menu"

L 07/10/2022 - 17:31:25: [ULX] idle<STEAM_0:0:191691202> spawned model models/props_phx/construct/metal_wire_angle360x2.mdl
L 07/10/2022 - 17:31:26: [ULX] idle<STEAM_0:0:191691202> spawned model models/props_phx/construct/metal_wire_angle360x2.mdl
L 07/10/2022 - 17:31:26: [ULX] idle<STEAM_0:0:191691202> spawned model models/props_phx/construct/metal_wire_angle360x2.mdl
L 07/10/2022 - 17:31:26: [ULX] idle<STEAM_0:0:191691202> spawned model models/props_phx/construct/metal_wire_angle360x2.mdl
L 07/10/2022 - 17:31:26: [ULX] idle<STEAM_0:0:191691202> spawned model models/props_phx/construct/metal_wire_angle360x2.mdl
L 07/10/2022 - 17:31:26: [ULX] idle<STEAM_0:0:191691202> spawned model models/props_phx/construct/metal_wire_angle360x2.mdl
L 07/10/2022 - 17:31:27: [ULX] DJ Bread set the scale for Frazer to 0
L 07/10/2022 - 17:31:28: [ULX] idle<STEAM_0:0:191691202> spawned model models/props_phx/construct/metal_wire_angle360x1.mdl
L 07/10/2022 - 17:31:29: [ULX] idle<STEAM_0:0:191691202> spawned model models/props_phx/construct/metal_wire_angle360x2.mdl
L 07/10/2022 - 17:31:29: [ULX] idle<STEAM_0:0:191691202> spawned model models/props_phx/construct/metal_wire_angle180x2.mdl
L 07/10/2022 - 17:31:30: [ULX] idle<STEAM_0:0:191691202> spawned model models/props_phx/construct/metal_wire_angle90x2.mdl
L 07/10/2022 - 17:31:32: [ULX] idle<STEAM_0:0:191691202> spawned model models/props_phx/construct/metal_wire_angle360x1.mdl
L 07/10/2022 - 17:31:32: [ULX] idle<STEAM_0:0:191691202> spawned model models/props_phx/construct/metal_wire_angle360x1.mdl
L 07/10/2022 - 17:31:32: [ULX] idle<STEAM_0:0:191691202> spawned model models/props_phx/construct/metal_wire_angle360x1.mdl
L 07/10/2022 - 17:31:33: "DJ Bread<2><STEAM_0:0:579690494><Civilian>" say "!menu"

L 07/10/2022 - 17:31:35: [ULX] idle<STEAM_0:0:191691202> spawned model models/props_phx/construct/metal_plate_curve360x2.mdl
L 07/10/2022 - 17:31:35: [ULX] idle<STEAM_0:0:191691202> spawned model models/props_phx/construct/metal_plate_curve360x2.mdl
L 07/10/2022 - 17:31:35: [ULX] idle<STEAM_0:0:191691202> spawned model models/props_phx/construct/metal_plate_curve360x2.mdl
L 07/10/2022 - 17:31:35: [ULX] idle<STEAM_0:0:191691202> spawned model models/props_phx/construct/metal_plate_curve360x2.mdl
L 07/10/2022 - 17:31:35: [ULX] idle<STEAM_0:0:191691202> spawned model models/props_phx/construct/metal_plate_curve360x2.mdl
L 07/10/2022 - 17:31:38: [ULX] idle<STEAM_0:0:191691202> spawned model models/props_phx/construct/windows/window_curve360x2.mdl
L 07/10/2022 - 17:31:38: [ULX] DJ Bread set the scale for Themself to 0
L 07/10/2022 - 17:31:39: [ULX] idle<STEAM_0:0:191691202> spawned model models/props_phx/construct/glass/glass_curve360x2.mdl
L 07/10/2022 - 17:31:41: [ULX] idle<STEAM_0:0:191691202> spawned model models/props_phx/construct/metal_wire1x2x2b.mdl
L 07/10/2022 - 17:31:41: [ULX] idle<STEAM_0:0:191691202> spawned model models/props_phx/construct/metal_wire1x2x2b.mdl
L 07/10/2022 - 17:31:42: [ULX] idle<STEAM_0:0:191691202> spawned model models/props_phx/construct/metal_wire1x2x2b.mdl
L 07/10/2022 - 17:31:42: [ULX] idle<STEAM_0:0:191691202> spawned model models/props_phx/construct/metal_wire1x2x2b.mdl
L 07/10/2022 - 17:31:42: [ULX] idle<STEAM_0:0:191691202> spawned model models/props_phx/construct/metal_wire1x2x2b.mdl
L 07/10/2022 - 17:31:42: [ULX] idle<STEAM_0:0:191691202> spawned model models/props_phx/construct/metal_wire1x2x2b.mdl
L 07/10/2022 - 17:31:42: [ULX] idle<STEAM_0:0:191691202> spawned model models/props_phx/construct/metal_wire1x2x2b.mdl
L 07/10/2022 - 17:31:42: [ULX] idle<STEAM_0:0:191691202> spawned model models/props_phx/construct/metal_wire1x2x2b.mdl
L 07/10/2022 - 17:31:43: [ULX] idle<STEAM_0:0:191691202> spawned model models/props_phx/construct/metal_wire1x2x2b.mdl
L 07/10/2022 - 17:31:43: [ULX] idle<STEAM_0:0:191691202> spawned model models/props_phx/construct/metal_wire1x2x2b.mdl
L 07/10/2022 - 17:31:43: [ULX] idle<STEAM_0:0:191691202> spawned model models/props_phx/construct/metal_wire1x2x2b.mdl
L 07/10/2022 - 17:31:43: [ULX] idle<STEAM_0:0:191691202> spawned model models/props_phx/construct/metal_wire1x2x2b.mdl
L 07/10/2022 - 17:31:44: [ULX] Frazer teleported to idle
L 07/10/2022 - 17:31:44: "Frazer<4><STEAM_0:0:120840551><Civilian>" say "!goto idle"

L 07/10/2022 - 17:31:55: "Al Shebab<6><STEAM_0:0:103364981><Civilian>" say "!spec id"

L 07/10/2022 - 17:31:59: [ULX] Al Shebab teleported to idle
L 07/10/2022 - 17:31:59: "Al Shebab<6><STEAM_0:0:103364981><Civilian>" say "!goto idle"

L 07/10/2022 - 17:32:02: "DJ Bread<2><STEAM_0:0:579690494><Civilian>" say "!menu"

L 07/10/2022 - 17:32:05: [ULX] DJ Bread set the scale for Themself to 0
L 07/10/2022 - 17:32:16: [ULX] idle<STEAM_0:0:191691202> spawned model models/props_c17/statue_horse.mdl
L 07/10/2022 - 17:32:29: "Al Shebab<6><STEAM_0:0:103364981><Civilian>" say "!spectate"

L 07/10/2022 - 17:32:46: "DJ Bread<2><STEAM_0:0:579690494><Civilian>" say "!menu"

L 07/10/2022 - 17:32:50: [ULX] DJ Bread set the scale for Themself to 0
L 07/10/2022 - 17:32:56: "DJ Bread<2><STEAM_0:0:579690494><Civilian>" say "!menu"

L 07/10/2022 - 17:32:59: [ULX] DJ Bread set the scale for Themself to 0
L 07/10/2022 - 17:33:09: "binchicken<7><STEAM_0:0:437291733><Civilian>" say "!menu"

L 07/10/2022 - 17:33:14: "DJ Bread<2><STEAM_0:0:579690494><Civilian>" say "!memu"

L 07/10/2022 - 17:33:17: "DJ Bread<2><STEAM_0:0:579690494><Civilian>" say "!menu"

L 07/10/2022 - 17:33:18: [ULX] binchicken granted god mode upon Themself
L 07/10/2022 - 17:33:28: [ULX] Frazer teleported to idle
L 07/10/2022 - 17:33:39: [ULX] (SILENT) Frazer began spectating idle
L 07/10/2022 - 17:33:40: [ULX] idle<STEAM_0:0:191691202> spawned model models/props_c17/statue_horse.mdl
L 07/10/2022 - 17:33:43: [ULX] (SILENT) Frazer stopped spectating idle
L 07/10/2022 - 17:33:43: [ULX] (SILENT) Frazer began spectating idle
L 07/10/2022 - 17:33:45: [ULX] (SILENT) Frazer stopped spectating idle
L 07/10/2022 - 17:33:46: [ULX] DJ Bread set the material for jaywalking0d to models/flesh
L 07/10/2022 - 17:33:48: [ULX] DJ Bread set the material for binchicken to models/flesh
L 07/10/2022 - 17:33:50: [ULX] idle<STEAM_0:0:191691202> spawned model models/props_c17/statue_horse.mdl
L 07/10/2022 - 17:33:58: [ULX] (SILENT) Frazer began spectating idle
L 07/10/2022 - 17:34:00: [ULX] (SILENT) Frazer stopped spectating idle
L 07/10/2022 - 17:34:01: [ULX] idle<STEAM_0:0:191691202> spawned model models/props_c17/tv_monitor01.mdl
L 07/10/2022 - 17:34:04: [ULX] idle<STEAM_0:0:191691202> spawned model models/props_c17/playgroundtick-tack-toe_block01a.mdl
L 07/10/2022 - 17:34:13: [ULX] idle<STEAM_0:0:191691202> spawned model models/mechanics/solid_steel/sheetmetal_box90_4.mdl
L 07/10/2022 - 17:34:26: "DJ Bread<2><STEAM_0:0:579690494><Civilian>" say "!menu"

L 07/10/2022 - 17:34:34: [ULX] idle<STEAM_0:0:191691202> spawned model models/xqm/jetbody3.mdl
L 07/10/2022 - 17:34:35: "Frazer<4><STEAM_0:0:120840551><Civilian>" say "!menu"

L 07/10/2022 - 17:34:47: [ULX] Frazer teleported to idle
L 07/10/2022 - 17:34:49: [ULX] DJ Bread set the run speed for binchicken to 649
L 07/10/2022 - 17:34:55: "DJ Bread<2><STEAM_0:0:579690494><Civilian>" say "!menu"

L 07/10/2022 - 17:34:59: [ULX] DJ Bread set the run speed for binchicken to 1000
L 07/10/2022 - 17:34:59: "binchicken<7><STEAM_0:0:437291733><Civilian>" say "!menu"

L 07/10/2022 - 17:35:01: [ULX] binchicken revoked god mode from Themself
L 07/10/2022 - 17:35:02: [ULX] DJ Bread set the run speed for binchicken to 10000
L 07/10/2022 - 17:35:09: [ULX] DJ Bread set the run speed for binchicken to 20000
L 07/10/2022 - 17:35:12: [ULX] DJ Bread set the walk speed for binchicken to 20000 and the run speed to 20000
L 07/10/2022 - 17:35:16: "binchicken<7><STEAM_0:0:437291733><Civilian>" say "!menu"

L 07/10/2022 - 17:35:17: [ULX] DJ Bread set the walk speed for binchicken to 20000
L 07/10/2022 - 17:35:18: [ULX] DJ Bread reset the walk and run speed for binchicken
L 07/10/2022 - 17:35:18: [ULX] binchicken granted god mode upon Themself
L 07/10/2022 - 17:35:24: [ULX] DJ Bread set the run speed for Themself to 4805
L 07/10/2022 - 17:35:25: [ULX] idle<STEAM_0:0:191691202> spawned model models/xqm/jetbody2big.mdl
L 07/10/2022 - 17:35:29: "DJ Bread<2><STEAM_0:0:579690494><Civilian>" say "!menu"

L 07/10/2022 - 17:35:35: [ULX] DJ Bread set the run speed for Themself to 1000
L 07/10/2022 - 17:35:37: [ULX] idle<STEAM_0:0:191691202> spawned model models/xqm/jetbody2big.mdl
L 07/10/2022 - 17:35:38: "jaywalking0d<8><STEAM_0:1:212383203><Civilian>" say "// RDM RDM RDM"

L 07/10/2022 - 17:35:49: [ULX] idle<STEAM_0:0:191691202> spawned model models/xqm/jetbody2big.mdl
L 07/10/2022 - 17:35:54: "DJ Bread<2><STEAM_0:0:579690494><Civilian>" say "!hp DJ Bread 2000"

L 07/10/2022 - 17:35:54: [ULX] idle<STEAM_0:0:191691202> spawned model models/xqm/jetbody2big.mdl
L 07/10/2022 - 17:35:58: "DJ Bread<2><STEAM_0:0:579690494><Civilian>" say "!menu"

L 07/10/2022 - 17:36:00: "jaywalking0d<8><STEAM_0:1:212383203><Civilian>" say "YES"

L 07/10/2022 - 17:36:10: [ULX] Frazer<STEAM_0:0:120840551> spawned model models/props_c17/lockers001a.mdl
L 07/10/2022 - 17:36:15: "jaywalking0d<8><STEAM_0:1:212383203><Civilian>" say "// id like to report god for rdming me"

L 07/10/2022 - 17:36:21: [ULX] DJ Bread set the hp for Themself to 2147483647
L 07/10/2022 - 17:36:43: "DJ Bread<2><STEAM_0:0:579690494><Civilian>" say "!scale DJ Bread 1"

L 07/10/2022 - 17:36:45: "jaywalking0d<8><STEAM_0:1:212383203><Civilian>" say "!noclip"

L 07/10/2022 - 17:36:48: "DJ Bread<2><STEAM_0:0:579690494><Civilian>" say "!menu"

L 07/10/2022 - 17:36:49: [ULX] jaywalking0d granted god mode upon Themself
L 07/10/2022 - 17:36:49: "jaywalking0d<8><STEAM_0:1:212383203><Civilian>" say "!god"

L 07/10/2022 - 17:36:54: [ULX] DJ Bread set the scale for Themself to 0
L 07/10/2022 - 17:36:57: [ULX] DJ Bread set the scale for Themself to 3
L 07/10/2022 - 17:37:01: [ULX] DJ Bread set the scale for Themself to 2
L 07/10/2022 - 17:37:04: "jaywalking0d<8><STEAM_0:1:212383203><Civilian>" say "!noclip"

L 07/10/2022 - 17:37:14: "DJ Bread<2><STEAM_0:0:579690494><Civilian>" say "!menu"

L 07/10/2022 - 17:37:19: [ULX] DJ Bread set the scale for Themself to 2
L 07/10/2022 - 17:37:29: [ULX] idle<STEAM_0:0:191691202> spawned model models/xqm/box4shollowx2.mdl
L 07/10/2022 - 17:37:31: [ULX] idle<STEAM_0:0:191691202> spawned model models/xqm/deg360single.mdl
L 07/10/2022 - 17:37:31: [ULX] idle<STEAM_0:0:191691202> spawned model models/xqm/deg360single.mdl
L 07/10/2022 - 17:37:31: [ULX] idle<STEAM_0:0:191691202> spawned model models/xqm/deg360.mdl
L 07/10/2022 - 17:37:32: [ULX] idle<STEAM_0:0:191691202> spawned model models/xqm/deg360.mdl
L 07/10/2022 - 17:37:32: "DJ Bread<2><STEAM_0:0:579690494><Civilian>" say "!menu"

L 07/10/2022 - 17:37:35: [ULX] DJ Bread set the scale for Themself to 1
L 07/10/2022 - 17:37:35: "binchicken<7><STEAM_0:0:437291733><Civilian>" say "!menu"

L 07/10/2022 - 17:37:51: [ULX] binchicken mauled jaywalking0d
L 07/10/2022 - 17:37:52: [ULX] idle<STEAM_0:0:191691202> spawned model models/xqm/cylinderx1huge.mdl
L 07/10/2022 - 17:37:53: [ULX] idle<STEAM_0:0:191691202> spawned model models/xqm/cylinderx1huge.mdl
L 07/10/2022 - 17:37:53: [ULX] idle<STEAM_0:0:191691202> spawned model models/xqm/cylinderx1huge.mdl
L 07/10/2022 - 17:37:54: [ULX] idle<STEAM_0:0:191691202> spawned model models/xqm/cylinderx1huge.mdl
L 07/10/2022 - 17:37:54: [ULX] idle<STEAM_0:0:191691202> spawned model models/xqm/cylinderx1huge.mdl
L 07/10/2022 - 17:37:54: [ULX] idle<STEAM_0:0:191691202> spawned model models/xqm/cylinderx1huge.mdl
L 07/10/2022 - 17:37:54: [ULX] idle<STEAM_0:0:191691202> spawned model models/xqm/cylinderx1huge.mdl
L 07/10/2022 - 17:37:58: "jaywalking0d<8><STEAM_0:1:212383203><Civilian>" say "!noclip"

L 07/10/2022 - 17:37:59: [ULX] idle<STEAM_0:0:191691202> spawned model models/xqm/cylinderx1huge.mdl
L 07/10/2022 - 17:37:59: [ULX] idle<STEAM_0:0:191691202> spawned model models/xqm/cylinderx1huge.mdl
L 07/10/2022 - 17:37:59: [ULX] idle<STEAM_0:0:191691202> spawned model models/xqm/cylinderx1huge.mdl
L 07/10/2022 - 17:37:59: [ULX] idle<STEAM_0:0:191691202> spawned model models/xqm/cylinderx1huge.mdl
L 07/10/2022 - 17:37:59: [ULX] idle<STEAM_0:0:191691202> spawned model models/xqm/cylinderx1huge.mdl
L 07/10/2022 - 17:38:00: [ULX] idle<STEAM_0:0:191691202> spawned model models/xqm/cylinderx1huge.mdl
L 07/10/2022 - 17:38:00: [ULX] idle<STEAM_0:0:191691202> spawned model models/xqm/cylinderx1huge.mdl
L 07/10/2022 - 17:38:00: [ULX] idle<STEAM_0:0:191691202> spawned model models/xqm/cylinderx1huge.mdl
L 07/10/2022 - 17:38:00: [ULX] idle<STEAM_0:0:191691202> spawned model models/xqm/cylinderx1huge.mdl
L 07/10/2022 - 17:38:00: [ULX] idle<STEAM_0:0:191691202> spawned model models/xqm/cylinderx1huge.mdl
L 07/10/2022 - 17:38:00: [ULX] idle<STEAM_0:0:191691202> spawned model models/xqm/cylinderx1huge.mdl
L 07/10/2022 - 17:38:01: [ULX] idle<STEAM_0:0:191691202> spawned model models/xqm/cylinderx1huge.mdl
L 07/10/2022 - 17:38:11: "DJ Bread<2><STEAM_0:0:579690494><Civilian>" say "!menu"

L 07/10/2022 - 17:38:15: [ULX] DJ Bread set the scale for Themself to 1
L 07/10/2022 - 17:38:15: [ULX] idle<STEAM_0:0:191691202> spawned model models/xqm/cylinderx1huge.mdl
L 07/10/2022 - 17:38:15: [ULX] idle<STEAM_0:0:191691202> spawned model models/xqm/cylinderx1huge.mdl
L 07/10/2022 - 17:38:15: [ULX] idle<STEAM_0:0:191691202> spawned model models/xqm/cylinderx1huge.mdl
L 07/10/2022 - 17:38:15: [ULX] idle<STEAM_0:0:191691202> spawned model models/xqm/cylinderx1huge.mdl
L 07/10/2022 - 17:38:15: [ULX] idle<STEAM_0:0:191691202> spawned model models/xqm/cylinderx1huge.mdl
L 07/10/2022 - 17:38:15: [ULX] idle<STEAM_0:0:191691202> spawned model models/xqm/cylinderx1huge.mdl
L 07/10/2022 - 17:38:15: [ULX] idle<STEAM_0:0:191691202> spawned model models/xqm/cylinderx1huge.mdl
L 07/10/2022 - 17:38:17: [ULX] DJ Bread set the scale for Themself to 1
L 07/10/2022 - 17:38:23: [ULX] DJ Bread set the scale for Themself to 1
L 07/10/2022 - 17:38:32: [ULX] DJ Bread set the color for Themself to black
L 07/10/2022 - 17:38:49: "Al Shebab<6><STEAM_0:0:103364981><Civilian>" say "!gprotect"

L 07/10/2022 - 17:39:12: "person56<9><STEAM_0:0:539193722><>" connected, address "1.145.198.173:1277"
L 07/10/2022 - 17:39:12: "person56<9><STEAM_0:0:539193722><>" STEAM USERID validated
L 07/10/2022 - 17:39:17: "jaywalking0d<8><STEAM_0:1:212383203><Civilian>" say "!color white"

L 07/10/2022 - 17:39:18: [ULX] idle<STEAM_0:0:191691202> spawned model models/xqm/cylinderx1large.mdl
L 07/10/2022 - 17:39:18: [ULX] idle<STEAM_0:0:191691202> spawned model models/xqm/cylinderx1large.mdl
L 07/10/2022 - 17:39:22: "jaywalking0d<8><STEAM_0:1:212383203><Civilian>" say "!menu"

L 07/10/2022 - 17:39:32: [ULX] idle<STEAM_0:0:191691202> spawned model models/xqm/cylinderx1large.mdl
L 07/10/2022 - 17:39:32: [ULX] idle<STEAM_0:0:191691202> spawned model models/xqm/cylinderx1large.mdl
L 07/10/2022 - 17:39:32: [ULX] idle<STEAM_0:0:191691202> spawned model models/xqm/cylinderx1large.mdl
L 07/10/2022 - 17:39:32: [ULX] idle<STEAM_0:0:191691202> spawned model models/xqm/cylinderx1large.mdl
L 07/10/2022 - 17:39:32: [ULX] idle<STEAM_0:0:191691202> spawned model models/xqm/cylinderx1large.mdl
L 07/10/2022 - 17:39:32: [ULX] idle<STEAM_0:0:191691202> spawned model models/xqm/cylinderx1large.mdl
L 07/10/2022 - 17:39:32: [ULX] idle<STEAM_0:0:191691202> spawned model models/xqm/cylinderx1large.mdl
L 07/10/2022 - 17:39:32: [ULX] idle<STEAM_0:0:191691202> spawned model models/xqm/cylinderx1large.mdl
L 07/10/2022 - 17:39:32: [ULX] idle<STEAM_0:0:191691202> spawned model models/xqm/cylinderx1large.mdl
L 07/10/2022 - 17:39:33: [ULX] idle<STEAM_0:0:191691202> spawned model models/xqm/cylinderx1large.mdl
L 07/10/2022 - 17:39:33: [ULX] idle<STEAM_0:0:191691202> spawned model models/xqm/cylinderx1large.mdl
L 07/10/2022 - 17:39:33: [ULX] idle<STEAM_0:0:191691202> spawned model models/xqm/cylinderx1large.mdl
L 07/10/2022 - 17:39:33: [ULX] idle<STEAM_0:0:191691202> spawned model models/xqm/cylinderx1large.mdl
L 07/10/2022 - 17:39:33: [ULX] idle<STEAM_0:0:191691202> spawned model models/xqm/cylinderx1large.mdl
L 07/10/2022 - 17:39:33: [ULX] idle<STEAM_0:0:191691202> spawned model models/xqm/cylinderx1large.mdl
L 07/10/2022 - 17:39:33: [ULX] idle<STEAM_0:0:191691202> spawned model models/xqm/cylinderx1large.mdl
L 07/10/2022 - 17:39:33: [ULX] idle<STEAM_0:0:191691202> spawned model models/xqm/cylinderx1large.mdl
L 07/10/2022 - 17:39:33: [ULX] idle<STEAM_0:0:191691202> spawned model models/xqm/cylinderx1large.mdl
L 07/10/2022 - 17:39:33: [ULX] idle<STEAM_0:0:191691202> spawned model models/xqm/cylinderx1large.mdl
L 07/10/2022 - 17:39:33: [ULX] idle<STEAM_0:0:191691202> spawned model models/xqm/cylinderx1large.mdl
L 07/10/2022 - 17:39:33: [ULX] idle<STEAM_0:0:191691202> spawned model models/xqm/cylinderx1large.mdl
L 07/10/2022 - 17:39:33: [ULX] idle<STEAM_0:0:191691202> spawned model models/xqm/cylinderx1large.mdl
L 07/10/2022 - 17:39:33: [ULX] idle<STEAM_0:0:191691202> spawned model models/xqm/cylinderx1large.mdl
L 07/10/2022 - 17:39:33: [ULX] idle<STEAM_0:0:191691202> spawned model models/xqm/cylinderx1large.mdl
L 07/10/2022 - 17:39:33: [ULX] idle<STEAM_0:0:191691202> spawned model models/xqm/cylinderx1large.mdl
L 07/10/2022 - 17:39:33: [ULX] idle<STEAM_0:0:191691202> spawned model models/xqm/cylinderx1large.mdl
L 07/10/2022 - 17:39:33: [ULX] idle<STEAM_0:0:191691202> spawned model models/xqm/cylinderx1large.mdl
L 07/10/2022 - 17:39:33: [ULX] idle<STEAM_0:0:191691202> spawned model models/xqm/cylinderx1large.mdl
L 07/10/2022 - 17:39:33: [ULX] idle<STEAM_0:0:191691202> spawned model models/xqm/cylinderx1large.mdl
L 07/10/2022 - 17:39:33: [ULX] idle<STEAM_0:0:191691202> spawned model models/xqm/cylinderx1large.mdl
L 07/10/2022 - 17:39:35: [ULX] idle<STEAM_0:0:191691202> spawned model models/xqm/cylinderx1large.mdl
L 07/10/2022 - 17:39:35: [ULX] idle<STEAM_0:0:191691202> spawned model models/xqm/cylinderx1large.mdl
L 07/10/2022 - 17:39:35: [ULX] idle<STEAM_0:0:191691202> spawned model models/xqm/cylinderx1large.mdl
L 07/10/2022 - 17:39:35: [ULX] idle<STEAM_0:0:191691202> spawned model models/xqm/cylinderx1large.mdl
L 07/10/2022 - 17:39:35: [ULX] idle<STEAM_0:0:191691202> spawned model models/xqm/cylinderx1large.mdl
L 07/10/2022 - 17:39:35: [ULX] idle<STEAM_0:0:191691202> spawned model models/xqm/cylinderx1large.mdl
L 07/10/2022 - 17:39:35: [ULX] idle<STEAM_0:0:191691202> spawned model models/xqm/cylinderx1large.mdl
L 07/10/2022 - 17:39:35: [ULX] idle<STEAM_0:0:191691202> spawned model models/xqm/cylinderx1large.mdl
L 07/10/2022 - 17:39:35: [ULX] idle<STEAM_0:0:191691202> spawned model models/xqm/cylinderx1large.mdl
L 07/10/2022 - 17:39:35: [ULX] idle<STEAM_0:0:191691202> spawned model models/xqm/cylinderx1large.mdl
L 07/10/2022 - 17:39:35: [ULX] idle<STEAM_0:0:191691202> spawned model models/xqm/cylinderx1large.mdl
L 07/10/2022 - 17:39:35: [ULX] idle<STEAM_0:0:191691202> spawned model models/xqm/cylinderx1large.mdl
L 07/10/2022 - 17:39:35: [ULX] idle<STEAM_0:0:191691202> spawned model models/xqm/cylinderx1large.mdl
L 07/10/2022 - 17:39:35: [ULX] idle<STEAM_0:0:191691202> spawned model models/xqm/cylinderx1large.mdl
L 07/10/2022 - 17:39:35: [ULX] idle<STEAM_0:0:191691202> spawned model models/xqm/cylinderx1large.mdl
L 07/10/2022 - 17:39:37: [ULX] idle<STEAM_0:0:191691202> spawned model models/xqm/cylinderx1large.mdl
L 07/10/2022 - 17:39:37: [ULX] idle<STEAM_0:0:191691202> spawned model models/xqm/cylinderx1large.mdl
L 07/10/2022 - 17:39:37: [ULX] idle<STEAM_0:0:191691202> spawned model models/xqm/cylinderx1large.mdl
L 07/10/2022 - 17:39:37: [ULX] idle<STEAM_0:0:191691202> spawned model models/xqm/cylinderx1large.mdl
L 07/10/2022 - 17:39:37: [ULX] idle<STEAM_0:0:191691202> spawned model models/xqm/cylinderx1large.mdl
L 07/10/2022 - 17:39:37: [ULX] idle<STEAM_0:0:191691202> spawned model models/xqm/cylinderx1large.mdl
L 07/10/2022 - 17:39:37: [ULX] idle<STEAM_0:0:191691202> spawned model models/xqm/cylinderx1large.mdl
L 07/10/2022 - 17:39:37: [ULX] idle<STEAM_0:0:191691202> spawned model models/xqm/cylinderx1large.mdl
L 07/10/2022 - 17:39:37: [ULX] idle<STEAM_0:0:191691202> spawned model models/xqm/cylinderx1large.mdl
L 07/10/2022 - 17:39:37: [ULX] idle<STEAM_0:0:191691202> spawned model models/xqm/cylinderx1large.mdl
L 07/10/2022 - 17:39:37: [ULX] idle<STEAM_0:0:191691202> spawned model models/xqm/cylinderx1large.mdl
L 07/10/2022 - 17:39:37: [ULX] idle<STEAM_0:0:191691202> spawned model models/xqm/cylinderx1large.mdl
L 07/10/2022 - 17:39:37: [ULX] idle<STEAM_0:0:191691202> spawned model models/xqm/cylinderx1large.mdl
L 07/10/2022 - 17:39:37: [ULX] idle<STEAM_0:0:191691202> spawned model models/xqm/cylinderx1large.mdl
L 07/10/2022 - 17:39:37: [ULX] idle<STEAM_0:0:191691202> spawned model models/xqm/cylinderx1large.mdl
L 07/10/2022 - 17:39:44: [ULX] idle<STEAM_0:0:191691202> spawned model models/xqm/cylinderx1large.mdl
L 07/10/2022 - 17:39:44: [ULX] idle<STEAM_0:0:191691202> spawned model models/xqm/cylinderx1large.mdl
L 07/10/2022 - 17:39:44: [ULX] idle<STEAM_0:0:191691202> spawned model models/xqm/cylinderx1large.mdl
L 07/10/2022 - 17:39:44: [ULX] idle<STEAM_0:0:191691202> spawned model models/xqm/cylinderx1large.mdl
L 07/10/2022 - 17:39:44: [ULX] idle<STEAM_0:0:191691202> spawned model models/xqm/cylinderx1large.mdl
L 07/10/2022 - 17:39:44: [ULX] idle<STEAM_0:0:191691202> spawned model models/xqm/cylinderx1large.mdl
L 07/10/2022 - 17:39:44: [ULX] idle<STEAM_0:0:191691202> spawned model models/xqm/cylinderx1large.mdl
L 07/10/2022 - 17:39:44: [ULX] idle<STEAM_0:0:191691202> spawned model models/xqm/cylinderx1large.mdl
L 07/10/2022 - 17:39:44: [ULX] idle<STEAM_0:0:191691202> spawned model models/xqm/cylinderx1large.mdl
L 07/10/2022 - 17:39:44: [ULX] idle<STEAM_0:0:191691202> spawned model models/xqm/cylinderx1large.mdl
L 07/10/2022 - 17:39:44: [ULX] idle<STEAM_0:0:191691202> spawned model models/xqm/cylinderx1large.mdl
L 07/10/2022 - 17:39:44: [ULX] idle<STEAM_0:0:191691202> spawned model models/xqm/cylinderx1large.mdl
L 07/10/2022 - 17:39:44: [ULX] idle<STEAM_0:0:191691202> spawned model models/xqm/cylinderx1large.mdl
L 07/10/2022 - 17:39:44: [ULX] idle<STEAM_0:0:191691202> spawned model models/xqm/cylinderx1large.mdl
L 07/10/2022 - 17:39:44: [ULX] idle<STEAM_0:0:191691202> spawned model models/xqm/cylinderx1large.mdl
L 07/10/2022 - 17:39:45: "DJ Bread<2><STEAM_0:0:579690494><Civilian>" say "!menu"

L 07/10/2022 - 17:39:46: [ULX] idle<STEAM_0:0:191691202> spawned model models/xqm/cylinderx1large.mdl
L 07/10/2022 - 17:39:46: [ULX] idle<STEAM_0:0:191691202> spawned model models/xqm/cylinderx1large.mdl
L 07/10/2022 - 17:39:46: [ULX] idle<STEAM_0:0:191691202> spawned model models/xqm/cylinderx1large.mdl
L 07/10/2022 - 17:39:46: [ULX] idle<STEAM_0:0:191691202> spawned model models/xqm/cylinderx1large.mdl
L 07/10/2022 - 17:39:46: [ULX] idle<STEAM_0:0:191691202> spawned model models/xqm/cylinderx1large.mdl
L 07/10/2022 - 17:39:46: [ULX] idle<STEAM_0:0:191691202> spawned model models/xqm/cylinderx1large.mdl
L 07/10/2022 - 17:39:46: [ULX] idle<STEAM_0:0:191691202> spawned model models/xqm/cylinderx1large.mdl
L 07/10/2022 - 17:39:46: [ULX] idle<STEAM_0:0:191691202> spawned model models/xqm/cylinderx1large.mdl
L 07/10/2022 - 17:39:46: [ULX] idle<STEAM_0:0:191691202> spawned model models/xqm/cylinderx1large.mdl
L 07/10/2022 - 17:39:46: [ULX] idle<STEAM_0:0:191691202> spawned model models/xqm/cylinderx1large.mdl
L 07/10/2022 - 17:39:46: [ULX] idle<STEAM_0:0:191691202> spawned model models/xqm/cylinderx1large.mdl
L 07/10/2022 - 17:39:46: [ULX] idle<STEAM_0:0:191691202> spawned model models/xqm/cylinderx1large.mdl
L 07/10/2022 - 17:39:46: [ULX] idle<STEAM_0:0:191691202> spawned model models/xqm/cylinderx1large.mdl
L 07/10/2022 - 17:39:46: [ULX] idle<STEAM_0:0:191691202> spawned model models/xqm/cylinderx1large.mdl
L 07/10/2022 - 17:39:46: [ULX] idle<STEAM_0:0:191691202> spawned model models/xqm/cylinderx1large.mdl
L 07/10/2022 - 17:39:48: [ULX] idle<STEAM_0:0:191691202> spawned model models/xqm/cylinderx1large.mdl
L 07/10/2022 - 17:39:48: [ULX] idle<STEAM_0:0:191691202> spawned model models/xqm/cylinderx1large.mdl
L 07/10/2022 - 17:39:48: [ULX] idle<STEAM_0:0:191691202> spawned model models/xqm/cylinderx1large.mdl
L 07/10/2022 - 17:39:48: [ULX] idle<STEAM_0:0:191691202> spawned model models/xqm/cylinderx1large.mdl
L 07/10/2022 - 17:39:48: [ULX] idle<STEAM_0:0:191691202> spawned model models/xqm/cylinderx1large.mdl
L 07/10/2022 - 17:39:48: [ULX] idle<STEAM_0:0:191691202> spawned model models/xqm/cylinderx1large.mdl
L 07/10/2022 - 17:39:48: [ULX] idle<STEAM_0:0:191691202> spawned model models/xqm/cylinderx1large.mdl
L 07/10/2022 - 17:39:48: [ULX] idle<STEAM_0:0:191691202> spawned model models/xqm/cylinderx1large.mdl
L 07/10/2022 - 17:39:48: [ULX] idle<STEAM_0:0:191691202> spawned model models/xqm/cylinderx1large.mdl
L 07/10/2022 - 17:39:48: [ULX] idle<STEAM_0:0:191691202> spawned model models/xqm/cylinderx1large.mdl
L 07/10/2022 - 17:39:48: [ULX] idle<STEAM_0:0:191691202> spawned model models/xqm/cylinderx1large.mdl
L 07/10/2022 - 17:39:48: [ULX] idle<STEAM_0:0:191691202> spawned model models/xqm/cylinderx1large.mdl
L 07/10/2022 - 17:39:48: [ULX] idle<STEAM_0:0:191691202> spawned model models/xqm/cylinderx1large.mdl
L 07/10/2022 - 17:39:48: [ULX] idle<STEAM_0:0:191691202> spawned model models/xqm/cylinderx1large.mdl
L 07/10/2022 - 17:39:48: [ULX] idle<STEAM_0:0:191691202> spawned model models/xqm/cylinderx1large.mdl
L 07/10/2022 - 17:39:52: [ULX] DJ Bread set the material for Themself to Models/effects/vol_light001
L 07/10/2022 - 17:39:52: [ULX] idle<STEAM_0:0:191691202> spawned model models/xqm/cylinderx1large.mdl
L 07/10/2022 - 17:39:52: [ULX] idle<STEAM_0:0:191691202> spawned model models/xqm/cylinderx1large.mdl
L 07/10/2022 - 17:39:52: [ULX] idle<STEAM_0:0:191691202> spawned model models/xqm/cylinderx1large.mdl
L 07/10/2022 - 17:39:52: [ULX] idle<STEAM_0:0:191691202> spawned model models/xqm/cylinderx1large.mdl
L 07/10/2022 - 17:39:52: [ULX] idle<STEAM_0:0:191691202> spawned model models/xqm/cylinderx1large.mdl
L 07/10/2022 - 17:39:52: [ULX] idle<STEAM_0:0:191691202> spawned model models/xqm/cylinderx1large.mdl
L 07/10/2022 - 17:39:52: [ULX] idle<STEAM_0:0:191691202> spawned model models/xqm/cylinderx1large.mdl
L 07/10/2022 - 17:39:52: [ULX] idle<STEAM_0:0:191691202> spawned model models/xqm/cylinderx1large.mdl
L 07/10/2022 - 17:39:52: [ULX] idle<STEAM_0:0:191691202> spawned model models/xqm/cylinderx1large.mdl
L 07/10/2022 - 17:39:52: [ULX] idle<STEAM_0:0:191691202> spawned model models/xqm/cylinderx1large.mdl
L 07/10/2022 - 17:39:52: [ULX] idle<STEAM_0:0:191691202> spawned model models/xqm/cylinderx1large.mdl
L 07/10/2022 - 17:39:52: [ULX] idle<STEAM_0:0:191691202> spawned model models/xqm/cylinderx1large.mdl
L 07/10/2022 - 17:39:52: [ULX] idle<STEAM_0:0:191691202> spawned model models/xqm/cylinderx1large.mdl
L 07/10/2022 - 17:39:52: [ULX] idle<STEAM_0:0:191691202> spawned model models/xqm/cylinderx1large.mdl
L 07/10/2022 - 17:39:52: [ULX] idle<STEAM_0:0:191691202> spawned model models/xqm/cylinderx1large.mdl
L 07/10/2022 - 17:39:54: [ULX] DJ Bread set the material for Themself to models/props_combine/stasisshield_sheet
L 07/10/2022 - 17:39:58: [ULX] DJ Bread set the material for Themself to models/rendertarget
L 07/10/2022 - 17:39