[19:55:51] [main/INFO]: Environment: authHost='https://authserver.mojang.com', accountsHost='https://api.mojang.com', sessionHost='https://sessionserver.mojang.com', servicesHost='https://api.minecraftservices.com', name='PROD'
[19:55:52] [main/INFO]: Reloading ResourceManager: Default, bukkit
[19:55:52] [Worker-Main-3/INFO]: Loaded 7 recipes
[19:55:53] [Server thread/INFO]: Starting minecraft server version 1.16.4
[19:55:53] [Server thread/INFO]: Loading properties
[19:55:53] [Server thread/INFO]: This server is running Paper version git-Paper-324 (MC: 1.16.4) (Implementing API version 1.16.4-R0.1-SNAPSHOT)
[19:55:53] [Server thread/INFO]: Debug logging is disabled
[19:55:53] [Server thread/INFO]: Using 4 threads for Netty based IO
[19:55:53] [Server thread/INFO]: Server Ping Player Sample Count: 12
[19:55:53] [Server thread/INFO]: Default game type: SURVIVAL
[19:55:53] [Server thread/INFO]: Generating keypair
[19:55:53] [Server thread/INFO]: Starting Minecraft server on *:25565
[19:55:53] [Server thread/INFO]: Using default channel type
[19:55:54] [Server thread/INFO]: [UltimateTimber] Loading UltimateTimber v2.2
[19:55:54] [Server thread/INFO]: [Vault] Loading Vault v1.7.3-b131
[19:55:54] [Server thread/INFO]: [WorldEdit] Loading WorldEdit v7.2.0+a51fa43
[19:55:54] [Server thread/INFO]: Got request to register class com.sk89q.worldedit.bukkit.BukkitServerInterface with WorldEdit [com.sk89q.worldedit.extension.platform.PlatformManager@66f75efb]
[19:55:54] [Server thread/INFO]: [Essentials] Loading Essentials v2.19.0-dev+12-b0fa0d1
[19:55:54] [Server thread/INFO]: [EssentialsProtect] Loading EssentialsProtect v2.19.0-dev+12-b0fa0d1
[19:55:54] [Server thread/INFO]: [EssentialsSpawn] Loading EssentialsSpawn v2.19.0-dev+12-b0fa0d1
[19:55:54] [Server thread/INFO]: [EssentialsChat] Loading EssentialsChat v2.19.0-dev+12-b0fa0d1
[19:55:54] [Server thread/INFO]: [UltimateStacker] Loading UltimateStacker v2.1.1
[19:55:54] [Server thread/INFO]: [WorldGuard] Loading WorldGuard v7.0.4+f7ff984
[19:55:54] [Server thread/INFO]: [VeinMiner] Loading VeinMiner v1.16.3
[19:55:54] [Server thread/INFO]: [VeinMiner] Found WorldGuard. Registering custom region flag.
[19:55:54] [Server thread/INFO]: Server permissions file permissions.yml is empty, ignoring it
[19:55:54] [Server thread/INFO]: [Vault] Enabling Vault v1.7.3-b131
[19:55:54] [Server thread/WARN]: [Vault] Loaded class com.earth2me.essentials.api.Economy from Essentials v2.19.0-dev+12-b0fa0d1 which is not a depend, softdepend or loadbefore of this plugin.
[19:55:54] [Server thread/INFO]: [Vault] [Economy] Essentials Economy found: Waiting
[19:55:54] [Server thread/INFO]: [Vault] [Permission] SuperPermissions loaded as backup permission system.
[19:55:54] [Server thread/INFO]: [Vault] Enabled Version 1.7.3-b131
[19:55:54] [Server thread/INFO]: [WorldEdit] Enabling WorldEdit v7.2.0+a51fa43
[19:55:54] [Server thread/INFO]: WEPIF: Updated config file
[19:55:54] [Server thread/INFO]: WEPIF: Vault detected! Using Vault for permissions
[19:55:55] [Server thread/INFO]: Using com.sk89q.worldedit.bukkit.adapter.impl.Spigot_v1_16_R3 as the Bukkit adapter
[19:55:55] [Server thread/INFO]: [WorldEdit] Default configuration file written: config.yml
[19:55:56] [Server thread/INFO]: Preparing level "world"
[19:55:56] [Server thread/INFO]: -------- World Settings For [world] --------
[19:55:56] [Server thread/INFO]: Experience Merge Radius: 3.0
[19:55:56] [Server thread/INFO]: Cactus Growth Modifier: 100%
[19:55:56] [Server thread/INFO]: Cane Growth Modifier: 100%
[19:55:56] [Server thread/INFO]: Melon Growth Modifier: 100%
[19:55:56] [Server thread/INFO]: Mushroom Growth Modifier: 100%
[19:55:56] [Server thread/INFO]: Pumpkin Growth Modifier: 100%
[19:55:56] [Server thread/INFO]: Sapling Growth Modifier: 100%
[19:55:56] [Server thread/INFO]: Beetroot Growth Modifier: 100%
[19:55:56] [Server thread/INFO]: Carrot Growth Modifier: 100%
[19:55:56] [Server thread/INFO]: Potato Growth Modifier: 100%
[19:55:56] [Server thread/INFO]: Wheat Growth Modifier: 100%
[19:55:56] [Server thread/INFO]: NetherWart Growth Modifier: 100%
[19:55:56] [Server thread/INFO]: Vine Growth Modifier: 100%
[19:55:56] [Server thread/INFO]: Cocoa Growth Modifier: 100%
[19:55:56] [Server thread/INFO]: Bamboo Growth Modifier: 100%
[19:55:56] [Server thread/INFO]: SweetBerry Growth Modifier: 100%
[19:55:56] [Server thread/INFO]: Kelp Growth Modifier: 100%
[19:55:56] [Server thread/INFO]: Custom Map Seeds:  Village: 10387312 Desert: 14357617 Igloo: 14357618 Jungle: 14357619 Swamp: 14357620 Monument: 10387313 Ocean: 14357621 Shipwreck: 165745295 End City: 10387313 Slime: 987234911 Bastion: 30084232 Fortress: 30084232 Mansion: 10387319 Fossil: 14357921 Portal: 34222645
[19:55:56] [Server thread/INFO]: Hopper Transfer: 8 Hopper Check: 1 Hopper Amount: 1
[19:55:56] [Server thread/INFO]: Entity Activation Range: An 32 / Mo 32 / Ra 48 / Mi 16 / Tiv true
[19:55:56] [Server thread/INFO]: Tile Max Tick Time: 50ms Entity max Tick Time: 50ms
[19:55:56] [Server thread/INFO]: Max TNT Explosions: 100
[19:55:56] [Server thread/INFO]: View Distance: 16
[19:55:56] [Server thread/INFO]: Item Merge Radius: 2.5
[19:55:56] [Server thread/INFO]: Item Despawn Rate: 6000
[19:55:56] [Server thread/INFO]: Allow Zombie Pigmen to spawn from portal blocks: true
[19:55:56] [Server thread/INFO]: Entity Tracking Range: Pl 48 / An 48 / Mo 48 / Mi 32 / Other 64
[19:55:56] [Server thread/INFO]: Arrow Despawn Rate: 1200 Trident Respawn Rate:1200
[19:55:56] [Server thread/INFO]: Zombie Aggressive Towards Villager: true
[19:55:56] [Server thread/INFO]: Nerfing mobs spawned from spawners: false
[19:55:56] [Server thread/INFO]: Mob Spawn Range: 8
[19:55:56] [Server thread/INFO]: Registering commands with com.sk89q.worldedit.bukkit.BukkitServerInterface
[19:55:56] [Server thread/INFO]: -------- World Settings For [world_nether] --------
[19:55:56] [Server thread/INFO]: Experience Merge Radius: 3.0
[19:55:56] [Server thread/INFO]: Cactus Growth Modifier: 100%
[19:55:56] [Server thread/INFO]: Cane Growth Modifier: 100%
[19:55:56] [Server thread/INFO]: Melon Growth Modifier: 100%
[19:55:56] [Server thread/INFO]: Mushroom Growth Modifier: 100%
[19:55:56] [Server thread/INFO]: Pumpkin Growth Modifier: 100%
[19:55:56] [Server thread/INFO]: Sapling Growth Modifier: 100%
[19:55:56] [Server thread/INFO]: Beetroot Growth Modifier: 100%
[19:55:56] [Server thread/INFO]: Carrot Growth Modifier: 100%
[19:55:56] [Server thread/INFO]: Potato Growth Modifier: 100%
[19:55:56] [Server thread/INFO]: Wheat Growth Modifier: 100%
[19:55:56] [Server thread/INFO]: NetherWart Growth Modifier: 100%
[19:55:56] [Server thread/INFO]: Vine Growth Modifier: 100%
[19:55:56] [Server thread/INFO]: Cocoa Growth Modifier: 100%
[19:55:56] [Server thread/INFO]: Bamboo Growth Modifier: 100%
[19:55:56] [Server thread/INFO]: SweetBerry Growth Modifier: 100%
[19:55:56] [Server thread/INFO]: Kelp Growth Modifier: 100%
[19:55:56] [Server thread/INFO]: Custom Map Seeds:  Village: 10387312 Desert: 14357617 Igloo: 14357618 Jungle: 14357619 Swamp: 14357620 Monument: 10387313 Ocean: 14357621 Shipwreck: 165745295 End City: 10387313 Slime: 987234911 Bastion: 30084232 Fortress: 30084232 Mansion: 10387319 Fossil: 14357921 Portal: 34222645
[19:55:56] [Server thread/INFO]: Hopper Transfer: 8 Hopper Check: 1 Hopper Amount: 1
[19:55:56] [Server thread/INFO]: Entity Activation Range: An 32 / Mo 32 / Ra 48 / Mi 16 / Tiv true
[19:55:56] [Server thread/INFO]: Tile Max Tick Time: 50ms Entity max Tick Time: 50ms
[19:55:56] [Server thread/INFO]: Max TNT Explosions: 100
[19:55:56] [Server thread/INFO]: View Distance: 16
[19:55:56] [Server thread/INFO]: Item Merge Radius: 2.5
[19:55:56] [Server thread/INFO]: Item Despawn Rate: 6000
[19:55:56] [Server thread/INFO]: Allow Zombie Pigmen to spawn from portal blocks: true
[19:55:56] [Server thread/INFO]: Entity Tracking Range: Pl 48 / An 48 / Mo 48 / Mi 32 / Other 64
[19:55:56] [Server thread/INFO]: Arrow Despawn Rate: 1200 Trident Respawn Rate:1200
[19:55:56] [Server thread/INFO]: Zombie Aggressive Towards Villager: true
[19:55:56] [Server thread/INFO]: Nerfing mobs spawned from spawners: false
[19:55:56] [Server thread/INFO]: Mob Spawn Range: 8
[19:55:56] [Server thread/INFO]: -------- World Settings For [world_the_end] --------
[19:55:56] [Server thread/INFO]: Experience Merge Radius: 3.0
[19:55:56] [Server thread/INFO]: Cactus Growth Modifier: 100%
[19:55:56] [Server thread/INFO]: Cane Growth Modifier: 100%
[19:55:56] [Server thread/INFO]: Melon Growth Modifier: 100%
[19:55:56] [Server thread/INFO]: Mushroom Growth Modifier: 100%
[19:55:56] [Server thread/INFO]: Pumpkin Growth Modifier: 100%
[19:55:56] [Server thread/INFO]: Sapling Growth Modifier: 100%
[19:55:56] [Server thread/INFO]: Beetroot Growth Modifier: 100%
[19:55:56] [Server thread/INFO]: Carrot Growth Modifier: 100%
[19:55:56] [Server thread/INFO]: Potato Growth Modifier: 100%
[19:55:56] [Server thread/INFO]: Wheat Growth Modifier: 100%
[19:55:56] [Server thread/INFO]: NetherWart Growth Modifier: 100%
[19:55:56] [Server thread/INFO]: Vine Growth Modifier: 100%
[19:55:56] [Server thread/INFO]: Cocoa Growth Modifier: 100%
[19:55:56] [Server thread/INFO]: Bamboo Growth Modifier: 100%
[19:55:56] [Server thread/INFO]: SweetBerry Growth Modifier: 100%
[19:55:56] [Server thread/INFO]: Kelp Growth Modifier: 100%
[19:55:56] [Server thread/INFO]: Custom Map Seeds:  Village: 10387312 Desert: 14357617 Igloo: 14357618 Jungle: 14357619 Swamp: 14357620 Monument: 10387313 Ocean: 14357621 Shipwreck: 165745295 End City: 10387313 Slime: 987234911 Bastion: 30084232 Fortress: 30084232 Mansion: 10387319 Fossil: 14357921 Portal: 34222645
[19:55:56] [Server thread/INFO]: Hopper Transfer: 8 Hopper Check: 1 Hopper Amount: 1
[19:55:56] [Server thread/INFO]: Entity Activation Range: An 32 / Mo 32 / Ra 48 / Mi 16 / Tiv true
[19:55:56] [Server thread/INFO]: Tile Max Tick Time: 50ms Entity max Tick Time: 50ms
[19:55:56] [Server thread/INFO]: Max TNT Explosions: 100
[19:55:56] [Server thread/INFO]: View Distance: 16
[19:55:56] [Server thread/INFO]: Item Merge Radius: 2.5
[19:55:56] [Server thread/INFO]: Item Despawn Rate: 6000
[19:55:56] [Server thread/INFO]: Allow Zombie Pigmen to spawn from portal blocks: true
[19:55:56] [Server thread/INFO]: Entity Tracking Range: Pl 48 / An 48 / Mo 48 / Mi 32 / Other 64
[19:55:56] [Server thread/INFO]: Arrow Despawn Rate: 1200 Trident Respawn Rate:1200
[19:55:56] [Server thread/INFO]: Zombie Aggressive Towards Villager: true
[19:55:56] [Server thread/INFO]: Nerfing mobs spawned from spawners: false
[19:55:56] [Server thread/INFO]: Mob Spawn Range: 8
[19:55:56] [Server thread/INFO]: Preparing start region for dimension minecraft:overworld
[19:55:56] [Server thread/INFO]: Loaded 0 spawn chunks for world world
[19:55:56] [Server thread/INFO]: Preparing spawn area: 0%
[19:55:56] [Server thread/INFO]: Time elapsed: 257 ms
[19:55:56] [Server thread/INFO]: Preparing start region for dimension minecraft:the_nether
[19:55:57] [Server thread/INFO]: Loaded 0 spawn chunks for world world_nether
[19:55:57] [Server thread/INFO]: Preparing spawn area: 0%
[19:55:57] [Server thread/INFO]: Time elapsed: 415 ms
[19:55:57] [Server thread/INFO]: Preparing start region for dimension minecraft:the_end
[19:55:57] [Server thread/INFO]: Loaded 0 spawn chunks for world world_the_end
[19:55:57] [Server thread/INFO]: Time elapsed: 119 ms
[19:55:57] [Server thread/INFO]: [UltimateTimber] Enabling UltimateTimber v2.2
[19:55:57] [Server thread/INFO]:  
[19:55:57] [Server thread/INFO]: =============================
[19:55:57] [Server thread/INFO]: UltimateTimber 2.2 by Songoda <3!
[19:55:57] [Server thread/INFO]: Action: Enabling...
[19:55:57] [Server thread/INFO]: [UltimateTimber] Loaded locale "en_US"
[19:55:57] [Server thread/INFO]: [SongodaCore] Hooked UltimateTimber.
[19:55:57] [Server thread/INFO]: =============================
[19:55:57] [Server thread/INFO]:  
[19:55:57] [Server thread/INFO]: [Essentials] Enabling Essentials v2.19.0-dev+12-b0fa0d1
[19:55:57] [Server thread/INFO]: [Essentials] Attempting to convert old kits in config.yml to new kits.yml
[19:55:57] [Server thread/INFO]: [Essentials] No kits found to migrate.
[19:55:57] [Server thread/INFO]: [Essentials] Loaded 25599 items from items.json.
[19:55:57] [Server thread/INFO]: [Essentials] Using locale en_AU
[19:55:57] [Server thread/INFO]: [Essentials] ServerListPingEvent: Spigot iterator API
[19:55:58] [Server thread/INFO]: [Essentials] Metrics disabled per bStats config.
[19:55:58] [Server thread/INFO]: [Vault] [Economy] Essentials Economy hooked.
[19:55:58] [Server thread/INFO]: [Essentials] Using superperms-based permissions.
[19:55:58] [Server thread/INFO]: [EssentialsProtect] Enabling EssentialsProtect v2.19.0-dev+12-b0fa0d1
[19:55:58] [Server thread/INFO]: [EssentialsProtect] Continuing to enable Protect.
[19:55:58] [Server thread/INFO]: [EssentialsProtect] Metrics disabled per bStats config.
[19:55:58] [Server thread/INFO]: [EssentialsSpawn] Enabling EssentialsSpawn v2.19.0-dev+12-b0fa0d1
[19:55:58] [Server thread/INFO]: [EssentialsSpawn] Metrics disabled per bStats config.
[19:55:58] [Server thread/INFO]: [EssentialsChat] Enabling EssentialsChat v2.19.0-dev+12-b0fa0d1
[19:55:58] [Server thread/INFO]: [EssentialsChat] Metrics disabled per bStats config.
[19:55:58] [Server thread/INFO]: [UltimateStacker] Enabling UltimateStacker v2.1.1
[19:55:58] [Server thread/INFO]:  
[19:55:58] [Server thread/INFO]: =============================
[19:55:58] [Server thread/INFO]: UltimateStacker 2.1.1 by Songoda <3!
[19:55:58] [Server thread/INFO]: Action: Enabling...
[19:55:58] [Server thread/INFO]: [UltimateStacker] Loaded locale "en_US"
[19:55:58] [Server thread/INFO]: [SongodaCore] Hooked UltimateStacker.
[19:55:59] [Server thread/INFO]: [UltimateStacker] Data handler connected using SQLite.
[19:55:59] [Server thread/INFO]: =============================
[19:55:59] [Server thread/INFO]:  
[19:55:59] [Server thread/INFO]: [WorldGuard] Enabling WorldGuard v7.0.4+f7ff984
[19:55:59] [Server thread/INFO]: [WorldGuard] Default configuration file written: config.yml
[19:55:59] [Server thread/INFO]: [WorldGuard] Default configuration file written: config_world.yml
[19:55:59] [Server thread/INFO]: [WorldGuard] Default configuration file written: blacklist.txt
[19:55:59] [Server thread/INFO]: [WorldGuard] (world) TNT ignition is PERMITTED.
[19:55:59] [Server thread/INFO]: [WorldGuard] (world) Lighters are PERMITTED.
[19:55:59] [Server thread/INFO]: [WorldGuard] (world) Lava fire is PERMITTED.
[19:55:59] [Server thread/INFO]: [WorldGuard] (world) Fire spread is UNRESTRICTED.
[19:55:59] [Server thread/INFO]: [WorldGuard] Loaded configuration for world 'world'
[19:55:59] [Server thread/INFO]: [WorldGuard] Default configuration file written: config_world.yml
[19:55:59] [Server thread/INFO]: [WorldGuard] Default configuration file written: blacklist.txt
[19:55:59] [Server thread/INFO]: [WorldGuard] (world_nether) TNT ignition is PERMITTED.
[19:55:59] [Server thread/INFO]: [WorldGuard] (world_nether) Lighters are PERMITTED.
[19:55:59] [Server thread/INFO]: [WorldGuard] (world_nether) Lava fire is PERMITTED.
[19:55:59] [Server thread/INFO]: [WorldGuard] (world_nether) Fire spread is UNRESTRICTED.
[19:55:59] [Server thread/INFO]: [WorldGuard] Loaded configuration for world 'world_nether'
[19:55:59] [Server thread/INFO]: [WorldGuard] Default configuration file written: config_world.yml
[19:55:59] [Server thread/INFO]: [WorldGuard] Default configuration file written: blacklist.txt
[19:55:59] [Server thread/INFO]: [WorldGuard] (world_the_end) TNT ignition is PERMITTED.
[19:55:59] [Server thread/INFO]: [WorldGuard] (world_the_end) Lighters are PERMITTED.
[19:55:59] [Server thread/INFO]: [WorldGuard] (world_the_end) Lava fire is PERMITTED.
[19:55:59] [Server thread/INFO]: [WorldGuard] (world_the_end) Fire spread is UNRESTRICTED.
[19:55:59] [Server thread/INFO]: [WorldGuard] Loaded configuration for world 'world_the_end'
[19:55:59] [Server thread/INFO]: [WorldGuard] Loading region data...
[19:55:59] [Server thread/INFO]: [WorldGuard] Unloading and saving region data that is currently loaded...
[19:55:59] [Server thread/INFO]: [WorldGuard] Loading region data for loaded worlds...
[19:55:59] [Server thread/INFO]: [WorldGuard] Loading region data...
[19:55:59] [Server thread/INFO]: [WorldGuard] Regions saved after UUID migration! This won't happen again unless you change the relevant configuration option in WorldGuard's config.
[19:55:59] [Server thread/INFO]: [VeinMiner] Enabling VeinMiner v1.16.3
[19:55:59] [Server thread/INFO]: [VeinMiner] Registering events
[19:55:59] [Server thread/INFO]: [VeinMiner] Registering commands
[19:55:59] [Server thread/INFO]: [VeinMiner] Vault found. Attempting to enable economy support...
[19:55:59] [Server thread/INFO]: [VeinMiner] Economy found! Hooked successfully.
[19:55:59] [Server thread/INFO]: [VeinMiner] Enabling Plugin Metrics
[19:55:59] [Server thread/INFO]: [VeinMiner] Thanks for enabling Metrics! The anonymous stats are appreciated
[19:55:59] [Server thread/INFO]: [VeinMiner] Loading configuration options to local memory
[19:55:59] [Server thread/INFO]: [VeinMiner] Performing an update check!
[19:55:59] [Server thread/INFO]: Running delayed init tasks
[19:55:59] [Server thread/INFO]: Done (6.206s)! For help, type "help"
[19:55:59] [Server thread/INFO]: Timings Reset
[19:55:59] [Craft Scheduler Thread - 2/INFO]: [Vault] Checking for Updates ... 
[19:56:00] [ForkJoinPool.commonPool-worker-15/INFO]: [VeinMiner] Your version of VeinMiner (1.16.3) is up to date!
[19:56:01] [Craft Scheduler Thread - 2/INFO]: [Vault] No new version available
