L 01/01/2021 - 06:10:05: Log file started (file "logs\L0101003.log") (game "C:\Users\admin\Desktop\FTP\Garry's Mod\steamapps\common\GarrysModDS\garrysmod") (version "7891")
L 01/01/2021 - 06:10:05: server_cvar: "sbox_noclip" "0"
L 01/01/2021 - 06:10:05: server_cvar: "sbox_maxprops" "150"
L 01/01/2021 - 06:10:05: server_cvar: "sbox_maxragdolls" "0"
L 01/01/2021 - 06:10:05: server_cvar: "sbox_maxnpcs" "0"
L 01/01/2021 - 06:10:05: server_cvar: "sbox_maxballoons" "0"
L 01/01/2021 - 06:10:05: server_cvar: "sbox_maxeffects" "0"
L 01/01/2021 - 06:10:05: server_cvar: "sbox_maxdynamite" "0"
L 01/01/2021 - 06:10:05: server_cvar: "sbox_maxlamps" "0"
L 01/01/2021 - 06:10:05: server_cvar: "sbox_maxthrusters" "0"
L 01/01/2021 - 06:10:05: server_cvar: "sbox_maxwheels" "0"
L 01/01/2021 - 06:10:05: server_cvar: "sbox_maxhoverballs" "0"
L 01/01/2021 - 06:10:05: server_cvar: "sbox_maxvehicles" "1"
L 01/01/2021 - 06:10:05: server_cvar: "sbox_maxbuttons" "10"
L 01/01/2021 - 06:10:05: server_cvar: "sbox_maxemitters" "0"
L 01/01/2021 - 06:10:05: server_cvar: "sbox_maxtextscreens" "5"
L 01/01/2021 - 06:10:05: server_cvar: "sv_airaccelerate" "1000"
L 01/01/2021 - 06:10:06: Connection to Steam servers successful.
L 01/01/2021 - 06:10:06:    Public IP is 139.99.208.69.
L 01/01/2021 - 06:10:06: Assigned persistent gameserver Steam ID [G-1:3955559].
L 01/01/2021 - 06:10:06: VAC secure mode is activated.
L 01/01/2021 - 06:10:07: AWarn: Message Table Exists
L 01/01/2021 - 06:10:07: AWarn: Player Data Table Exists
L 01/01/2021 - 06:10:07: AWarn: Offline Player Data Table Exists
L 01/01/2021 - 06:10:12: AWarn: Your server info has been updated to the online statistics tracking
L 01/01/2021 - 06:11:25: "TheRealLayth<2><STEAM_0:0:84012375><>" connected, address "110.175.64.165:27005"
L 01/01/2021 - 06:11:25: "TheRealLayth<2><STEAM_0:0:84012375><>" STEAM USERID validated
L 01/01/2021 - 06:11:51: "Al Shebab<3><STEAM_0:0:103364981><>" connected, address "220.240.7.41:27005"
L 01/01/2021 - 06:11:52: "Al Shebab<3><STEAM_0:0:103364981><>" STEAM USERID validated
L 01/01/2021 - 06:12:13: "TheRealLayth<2><STEAM_0:0:84012375><>" entered the game
L 01/01/2021 - 06:15:15: "Al Shebab<3><STEAM_0:0:103364981><>" disconnected (reason "Map is missing")
L 01/01/2021 - 06:16:07: "popbob1<4><STEAM_0:1:90900081><>" connected, address "58.7.188.176:27005"
L 01/01/2021 - 06:16:07: "popbob1<4><STEAM_0:1:90900081><>" STEAM USERID validated
L 01/01/2021 - 06:16:17: "Al Shebab<5><STEAM_0:0:103364981><>" connected, address "220.240.7.41:27005"
L 01/01/2021 - 06:16:17: "Al Shebab<5><STEAM_0:0:103364981><>" STEAM USERID validated
L 01/01/2021 - 06:16:57: "Al Shebab<5><STEAM_0:0:103364981><>" entered the game
L 01/01/2021 - 06:21:25: "TheRealLayth<2><STEAM_0:0:84012375><>" disconnected (reason "Disconnect by user.")
L 01/01/2021 - 06:21:25: "TheRealLayth<6><STEAM_0:0:84012375><>" connected, address "110.175.64.165:27005"
L 01/01/2021 - 06:21:26: "TheRealLayth<6><STEAM_0:0:84012375><>" STEAM USERID validated
L 01/01/2021 - 06:21:59: "TheRealLayth<6><STEAM_0:0:84012375><>" entered the game
L 01/01/2021 - 06:22:08: "popbob1<4><STEAM_0:1:90900081><>" entered the game
L 01/01/2021 - 06:24:19: "Al Shebab<5><STEAM_0:0:103364981><Gun Dealer>" say "!bhop 1"

L 01/01/2021 - 06:27:07: S3: Duplicate client connection: UserID: 7 SteamID c5272ea
L 01/01/2021 - 06:27:08: "Al Shebab<5><STEAM_0:0:103364981><>" disconnected (reason "Al Shebab timed out")
L 01/01/2021 - 06:27:24: "popbob1<4><STEAM_0:1:90900081><Meth Cook>" say "hi"

L 01/01/2021 - 06:27:39: "popbob1<4><STEAM_0:1:90900081><Meth Cook>" say "yeah "

L 01/01/2021 - 06:27:45: "popbob1<4><STEAM_0:1:90900081><Meth Cook>" say "eventually players will join"

L 01/01/2021 - 06:28:01: "popbob1<4><STEAM_0:1:90900081><Meth Cook>" say "aight"

L 01/01/2021 - 06:28:11: "Al Shebab<7><STEAM_0:0:103364981><>" connected, address "220.245.134.97:27005"
L 01/01/2021 - 06:28:12: "Al Shebab<7><STEAM_0:0:103364981><>" STEAM USERID validated
L 01/01/2021 - 06:28:41: "Al Shebab<7><STEAM_0:0:103364981><>" entered the game
L 01/01/2021 - 06:33:25: "Layth<6><STEAM_0:0:84012375><Mutant>" say "/dropmoney 50"

L 01/01/2021 - 06:33:30: "Al Shebab<7><STEAM_0:0:103364981><Money Printer>" say "/dropmoney 515498236"

L 01/01/2021 - 06:34:40: "Al Shebab<7><STEAM_0:0:103364981><Money Printer>" say "!spectate ly"

L 01/01/2021 - 06:37:40: "Al Shebab<7><STEAM_0:0:103364981><Money Printer>" say "/drop"

L 01/01/2021 - 06:38:21: "Layth<6><STEAM_0:0:84012375><SWAT>" say "/warrant al"

L 01/01/2021 - 06:38:25: "Layth<6><STEAM_0:0:84012375><SWAT>" say "/warrant al because"

L 01/01/2021 - 06:38:35: "Layth<6><STEAM_0:0:84012375><SWAT>" say "/warrant Al shebab g"

L 01/01/2021 - 06:38:54: "Layth<6><STEAM_0:0:84012375><SWAT>" say "/unwarrant al"

L 01/01/2021 - 06:38:57: "Al Shebab<7><STEAM_0:0:103364981><Money Printer>" say "!spectate"

L 01/01/2021 - 06:38:59: "Layth<6><STEAM_0:0:84012375><SWAT>" say "/warrant al lolol"

L 01/01/2021 - 06:39:17: "Al Shebab<7><STEAM_0:0:103364981><Money Printer>" say "// are you looking for the meth dealer?"

L 01/01/2021 - 06:39:21: "popbob1<4><STEAM_0:1:90900081><Meth Cook>" say "/ooc ye"

L 01/01/2021 - 06:39:24: "popbob1<4><STEAM_0:1:90900081><Meth Cook>" say "/ooc ye"

L 01/01/2021 - 06:39:37: "popbob1<4><STEAM_0:1:90900081><Meth Cook>" say "/ooc yeah"

L 01/01/2021 - 06:39:55: "Al Shebab<7><STEAM_0:0:103364981><Money Printer>" say "// down the tunnel to the right"

L 01/01/2021 - 06:39:55: "popbob1<4><STEAM_0:1:90900081><Meth Cook>" say "/pm shebab ooc not working for some reason"

L 01/01/2021 - 06:40:05: "Layth<6><STEAM_0:0:84012375><SWAT>" say "/advert IF you look like a druggie, your dead"

L 01/01/2021 - 06:40:10: "Layth<6><STEAM_0:0:84012375><SWAT>" say "/ooc <3 jks"

L 01/01/2021 - 06:40:15: AWarn: Your server info has been updated to the online statistics tracking
L 01/01/2021 - 06:40:40: "popbob1<4><STEAM_0:1:90900081><Meth Cook>" say "34k"

L 01/01/2021 - 06:40:48: "popbob1<4><STEAM_0:1:90900081><Meth Cook>" say "also i cant use the ooc "

L 01/01/2021 - 06:40:51: "popbob1<4><STEAM_0:1:90900081><Meth Cook>" say "for some reason"

L 01/01/2021 - 06:41:00: "popbob1<4><STEAM_0:1:90900081><Meth Cook>" say "/ooc test"

L 01/01/2021 - 06:41:10: "popbob1<4><STEAM_0:1:90900081><Meth Cook>" say "/ooc test"

L 01/01/2021 - 06:41:16: "popbob1<4><STEAM_0:1:90900081><Meth Cook>" say "yeah it just does proximity"

L 01/01/2021 - 06:41:45: "Al Shebab<7><STEAM_0:0:103364981><Money Printer>" say "./ooc test"

L 01/01/2021 - 06:41:48: "popbob1<4><STEAM_0:1:90900081><Meth Cook>" say "/ooc test"

L 01/01/2021 - 06:41:50: "Al Shebab<7><STEAM_0:0:103364981><Money Printer>" say "/ooc test"

L 01/01/2021 - 06:41:50: "popbob1<4><STEAM_0:1:90900081><Meth Cook>" say "nah"

L 01/01/2021 - 06:41:57: "Al Shebab<7><STEAM_0:0:103364981><Money Printer>" say ".// test"

L 01/01/2021 - 06:42:00: "popbob1<4><STEAM_0:1:90900081><Meth Cook>" say "// test"

L 01/01/2021 - 06:42:28: "popbob1<4><STEAM_0:1:90900081><Meth Cook>" say "pm doesnt work either"

L 01/01/2021 - 06:42:59: "Al Shebab<7><STEAM_0:0:103364981><Money Printer>" say "/pm she test"

L 01/01/2021 - 06:43:01: "TheRealLayth<6><STEAM_0:0:84012375><>" disconnected (reason "TheRealLayth timed out")
L 01/01/2021 - 06:43:01: "popbob1<4><STEAM_0:1:90900081><Meth Cook>" say "/pm she test"

L 01/01/2021 - 06:43:05: "Al Shebab<7><STEAM_0:0:103364981><Money Printer>" say "/pm pop test"

L 01/01/2021 - 06:43:09: "popbob1<4><STEAM_0:1:90900081><Meth Cook>" say "//pm al test"

L 01/01/2021 - 06:43:12: "popbob1<4><STEAM_0:1:90900081><Meth Cook>" say "/pm al test"

L 01/01/2021 - 06:43:19: "Al Shebab<7><STEAM_0:0:103364981><Money Printer>" say "/dropmoney 34000"

L 01/01/2021 - 06:43:23: "popbob1<4><STEAM_0:1:90900081><Meth Cook>" say "cheers"

L 01/01/2021 - 06:43:25: "Al Shebab<7><STEAM_0:0:103364981><Money Printer>" say "/dropmoney 100000"

L 01/01/2021 - 06:43:32: "popbob1<4><STEAM_0:1:90900081><Meth Cook>" say "shit thx"

L 01/01/2021 - 06:43:46: "popbob1<4><STEAM_0:1:90900081><Meth Cook>" say "do you guys have an anticheat on this server?"

L 01/01/2021 - 06:44:15: "popbob1<4><STEAM_0:1:90900081><Meth Cook>" say "yeah there's a really broken bypass that lets you inject lua scripts even if allowcslua is off"

L 01/01/2021 - 06:44:33: "popbob1<4><STEAM_0:1:90900081><Meth Cook>" say "its easy aswell"

L 01/01/2021 - 06:45:21: "popbob1<4><STEAM_0:1:90900081><Meth Cook>" say "servers have anticheats to detect it but when i was testing on sup and elite i wasnt autobanned"

L 01/01/2021 - 06:46:38: "popbob1<4><STEAM_0:1:90900081><Meth Cook>" say "im guessing for some reason the allowcslua is listed as a server cvar but is clientside"

L 01/01/2021 - 06:48:04: "popbob1<4><STEAM_0:1:90900081><Meth Cook>" say "im surprised it hasnt been used more often"

L 01/01/2021 - 06:48:13: "popbob1<4><STEAM_0:1:90900081><Meth Cook>" say "there isnt very many videos on it tho"

L 01/01/2021 - 06:56:06: "popbob1<4><STEAM_0:1:90900081><Meth Cook>" say "hold on im gonna reconnect"

L 01/01/2021 - 06:56:13: "popbob1<4><STEAM_0:1:90900081><>" disconnected (reason "Disconnect by user.")
L 01/01/2021 - 06:56:14: "popbob1<8><STEAM_0:1:90900081><>" connected, address "58.7.188.176:27005"
L 01/01/2021 - 06:56:14: "popbob1<8><STEAM_0:1:90900081><>" STEAM USERID validated
L 01/01/2021 - 07:00:23: "popbob1<8><STEAM_0:1:90900081><>" entered the game
L 01/01/2021 - 07:00:30: "TheRealLayth<9><STEAM_0:0:84012375><>" connected, address "110.175.64.165:27005"
L 01/01/2021 - 07:00:30: "TheRealLayth<9><STEAM_0:0:84012375><>" STEAM USERID validated
L 01/01/2021 - 07:01:57: "TheRealLayth<9><STEAM_0:0:84012375><>" entered the game
L 01/01/2021 - 07:03:18: "Layth<9><STEAM_0:0:84012375><Citizen>" say "/ooc pop"

L 01/01/2021 - 07:03:20: "Layth<9><STEAM_0:0:84012375><Citizen>" say "/ooc try ooc"

L 01/01/2021 - 07:03:23: "popbob1<8><STEAM_0:1:90900081><Bitcoin Miner>" say "/ooc test"

L 01/01/2021 - 07:03:36: "popbob1<8><STEAM_0:1:90900081><Bitcoin Miner>" say "/ooc test"

L 01/01/2021 - 07:03:37: "Layth<9><STEAM_0:0:84012375><Citizen>" say "/ooc oh dw, he didnt restart server"

L 01/01/2021 - 07:03:39: "Layth<9><STEAM_0:0:84012375><Citizen>" say "/ooc l0l"

L 01/01/2021 - 07:03:46: "Layth<9><STEAM_0:0:84012375><Citizen>" say "/ooc it will work after he restarts"

L 01/01/2021 - 07:04:42: "popbob1<8><STEAM_0:1:90900081><Lean Manufacturer>" say "downloading addons now"

L 01/01/2021 - 07:05:12: "Bilbo Maggins<9><STEAM_0:0:84012375><Citizen>" say "/name Bilbo Maggins"

L 01/01/2021 - 07:05:37: "popbob1<8><STEAM_0:1:90900081><Lean Manufacturer>" say "!name tyrone numjah"

L 01/01/2021 - 07:06:53: "Buhlow Jobs<8><STEAM_0:1:90900081><Lean Manufacturer>" say "/name Buhlow Jobs"

L 01/01/2021 - 07:07:30: "Buhlow Jobs<8><STEAM_0:1:90900081><Lean Manufacturer>" say "havent seen a server use an image before"

L 01/01/2021 - 07:07:32: "Buhlow Jobs<8><STEAM_0:1:90900081><Lean Manufacturer>" say "looks nice"

L 01/01/2021 - 07:08:27: "Bilbo Maggins<9><STEAM_0:0:84012375><Citizen>" say "/ooc If u got any ideas for improvement, hit us up"

L 01/01/2021 - 07:08:33: "Buhlow Jobs<8><STEAM_0:1:90900081><Lean Manufacturer>" say "/ooc no problem"

L 01/01/2021 - 07:08:46: "Bilbo Maggins<9><STEAM_0:0:84012375><Citizen>" say "/ooc join discord btw with !discord, would be amazing <3"

L 01/01/2021 - 07:08:52: "Buhlow Jobs<8><STEAM_0:1:90900081><Lean Manufacturer>" say "already in"

L 01/01/2021 - 07:09:00: "Bilbo Maggins<9><STEAM_0:0:84012375><Citizen>" say "/ooc looool"

L 01/01/2021 - 07:10:15: AWarn: Your server info has been updated to the online statistics tracking
L 01/01/2021 - 07:11:32: "Buhlow Jobs<8><STEAM_0:1:90900081><Lean Manufacturer>" say "is constant value superadmin only?"

L 01/01/2021 - 07:12:06: "Buhlow Jobs<8><STEAM_0:1:90900081><Lean Manufacturer>" say "says its restricted to superadmins only"

L 01/01/2021 - 07:12:12: "Buhlow Jobs<8><STEAM_0:1:90900081><Lean Manufacturer>" say "constant values"

L 01/01/2021 - 07:12:33: "Feeyne<10><STEAM_0:1:128868430><>" connected, address "94.2.134.55:27005"
L 01/01/2021 - 07:12:33: "Feeyne<10><STEAM_0:1:128868430><>" STEAM USERID validated
L 01/01/2021 - 07:12:44: "Buhlow Jobs<8><STEAM_0:1:90900081><Lean Manufacturer>" say "huh?"

L 01/01/2021 - 07:12:55: "Buhlow Jobs<8><STEAM_0:1:90900081><Lean Manufacturer>" say "mouse interaction"

L 01/01/2021 - 07:13:13: "Buhlow Jobs<8><STEAM_0:1:90900081><Lean Manufacturer>" say "should be in input/output"

L 01/01/2021 - 07:14:29: "Feeyne<10><STEAM_0:1:128868430><>" entered the game
L 01/01/2021 - 07:14:42: Lua Error: 
[fading_door_tool_115753588] addons/fading_door_tool_115753588/lua/weapons/gmod_tool/stools/fading_door.lua:348: attempt to call global 'RemoveKeys' (a nil value)
  1. dooEet - addons/fading_door_tool_115753588/lua/weapons/gmod_tool/stools/fading_door.lua:348
   2. LeftClick - addons/fading_door_tool_115753588/lua/weapons/gmod_tool/stools/fading_door.lua:424
    3. unknown - gamemodes/sandbox/entities/weapons/gmod_tool/shared.lua:240


L 01/01/2021 - 07:14:43: Lua Error: 
[fading_door_tool_115753588] addons/fading_door_tool_115753588/lua/weapons/gmod_tool/stools/fading_door.lua:348: attempt to call global 'RemoveKeys' (a nil value)
  1. dooEet - addons/fading_door_tool_115753588/lua/weapons/gmod_tool/stools/fading_door.lua:348
   2. LeftClick - addons/fading_door_tool_115753588/lua/weapons/gmod_tool/stools/fading_door.lua:424
    3. unknown - gamemodes/sandbox/entities/weapons/gmod_tool/shared.lua:240


L 01/01/2021 - 07:14:43: Lua Error: 
[fading_door_tool_115753588] addons/fading_door_tool_115753588/lua/weapons/gmod_tool/stools/fading_door.lua:348: attempt to call global 'RemoveKeys' (a nil value)
  1. dooEet - addons/fading_door_tool_115753588/lua/weapons/gmod_tool/stools/fading_door.lua:348
   2. LeftClick - addons/fading_door_tool_115753588/lua/weapons/gmod_tool/stools/fading_door.lua:424
    3. unknown - gamemodes/sandbox/entities/weapons/gmod_tool/shared.lua:240


L 01/01/2021 - 07:14:53: "Bilbo Maggins<9><STEAM_0:0:84012375><Staff On Duty>" say "!3p"

L 01/01/2021 - 07:15:13: "Bilbo Maggins<9><STEAM_0:0:84012375><Staff On Duty>" say "/me Signals Hello/Goodbye"

L 01/01/2021 - 07:15:30: "Feeyne Onbootings<10><STEAM_0:1:128868430><Citizen>" say "/name Feeyne Onbootings"

L 01/01/2021 - 07:15:37: "Feeyne Onbootings<10><STEAM_0:1:128868430><Citizen>" say "yeah"

L 01/01/2021 - 07:16:24: "Feeyne Onbootings<10><STEAM_0:1:128868430><Citizen>" say "3p"

L 01/01/2021 - 07:16:30: "Feeyne Onbootings<10><STEAM_0:1:128868430><Citizen>" say "!3p"

L 01/01/2021 - 07:16:30: "Bilbo Maggins<9><STEAM_0:0:84012375><Staff On Duty>" say "g"

L 01/01/2021 - 07:16:42: "Bilbo Maggins<9><STEAM_0:0:84012375><Staff On Duty>" say "!DONATOR"

L 01/01/2021 - 07:16:43: "Bilbo Maggins<9><STEAM_0:0:84012375><Staff On Duty>" say "!donate"

L 01/01/2021 - 07:17:40: "Al Shebab<7><STEAM_0:0:103364981><Money Printer>" say "!gsavedecals"

L 01/01/2021 - 07:18:14: "Al Shebab<7><STEAM_0:0:103364981><Money Printer>" say "!atags"

L 01/01/2021 - 07:18:31: "Bilbo Maggins<9><STEAM_0:0:84012375><Staff On Duty>" say "!NOCLIP"

L 01/01/2021 - 07:19:51: "Bilbo Maggins<9><STEAM_0:0:84012375><Staff On Duty>" say "!noclip"

L 01/01/2021 - 07:20:17: "Al Shebab<7><STEAM_0:0:103364981><Money Printer>" say "!"

L 01/01/2021 - 07:20:19: "Al Shebab<7><STEAM_0:0:103364981><Money Printer>" say "!gcopydecal"

L 01/01/2021 - 07:20:22: "Al Shebab<7><STEAM_0:0:103364981><Money Printer>" say "!gcopydecal"

L 01/01/2021 - 07:20:25: "Al Shebab<7><STEAM_0:0:103364981><Money Printer>" say "!gcopydecal"

L 01/01/2021 - 07:20:30: "Buhlow Jobs<8><STEAM_0:1:90900081><Lean Manufacturer>" say "changing colours"

L 01/01/2021 - 07:20:32: "Al Shebab<7><STEAM_0:0:103364981><Money Printer>" say "gcopydecal"

L 01/01/2021 - 07:20:33: "Al Shebab<7><STEAM_0:0:103364981><Money Printer>" say "!gcopydecal"

L 01/01/2021 - 07:20:38: "Al Shebab<7><STEAM_0:0:103364981><Money Printer>" say "!gcopydecal"

L 01/01/2021 - 07:20:53: "Bilbo Maggins<9><STEAM_0:0:84012375><Staff On Duty>" say "!god"

L 01/01/2021 - 07:20:55: "Bilbo Maggins<9><STEAM_0:0:84012375><Staff On Duty>" say "!god"

L 01/01/2021 - 07:20:57: "Bilbo Maggins<9><STEAM_0:0:84012375><Staff On Duty>" say "!ungod"

L 01/01/2021 - 07:21:08: "Al Shebab<7><STEAM_0:0:103364981><Money Printer>" say "!gsavedecals"

L 01/01/2021 - 07:21:36: Lua Error: 
[advanced-car-dealer] addons/advanced-car-dealer/lua/weapons/gmod_tool/stools/advcardealer_tool.lua:924: attempt to call method 'Remove' (a nil value)
  1. NextToolFunction - addons/advanced-car-dealer/lua/weapons/gmod_tool/stools/advcardealer_tool.lua:924
   2. Think - addons/advanced-car-dealer/lua/weapons/gmod_tool/stools/advcardealer_tool.lua:988
    3. unknown - gamemodes/sandbox/entities/weapons/gmod_tool/shared.lua:187


L 01/01/2021 - 07:21:36: Lua Error: 
[advanced-car-dealer] addons/advanced-car-dealer/lua/weapons/gmod_tool/stools/advcardealer_tool.lua:924: attempt to call method 'Remove' (a nil value)
  1. NextToolFunction - addons/advanced-car-dealer/lua/weapons/gmod_tool/stools/advcardealer_tool.lua:924
   2. Think - addons/advanced-car-dealer/lua/weapons/gmod_tool/stools/advcardealer_tool.lua:988
    3. unknown - gamemodes/sandbox/entities/weapons/gmod_tool/shared.lua:187


L 01/01/2021 - 07:21:36: Lua Error: 
[advanced-car-dealer] addons/advanced-car-dealer/lua/weapons/gmod_tool/stools/advcardealer_tool.lua:924: attempt to call method 'Remove' (a nil value)
  1. NextToolFunction - addons/advanced-car-dealer/lua/weapons/gmod_tool/stools/advcardealer_tool.lua:924
   2. Think - addons/advanced-car-dealer/lua/weapons/gmod_tool/stools/advcardealer_tool.lua:988
    3. unknown - gamemodes/sandbox/entities/weapons/gmod_tool/shared.lua:187


L 01/01/2021 - 07:21:36: Lua Error: 
[advanced-car-dealer] addons/advanced-car-dealer/lua/weapons/gmod_tool/stools/advcardealer_tool.lua:924: attempt to call method 'Remove' (a nil value)
  1. NextToolFunction - addons/advanced-car-dealer/lua/weapons/gmod_tool/stools/advcardealer_tool.lua:924
   2. Think - addons/advanced-car-dealer/lua/weapons/gmod_tool/stools/advcardealer_tool.lua:988
    3. unknown - gamemodes/sandbox/entities/weapons/gmod_tool/shared.lua:187


L 01/01/2021 - 07:21:36: Lua Error: 
[advanced-car-dealer] addons/advanced-car-dealer/lua/weapons/gmod_tool/stools/advcardealer_tool.lua:924: attempt to call method 'Remove' (a nil value)
  1. NextToolFunction - addons/advanced-car-dealer/lua/weapons/gmod_tool/stools/advcardealer_tool.lua:924
   2. Think - addons/advanced-car-dealer/lua/weapons/gmod_tool/stools/advcardealer_tool.lua:988
    3. unknown - gamemodes/sandbox/entities/weapons/gmod_tool/shared.lua:187


L 01/01/2021 - 07:21:36: Lua Error: 
[advanced-car-dealer] addons/advanced-car-dealer/lua/weapons/gmod_tool/stools/advcardealer_tool.lua:924: attempt to call method 'Remove' (a nil value)
  1. NextToolFunction - addons/advanced-car-dealer/lua/weapons/gmod_tool/stools/advcardealer_tool.lua:924
   2. Think - addons/advanced-car-dealer/lua/weapons/gmod_tool/stools/advcardealer_tool.lua:988
    3. unknown - gamemodes/sandbox/entities/weapons/gmod_tool/shared.lua:187


L 01/01/2021 - 07:21:36: Lua Error: 
[advanced-car-dealer] addons/advanced-car-dealer/lua/weapons/gmod_tool/stools/advcardealer_tool.lua:924: attempt to call method 'Remove' (a nil value)
  1. NextToolFunction - addons/advanced-car-dealer/lua/weapons/gmod_tool/stools/advcardealer_tool.lua:924
   2. Think - addons/advanced-car-dealer/lua/weapons/gmod_tool/stools/advcardealer_tool.lua:988
    3. unknown - gamemodes/sandbox/entities/weapons/gmod_tool/shared.lua:187


L 01/01/2021 - 07:21:36: Lua Error: 
[advanced-car-dealer] addons/advanced-car-dealer/lua/weapons/gmod_tool/stools/advcardealer_tool.lua:924: attempt to call method 'Remove' (a nil value)
  1. NextToolFunction - addons/advanced-car-dealer/lua/weapons/gmod_tool/stools/advcardealer_tool.lua:924
   2. Think - addons/advanced-car-dealer/lua/weapons/gmod_tool/stools/advcardealer_tool.lua:988
    3. unknown - gamemodes/sandbox/entities/weapons/gmod_tool/shared.lua:187


L 01/01/2021 - 07:21:36: Lua Error: 
[advanced-car-dealer] addons/advanced-car-dealer/lua/weapons/gmod_tool/stools/advcardealer_tool.lua:924: attempt to call method 'Remove' (a nil value)
  1. NextToolFunction - addons/advanced-car-dealer/lua/weapons/gmod_tool/stools/advcardealer_tool.lua:924
   2. Think - addons/advanced-car-dealer/lua/weapons/gmod_tool/stools/advcardealer_tool.lua:988
    3. unknown - gamemodes/sandbox/entities/weapons/gmod_tool/shared.lua:187


L 01/01/2021 - 07:21:36: Lua Error: 
[advanced-car-dealer] addons/advanced-car-dealer/lua/weapons/gmod_tool/stools/advcardealer_tool.lua:924: attempt to call method 'Remove' (a nil value)
  1. NextToolFunction - addons/advanced-car-dealer/lua/weapons/gmod_tool/stools/advcardealer_tool.lua:924
   2. Think - addons/advanced-car-dealer/lua/weapons/gmod_tool/stools/advcardealer_tool.lua:988
    3. unknown - gamemodes/sandbox/entities/weapons/gmod_tool/shared.lua:187


L 01/01/2021 - 07:21:36: Lua Error: 
[advanced-car-dealer] addons/advanced-car-dealer/lua/weapons/gmod_tool/stools/advcardealer_tool.lua:924: attempt to call method 'Remove' (a nil value)
  1. NextToolFunction - addons/advanced-car-dealer/lua/weapons/gmod_tool/stools/advcardealer_tool.lua:924
   2. Think - addons/advanced-car-dealer/lua/weapons/gmod_tool/stools/advcardealer_tool.lua:988
    3. unknown - gamemodes/sandbox/entities/weapons/gmod_tool/shared.lua:187


L 01/01/2021 - 07:21:36: Lua Error: 
[advanced-car-dealer] addons/advanced-car-dealer/lua/weapons/gmod_tool/stools/advcardealer_tool.lua:924: attempt to call method 'Remove' (a nil value)
  1. NextToolFunction - addons/advanced-car-dealer/lua/weapons/gmod_tool/stools/advcardealer_tool.lua:924
   2. Think - addons/advanced-car-dealer/lua/weapons/gmod_tool/stools/advcardealer_tool.lua:988
    3. unknown - gamemodes/sandbox/entities/weapons/gmod_tool/shared.lua:187


L 01/01/2021 - 07:21:36: Lua Error: 
[advanced-car-dealer] addons/advanced-car-dealer/lua/weapons/gmod_tool/stools/advcardealer_tool.lua:924: attempt to call method 'Remove' (a nil value)
  1. NextToolFunction - addons/advanced-car-dealer/lua/weapons/gmod_tool/stools/advcardealer_tool.lua:924
   2. Think - addons/advanced-car-dealer/lua/weapons/gmod_tool/stools/advcardealer_tool.lua:988
    3. unknown - gamemodes/sandbox/entities/weapons/gmod_tool/shared.lua:187


L 01/01/2021 - 07:21:36: Lua Error: 
[advanced-car-dealer] addons/advanced-car-dealer/lua/weapons/gmod_tool/stools/advcardealer_tool.lua:924: attempt to call method 'Remove' (a nil value)
  1. NextToolFunction - addons/advanced-car-dealer/lua/weapons/gmod_tool/stools/advcardealer_tool.lua:924
   2. Think - addons/advanced-car-dealer/lua/weapons/gmod_tool/stools/advcardealer_tool.lua:988
    3. unknown - gamemodes/sandbox/entities/weapons/gmod_tool/shared.lua:187


L 01/01/2021 - 07:21:36: Lua Error: 
[advanced-car-dealer] addons/advanced-car-dealer/lua/weapons/gmod_tool/stools/advcardealer_tool.lua:924: attempt to call method 'Remove' (a nil value)
  1. NextToolFunction - addons/advanced-car-dealer/lua/weapons/gmod_tool/stools/advcardealer_tool.lua:924
   2. Think - addons/advanced-car-dealer/lua/weapons/gmod_tool/stools/advcardealer_tool.lua:988
    3. unknown - gamemodes/sandbox/entities/weapons/gmod_tool/shared.lua:187


L 01/01/2021 - 07:21:36: Lua Error: 
[advanced-car-dealer] addons/advanced-car-dealer/lua/weapons/gmod_tool/stools/advcardealer_tool.lua:924: attempt to call method 'Remove' (a nil value)
  1. NextToolFunction - addons/advanced-car-dealer/lua/weapons/gmod_tool/stools/advcardealer_tool.lua:924
   2. Think - addons/advanced-car-dealer/lua/weapons/gmod_tool/stools/advcardealer_tool.lua:988
    3. unknown - gamemodes/sandbox/entities/weapons/gmod_tool/shared.lua:187


L 01/01/2021 - 07:21:36: Lua Error: 
[advanced-car-dealer] addons/advanced-car-dealer/lua/weapons/gmod_tool/stools/advcardealer_tool.lua:924: attempt to call method 'Remove' (a nil value)
  1. NextToolFunction - addons/advanced-car-dealer/lua/weapons/gmod_tool/stools/advcardealer_tool.lua:924
   2. Think - addons/advanced-car-dealer/lua/weapons/gmod_tool/stools/advcardealer_tool.lua:988
    3. unknown - gamemodes/sandbox/entities/weapons/gmod_tool/shared.lua:187


L 01/01/2021 - 07:21:36: Lua Error: 
[advanced-car-dealer] addons/advanced-car-dealer/lua/weapons/gmod_tool/stools/advcardealer_tool.lua:924: attempt to call method 'Remove' (a nil value)
  1. NextToolFunction - addons/advanced-car-dealer/lua/weapons/gmod_tool/stools/advcardealer_tool.lua:924
   2. Think - addons/advanced-car-dealer/lua/weapons/gmod_tool/stools/advcardealer_tool.lua:988
    3. unknown - gamemodes/sandbox/entities/weapons/gmod_tool/shared.lua:187


L 01/01/2021 - 07:21:36: Lua Error: 
[advanced-car-dealer] addons/advanced-car-dealer/lua/weapons/gmod_tool/stools/advcardealer_tool.lua:924: attempt to call method 'Remove' (a nil value)
  1. NextToolFunction - addons/advanced-car-dealer/lua/weapons/gmod_tool/stools/advcardealer_tool.lua:924
   2. Think - addons/advanced-car-dealer/lua/weapons/gmod_tool/stools/advcardealer_tool.lua:988
    3. unknown - gamemodes/sandbox/entities/weapons/gmod_tool/shared.lua:187


L 01/01/2021 - 07:21:36: Lua Error: 
[advanced-car-dealer] addons/advanced-car-dealer/lua/weapons/gmod_tool/stools/advcardealer_tool.lua:924: attempt to call method 'Remove' (a nil value)
  1. NextToolFunction - addons/advanced-car-dealer/lua/weapons/gmod_tool/stools/advcardealer_tool.lua:924
   2. Think - addons/advanced-car-dealer/lua/weapons/gmod_tool/stools/advcardealer_tool.lua:988
    3. unknown - gamemodes/sandbox/entities/weapons/gmod_tool/shared.lua:187


L 01/01/2021 - 07:21:36: Lua Error: 
[advanced-car-dealer] addons/advanced-car-dealer/lua/weapons/gmod_tool/stools/advcardealer_tool.lua:924: attempt to call method 'Remove' (a nil value)
  1. NextToolFunction - addons/advanced-car-dealer/lua/weapons/gmod_tool/stools/advcardealer_tool.lua:924
   2. Think - addons/advanced-car-dealer/lua/weapons/gmod_tool/stools/advcardealer_tool.lua:988
    3. unknown - gamemodes/sandbox/entities/weapons/gmod_tool/shared.lua:187


L 01/01/2021 - 07:21:36: Lua Error: 
[advanced-car-dealer] addons/advanced-car-dealer/lua/weapons/gmod_tool/stools/advcardealer_tool.lua:924: attempt to call method 'Remove' (a nil value)
  1. NextToolFunction - addons/advanced-car-dealer/lua/weapons/gmod_tool/stools/advcardealer_tool.lua:924
   2. Think - addons/advanced-car-dealer/lua/weapons/gmod_tool/stools/advcardealer_tool.lua:988
    3. unknown - gamemodes/sandbox/entities/weapons/gmod_tool/shared.lua:187


L 01/01/2021 - 07:21:36: Lua Error: 
[advanced-car-dealer] addons/advanced-car-dealer/lua/weapons/gmod_tool/stools/advcardealer_tool.lua:924: attempt to call method 'Remove' (a nil value)
  1. NextToolFunction - addons/advanced-car-dealer/lua/weapons/gmod_tool/stools/advcardealer_tool.lua:924
   2. Think - addons/advanced-car-dealer/lua/weapons/gmod_tool/stools/advcardealer_tool.lua:988
    3. unknown - gamemodes/sandbox/entities/weapons/gmod_tool/shared.lua:187


L 01/01/2021 - 07:21:36: Lua Error: 
[advanced-car-dealer] addons/advanced-car-dealer/lua/weapons/gmod_tool/stools/advcardealer_tool.lua:924: attempt to call method 'Remove' (a nil value)
  1. NextToolFunction - addons/advanced-car-dealer/lua/weapons/gmod_tool/stools/advcardealer_tool.lua:924
   2. Think - addons/advanced-car-dealer/lua/weapons/gmod_tool/stools/advcardealer_tool.lua:988
    3. unknown - gamemodes/sandbox/entities/weapons/gmod_tool/shared.lua:187


L 01/01/2021 - 07:21:36: Lua Error: 
[advanced-car-dealer] addons/advanced-car-dealer/lua/weapons/gmod_tool/stools/advcardealer_tool.lua:924: attempt to call method 'Remove' (a nil value)
  1. NextToolFunction - addons/advanced-car-dealer/lua/weapons/gmod_tool/stools/advcardealer_tool.lua:924
   2. Think - addons/advanced-car-dealer/lua/weapons/gmod_tool/stools/advcardealer_tool.lua:988
    3. unknown - gamemodes/sandbox/entities/weapons/gmod_tool/shared.lua:187


L 01/01/2021 - 07:21:36: Lua Error: 
[advanced-car-dealer] addons/advanced-car-dealer/lua/weapons/gmod_tool/stools/advcardealer_tool.lua:924: attempt to call method 'Remove' (a nil value)
  1. NextToolFunction - addons/advanced-car-dealer/lua/weapons/gmod_tool/stools/advcardealer_tool.lua:924
   2. Think - addons/advanced-car-dealer/lua/weapons/gmod_tool/stools/advcardealer_tool.lua:988
    3. unknown - gamemodes/sandbox/entities/weapons/gmod_tool/shared.lua:187


L 01/01/2021 - 07:21:36: Lua Error: 
[advanced-car-dealer] addons/advanced-car-dealer/lua/weapons/gmod_tool/stools/advcardealer_tool.lua:924: attempt to call method 'Remove' (a nil value)
  1. NextToolFunction - addons/advanced-car-dealer/lua/weapons/gmod_tool/stools/advcardealer_tool.lua:924
   2. Think - addons/advanced-car-dealer/lua/weapons/gmod_tool/stools/advcardealer_tool.lua:988
    3. unknown - gamemodes/sandbox/entities/weapons/gmod_tool/shared.lua:187


L 01/01/2021 - 07:21:36: Lua Error: 
[advanced-car-dealer] addons/advanced-car-dealer/lua/weapons/gmod_tool/stools/advcardealer_tool.lua:924: attempt to call method 'Remove' (a nil value)
  1. NextToolFunction - addons/advanced-car-dealer/lua/weapons/gmod_tool/stools/advcardealer_tool.lua:924
   2. Think - addons/advanced-car-dealer/lua/weapons/gmod_tool/stools/advcardealer_tool.lua:988
    3. unknown - gamemodes/sandbox/entities/weapons/gmod_tool/shared.lua:187


L 01/01/2021 - 07:21:36: Lua Error: 
[advanced-car-dealer] addons/advanced-car-dealer/lua/weapons/gmod_tool/stools/advcardealer_tool.lua:924: attempt to call method 'Remove' (a nil value)
  1. NextToolFunction - addons/advanced-car-dealer/lua/weapons/gmod_tool/stools/advcardealer_tool.lua:924
   2. Think - addons/advanced-car-dealer/lua/weapons/gmod_tool/stools/advcardealer_tool.lua:988
    3. unknown - gamemodes/sandbox/entities/weapons/gmod_tool/shared.lua:187


L 01/01/2021 - 07:21:36: Lua Error: 
[advanced-car-dealer] addons/advanced-car-dealer/lua/weapons/gmod_tool/stools/advcardealer_tool.lua:924: attempt to call method 'Remove' (a nil value)
  1. NextToolFunction - addons/advanced-car-dealer/lua/weapons/gmod_tool/stools/advcardealer_tool.lua:924
   2. Think - addons/advanced-car-dealer/lua/weapons/gmod_tool/stools/advcardealer_tool.lua:988
    3. unknown - gamemodes/sandbox/entities/weapons/gmod_tool/shared.lua:187


L 01/01/2021 - 07:21:36: Lua Error: 
[advanced-car-dealer] addons/advanced-car-dealer/lua/weapons/gmod_tool/stools/advcardealer_tool.lua:924: attempt to call method 'Remove' (a nil value)
  1. NextToolFunction - addons/advanced-car-dealer/lua/weapons/gmod_tool/stools/advcardealer_tool.lua:924
   2. Think - addons/advanced-car-dealer/lua/weapons/gmod_tool/stools/advcardealer_tool.lua:988
    3. unknown - gamemodes/sandbox/entities/weapons/gmod_tool/shared.lua:187


L 01/01/2021 - 07:21:36: Lua Error: 
[advanced-car-dealer] addons/advanced-car-dealer/lua/weapons/gmod_tool/stools/advcardealer_tool.lua:924: attempt to call method 'Remove' (a nil value)
  1. NextToolFunction - addons/advanced-car-dealer/lua/weapons/gmod_tool/stools/advcardealer_tool.lua:924
   2. Think - addons/advanced-car-dealer/lua/weapons/gmod_tool/stools/advcardealer_tool.lua:988
    3. unknown - gamemodes/sandbox/entities/weapons/gmod_tool/shared.lua:187


L 01/01/2021 - 07:21:36: Lua Error: 
[advanced-car-dealer] addons/advanced-car-dealer/lua/weapons/gmod_tool/stools/advcardealer_tool.lua:924: attempt to call method 'Remove' (a nil value)
  1. NextToolFunction - addons/advanced-car-dealer/lua/weapons/gmod_tool/stools/advcardealer_tool.lua:924
   2. Think - addons/advanced-car-dealer/lua/weapons/gmod_tool/stools/advcardealer_tool.lua:988
    3. unknown - gamemodes/sandbox/entities/weapons/gmod_tool/shared.lua:187


L 01/01/2021 - 07:21:36: Lua Error: 
[advanced-car-dealer] addons/advanced-car-dealer/lua/weapons/gmod_tool/stools/advcardealer_tool.lua:924: attempt to call method 'Remove' (a nil value)
  1. NextToolFunction - addons/advanced-car-dealer/lua/weapons/gmod_tool/stools/advcardealer_tool.lua:924
   2. Think - addons/advanced-car-dealer/lua/weapons/gmod_tool/stools/advcardealer_tool.lua:988
    3. unknown - gamemodes/sandbox/entities/weapons/gmod_tool/shared.lua:187


L 01/01/2021 - 07:21:36: Lua Error: 
[advanced-car-dealer] addons/advanced-car-dealer/lua/weapons/gmod_tool/stools/advcardealer_tool.lua:924: attempt to call method 'Remove' (a nil value)
  1. NextToolFunction - addons/advanced-car-dealer/lua/weapons/gmod_tool/stools/advcardealer_tool.lua:924
   2. Think - addons/advanced-car-dealer/lua/weapons/gmod_tool/stools/advcardealer_tool.lua:988
    3. unknown - gamemodes/sandbox/entities/weapons/gmod_tool/shared.lua:187


L 01/01/2021 - 07:21:36: Lua Error: 
[advanced-car-dealer] addons/advanced-car-dealer/lua/weapons/gmod_tool/stools/advcardealer_tool.lua:924: attempt to call method 'Remove' (a nil value)
  1. NextToolFunction - addons/advanced-car-dealer/lua/weapons/gmod_tool/stools/advcardealer_tool.lua:924
   2. Think - addons/advanced-car-dealer/lua/weapons/gmod_tool/stools/advcardealer_tool.lua:988
    3. unknown - gamemodes/sandbox/entities/weapons/gmod_tool/shared.lua:187


L 01/01/2021 - 07:21:36: Lua Error: 
[advanced-car-dealer] addons/advanced-car-dealer/lua/weapons/gmod_tool/stools/advcardealer_tool.lua:924: attempt to call method 'Remove' (a nil value)
  1. NextToolFunction - addons/advanced-car-dealer/lua/weapons/gmod_tool/stools/advcardealer_tool.lua:924
   2. Think - addons/advanced-car-dealer/lua/weapons/gmod_tool/stools/advcardealer_tool.lua:988
    3. unknown - gamemodes/sandbox/entities/weapons/gmod_tool/shared.lua:187


L 01/01/2021 - 07:21:36: Lua Error: 
[advanced-car-dealer] addons/advanced-car-dealer/lua/weapons/gmod_tool/stools/advcardealer_tool.lua:924: attempt to call method 'Remove' (a nil value)
  1. NextToolFunction - addons/advanced-car-dealer/lua/weapons/gmod_tool/stools/advcardealer_tool.lua:924
   2. Think - addons/advanced-car-dealer/lua/weapons/gmod_tool/stools/advcardealer_tool.lua:988
    3. unknown - gamemodes/sandbox/entities/weapons/gmod_tool/shared.lua:187


L 01/01/2021 - 07:21:36: Lua Error: 
[advanced-car-dealer] addons/advanced-car-dealer/lua/weapons/gmod_tool/stools/advcardealer_tool.lua:924: attempt to call method 'Remove' (a nil value)
  1. NextToolFunction - addons/advanced-car-dealer/lua/weapons/gmod_tool/stools/advcardealer_tool.lua:924
   2. Think - addons/advanced-car-dealer/lua/weapons/gmod_tool/stools/advcardealer_tool.lua:988
    3. unknown - gamemodes/sandbox/entities/weapons/gmod_tool/shared.lua:187


L 01/01/2021 - 07:21:36: Lua Error: 
[advanced-car-dealer] addons/advanced-car-dealer/lua/weapons/gmod_tool/stools/advcardealer_tool.lua:924: attempt to call method 'Remove' (a nil value)
  1. NextToolFunction - addons/advanced-car-dealer/lua/weapons/gmod_tool/stools/advcardealer_tool.lua:924
   2. Think - addons/advanced-car-dealer/lua/weapons/gmod_tool/stools/advcardealer_tool.lua:988
    3. unknown - gamemodes/sandbox/entities/weapons/gmod_tool/shared.lua:187


L 01/01/2021 - 07:21:36: Lua Error: 
[advanced-car-dealer] addons/advanced-car-dealer/lua/weapons/gmod_tool/stools/advcardealer_tool.lua:924: attempt to call method 'Remove' (a nil value)
  1. NextToolFunction - addons/advanced-car-dealer/lua/weapons/gmod_tool/stools/advcardealer_tool.lua:924
   2. Think - addons/advanced-car-dealer/lua/weapons/gmod_tool/stools/advcardealer_tool.lua:988
    3. unknown - gamemodes/sandbox/entities/weapons/gmod_tool/shared.lua:187


L 01/01/2021 - 07:21:36: Lua Error: 
[advanced-car-dealer] addons/advanced-car-dealer/lua/weapons/gmod_tool/stools/advcardealer_tool.lua:924: attempt to call method 'Remove' (a nil value)
  1. NextToolFunction - addons/advanced-car-dealer/lua/weapons/gmod_tool/stools/advcardealer_tool.lua:924
   2. Think - addons/advanced-car-dealer/lua/weapons/gmod_tool/stools/advcardealer_tool.lua:988
    3. unknown - gamemodes/sandbox/entities/weapons/gmod_tool/shared.lua:187


L 01/01/2021 - 07:21:36: Lua Error: 
[advanced-car-dealer] addons/advanced-car-dealer/lua/weapons/gmod_tool/stools/advcardealer_tool.lua:924: attempt to call method 'Remove' (a nil value)
  1. NextToolFunction - addons/advanced-car-dealer/lua/weapons/gmod_tool/stools/advcardealer_tool.lua:924
   2. Think - addons/advanced-car-dealer/lua/weapons/gmod_tool/stools/advcardealer_tool.lua:988
    3. unknown - gamemodes/sandbox/entities/weapons/gmod_tool/shared.lua:187


L 01/01/2021 - 07:21:36: Lua Error: 
[advanced-car-dealer] addons/advanced-car-dealer/lua/weapons/gmod_tool/stools/advcardealer_tool.lua:924: attempt to call method 'Remove' (a nil value)
  1. NextToolFunction - addons/advanced-car-dealer/lua/weapons/gmod_tool/stools/advcardealer_tool.lua:924
   2. Think - addons/advanced-car-dealer/lua/weapons/gmod_tool/stools/advcardealer_tool.lua:988
    3. unknown - gamemodes/sandbox/entities/weapons/gmod_tool/shared.lua:187


L 01/01/2021 - 07:21:36: Lua Error: 
[advanced-car-dealer] addons/advanced-car-dealer/lua/weapons/gmod_tool/stools/advcardealer_tool.lua:924: attempt to call method 'Remove' (a nil value)
  1. NextToolFunction - addons/advanced-car-dealer/lua/weapons/gmod_tool/stools/advcardealer_tool.lua:924
   2. Think - addons/advanced-car-dealer/lua/weapons/gmod_tool/stools/advcardealer_tool.lua:988
    3. unknown - gamemodes/sandbox/entities/weapons/gmod_tool/shared.lua:187


L 01/01/2021 - 07:21:36: Lua Error: 
[advanced-car-dealer] addons/advanced-car-dealer/lua/weapons/gmod_tool/stools/advcardealer_tool.lua:924: attempt to call method 'Remove' (a nil value)
  1. NextToolFunction - addons/advanced-car-dealer/lua/weapons/gmod_tool/stools/advcardealer_tool.lua:924
   2. Think - addons/advanced-car-dealer/lua/weapons/gmod_tool/stools/advcardealer_tool.lua:988
    3. unknown - gamemodes/sandbox/entities/weapons/gmod_tool/shared.lua:187


L 01/01/2021 - 07:21:36: Lua Error: 
[advanced-car-dealer] addons/advanced-car-dealer/lua/weapons/gmod_tool/stools/advcardealer_tool.lua:924: attempt to call method 'Remove' (a nil value)
  1. NextToolFunction - addons/advanced-car-dealer/lua/weapons/gmod_tool/stools/advcardealer_tool.lua:924
   2. Think - addons/advanced-car-dealer/lua/weapons/gmod_tool/stools/advcardealer_tool.lua:988
    3. unknown - gamemodes/sandbox/entities/weapons/gmod_tool/shared.lua:187


L 01/01/2021 - 07:21:36: Lua Error: 
[advanced-car-dealer] addons/advanced-car-dealer/lua/weapons/gmod_tool/stools/advcardealer_tool.lua:924: attempt to call method 'Remove' (a nil value)
  1. NextToolFunction - addons/advanced-car-dealer/lua/weapons/gmod_tool/stools/advcardealer_tool.lua:924
   2. Think - addons/advanced-car-dealer/lua/weapons/gmod_tool/stools/advcardealer_tool.lua:988
    3. unknown - gamemodes/sandbox/entities/weapons/gmod_tool/shared.lua:187


L 01/01/2021 - 07:21:36: Lua Error: 
[advanced-car-dealer] addons/advanced-car-dealer/lua/weapons/gmod_tool/stools/advcardealer_tool.lua:924: attempt to call method 'Remove' (a nil value)
  1. NextToolFunction - addons/advanced-car-dealer/lua/weapons/gmod_tool/stools/advcardealer_tool.lua:924
   2. Think - addons/advanced-car-dealer/lua/weapons/gmod_tool/stools/advcardealer_tool.lua:988
    3. unknown - gamemodes/sandbox/entities/weapons/gmod_tool/shared.lua:187


L 01/01/2021 - 07:21:36: Lua Error: 
[advanced-car-dealer] addons/advanced-car-dealer/lua/weapons/gmod_tool/stools/advcardealer_tool.lua:924: attempt to call method 'Remove' (a nil value)
  1. NextToolFunction - addons/advanced-car-dealer/lua/weapons/gmod_tool/stools/advcardealer_tool.lua:924
   2. Think - addons/advanced-car-dealer/lua/weapons/gmod_tool/stools/advcardealer_tool.lua:988
    3. unknown - gamemodes/sandbox/entities/weapons/gmod_tool/shared.lua:187


L 01/01/2021 - 07:21:36: Lua Error: 
[advanced-car-dealer] addons/advanced-car-dealer/lua/weapons/gmod_tool/stools/advcardealer_tool.lua:924: attempt to call method 'Remove' (a nil value)
  1. NextToolFunction - addons/advanced-car-dealer/lua/weapons/gmod_tool/stools/advcardealer_tool.lua:924
   2. Think - addons/advanced-car-dealer/lua/weapons/gmod_tool/stools/advcardealer_tool.lua:988
    3. unknown - gamemodes/sandbox/entities/weapons/gmod_tool/shared.lua:187


L 01/01/2021 - 07:21:36: Lua Error: 
[advanced-car-dealer] addons/advanced-car-dealer/lua/weapons/gmod_tool/stools/advcardealer_tool.lua:924: attempt to call method 'Remove' (a nil value)
  1. NextToolFunction - addons/advanced-car-dealer/lua/weapons/gmod_tool/stools/advcardealer_tool.lua:924
   2. Think - addons/advanced-car-dealer/lua/weapons/gmod_tool/stools/advcardealer_tool.lua:988
    3. unknown - gamemodes/sandbox/entities/weapons/gmod_tool/shared.lua:187


L 01/01/2021 - 07:21:36: Lua Error: 
[advanced-car-dealer] addons/advanced-car-dealer/lua/weapons/gmod_tool/stools/advcardealer_tool.lua:924: attempt to call method 'Remove' (a nil value)
  1. NextToolFunction - addons/advanced-car-dealer/lua/weapons/gmod_tool/stools/advcardealer_tool.lua:924
   2. Think - addons/advanced-car-dealer/lua/weapons/gmod_tool/stools/advcardealer_tool.lua:988
    3. unknown - gamemodes/sandbox/entities/weapons/gmod_tool/shared.lua:187


L 01/01/2021 - 07:21:36: Lua Error: 
[advanced-car-dealer] addons/advanced-car-dealer/lua/weapons/gmod_tool/stools/advcardealer_tool.lua:924: attempt to call method 'Remove' (a nil value)
  1. NextToolFunction - addons/advanced-car-dealer/lua/weapons/gmod_tool/stools/advcardealer_tool.lua:924
   2. Think - addons/advanced-car-dealer/lua/weapons/gmod_tool/stools/advcardealer_tool.lua:988
    3. unknown - gamemodes/sandbox/entities/weapons/gmod_tool/shared.lua:187


L 01/01/2021 - 07:21:37: Lua Error: 
[advanced-car-dealer] addons/advanced-car-dealer/lua/weapons/gmod_tool/stools/advcardealer_tool.lua:924: attempt to call method 'Remove' (a nil value)
  1. NextToolFunction - addons/advanced-car-dealer/lua/weapons/gmod_tool/stools/advcardealer_tool.lua:924
   2. Think - addons/advanced-car-dealer/lua/weapons/gmod_tool/stools/advcardealer_tool.lua:988
    3. unknown - gamemodes/sandbox/entities/weapons/gmod_tool/shared.lua:187


L 01/01/2021 - 07:21:37: Lua Error: 
[advanced-car-dealer] addons/advanced-car-dealer/lua/weapons/gmod_tool/stools/advcardealer_tool.lua:924: attempt to call method 'Remove' (a nil value)
  1. NextToolFunction - addons/advanced-car-dealer/lua/weapons/gmod_tool/stools/advcardealer_tool.lua:924
   2. Think - addons/advanced-car-dealer/lua/weapons/gmod_tool/stools/advcardealer_tool.lua:988
    3. unknown - gamemodes/sandbox/entities/weapons/gmod_tool/shared.lua:187


L 01/01/2021 - 07:21:37: Lua Error: 
[advanced-car-dealer] addons/advanced-car-dealer/lua/weapons/gmod_tool/stools/advcardealer_tool.lua:924: attempt to call method 'Remove' (a nil value)
  1. NextToolFunction - addons/advanced-car-dealer/lua/weapons/gmod_tool/stools/advcardealer_tool.lua:924
   2. Think - addons/advanced-car-dealer/lua/weapons/gmod_tool/stools/advcardealer_tool.lua:988
    3. unknown - gamemodes/sandbox/entities/weapons/gmod_tool/shared.lua:187


L 01/01/2021 - 07:21:37: Lua Error: 
[advanced-car-dealer] addons/advanced-car-dealer/lua/weapons/gmod_tool/stools/advcardealer_tool.lua:924: attempt to call method 'Remove' (a nil value)
  1. NextToolFunction - addons/advanced-car-dealer/lua/weapons/gmod_tool/stools/advcardealer_tool.lua:924
   2. Think - addons/advanced-car-dealer/lua/weapons/gmod_tool/stools/advcardealer_tool.lua:988
    3. unknown - gamemodes/sandbox/entities/weapons/gmod_tool/shared.lua:187


L 01/01/2021 - 07:21:37: Lua Error: 
[advanced-car-dealer] addons/advanced-car-dealer/lua/weapons/gmod_tool/stools/advcardealer_tool.lua:924: attempt to call method 'Remove' (a nil value)
  1. NextToolFunction - addons/advanced-car-dealer/lua/weapons/gmod_tool/stools/advcardealer_tool.lua:924
   2. Think - addons/advanced-car-dealer/lua/weapons/gmod_tool/stools/advcardealer_tool.lua:988
    3. unknown - gamemodes/sandbox/entities/weapons/gmod_tool/shared.lua:187


L 01/01/2021 - 07:21:37: Lua Error: 
[advanced-car-dealer] addons/advanced-car-dealer/lua/weapons/gmod_tool/stools/advcardealer_tool.lua:924: attempt to call method 'Remove' (a nil value)
  1. NextToolFunction - addons/advanced-car-dealer/lua/weapons/gmod_tool/stools/advcardealer_tool.lua:924
   2. Think - addons/advanced-car-dealer/lua/weapons/gmod_tool/stools/advcardealer_tool.lua:988
    3. unknown - gamemodes/sandbox/entities/weapons/gmod_tool/shared.lua:187


L 01/01/2021 - 07:21:37: Lua Error: 
[advanced-car-dealer] addons/advanced-car-dealer/lua/weapons/gmod_tool/stools/advcardealer_tool.lua:924: attempt to call method 'Remove' (a nil value)
  1. NextToolFunction - addons/advanced-car-dealer/lua/weapons/gmod_tool/stools/advcardealer_tool.lua:924
   2. Think - addons/advanced-car-dealer/lua/weapons/gmod_tool/stools/advcardealer_tool.lua:988
    3. unknown - gamemodes/sandbox/entities/weapons/gmod_tool/shared.lua:187


L 01/01/2021 - 07:21:37: Lua Error: 
[advanced-car-dealer] addons/advanced-car-dealer/lua/weapons/gmod_tool/stools/advcardealer_tool.lua:924: attempt to call method 'Remove' (a nil value)
  1. NextToolFunction - addons/advanced-car-dealer/lua/weapons/gmod_tool/stools/advcardealer_tool.lua:924
   2. Think - addons/advanced-car-dealer/lua/weapons/gmod_tool/stools/advcardealer_tool.lua:988
    3. unknown - gamemodes/sandbox/entities/weapons/gmod_tool/shared.lua:187


L 01/01/2021 - 07:21:37: Lua Error: 
[advanced-car-dealer] addons/advanced-car-dealer/lua/weapons/gmod_tool/stools/advcardealer_tool.lua:924: attempt to call method 'Remove' (a nil value)
  1. NextToolFunction - addons/advanced-car-dealer/lua/weapons/gmod_tool/stools/advcardealer_tool.lua:924
   2. Think - addons/advanced-car-dealer/lua/weapons/gmod_tool/stools/advcardealer_tool.lua:988
    3. unknown - gamemodes/sandbox/entities/weapons/gmod_tool/shared.lua:187


L 01/01/2021 - 07:21:37: Lua Error: 
[advanced-car-dealer] addons/advanced-car-dealer/lua/weapons/gmod_tool/stools/advcardealer_tool.lua:924: attempt to call method 'Remove' (a nil value)
  1. NextToolFunction - addons/advanced-car-dealer/lua/weapons/gmod_tool/stools/advcardealer_tool.lua:924
   2. Think - addons/advanced-car-dealer/lua/weapons/gmod_tool/stools/advcardealer_tool.lua:988
    3. unknown - gamemodes/sandbox/entities/weapons/gmod_tool/shared.lua:187


L 01/01/2021 - 07:21:37: Lua Error: 
[advanced-car-dealer] addons/advanced-car-dealer/lua/weapons/gmod_tool/stools/advcardealer_tool.lua:924: attempt to call method 'Remove' (a nil value)
  1. NextToolFunction - addons/advanced-car-dealer/lua/weapons/gmod_tool/stools/advcardealer_tool.lua:924
   2. Think - addons/advanced-car-dealer/lua/weapons/gmod_tool/stools/advcardealer_tool.lua:988
    3. unknown - gamemodes/sandbox/entities/weapons/gmod_tool/shared.lua:187


L 01/01/2021 - 07:21:37: Lua Error: 
[advanced-car-dealer] addons/advanced-car-dealer/lua/weapons/gmod_tool/stools/advcardealer_tool.lua:924: attempt to call method 'Remove' (a nil value)
  1. NextToolFunction - addons/advanced-car-dealer/lua/weapons/gmod_tool/stools/advcardealer_tool.lua:924
   2. Think - addons/advanced-car-dealer/lua/weapons/gmod_tool/stools/advcardealer_tool.lua:988
    3. unknown - gamemodes/sandbox/entities/weapons/gmod_tool/shared.lua:187


L 01/01/2021 - 07:21:37: Lua Error: 
[advanced-car-dealer] addons/advanced-car-dealer/lua/weapons/gmod_tool/stools/advcardealer_tool.lua:924: attempt to call method 'Remove' (a nil value)
  1. NextToolFunction - addons/advanced-car-dealer/lua/weapons/gmod_tool/stools/advcardealer_tool.lua:924
   2. Think - addons/advanced-car-dealer/lua/weapons/gmod_tool/stools/advcardealer_tool.lua:988
    3. unknown - gamemodes/sandbox/entities/weapons/gmod_tool/shared.lua:187


L 01/01/2021 - 07:21:37: Lua Error: 
[advanced-car-dealer] addons/advanced-car-dealer/lua/weapons/gmod_tool/stools/advcardealer_tool.lua:924: attempt to call method 'Remove' (a nil value)
  1. NextToolFunction - addons/advanced-car-dealer/lua/weapons/gmod_tool/stools/advcardealer_tool.lua:924
   2. Think - addons/advanced-car-dealer/lua/weapons/gmod_tool/stools/advcardealer_tool.lua:988
    3. unknown - gamemodes/sandbox/entities/weapons/gmod_tool/shared.lua:187


L 01/01/2021 - 07:21:37: Lua Error: 
[advanced-car-dealer] addons/advanced-car-dealer/lua/weapons/gmod_tool/stools/advcardealer_tool.lua:924: attempt to call method 'Remove' (a nil value)
  1. NextToolFunction - addons/advanced-car-dealer/lua/weapons/gmod_tool/stools/advcardealer_tool.lua:924
   2. Think - addons/advanced-car-dealer/lua/weapons/gmod_tool/stools/advcardealer_tool.lua:988
    3. unknown - gamemodes/sandbox/entities/weapons/gmod_tool/shared.lua:187


L 01/01/2021 - 07:21:37: Lua Error: 
[advanced-car-dealer] addons/advanced-car-dealer/lua/weapons/gmod_tool/stools/advcardealer_tool.lua:924: attempt to call method 'Remove' (a nil value)
  1. NextToolFunction - addons/advanced-car-dealer/lua/weapons/gmod_tool/stools/advcardealer_tool.lua:924
   2. Think - addons/advanced-car-dealer/lua/weapons/gmod_tool/stools/advcardealer_tool.lua:988
    3. unknown - gamemodes/sandbox/entities/weapons/gmod_tool/shared.lua:187


L 01/01/2021 - 07:21:37: Lua Error: 
[advanced-car-dealer] addons/advanced-car-dealer/lua/weapons/gmod_tool/stools/advcardealer_tool.lua:924: attempt to call method 'Remove' (a nil value)
  1. NextToolFunction - addons/advanced-car-dealer/lua/weapons/gmod_tool/stools/advcardealer_tool.lua:924
   2. Think - addons/advanced-car-dealer/lua/weapons/gmod_tool/stools/advcardealer_tool.lua:988
    3. unknown - gamemodes/sandbox/entities/weapons/gmod_tool/shared.lua:187


L 01/01/2021 - 07:21:37: Lua Error: 
[advanced-car-dealer] addons/advanced-car-dealer/lua/weapons/gmod_tool/stools/advcardealer_tool.lua:924: attempt to call method 'Remove' (a nil value)
  1. NextToolFunction - addons/advanced-car-dealer/lua/weapons/gmod_tool/stools/advcardealer_tool.lua:924
   2. Think - addons/advanced-car-dealer/lua/weapons/gmod_tool/stools/advcardealer_tool.lua:988
    3. unknown - gamemodes/sandbox/entities/weapons/gmod_tool/shared.lua:187


L 01/01/2021 - 07:21:37: Lua Error: 
[advanced-car-dealer] addons/advanced-car-dealer/lua/weapons/gmod_tool/stools/advcardealer_tool.lua:924: attempt to call method 'Remove' (a nil value)
  1. NextToolFunction - addons/advanced-car-dealer/lua/weapons/gmod_tool/stools/advcardealer_tool.lua:924
   2. Think - addons/advanced-car-dealer/lua/weapons/gmod_tool/stools/advcardealer_tool.lua:988
    3. unknown - gamemodes/sandbox/entities/weapons/gmod_tool/shared.lua:187


L 01/01/2021 - 07:21:37: Lua Error: 
[advanced-car-dealer] addons/advanced-car-dealer/lua/weapons/gmod_tool/stools/advcardealer_tool.lua:924: attempt to call method 'Remove' (a nil value)
  1. NextToolFunction - addons/advanced-car-dealer/lua/weapons/gmod_tool/stools/advcardealer_tool.lua:924
   2. Think - addons/advanced-car-dealer/lua/weapons/gmod_tool/stools/advcardealer_tool.lua:988
    3. unknown - gamemodes/sandbox/entities/weapons/gmod_tool/shared.lua:187


L 01/01/2021 - 07:21:37: Lua Error: 
[advanced-car-dealer] addons/advanced-car-dealer/lua/weapons/gmod_tool/stools/advcardealer_tool.lua:924: attempt to call method 'Remove' (a nil value)
  1. NextToolFunction - addons/advanced-car-dealer/lua/weapons/gmod_tool/stools/advcardealer_tool.lua:924
   2. Think - addons/advanced-car-dealer/lua/weapons/gmod_tool/stools/advcardealer_tool.lua:988
    3. unknown - gamemodes/sandbox/entities/weapons/gmod_tool/shared.lua:187


L 01/01/2021 - 07:21:37: Lua Error: 
[advanced-car-dealer] addons/advanced-car-dealer/lua/weapons/gmod_tool/stools/advcardealer_tool.lua:924: attempt to call method 'Remove' (a nil value)
  1. NextToolFunction - addons/advanced-car-dealer/lua/weapons/gmod_tool/stools/advcardealer_tool.lua:924
   2. Think - addons/advanced-car-dealer/lua/weapons/gmod_tool/stools/advcardealer_tool.lua:988
    3. unknown - gamemodes/sandbox/entities/weapons/gmod_tool/shared.lua:187


L 01/01/2021 - 07:21:37: Lua Error: 
[advanced-car-dealer] addons/advanced-car-dealer/lua/weapons/gmod_tool/stools/advcardealer_tool.lua:924: attempt to call method 'Remove' (a nil value)
  1. NextToolFunction - addons/advanced-car-dealer/lua/weapons/gmod_tool/stools/advcardealer_tool.lua:924
   2. Think - addons/advanced-car-dealer/lua/weapons/gmod_tool/stools/advcardealer_tool.lua:988
    3. unknown - gamemodes/sandbox/entities/weapons/gmod_tool/shared.lua:187


L 01/01/2021 - 07:21:37: Lua Error: 
[advanced-car-dealer] addons/advanced-car-dealer/lua/weapons/gmod_tool/stools/advcardealer_tool.lua:924: attempt to call method 'Remove' (a nil value)
  1. NextToolFunction - addons/advanced-car-dealer/lua/weapons/gmod_tool/stools/advcardealer_tool.lua:924
   2. Think - addons/advanced-car-dealer/lua/weapons/gmod_tool/stools/advcardealer_tool.lua:988
    3. unknown - gamemodes/sandbox/entities/weapons/gmod_tool/shared.lua:187


L 01/01/2021 - 07:21:37: Lua Error: 
[advanced-car-dealer] addons/advanced-car-dealer/lua/weapons/gmod_tool/stools/advcardealer_tool.lua:924: attempt to call method 'Remove' (a nil value)
  1. NextToolFunction - addons/advanced-car-dealer/lua/weapons/gmod_tool/stools/advcardealer_tool.lua:924
   2. Think - addons/advanced-car-dealer/lua/weapons/gmod_tool/stools/advcardealer_tool.lua:988
    3. unknown - gamemodes/sandbox/entities/weapons/gmod_tool/shared.lua:187


L 01/01/2021 - 07:21:37: Lua Error: 
[advanced-car-dealer] addons/advanced-car-dealer/lua/weapons/gmod_tool/stools/advcardealer_tool.lua:924: attempt to call method 'Remove' (a nil value)
  1. NextToolFunction - addons/advanced-car-dealer/lua/weapons/gmod_tool/stools/advcardealer_tool.lua:924
   2. Think - addons/advanced-car-dealer/lua/weapons/gmod_tool/stools/advcardealer_tool.lua:988
    3. unknown - gamemodes/sandbox/entities/weapons/gmod_tool/shared.lua:187


L 01/01/2021 - 07:21:37: Lua Error: 
[advanced-car-dealer] addons/advanced-car-dealer/lua/weapons/gmod_tool/stools/advcardealer_tool.lua:924: attempt to call method 'Remove' (a nil value)
  1. NextToolFunction - addons/advanced-car-dealer/lua/weapons/gmod_tool/stools/advcardealer_tool.lua:924
   2. Think - addons/advanced-car-dealer/lua/weapons/gmod_tool/stools/advcardealer_tool.lua:988
    3. unknown - gamemodes/sandbox/entities/weapons/gmod_tool/shared.lua:187


L 01/01/2021 - 07:21:37: Lua Error: 
[advanced-car-dealer] addons/advanced-car-dealer/lua/weapons/gmod_tool/stools/advcardealer_tool.lua:924: attempt to call method 'Remove' (a nil value)
  1. NextToolFunction - addons/advanced-car-dealer/lua/weapons/gmod_tool/stools/advcardealer_tool.lua:924
   2. Think - addons/advanced-car-dealer/lua/weapons/gmod_tool/stools/advcardealer_tool.lua:988
    3. unknown - gamemodes/sandbox/entities/weapons/gmod_tool/shared.lua:187


L 01/01/2021 - 07:21:37: Lua Error: 
[advanced-car-dealer] addons/advanced-car-dealer/lua/weapons/gmod_tool/stools/advcardealer_tool.lua:924: attempt to call method 'Remove' (a nil value)
  1. NextToolFunction - addons/advanced-car-dealer/lua/weapons/gmod_tool/stools/advcardealer_tool.lua:924
   2. Think - addons/advanced-car-dealer/lua/weapons/gmod_tool/stools/advcardealer_tool.lua:988
    3. unknown - gamemodes/sandbox/entities/weapons/gmod_tool/shared.lua:187


L 01/01/2021 - 07:21:37: Lua Error: 
[advanced-car-dealer] addons/advanced-car-dealer/lua/weapons/gmod_tool/stools/advcardealer_tool.lua:924: attempt to call method 'Remove' (a nil value)
  1. NextToolFunction - addons/advanced-car-dealer/lua/weapons/gmod_tool/stools/advcardealer_tool.lua:924
   2. Think - addons/advanced-car-dealer/lua/weapons/gmod_tool/stools/advcardealer_tool.lua:988
    3. unknown - gamemodes/sandbox/entities/weapons/gmod_tool/shared.lua:187


L 01/01/2021 - 07:21:37: Lua Error: 
[advanced-car-dealer] addons/advanced-car-dealer/lua/weapons/gmod_tool/stools/advcardealer_tool.lua:924: attempt to call method 'Remove' (a nil value)
  1. NextToolFunction - addons/advanced-car-dealer/lua/weapons/gmod_tool/stools/advcardealer_tool.lua:924
   2. Think - addons/advanced-car-dealer/lua/weapons/gmod_tool/stools/advcardealer_tool.lua:988
    3. unknown - gamemodes/sandbox/entities/weapons/gmod_tool/shared.lua:187


L 01/01/2021 - 07:22:09: "Buhlow Jobs<8><STEAM_0:1:90900081><Lean Manufacturer>" say "colour changing text screen"

L 01/01/2021 - 07:22:27: "Buhlow Jobs<8><STEAM_0:1:90900081><Lean Manufacturer>" say "just a bit of fun"

L 01/01/2021 - 07:22:49: "Bilbo Maggins<9><STEAM_0:0:84012375><Staff On Duty>" say "I see ur from perth from your profile"

L 01/01/2021 - 07:22:53: "Bilbo Maggins<9><STEAM_0:0:84012375><Staff On Duty>" say "you near morley? :P"

L 01/01/2021 - 07:23:07: "Buhlow Jobs<8><STEAM_0:1:90900081><Lean Manufacturer>" say "im near mandurah lol"

L 01/01/2021 - 07:23:15: "Bilbo Maggins<9><STEAM_0:0:84012375><Staff On Duty>" say "eww"

L 01/01/2021 - 07:23:17: "Bilbo Maggins<9><STEAM_0:0:84012375><Staff On Duty>" say ":PPP"

L 01/01/2021 - 07:23:41: "Bilbo Maggins<9><STEAM_0:0:84012375><Staff On Duty>" say "that is far af from me"

L 01/01/2021 - 07:23:54: "Buhlow Jobs<8><STEAM_0:1:90900081><Lean Manufacturer>" say "i have friends who are in kondinin xd"

L 01/01/2021 - 07:24:15: "Buhlow Jobs<8><STEAM_0:1:90900081><Lean Manufacturer>" say "its country side"

L 01/01/2021 - 07:24:46: "Buhlow Jobs<8><STEAM_0:1:90900081><Lean Manufacturer>" say "any other servers?"

L 01/01/2021 - 07:25:04: "Buhlow Jobs<8><STEAM_0:1:90900081><Lean Manufacturer>" say "ive just dicked around with the lua bypass on elitelupus"

L 01/01/2021 - 07:25:17: "Al Shebab<7><STEAM_0:0:103364981><Money Printer>" say "!stopsounds"

L 01/01/2021 - 07:25:19: "Buhlow Jobs<8><STEAM_0:1:90900081><Lean Manufacturer>" say "nah just cheating on elite lol"

L 01/01/2021 - 07:25:25: "Feeyne Onbootings<10><STEAM_0:1:128868430><Black Market Dealer>" say "!3p"

L 01/01/2021 - 07:25:38: "Buhlow Jobs<8><STEAM_0:1:90900081><Lean Manufacturer>" say "aimbot doesnt work when everyone has op armour and health"

L 01/01/2021 - 07:26:15: "Buhlow Jobs<8><STEAM_0:1:90900081><Lean Manufacturer>" say "nah i only cheat on the p2w servers"

L 01/01/2021 - 07:26:34: "Buhlow Jobs<8><STEAM_0:1:90900081><Lean Manufacturer>" say "just fun to dick around with people"

L 01/01/2021 - 07:30:42: "Bilbo Maggins<9><STEAM_0:0:84012375><Mayor>" say "!placelaws"

L 01/01/2021 - 07:30:45: "Bilbo Maggins<9><STEAM_0:0:84012375><Mayor>" say "!placelaw"

L 01/01/2021 - 07:30:54: "Bilbo Maggins<9><STEAM_0:0:84012375><Mayor>" say "/placelaws"

L 01/01/2021 - 07:31:24: "Bilbo Maggins<9><STEAM_0:0:84012375><Mayor>" say "/"

L 01/01/2021 - 07:31:26: "Bilbo Maggins<9><STEAM_0:0:84012375><Mayor>" say "/placelaw"

L 01/01/2021 - 07:31:29: "Bilbo Maggins<9><STEAM_0:0:84012375><Mayor>" say "/placelaws"

L 01/01/2021 - 07:33:44: Lua Error: 
[Wiremod] lua/wire/tool_loader.lua:66: attempt to index local 'ent' (a boolean value)
  1. MakeEnt - lua/wire/tool_loader.lua:66
   2. LeftClick_Make - lua/wire/tool_loader.lua:56
    3. LeftClick - lua/wire/tool_loader.lua:37
     4. unknown - gamemodes/sandbox/entities/weapons/gmod_tool/shared.lua:240


L 01/01/2021 - 07:34:55: "Bilbo Maggins<9><STEAM_0:0:84012375><Citizen>" say "!god"

L 01/01/2021 - 07:35:09: "Bilbo Maggins<9><STEAM_0:0:84012375><Citizen>" say "!ungod"

L 01/01/2021 - 07:35:28: "Bilbo Maggins<9><STEAM_0:0:84012375><Citizen>" say "!god"

L 01/01/2021 - 07:35:57: "Al Shebab<7><STEAM_0:0:103364981><Money Printer>" say "!atag"

L 01/01/2021 - 07:36:00: "Al Shebab<7><STEAM_0:0:103364981><Money Printer>" say "!atags"

L 01/01/2021 - 07:36:32: "Bilbo Maggins<9><STEAM_0:0:84012375><Citizen>" say "/ooc join disc :)"

L 01/01/2021 - 07:36:49: "Buhlow Jobs<8><STEAM_0:1:90900081><Lean Manufacturer>" say "aight im a squeaker though lol"

L 01/01/2021 - 07:37:42: "Bilbo Maggins<9><STEAM_0:0:84012375><Citizen>" say "!noclip"

L 01/01/2021 - 07:39:09: "Al Shebab<7><STEAM_0:0:103364981><Money Printer>" say "!spcadmin"

L 01/01/2021 - 07:39:15: "Al Shebab<7><STEAM_0:0:103364981><Money Printer>" say "!sadmin"

L 01/01/2021 - 07:40:05: "Bilbo Maggins<9><STEAM_0:0:84012375><Citizen>" say "At ease trooper(s)!"

L 01/01/2021 - 07:40:06: "Bilbo Maggins<9><STEAM_0:0:84012375><Citizen>" say "!noclip"

L 01/01/2021 - 07:40:15: AWarn: Your server info has been updated to the online statistics tracking
L 01/01/2021 - 07:41:14: "Bilbo Maggins<9><STEAM_0:0:84012375><Citizen>" say "!god"

L 01/01/2021 - 07:41:17: "Bilbo Maggins<9><STEAM_0:0:84012375><Citizen>" say "!ungod"

L 01/01/2021 - 07:43:46: Lua Error: 
[Wiremod] lua/wire/tool_loader.lua:66: attempt to index local 'ent' (a boolean value)
  1. MakeEnt - lua/wire/tool_loader.lua:66
   2. LeftClick_Make - lua/wire/tool_loader.lua:56
    3. LeftClick - lua/wire/tool_loader.lua:37
     4. unknown - gamemodes/sandbox/entities/weapons/gmod_tool/shared.lua:240


L 01/01/2021 - 07:43:51: Lua Error: 
[Wiremod] lua/wire/tool_loader.lua:66: attempt to index local 'ent' (a boolean value)
  1. MakeEnt - lua/wire/tool_loader.lua:66
   2. LeftClick_Make - lua/wire/tool_loader.lua:56
    3. LeftClick - lua/wire/tool_loader.lua:37
     4. unknown - gamemodes/sandbox/entities/weapons/gmod_tool/shared.lua:240


L 01/01/2021 - 07:43:53: Lua Error: 
[Wiremod] lua/wire/tool_loader.lua:66: attempt to index local 'ent' (a boolean value)
  1. MakeEnt - lua/wire/tool_loader.lua:66
   2. LeftClick_Make - lua/wire/tool_loader.lua:56
    3. LeftClick - lua/wire/tool_loader.lua:37
     4. unknown - gamemodes/sandbox/entities/weapons/gmod_tool/shared.lua:240


L 01/01/2021 - 07:44:20: "Bilbo Maggins<9><STEAM_0:0:84012375><Vapist>" say "!3p"

L 01/01/2021 - 07:44:53: Lua Error: 
[Wiremod] lua/wire/tool_loader.lua:66: attempt to index local 'ent' (a boolean value)
  1. MakeEnt - lua/wire/tool_loader.lua:66
   2. LeftClick_Make - lua/wire/tool_loader.lua:56
    3. LeftClick - lua/wire/tool_loader.lua:37
     4. unknown - gamemodes/sandbox/entities/weapons/gmod_tool/shared.lua:240


L 01/01/2021 - 07:44:54: Lua Error: 
[Wiremod] lua/wire/tool_loader.lua:66: attempt to index local 'ent' (a boolean value)
  1. MakeEnt - lua/wire/tool_loader.lua:66
   2. LeftClick_Make - lua/wire/tool_loader.lua:56
    3. LeftClick - lua/wire/tool_loader.lua:37
     4. unknown - gamemodes/sandbox/entities/weapons/gmod_tool/shared.lua:240


L 01/01/2021 - 07:44:54: Lua Error: 
[Wiremod] lua/wire/tool_loader.lua:66: attempt to index local 'ent' (a boolean value)
  1. MakeEnt - lua/wire/tool_loader.lua:66
   2. LeftClick_Make - lua/wire/tool_loader.lua:56
    3. LeftClick - lua/wire/tool_loader.lua:37
     4. unknown - gamemodes/sandbox/entities/weapons/gmod_tool/shared.lua:240


L 01/01/2021 - 07:44:54: Lua Error: 
[Wiremod] lua/wire/tool_loader.lua:66: attempt to index local 'ent' (a boolean value)
  1. MakeEnt - lua/wire/tool_loader.lua:66
   2. LeftClick_Make - lua/wire/tool_loader.lua:56
    3. LeftClick - lua/wire/tool_loader.lua:37
     4. unknown - gamemodes/sandbox/entities/weapons/gmod_tool/shared.lua:240


L 01/01/2021 - 07:44:54: Lua Error: 
[Wiremod] lua/wire/tool_loader.lua:66: attempt to index local 'ent' (a boolean value)
  1. MakeEnt - lua/wire/tool_loader.lua:66
   2. LeftClick_Make - lua/wire/tool_loader.lua:56
    3. LeftClick - lua/wire/tool_loader.lua:37
     4. unknown - gamemodes/sandbox/entities/weapons/gmod_tool/shared.lua:240


L 01/01/2021 - 07:44:54: Lua Error: 
[Wiremod] lua/wire/tool_loader.lua:66: attempt to index local 'ent' (a boolean value)
  1. MakeEnt - lua/wire/tool_loader.lua:66
   2. LeftClick_Make - lua/wire/tool_loader.lua:56
    3. LeftClick - lua/wire/tool_loader.lua:37
     4. unknown - gamemodes/sandbox/entities/weapons/gmod_tool/shared.lua:240


L 01/01/2021 - 07:44:54: Lua Error: 
[Wiremod] lua/wire/tool_loader.lua:66: attempt to index local 'ent' (a boolean value)
  1. MakeEnt - lua/wire/tool_loader.lua:66
   2. LeftClick_Make - lua/wire/tool_loader.lua:56
    3. LeftClick - lua/wire/tool_loader.lua:37
     4. unknown - gamemodes/sandbox/entities/weapons/gmod_tool/shared.lua:240


L 01/01/2021 - 07:44:54: Lua Error: 
[Wiremod] lua/wire/tool_loader.lua:66: attempt to index local 'ent' (a boolean value)
  1. MakeEnt - lua/wire/tool_loader.lua:66
   2. LeftClick_Make - lua/wire/tool_loader.lua:56
    3. LeftClick - lua/wire/tool_loader.lua:37
     4. unknown - gamemodes/sandbox/entities/weapons/gmod_tool/shared.lua:240


L 01/01/2021 - 07:44:56: Lua Error: 
[Wiremod] lua/wire/tool_loader.lua:66: attempt to index local 'ent' (a boolean value)
  1. MakeEnt - lua/wire/tool_loader.lua:66
   2. LeftClick_Make - lua/wire/tool_loader.lua:56
    3. LeftClick - lua/wire/tool_loader.lua:37
     4. unknown - gamemodes/sandbox/entities/weapons/gmod_tool/shared.lua:240


L 01/01/2021 - 07:45:29: Lua Error: 
[Wiremod] lua/wire/tool_loader.lua:66: attempt to index local 'ent' (a boolean value)
  1. MakeEnt - lua/wire/tool_loader.lua:66
   2. LeftClick_Make - lua/wire/tool_loader.lua:56
    3. LeftClick - lua/wire/tool_loader.lua:37
     4. unknown - gamemodes/sandbox/entities/weapons/gmod_tool/shared.lua:240


L 01/01/2021 - 07:45:30: Lua Error: 
[Wiremod] lua/wire/tool_loader.lua:66: attempt to index local 'ent' (a boolean value)
  1. MakeEnt - lua/wire/tool_loader.lua:66
   2. LeftClick_Make - lua/wire/tool_loader.lua:56
    3. LeftClick - lua/wire/tool_loader.lua:37
     4. unknown - gamemodes/sandbox/entities/weapons/gmod_tool/shared.lua:240


L 01/01/2021 - 07:45:32: Lua Error: 
[Wiremod] lua/wire/tool_loader.lua:66: attempt to index local 'ent' (a boolean value)
  1. Ma