L 12/27/2020 - 01:42:18: Log file started (file "logs\L1227003.log") (game "C:\Users\Administrator\Desktop\FTP\Garry's Mod\steamapps\common\GarrysModDS\garrysmod") (version "7891")
L 12/27/2020 - 01:42:18: server_cvar: "sbox_noclip" "0"
L 12/27/2020 - 01:42:18: server_cvar: "sbox_maxprops" "150"
L 12/27/2020 - 01:42:18: server_cvar: "sbox_maxragdolls" "0"
L 12/27/2020 - 01:42:18: server_cvar: "sbox_maxnpcs" "0"
L 12/27/2020 - 01:42:18: server_cvar: "sbox_maxballoons" "0"
L 12/27/2020 - 01:42:18: server_cvar: "sbox_maxeffects" "0"
L 12/27/2020 - 01:42:18: server_cvar: "sbox_maxdynamite" "0"
L 12/27/2020 - 01:42:18: server_cvar: "sbox_maxthrusters" "0"
L 12/27/2020 - 01:42:18: server_cvar: "sbox_maxwheels" "0"
L 12/27/2020 - 01:42:18: server_cvar: "sbox_maxhoverballs" "0"
L 12/27/2020 - 01:42:18: server_cvar: "sbox_maxvehicles" "0"
L 12/27/2020 - 01:42:18: server_cvar: "sbox_maxbuttons" "10"
L 12/27/2020 - 01:42:18: server_cvar: "sbox_maxemitters" "0"
L 12/27/2020 - 01:42:18: server_cvar: "sv_airaccelerate" "1000"
L 12/27/2020 - 01:42:19: Connection to Steam servers successful.
L 12/27/2020 - 01:42:19:    Public IP is 134.255.252.243.
L 12/27/2020 - 01:42:19: Assigned anonymous gameserver Steam ID [A-1:949415945(16174)].
L 12/27/2020 - 01:42:19: VAC secure mode is activated.
L 12/27/2020 - 01:43:02: "Al Shebab<2><STEAM_0:0:103364981><>" connected, address "60.242.220.28:27005"
L 12/27/2020 - 01:43:02: "Al Shebab<2><STEAM_0:0:103364981><>" STEAM USERID validated
L 12/27/2020 - 01:43:02: Lua Error: 
[tdw] addons/tdw/lua/tdw/api.lua:46: attempt to index local 'profile' (a nil value)
  1. callback - addons/tdw/lua/tdw/api.lua:46
   2. onsuccess - addons/tdw/lua/tdw/api.lua:15
    3. unknown - lua/includes/modules/http.lua:29


L 12/27/2020 - 01:43:03: AWarn: Message Table Exists
L 12/27/2020 - 01:43:03: AWarn: Player Data Table Exists
L 12/27/2020 - 01:43:03: AWarn: Offline Player Data Table Exists
L 12/27/2020 - 01:43:08: AWarn: Your server info has been updated to the online statistics tracking
L 12/27/2020 - 01:43:25: "Al Shebab<2><STEAM_0:0:103364981><>" entered the game
L 12/27/2020 - 01:43:25: Lua Error: 
[tdw] addons/tdw/lua/tdw/api.lua:46: attempt to index local 'profile' (a nil value)
  1. callback - addons/tdw/lua/tdw/api.lua:46
   2. onsuccess - addons/tdw/lua/tdw/api.lua:15
    3. unknown - lua/includes/modules/http.lua:29


L 12/27/2020 - 01:43:52: "brexit<3><STEAM_0:1:121087763><>" connected, address "45.133.4.104:27005"
L 12/27/2020 - 01:43:53: Lua Error: 
[tdw] addons/tdw/lua/tdw/api.lua:46: attempt to index local 'profile' (a nil value)
  1. callback - addons/tdw/lua/tdw/api.lua:46
   2. onsuccess - addons/tdw/lua/tdw/api.lua:15
    3. unknown - lua/includes/modules/http.lua:29


L 12/27/2020 - 01:43:53: "brexit<3><STEAM_0:1:121087763><>" STEAM USERID validated
L 12/27/2020 - 01:44:13: "brexit<3><STEAM_0:1:121087763><>" entered the game
L 12/27/2020 - 01:44:14: Lua Error: 
[tdw] addons/tdw/lua/tdw/api.lua:46: attempt to index local 'profile' (a nil value)
  1. callback - addons/tdw/lua/tdw/api.lua:46
   2. onsuccess - addons/tdw/lua/tdw/api.lua:15
    3. unknown - lua/includes/modules/http.lua:29


L 12/27/2020 - 01:44:29: server_cvar: "sbox_maxvehicles" "1"
L 12/27/2020 - 01:44:33: [ULX] Al Shebab<STEAM_0:0:103364981> spawned vehicle models/tdmcars/fer_lafer.mdl
L 12/27/2020 - 01:45:10: [ULX] brexit<STEAM_0:1:121087763> spawned vehicle models/tdmcars/mer_slsamg.mdl
L 12/27/2020 - 01:45:13: [ULX] brexit<STEAM_0:1:121087763> spawned vehicle models/tdmcars/sl65amg.mdl
L 12/27/2020 - 01:45:18: [ULX] brexit<STEAM_0:1:121087763> spawned vehicle models/tdmcars/mclaren_mp412cgt3.mdl
L 12/27/2020 - 01:45:19: Lua Error: 
[tdw] addons/tdw/lua/tdw/api.lua:46: attempt to index local 'profile' (a nil value)
  1. callback - addons/tdw/lua/tdw/api.lua:46
   2. onsuccess - addons/tdw/lua/tdw/api.lua:15
    3. unknown - lua/includes/modules/http.lua:29


L 12/27/2020 - 01:46:01: Lua Error: 
[tdw] addons/tdw/lua/tdw/api.lua:46: attempt to index local 'profile' (a nil value)
  1. callback - addons/tdw/lua/tdw/api.lua:46
   2. onsuccess - addons/tdw/lua/tdw/api.lua:15
    3. unknown - lua/includes/modules/http.lua:29


L 12/27/2020 - 01:46:08: [ULX] brexit<STEAM_0:1:121087763> spawned vehicle models/tdmcars/fer_lafer.mdl
L 12/27/2020 - 01:46:11: [ULX] brexit<STEAM_0:1:121087763> spawned vehicle models/tdmcars/lambo_diablo.mdl
L 12/27/2020 - 01:46:17: [ULX] brexit<STEAM_0:1:121087763> spawned vehicle models/tdmcars/bug_veyronss.mdl
L 12/27/2020 - 01:46:44: server_cvar: "sbox_maxlamps" "0"
L 12/27/2020 - 01:46:48: Lua Error: 
[tdw] addons/tdw/lua/tdw/api.lua:46: attempt to index local 'profile' (a nil value)
  1. callback - addons/tdw/lua/tdw/api.lua:46
   2. onsuccess - addons/tdw/lua/tdw/api.lua:15
    3. unknown - lua/includes/modules/http.lua:29


L 12/27/2020 - 01:47:19: [ULX] brexit<STEAM_0:1:121087763> spawned vehicle models/tdmcars/mercedes_c32.mdl
L 12/27/2020 - 01:47:20: "Al Shebab<2><STEAM_0:0:103364981><Citizen>" say "// https://steamcommunity.com/sharedfiles/filedetails/?id=107464926"

L 12/27/2020 - 01:47:22: [ULX] brexit<STEAM_0:1:121087763> spawned vehicle models/tdmcars/mer_e63.mdl
L 12/27/2020 - 01:48:01: [ULX] brexit<STEAM_0:1:121087763> spawned vehicle models/tdmcars/gtaiv_airtug.mdl
L 12/27/2020 - 01:48:09: [ULX] brexit<STEAM_0:1:121087763> spawned vehicle models/tdmcars/hsvw427_pol.mdl
L 12/27/2020 - 01:49:43: Lua Error: 
[tdw] addons/tdw/lua/tdw/api.lua:46: attempt to index local 'profile' (a nil value)
  1. callback - addons/tdw/lua/tdw/api.lua:46
   2. onsuccess - addons/tdw/lua/tdw/api.lua:15
    3. unknown - lua/includes/modules/http.lua:29


L 12/27/2020 - 01:50:04: [ULX] brexit<STEAM_0:1:121087763> spawned vehicle models/tdmcars/emergency/chargersrt8.mdl
L 12/27/2020 - 01:50:14: [ULX] brexit<STEAM_0:1:121087763> spawned vehicle models/tdmcars/emergency/dod_charger12.mdl
L 12/27/2020 - 01:55:08: [ULX] brexit<STEAM_0:1:121087763> spawned sent armory
L 12/27/2020 - 01:55:09: Lua Error: 
[tdw] addons/tdw/lua/tdw/api.lua:46: attempt to index local 'profile' (a nil value)
  1. callback - addons/tdw/lua/tdw/api.lua:46
   2. onsuccess - addons/tdw/lua/tdw/api.lua:15
    3. unknown - lua/includes/modules/http.lua:29


L 12/27/2020 - 01:55:36: "brexit<3><STEAM_0:1:121087763><Citizen>" say "!pconfig"

L 12/27/2020 - 02:05:47: "brexit<3><STEAM_0:1:121087763><>" disconnected (reason "Disconnect by user.")
L 12/27/2020 - 02:05:48: Lua Error: 
[tdw] addons/tdw/lua/tdw/api.lua:46: attempt to index local 'profile' (a nil value)
  1. callback - addons/tdw/lua/tdw/api.lua:46
   2. onsuccess - addons/tdw/lua/tdw/api.lua:15
    3. unknown - lua/includes/modules/http.lua:29


L 12/27/2020 - 02:13:21: AWarn: Your server info has been updated to the online statistics tracking
L 12/27/2020 - 02:43:21: AWarn: Your server info has been updated to the online statistics tracking
L 12/27/2020 - 02:50:36: "Al Shebab<2><STEAM_0:0:103364981><>" disconnected (reason "Disconnect by user.")
L 12/27/2020 - 02:50:36: Lua Error: 
[tdw] addons/tdw/lua/tdw/api.lua:46: attempt to index local 'profile' (a nil value)
  1. callback - addons/tdw/lua/tdw/api.lua:46
   2. onsuccess - addons/tdw/lua/tdw/api.lua:15
    3. unknown - lua/includes/modules/http.lua:29


L 12/27/2020 - 03:10:43: "brexit<4><STEAM_0:1:121087763><>" connected, address "45.133.4.104:27005"
L 12/27/2020 - 03:10:44: Lua Error: 
[tdw] addons/tdw/lua/tdw/api.lua:46: attempt to index local 'profile' (a nil value)
  1. callback - addons/tdw/lua/tdw/api.lua:46
   2. onsuccess - addons/tdw/lua/tdw/api.lua:15
    3. unknown - lua/includes/modules/http.lua:29


L 12/27/2020 - 03:10:44: "brexit<4><STEAM_0:1:121087763><>" STEAM USERID validated
L 12/27/2020 - 03:11:16: "brexit<4><STEAM_0:1:121087763><>" entered the game
L 12/27/2020 - 03:11:16: Lua Error: 
[tdw] addons/tdw/lua/tdw/api.lua:46: attempt to index local 'profile' (a nil value)
  1. callback - addons/tdw/lua/tdw/api.lua:46
   2. onsuccess - addons/tdw/lua/tdw/api.lua:15
    3. unknown - lua/includes/modules/http.lua:29


L 12/27/2020 - 03:13:39: "brexit<4><STEAM_0:1:121087763><Citizen>" say "!MENU"

L 12/27/2020 - 03:15:41: "brexit<4><STEAM_0:1:121087763><Citizen>" say "!apply"

L 12/27/2020 - 03:15:49: "brexit<4><STEAM_0:1:121087763><Citizen>" say "!report"

L 12/27/2020 - 03:15:59: "brexit<4><STEAM_0:1:121087763><Citizen>" say "!bugreport"

L 12/27/2020 - 03:16:03: "brexit<4><STEAM_0:1:121087763><Citizen>" say "!bug report"

L 12/27/2020 - 03:16:06: "brexit<4><STEAM_0:1:121087763><Citizen>" say "!reportbug"

L 12/27/2020 - 03:16:09: "brexit<4><STEAM_0:1:121087763><Citizen>" say "!big"

L 12/27/2020 - 03:16:10: "brexit<4><STEAM_0:1:121087763><Citizen>" say "!bug"

L 12/27/2020 - 03:22:09: [ULX] brexit<STEAM_0:1:121087763> spawned model models/props_c17/oildrum001.mdl
L 12/27/2020 - 03:22:13: [ULX] brexit<STEAM_0:1:121087763> spawned model models/combine_helicopter/helicopter_bomb01.mdl
L 12/27/2020 - 03:22:26: [ULX] brexit<STEAM_0:1:121087763> spawned model models/props_combine/combine_fence01a.mdl
L 12/27/2020 - 03:22:34: [ULX] brexit<STEAM_0:1:121087763> spawned model models/props_combine/combine_fence01b.mdl
L 12/27/2020 - 03:22:39: [ULX] brexit<STEAM_0:1:121087763> spawned model models/props_combine/combine_fence01a.mdl
L 12/27/2020 - 03:23:25: [ULX] brexit<STEAM_0:1:121087763> spawned sent durgz_alcohol
L 12/27/2020 - 03:23:26: Lua Error: 
[tdw] addons/tdw/lua/tdw/api.lua:46: attempt to index local 'profile' (a nil value)
  1. callback - addons/tdw/lua/tdw/api.lua:46
   2. onsuccess - addons/tdw/lua/tdw/api.lua:15
    3. unknown - lua/includes/modules/http.lua:29


L 12/27/2020 - 03:23:27: "brexit<4><STEAM_0:1:121087763><Citizen>" say "waitt, wait. guysss. i need to tells u abuot micrsfoft excel!11!"

L 12/27/2020 - 03:23:33: [ULX] brexit<STEAM_0:1:121087763> spawned sent durgz_weed
L 12/27/2020 - 03:23:33: Lua Error: 
[tdw] addons/tdw/lua/tdw/api.lua:46: attempt to index local 'profile' (a nil value)
  1. callback - addons/tdw/lua/tdw/api.lua:46
   2. onsuccess - addons/tdw/lua/tdw/api.lua:15
    3. unknown - lua/includes/modules/http.lua:29


L 12/27/2020 - 03:23:41: Lua Error: 
[tdw] addons/tdw/lua/tdw/api.lua:46: attempt to index local 'profile' (a nil value)
  1. callback - addons/tdw/lua/tdw/api.lua:46
   2. onsuccess - addons/tdw/lua/tdw/api.lua:15
    3. unknown - lua/includes/modules/http.lua:29


L 12/27/2020 - 03:23:47: [ULX] brexit<STEAM_0:1:121087763> spawned sent durgz_cocaine
L 12/27/2020 - 03:23:47: Lua Error: 
[tdw] addons/tdw/lua/tdw/api.lua:46: attempt to index local 'profile' (a nil value)
  1. callback - addons/tdw/lua/tdw/api.lua:46
   2. onsuccess - addons/tdw/lua/tdw/api.lua:15
    3. unknown - lua/includes/modules/http.lua:29


L 12/27/2020 - 03:23:48: "brexit<4><STEAM_0:1:121087763><Citizen>" say "MYNOSEISDRIBBLINGISANYONEELSESNOSEDRIBBLINGTHATSREALLYWEIRDIHOPEIDONTHAVEACOLD"

L 12/27/2020 - 03:24:06: Lua Error: 
[tdw] addons/tdw/lua/tdw/api.lua:46: attempt to index local 'profile' (a nil value)
  1. callback - addons/tdw/lua/tdw/api.lua:46
   2. onsuccess - addons/tdw/lua/tdw/api.lua:15
    3. unknown - lua/includes/modules/http.lua:29


L 12/27/2020 - 03:24:10: [ULX] brexit<STEAM_0:1:121087763> spawned sent durgz_cigarette
L 12/27/2020 - 03:24:10: Lua Error: 
[tdw] addons/tdw/lua/tdw/api.lua:46: attempt to index local 'profile' (a nil value)
  1. callback - addons/tdw/lua/tdw/api.lua:46
   2. onsuccess - addons/tdw/lua/tdw/api.lua:15
    3. unknown - lua/includes/modules/http.lua:29


L 12/27/2020 - 03:24:12: "brexit<4><STEAM_0:1:121087763><Citizen>" say "I am COOL."

L 12/27/2020 - 03:24:23: [ULX] brexit<STEAM_0:1:121087763> spawned sent durgz_pcp
L 12/27/2020 - 03:24:23: Lua Error: 
[tdw] addons/tdw/lua/tdw/api.lua:46: attempt to index local 'profile' (a nil value)
  1. callback - addons/tdw/lua/tdw/api.lua:46
   2. onsuccess - addons/tdw/lua/tdw/api.lua:15
    3. unknown - lua/includes/modules/http.lua:29


L 12/27/2020 - 03:24:26: [ULX] brexit<STEAM_0:1:121087763> spawned sent durgz_water
L 12/27/2020 - 03:24:27: Lua Error: 
[tdw] addons/tdw/lua/tdw/api.lua:46: attempt to index local 'profile' (a nil value)
  1. callback - addons/tdw/lua/tdw/api.lua:46
   2. onsuccess - addons/tdw/lua/tdw/api.lua:15
    3. unknown - lua/includes/modules/http.lua:29


L 12/27/2020 - 03:24:29: "brexit<4><STEAM_0:1:121087763><Citizen>" say "MY ARMS ARE LIKE FUCKING CANNONS"

L 12/27/2020 - 03:24:33: [ULX] brexit<STEAM_0:1:121087763> spawned sent durgz_water
L 12/27/2020 - 03:24:34: Lua Error: 
[tdw] addons/tdw/lua/tdw/api.lua:46: attempt to index local 'profile' (a nil value)
  1. callback - addons/tdw/lua/tdw/api.lua:46
   2. onsuccess - addons/tdw/lua/tdw/api.lua:15
    3. unknown - lua/includes/modules/http.lua:29


L 12/27/2020 - 03:24:40: [ULX] brexit<STEAM_0:1:121087763> spawned sent durgz_meth
L 12/27/2020 - 03:24:41: Lua Error: 
[tdw] addons/tdw/lua/tdw/api.lua:46: attempt to index local 'profile' (a nil value)
  1. callback - addons/tdw/lua/tdw/api.lua:46
   2. onsuccess - addons/tdw/lua/tdw/api.lua:15
    3. unknown - lua/includes/modules/http.lua:29


L 12/27/2020 - 03:24:42: "brexit<4><STEAM_0:1:121087763><Citizen>" say "I <3 METH"

L 12/27/2020 - 03:24:45: [ULX] brexit<STEAM_0:1:121087763> spawned sent durgz_water
L 12/27/2020 - 03:24:46: Lua Error: 
[tdw] addons/tdw/lua/tdw/api.lua:46: attempt to index local 'profile' (a nil value)
  1. callback - addons/tdw/lua/tdw/api.lua:46
   2. onsuccess - addons/tdw/lua/tdw/api.lua:15
    3. unknown - lua/includes/modules/http.lua:29


L 12/27/2020 - 03:24:54: [ULX] brexit<STEAM_0:1:121087763> spawned sent durgz_heroine
L 12/27/2020 - 03:24:54: Lua Error: 
[tdw] addons/tdw/lua/tdw/api.lua:46: attempt to index local 'profile' (a nil value)
  1. callback - addons/tdw/lua/tdw/api.lua:46
   2. onsuccess - addons/tdw/lua/tdw/api.lua:15
    3. unknown - lua/includes/modules/http.lua:29


L 12/27/2020 - 03:24:55: [ULX] brexit<STEAM_0:1:121087763> spawned sent durgz_heroine
L 12/27/2020 - 03:24:55: Lua Error: 
[tdw] addons/tdw/lua/tdw/api.lua:46: attempt to index local 'profile' (a nil value)
  1. callback - addons/tdw/lua/tdw/api.lua:46
   2. onsuccess - addons/tdw/lua/tdw/api.lua:15
    3. unknown - lua/includes/modules/http.lua:29


L 12/27/2020 - 03:24:56: [ULX] brexit<STEAM_0:1:121087763> spawned sent durgz_heroine
L 12/27/2020 - 03:24:56: Lua Error: 
[tdw] addons/tdw/lua/tdw/api.lua:46: attempt to index local 'profile' (a nil value)
  1. callback - addons/tdw/lua/tdw/api.lua:46
   2. onsuccess - addons/tdw/lua/tdw/api.lua:15
    3. unknown - lua/includes/modules/http.lua:29


L 12/27/2020 - 03:24:57: "brexit<4><STEAM_0:1:121087763><Citizen>" say "It's my arm man! My fuckin' arm!"

L 12/27/2020 - 03:25:01: "brexit<4><STEAM_0:1:121087763><Citizen>" say "It's my arm man! My fuckin' arm!"

L 12/27/2020 - 03:25:07: [ULX] brexit<STEAM_0:1:121087763> spawned sent durgz_cocaine
L 12/27/2020 - 03:25:07: Lua Error: 
[tdw] addons/tdw/lua/tdw/api.lua:46: attempt to index local 'profile' (a nil value)
  1. callback - addons/tdw/lua/tdw/api.lua:46
   2. onsuccess - addons/tdw/lua/tdw/api.lua:15
    3. unknown - lua/includes/modules/http.lua:29


L 12/27/2020 - 03:25:17: [ULX] brexit<STEAM_0:1:121087763> spawned sent sent_crash
L 12/27/2020 - 03:25:18: Lua Error: 
[tdw] addons/tdw/lua/tdw/api.lua:46: attempt to index local 'profile' (a nil value)
  1. callback - addons/tdw/lua/tdw/api.lua:46
   2. onsuccess - addons/tdw/lua/tdw/api.lua:15
    3. unknown - lua/includes/modules/http.lua:29


L 12/27/2020 - 03:25:19: [ULX] brexit<STEAM_0:1:121087763> spawned sent sent_ball
L 12/27/2020 - 03:25:19: Lua Error: 
[tdw] addons/tdw/lua/tdw/api.lua:46: attempt to index local 'profile' (a nil value)
  1. callback - addons/tdw/lua/tdw/api.lua:46
   2. onsuccess - addons/tdw/lua/tdw/api.lua:15
    3. unknown - lua/includes/modules/http.lua:29


L 12/27/2020 - 03:25:20: [ULX] brexit<STEAM_0:1:121087763> spawned sent sent_ball
L 12/27/2020 - 03:25:20: Lua Error: 
[tdw] addons/tdw/lua/tdw/api.lua:46: attempt to index local 'profile' (a nil value)
  1. callback - addons/tdw/lua/tdw/api.lua:46
   2. onsuccess - addons/tdw/lua/tdw/api.lua:15
    3. unknown - lua/includes/modules/http.lua:29


L 12/27/2020 - 03:25:27: [ULX] brexit<STEAM_0:1:121087763> spawned sent itemstore_bank
L 12/27/2020 - 03:25:28: Lua Error: 
[tdw] addons/tdw/lua/tdw/api.lua:46: attempt to index local 'profile' (a nil value)
  1. callback - addons/tdw/lua/tdw/api.lua:46
   2. onsuccess - addons/tdw/lua/tdw/api.lua:15
    3. unknown - lua/includes/modules/http.lua:29


L 12/27/2020 - 03:25:29: [ULX] brexit<STEAM_0:1:121087763> spawned sent itemstore_box_huge
L 12/27/2020 - 03:25:29: Lua Error: 
[tdw] addons/tdw/lua/tdw/api.lua:46: attempt to index local 'profile' (a nil value)
  1. callback - addons/tdw/lua/tdw/api.lua:46
   2. onsuccess - addons/tdw/lua/tdw/api.lua:15
    3. unknown - lua/includes/modules/http.lua:29


L 12/27/2020 - 03:25:31: [ULX] brexit<STEAM_0:1:121087763> spawned sent itemstore_box_large
L 12/27/2020 - 03:25:31: Lua Error: 
[tdw] addons/tdw/lua/tdw/api.lua:46: attempt to index local 'profile' (a nil value)
  1. callback - addons/tdw/lua/tdw/api.lua:46
   2. onsuccess - addons/tdw/lua/tdw/api.lua:15
    3. unknown - lua/includes/modules/http.lua:29


L 12/27/2020 - 03:25:37: [ULX] brexit<STEAM_0:1:121087763> spawned sent sent_lsd_pyro
L 12/27/2020 - 03:25:37: Lua Error: 
[tdw] addons/tdw/lua/tdw/api.lua:46: attempt to index local 'profile' (a nil value)
  1. callback - addons/tdw/lua/tdw/api.lua:46
   2. onsuccess - addons/tdw/lua/tdw/api.lua:15
    3. unknown - lua/includes/modules/http.lua:29


L 12/27/2020 - 03:25:39: [ULX] brexit<STEAM_0:1:121087763> spawned sent sent_lsd_flank_support
L 12/27/2020 - 03:25:39: Lua Error: 
[tdw] addons/tdw/lua/tdw/api.lua:46: attempt to index local 'profile' (a nil value)
  1. callback - addons/tdw/lua/tdw/api.lua:46
   2. onsuccess - addons/tdw/lua/tdw/api.lua:15
    3. unknown - lua/includes/modules/http.lua:29


L 12/27/2020 - 03:25:44: [ULX] brexit<STEAM_0:1:121087763> spawned sent sent_lsd_flask
L 12/27/2020 - 03:25:45: Lua Error: 
[tdw] addons/tdw/lua/tdw/api.lua:46: attempt to index local 'profile' (a nil value)
  1. callback - addons/tdw/lua/tdw/api.lua:46
   2. onsuccess - addons/tdw/lua/tdw/api.lua:15
    3. unknown - lua/includes/modules/http.lua:29


L 12/27/2020 - 03:25:49: [ULX] brexit<STEAM_0:1:121087763> spawned sent sent_lsd_freezer
L 12/27/2020 - 03:25:49: Lua Error: 
[tdw] addons/tdw/lua/tdw/api.lua:46: attempt to index local 'profile' (a nil value)
  1. callback - addons/tdw/lua/tdw/api.lua:46
   2. onsuccess - addons/tdw/lua/tdw/api.lua:15
    3. unknown - lua/includes/modules/http.lua:29


L 12/27/2020 - 03:25:55: [ULX] brexit<STEAM_0:1:121087763> spawned sent sent_lsd_gas
L 12/27/2020 - 03:25:55: Lua Error: 
[tdw] addons/tdw/lua/tdw/api.lua:46: attempt to index local 'profile' (a nil value)
  1. callback - addons/tdw/lua/tdw/api.lua:46
   2. onsuccess - addons/tdw/lua/tdw/api.lua:15
    3. unknown - lua/includes/modules/http.lua:29


L 12/27/2020 - 03:26:03: [ULX] brexit<STEAM_0:1:121087763> spawned sent sent_lsd_bottle
L 12/27/2020 - 03:26:03: Lua Error: 
[tdw] addons/tdw/lua/tdw/api.lua:46: attempt to index local 'profile' (a nil value)
  1. callback - addons/tdw/lua/tdw/api.lua:46
   2. onsuccess - addons/tdw/lua/tdw/api.lua:15
    3. unknown - lua/includes/modules/http.lua:29


L 12/27/2020 - 03:26:07: [ULX] brexit<STEAM_0:1:121087763> spawned sent sent_lsd_powder
L 12/27/2020 - 03:26:07: Lua Error: 
[tdw] addons/tdw/lua/tdw/api.lua:46: attempt to index local 'profile' (a nil value)
  1. callback - addons/tdw/lua/tdw/api.lua:46
   2. onsuccess - addons/tdw/lua/tdw/api.lua:15
    3. unknown - lua/includes/modules/http.lua:29


L 12/27/2020 - 03:26:07: [ULX] brexit<STEAM_0:1:121087763> spawned sent sent_lsd_paper
L 12/27/2020 - 03:26:08: Lua Error: 
[tdw] addons/tdw/lua/tdw/api.lua:46: attempt to index local 'profile' (a nil value)
  1. callback - addons/tdw/lua/tdw/api.lua:46
   2. onsuccess - addons/tdw/lua/tdw/api.lua:15
    3. unknown - lua/includes/modules/http.lua:29


L 12/27/2020 - 03:26:10: [ULX] brexit<STEAM_0:1:121087763> spawned sent sent_lsd
L 12/27/2020 - 03:26:10: Lua Error: 
[tdw] addons/tdw/lua/tdw/api.lua:46: attempt to index local 'profile' (a nil value)
  1. callback - addons/tdw/lua/tdw/api.lua:46
   2. onsuccess - addons/tdw/lua/tdw/api.lua:15
    3. unknown - lua/includes/modules/http.lua:29


L 12/27/2020 - 03:28:43: [ULX] brexit<STEAM_0:1:121087763> spawned sent lean_barrel
L 12/27/2020 - 03:28:43: Lua Error: 
[tdw] addons/tdw/lua/tdw/api.lua:46: attempt to index local 'profile' (a nil value)
  1. callback - addons/tdw/lua/tdw/api.lua:46
   2. onsuccess - addons/tdw/lua/tdw/api.lua:15
    3. unknown - lua/includes/modules/http.lua:29


L 12/27/2020 - 03:28:46: [ULX] brexit<STEAM_0:1:121087763> spawned sent lean_smallcrate
L 12/27/2020 - 03:28:47: Lua Error: 
[tdw] addons/tdw/lua/tdw/api.lua:46: attempt to index local 'profile' (a nil value)
  1. callback - addons/tdw/lua/tdw/api.lua:46
   2. onsuccess - addons/tdw/lua/tdw/api.lua:15
    3. unknown - lua/includes/modules/http.lua:29


L 12/27/2020 - 03:28:52: [ULX] brexit<STEAM_0:1:121087763> spawned sent lean_barrel
L 12/27/2020 - 03:28:53: Lua Error: 
[tdw] addons/tdw/lua/tdw/api.lua:46: attempt to index local 'profile' (a nil value)
  1. callback - addons/tdw/lua/tdw/api.lua:46
   2. onsuccess - addons/tdw/lua/tdw/api.lua:15
    3. unknown - lua/includes/modules/http.lua:29


L 12/27/2020 - 03:28:56: [ULX] brexit<STEAM_0:1:121087763> spawned sent lean_barrel
L 12/27/2020 - 03:28:57: Lua Error: 
[tdw] addons/tdw/lua/tdw/api.lua:46: attempt to index local 'profile' (a nil value)
  1. callback - addons/tdw/lua/tdw/api.lua:46
   2. onsuccess - addons/tdw/lua/tdw/api.lua:15
    3. unknown - lua/includes/modules/http.lua:29


L 12/27/2020 - 03:28:59: [ULX] brexit<STEAM_0:1:121087763> spawned sent lean_barrel
L 12/27/2020 - 03:28:59: Lua Error: 
[tdw] addons/tdw/lua/tdw/api.lua:46: attempt to index local 'profile' (a nil value)
  1. callback - addons/tdw/lua/tdw/api.lua:46
   2. onsuccess - addons/tdw/lua/tdw/api.lua:15
    3. unknown - lua/includes/modules/http.lua:29


L 12/27/2020 - 03:28:59: [ULX] brexit<STEAM_0:1:121087763> spawned sent lean_barrel
L 12/27/2020 - 03:28:59: [ULX] brexit<STEAM_0:1:121087763> spawned sent lean_barrel
L 12/27/2020 - 03:29:00: [ULX] brexit<STEAM_0:1:121087763> spawned sent lean_barrel
L 12/27/2020 - 03:29:00: Lua Error: 
[tdw] addons/tdw/lua/tdw/api.lua:46: attempt to index local 'profile' (a nil value)
  1. callback - addons/tdw/lua/tdw/api.lua:46
   2. onsuccess - addons/tdw/lua/tdw/api.lua:15
    3. unknown - lua/includes/modules/http.lua:29


L 12/27/2020 - 03:29:00: Lua Error: 
[tdw] addons/tdw/lua/tdw/api.lua:46: attempt to index local 'profile' (a nil value)
  1. callback - addons/tdw/lua/tdw/api.lua:46
   2. onsuccess - addons/tdw/lua/tdw/api.lua:15
    3. unknown - lua/includes/modules/http.lua:29


L 12/27/2020 - 03:29:00: Lua Error: 
[tdw] addons/tdw/lua/tdw/api.lua:46: attempt to index local 'profile' (a nil value)
  1. callback - addons/tdw/lua/tdw/api.lua:46
   2. onsuccess - addons/tdw/lua/tdw/api.lua:15
    3. unknown - lua/includes/modules/http.lua:29


L 12/27/2020 - 03:29:12: [ULX] brexit<STEAM_0:1:121087763> spawned sent lean_barrel
L 12/27/2020 - 03:29:13: Lua Error: 
[tdw] addons/tdw/lua/tdw/api.lua:46: attempt to index local 'profile' (a nil value)
  1. callback - addons/tdw/lua/tdw/api.lua:46
   2. onsuccess - addons/tdw/lua/tdw/api.lua:15
    3. unknown - lua/includes/modules/http.lua:29


L 12/27/2020 - 03:29:28: [ULX] brexit<STEAM_0:1:121087763> spawned sent lean_crate
L 12/27/2020 - 03:29:28: Lua Error: 
[tdw] addons/tdw/lua/tdw/api.lua:46: attempt to index local 'profile' (a nil value)
  1. callback - addons/tdw/lua/tdw/api.lua:46
   2. onsuccess - addons/tdw/lua/tdw/api.lua:15
    3. unknown - lua/includes/modules/http.lua:29


L 12/27/2020 - 03:30:12: [ULX] brexit<STEAM_0:1:121087763> spawned sent sent_lsd_paper
L 12/27/2020 - 03:30:12: Lua Error: 
[tdw] addons/tdw/lua/tdw/api.lua:46: attempt to index local 'profile' (a nil value)
  1. callback - addons/tdw/lua/tdw/api.lua:46
   2. onsuccess - addons/tdw/lua/tdw/api.lua:15
    3. unknown - lua/includes/modules/http.lua:29


L 12/27/2020 - 03:30:25: [ULX] brexit<STEAM_0:1:121087763> spawned sent sent_ball
L 12/27/2020 - 03:30:26: Lua Error: 
[tdw] addons/tdw/lua/tdw/api.lua:46: attempt to index local 'profile' (a nil value)
  1. callback - addons/tdw/lua/tdw/api.lua:46
   2. onsuccess - addons/tdw/lua/tdw/api.lua:15
    3. unknown - lua/includes/modules/http.lua:29


L 12/27/2020 - 03:30:26: [ULX] brexit<STEAM_0:1:121087763> spawned sent sent_ball
L 12/27/2020 - 03:30:26: Lua Error: 
[tdw] addons/tdw/lua/tdw/api.lua:46: attempt to index local 'profile' (a nil value)
  1. callback - addons/tdw/lua/tdw/api.lua:46
   2. onsuccess - addons/tdw/lua/tdw/api.lua:15
    3. unknown - lua/includes/modules/http.lua:29


L 12/27/2020 - 03:30:27: [ULX] brexit<STEAM_0:1:121087763> spawned sent sent_ball
L 12/27/2020 - 03:30:27: [ULX] brexit<STEAM_0:1:121087763> spawned sent sent_ball
L 12/27/2020 - 03:30:27: [ULX] brexit<STEAM_0:1:121087763> spawned sent sent_ball
L 12/27/2020 - 03:30:27: Lua Error: 
[tdw] addons/tdw/lua/tdw/api.lua:46: attempt to index local 'profile' (a nil value)
  1. callback - addons/tdw/lua/tdw/api.lua:46
   2. onsuccess - addons/tdw/lua/tdw/api.lua:15
    3. unknown - lua/includes/modules/http.lua:29


L 12/27/2020 - 03:30:27: Lua Error: 
[tdw] addons/tdw/lua/tdw/api.lua:46: attempt to index local 'profile' (a nil value)
  1. callback - addons/tdw/lua/tdw/api.lua:46
   2. onsuccess - addons/tdw/lua/tdw/api.lua:15
    3. unknown - lua/includes/modules/http.lua:29


L 12/27/2020 - 03:30:27: Lua Error: 
[tdw] addons/tdw/lua/tdw/api.lua:46: attempt to index local 'profile' (a nil value)
  1. callback - addons/tdw/lua/tdw/api.lua:46
   2. onsuccess - addons/tdw/lua/tdw/api.lua:15
    3. unknown - lua/includes/modules/http.lua:29


L 12/27/2020 - 03:30:28: [ULX] brexit<STEAM_0:1:121087763> spawned sent sent_ball
L 12/27/2020 - 03:30:29: Lua Error: 
[tdw] addons/tdw/lua/tdw/api.lua:46: attempt to index local 'profile' (a nil value)
  1. callback - addons/tdw/lua/tdw/api.lua:46
   2. onsuccess - addons/tdw/lua/tdw/api.lua:15
    3. unknown - lua/includes/modules/http.lua:29


L 12/27/2020 - 03:30:29: [ULX] brexit<STEAM_0:1:121087763> spawned sent sent_ball
L 12/27/2020 - 03:30:29: [ULX] brexit<STEAM_0:1:121087763> spawned sent sent_ball
L 12/27/2020 - 03:30:29: Lua Error: 
[tdw] addons/tdw/lua/tdw/api.lua:46: attempt to index local 'profile' (a nil value)
  1. callback - addons/tdw/lua/tdw/api.lua:46
   2. onsuccess - addons/tdw/lua/tdw/api.lua:15
    3. unknown - lua/includes/modules/http.lua:29


L 12/27/2020 - 03:30:29: Lua Error: 
[tdw] addons/tdw/lua/tdw/api.lua:46: attempt to index local 'profile' (a nil value)
  1. callback - addons/tdw/lua/tdw/api.lua:46
   2. onsuccess - addons/tdw/lua/tdw/api.lua:15
    3. unknown - lua/includes/modules/http.lua:29


L 12/27/2020 - 03:30:29: [ULX] brexit<STEAM_0:1:121087763> spawned sent sent_ball
L 12/27/2020 - 03:30:29: Lua Error: 
[tdw] addons/tdw/lua/tdw/api.lua:46: attempt to index local 'profile' (a nil value)
  1. callback - addons/tdw/lua/tdw/api.lua:46
   2. onsuccess - addons/tdw/lua/tdw/api.lua:15
    3. unknown - lua/includes/modules/http.lua:29


L 12/27/2020 - 03:30:32: [ULX] brexit<STEAM_0:1:121087763> spawned sent sent_ball
L 12/27/2020 - 03:30:32: Lua Error: 
[tdw] addons/tdw/lua/tdw/api.lua:46: attempt to index local 'profile' (a nil value)
  1. callback - addons/tdw/lua/tdw/api.lua:46
   2. onsuccess - addons/tdw/lua/tdw/api.lua:15
    3. unknown - lua/includes/modules/http.lua:29


L 12/27/2020 - 03:30:32: [ULX] brexit<STEAM_0:1:121087763> spawned sent sent_ball
L 12/27/2020 - 03:30:32: [ULX] brexit<STEAM_0:1:121087763> spawned sent sent_ball
L 12/27/2020 - 03:30:33: [ULX] brexit<STEAM_0:1:121087763> spawned sent sent_ball
L 12/27/2020 - 03:30:33: Lua Error: 
[tdw] addons/tdw/lua/tdw/api.lua:46: attempt to index local 'profile' (a nil value)
  1. callback - addons/tdw/lua/tdw/api.lua:46
   2. onsuccess - addons/tdw/lua/tdw/api.lua:15
    3. unknown - lua/includes/modules/http.lua:29


L 12/27/2020 - 03:30:33: Lua Error: 
[tdw] addons/tdw/lua/tdw/api.lua:46: attempt to index local 'profile' (a nil value)
  1. callback - addons/tdw/lua/tdw/api.lua:46
   2. onsuccess - addons/tdw/lua/tdw/api.lua:15
    3. unknown - lua/includes/modules/http.lua:29


L 12/27/2020 - 03:30:33: Lua Error: 
[tdw] addons/tdw/lua/tdw/api.lua:46: attempt to index local 'profile' (a nil value)
  1. callback - addons/tdw/lua/tdw/api.lua:46
   2. onsuccess - addons/tdw/lua/tdw/api.lua:15
    3. unknown - lua/includes/modules/http.lua:29


L 12/27/2020 - 03:30:44: [ULX] brexit<STEAM_0:1:121087763> spawned sent sent_lsd_powder
L 12/27/2020 - 03:30:45: Lua Error: 
[tdw] addons/tdw/lua/tdw/api.lua:46: attempt to index local 'profile' (a nil value)
  1. callback - addons/tdw/lua/tdw/api.lua:46
   2. onsuccess - addons/tdw/lua/tdw/api.lua:15
    3. unknown - lua/includes/modules/http.lua:29


L 12/27/2020 - 03:30:50: [ULX] brexit<STEAM_0:1:121087763> spawned sent sent_lsd_bottle
L 12/27/2020 - 03:30:50: Lua Error: 
[tdw] addons/tdw/lua/tdw/api.lua:46: attempt to index local 'profile' (a nil value)
  1. callback - addons/tdw/lua/tdw/api.lua:46
   2. onsuccess - addons/tdw/lua/tdw/api.lua:15
    3. unknown - lua/includes/modules/http.lua:29


L 12/27/2020 - 03:31:42: [ULX] brexit<STEAM_0:1:121087763> spawned sent tierp_printer
L 12/27/2020 - 03:31:43: Lua Error: 
[tdw] addons/tdw/lua/tdw/api.lua:46: attempt to index local 'profile' (a nil value)
  1. callback - addons/tdw/lua/tdw/api.lua:46
   2. onsuccess - addons/tdw/lua/tdw/api.lua:15
    3. unknown - lua/includes/modules/http.lua:29


L 12/27/2020 - 03:33:02: "brexit<4><STEAM_0:1:121087763><Citizen>" say "!menu"

L 12/27/2020 - 03:33:29: AWarn: Your server info has been updated to the online statistics tracking
L 12/27/2020 - 03:35:26: Lua Error: 
[tdw] addons/tdw/lua/tdw/api.lua:46: attempt to index local 'profile' (a nil value)
  1. callback - addons/tdw/lua/tdw/api.lua:46
   2. onsuccess - addons/tdw/lua/tdw/api.lua:15
    3. unknown - lua/includes/modules/http.lua:29


L 12/27/2020 - 03:36:15: [ULX] brexit<STEAM_0:1:121087763> spawned sent decal
L 12/27/2020 - 03:36:15: Lua Error: 
[tdw] addons/tdw/lua/tdw/api.lua:46: attempt to index local 'profile' (a nil value)
  1. callback - addons/tdw/lua/tdw/api.lua:46
   2. onsuccess - addons/tdw/lua/tdw/api.lua:15
    3. unknown - lua/includes/modules/http.lua:29


L 12/27/2020 - 03:38:55: "brexit<4><STEAM_0:1:121087763><Citizen>" say "!savedecals"

L 12/27/2020 - 03:40:53: Lua Error: 
[tdw] addons/tdw/lua/tdw/api.lua:46: attempt to index local 'profile' (a nil value)
  1. callback - addons/tdw/lua/tdw/api.lua:46
   2. onsuccess - addons/tdw/lua/tdw/api.lua:15
    3. unknown - lua/includes/modules/http.lua:29


L 12/27/2020 - 04:03:29: AWarn: Your server info has been updated to the online statistics tracking
L 12/27/2020 - 04:33:29: AWarn: Your server info has been updated to the online statistics tracking
L 12/27/2020 - 04:36:35: "☭DinRalleMus☭<5><STEAM_0:0:513057140><>" connected, address "93.166.202.54:27005"
L 12/27/2020 - 04:36:35: Lua Error: 
[tdw] addons/tdw/lua/tdw/api.lua:46: attempt to index local 'profile' (a nil value)
  1. callback - addons/tdw/lua/tdw/api.lua:46
   2. onsuccess - addons/tdw/lua/tdw/api.lua:15
    3. unknown - lua/includes/modules/http.lua:29


L 12/27/2020 - 04:36:35: "☭DinRalleMus☭<5><STEAM_0:0:513057140><>" STEAM USERID validated
L 12/27/2020 - 04:41:48: "brexit<4><STEAM_0:1:121087763><Citizen>" say "!logs"

L 12/27/2020 - 04:41:50: "brexit<4><STEAM_0:1:121087763><Citizen>" say "!blogs"

L 12/27/2020 - 04:44:40: "☭DinRalleMus☭<5><STEAM_0:0:513057140><>" entered the game
L 12/27/2020 - 04:44:41: Lua Error: 
[tdw] addons/tdw/lua/tdw/api.lua:46: attempt to index local 'profile' (a nil value)
  1. callback - addons/tdw/lua/tdw/api.lua:46
   2. onsuccess - addons/tdw/lua/tdw/api.lua:15
    3. unknown - lua/includes/modules/http.lua:29


L 12/27/2020 - 04:45:28: "brexit<4><STEAM_0:1:121087763><Citizen>" say "Yo"

L 12/27/2020 - 04:46:44: "brexit<4><STEAM_0:1:121087763><Citizen>" say "!blogs"

L 12/27/2020 - 04:52:15: "brexit<4><STEAM_0:1:121087763><Citizen>" say "!blogs"

L 12/27/2020 - 04:53:41: "brexit<4><STEAM_0:1:121087763><Citizen>" say "!blogs"

L 12/27/2020 - 05:03:15: "brexit<4><STEAM_0:1:121087763><>" disconnected (reason "Disconnect by user.")
L 12/27/2020 - 05:03:16: Lua Error: 
[tdw] addons