L 12/28/2020 - 06:06:06: Log file started (file "logs\L1228005.log") (game "C:\Users\Administrator\Desktop\FTP\Garry's Mod\steamapps\common\GarrysModDS\garrysmod") (version "7891")
L 12/28/2020 - 06:06:06: server_cvar: "sbox_noclip" "0"
L 12/28/2020 - 06:06:06: server_cvar: "sbox_maxprops" "150"
L 12/28/2020 - 06:06:06: server_cvar: "sbox_maxragdolls" "0"
L 12/28/2020 - 06:06:06: server_cvar: "sbox_maxnpcs" "0"
L 12/28/2020 - 06:06:06: server_cvar: "sbox_maxballoons" "0"
L 12/28/2020 - 06:06:06: server_cvar: "sbox_maxeffects" "0"
L 12/28/2020 - 06:06:06: server_cvar: "sbox_maxdynamite" "0"
L 12/28/2020 - 06:06:06: server_cvar: "sbox_maxlamps" "0"
L 12/28/2020 - 06:06:06: server_cvar: "sbox_maxthrusters" "0"
L 12/28/2020 - 06:06:06: server_cvar: "sbox_maxwheels" "0"
L 12/28/2020 - 06:06:06: server_cvar: "sbox_maxhoverballs" "0"
L 12/28/2020 - 06:06:06: server_cvar: "sbox_maxvehicles" "1"
L 12/28/2020 - 06:06:06: server_cvar: "sbox_maxbuttons" "10"
L 12/28/2020 - 06:06:06: server_cvar: "sbox_maxemitters" "0"
L 12/28/2020 - 06:06:06: server_cvar: "sv_airaccelerate" "1000"
L 12/28/2020 - 06:06:10: Connection to Steam servers successful.
L 12/28/2020 - 06:06:10:    Public IP is 134.255.252.243.
L 12/28/2020 - 06:06:10: Assigned anonymous gameserver Steam ID [A-1:85819397(16183)].
L 12/28/2020 - 06:06:10: VAC secure mode is activated.
L 12/28/2020 - 06:06:11: "Jacktank<2><STEAM_0:1:51163583><>" connected, address "119.18.1.3:6013"
L 12/28/2020 - 06:06:12: AWarn: Message Table Exists
L 12/28/2020 - 06:06:12: AWarn: Player Data Table Exists
L 12/28/2020 - 06:06:12: AWarn: Offline Player Data Table Exists
L 12/28/2020 - 06:06:12: "Jacktank<2><STEAM_0:1:51163583><>" STEAM USERID validated
L 12/28/2020 - 06:06:17: AWarn: Your server info has been updated to the online statistics tracking
L 12/28/2020 - 06:06:45: "Al Shebab<3><STEAM_0:0:103364981><>" connected, address "202.7.195.60:27005"
L 12/28/2020 - 06:06:46: "Al Shebab<3><STEAM_0:0:103364981><>" STEAM USERID validated
L 12/28/2020 - 06:06:49: "Jacktank<2><STEAM_0:1:51163583><>" entered the game
L 12/28/2020 - 06:07:14: [ULX] UK Musket Warrior<STEAM_0:1:51163583> spawned model models/hunter/blocks/cube05x05x05.mdl
L 12/28/2020 - 06:07:16: "Al Shebab<3><STEAM_0:0:103364981><>" entered the game
L 12/28/2020 - 06:07:23: "brexit<4><STEAM_0:1:121087763><>" connected, address "45.133.4.104:27005"
L 12/28/2020 - 06:07:23: "brexit<4><STEAM_0:1:121087763><>" STEAM USERID validated
L 12/28/2020 - 06:07:52: "brexit<4><STEAM_0:1:121087763><>" entered the game
L 12/28/2020 - 06:07:53: [ULX] UK Musket Warrior<STEAM_0:1:51163583> spawned model models/hunter/blocks/cube05x05x05.mdl
L 12/28/2020 - 06:07:55: [ULX] UK Musket Warrior<STEAM_0:1:51163583> spawned model models/hunter/blocks/cube05x05x05.mdl
L 12/28/2020 - 06:07:55: [ULX] UK Musket Warrior<STEAM_0:1:51163583> spawned model models/hunter/blocks/cube05x05x05.mdl
L 12/28/2020 - 06:07:56: [ULX] UK Musket Warrior<STEAM_0:1:51163583> spawned model models/hunter/blocks/cube05x05x05.mdl
L 12/28/2020 - 06:07:57: [ULX] UK Musket Warrior<STEAM_0:1:51163583> spawned model models/hunter/blocks/cube05x05x05.mdl
L 12/28/2020 - 06:08:12: [ULX] UK Musket Warrior<STEAM_0:1:51163583> spawned model models/hunter/blocks/cube05x05x05.mdl
L 12/28/2020 - 06:08:13: [ULX] UK Musket Warrior<STEAM_0:1:51163583> spawned model models/hunter/blocks/cube05x05x05.mdl
L 12/28/2020 - 06:08:13: [ULX] UK Musket Warrior<STEAM_0:1:51163583> spawned model models/hunter/blocks/cube05x05x05.mdl
L 12/28/2020 - 06:08:14: [ULX] UK Musket Warrior<STEAM_0:1:51163583> spawned model models/hunter/blocks/cube05x05x05.mdl
L 12/28/2020 - 06:08:15: [ULX] UK Musket Warrior<STEAM_0:1:51163583> spawned model models/hunter/blocks/cube05x05x05.mdl
L 12/28/2020 - 06:08:15: [ULX] UK Musket Warrior<STEAM_0:1:51163583> spawned model models/hunter/blocks/cube05x05x05.mdl
L 12/28/2020 - 06:08:16: "Al Shebab<3><STEAM_0:0:103364981><Citizen>" say "!spc"

L 12/28/2020 - 06:08:16: [ULX] UK Musket Warrior<STEAM_0:1:51163583> spawned model models/hunter/blocks/cube05x05x05.mdl
L 12/28/2020 - 06:08:17: [ULX] UK Musket Warrior<STEAM_0:1:51163583> spawned model models/hunter/blocks/cube05x05x05.mdl
L 12/28/2020 - 06:08:17: [ULX] UK Musket Warrior<STEAM_0:1:51163583> spawned model models/hunter/blocks/cube05x05x05.mdl
L 12/28/2020 - 06:08:33: [ULX] UK Musket Warrior<STEAM_0:1:51163583> spawned model models/hunter/blocks/cube05x05x05.mdl
L 12/28/2020 - 06:09:08: [ULX] UK Musket Warrior<STEAM_0:1:51163583> spawned model models/hunter/blocks/cube05x05x05.mdl
L 12/28/2020 - 06:09:09: [ULX] UK Musket Warrior<STEAM_0:1:51163583> spawned model models/hunter/blocks/cube05x05x05.mdl
L 12/28/2020 - 06:09:10: [ULX] UK Musket Warrior<STEAM_0:1:51163583> spawned model models/hunter/blocks/cube05x05x05.mdl
L 12/28/2020 - 06:09:29: [ULX] UK Musket Warrior<STEAM_0:1:51163583> spawned model models/hunter/blocks/cube025x4x025.mdl
L 12/28/2020 - 06:11:33: [ULX] UK Musket Warrior<STEAM_0:1:51163583> spawned model models/hunter/blocks/cube1x7x025.mdl
L 12/28/2020 - 06:11:57: "UK Musket Warrior<2><STEAM_0:1:51163583><Citizen>" say "!menu"

L 12/28/2020 - 06:12:19: [ULX] UK Musket Warrior banned brexit permanently (Fucken RDMING DUMB CUNT STOP ANNOYING ME)
L 12/28/2020 - 06:12:54: [ULX] UK Musket Warrior<STEAM_0:1:51163583> spawned model models/hunter/blocks/cube075x2x075.mdl
L 12/28/2020 - 06:13:07: [ULX] UK Musket Warrior<STEAM_0:1:51163583> spawned model models/hunter/blocks/cube075x075x075.mdl
L 12/28/2020 - 06:13:11: [ULX] brexit<STEAM_0:1:121087763> spawned model models/hunter/blocks/cube6x6x025.mdl
L 12/28/2020 - 06:13:12: [ULX] UK Musket Warrior<STEAM_0:1:51163583> spawned model models/hunter/blocks/cube1x2x1.mdl
L 12/28/2020 - 06:13:21: [ULX] UK Musket Warrior<STEAM_0:1:51163583> spawned model models/hunter/blocks/cube1x2x05.mdl
L 12/28/2020 - 06:13:24: [ULX] brexit<STEAM_0:1:121087763> spawned model models/props_building_details/storefront_template001a_bars.mdl
L 12/28/2020 - 06:13:25: [ULX] UK Musket Warrior<STEAM_0:1:51163583> spawned model models/hunter/blocks/cube075x075x025.mdl
L 12/28/2020 - 06:13:33: [ULX] Al Shebab<STEAM_0:0:103364981> spawned model models/hunter/plates/plate4x4.mdl
L 12/28/2020 - 06:13:33: [ULX] UK Musket Warrior<STEAM_0:1:51163583> spawned model models/hunter/blocks/cube1x2x1.mdl
L 12/28/2020 - 06:13:44: [ULX] UK Musket Warrior<STEAM_0:1:51163583> spawned model models/hunter/blocks/cube1x2x1.mdl
L 12/28/2020 - 06:14:05: [ULX] Al Shebab banned brexit permanently
L 12/28/2020 - 06:14:05: "brexit<4><STEAM_0:1:121087763><>" disconnected (reason "
-------===== [ BANNED ] =====-------

---= Reason =---
(None given)

---= Time Left =---
(Permaban)

Banned By:
Al Shebab(STEAM_0:0:103364981)
 
Feel the ban was unfair?
Appeal @ https://discord.gg/hWN7zXtbQP
")
L 12/28/2020 - 06:14:14: [ULX] UK Musket Warrior<STEAM_0:1:51163583> spawned model models/hunter/blocks/cube1x2x1.mdl
L 12/28/2020 - 06:14:15: [ULX] UK Musket Warrior<STEAM_0:1:51163583> spawned model models/hunter/blocks/cube1x2x1.mdl
L 12/28/2020 - 06:14:24: [ULX] Al Shebab unbanned steamid STEAM_0:1:121087763 (brexit)
L 12/28/2020 - 06:14:27: "brexit<5><STEAM_0:1:121087763><>" connected, address "45.133.4.104:27005"
L 12/28/2020 - 06:14:28: "brexit<5><STEAM_0:1:121087763><>" STEAM USERID validated
L 12/28/2020 - 06:14:56: "brexit<5><STEAM_0:1:121087763><>" entered the game
L 12/28/2020 - 06:15:13: [ULX] UK Musket Warrior<STEAM_0:1:51163583> spawned model models/hunter/blocks/cube1x2x1.mdl
L 12/28/2020 - 06:15:14: [ULX] UK Musket Warrior<STEAM_0:1:51163583> spawned model models/hunter/blocks/cube1x2x1.mdl
L 12/28/2020 - 06:15:15: [ULX] UK Musket Warrior<STEAM_0:1:51163583> spawned model models/hunter/blocks/cube1x2x1.mdl
L 12/28/2020 - 06:15:16: [ULX] UK Musket Warrior<STEAM_0:1:51163583> spawned model models/hunter/blocks/cube1x2x1.mdl
L 12/28/2020 - 06:15:23: [ULX] Al Shebab<STEAM_0:0:103364981> spawned model models/hunter/plates/plate5x5.mdl
L 12/28/2020 - 06:15:26: [ULX] UK Musket Warrior<STEAM_0:1:51163583> spawned model models/hunter/blocks/cube1x2x1.mdl
L 12/28/2020 - 06:15:28: [ULX] UK Musket Warrior<STEAM_0:1:51163583> spawned model models/hunter/blocks/cube1x2x1.mdl
L 12/28/2020 - 06:15:28: [ULX] UK Musket Warrior<STEAM_0:1:51163583> spawned model models/hunter/blocks/cube1x2x1.mdl
L 12/28/2020 - 06:15:29: [ULX] UK Musket Warrior<STEAM_0:1:51163583> spawned model models/hunter/blocks/cube1x2x1.mdl
L 12/28/2020 - 06:15:30: [ULX] UK Musket Warrior<STEAM_0:1:51163583> spawned model models/hunter/blocks/cube1x2x1.mdl
L 12/28/2020 - 06:15:31: [ULX] UK Musket Warrior<STEAM_0:1:51163583> spawned model models/hunter/blocks/cube1x2x1.mdl
L 12/28/2020 - 06:15:32: [ULX] UK Musket Warrior<STEAM_0:1:51163583> spawned model models/hunter/blocks/cube1x2x1.mdl
L 12/28/2020 - 06:15:33: [ULX] UK Musket Warrior<STEAM_0:1:51163583> spawned model models/hunter/blocks/cube1x2x1.mdl
L 12/28/2020 - 06:15:48: [ULX] UK Musket Warrior<STEAM_0:1:51163583> spawned model models/props_wasteland/interior_fence002d.mdl
L 12/28/2020 - 06:16:13: [ULX] UK Musket Warrior<STEAM_0:1:51163583> spawned model models/props_wasteland/interior_fence002d.mdl
L 12/28/2020 - 06:16:16: [ULX] UK Musket Warrior<STEAM_0:1:51163583> spawned model models/props_wasteland/interior_fence002d.mdl
L 12/28/2020 - 06:16:16: [ULX] UK Musket Warrior<STEAM_0:1:51163583> spawned model models/props_wasteland/interior_fence002d.mdl
L 12/28/2020 - 06:16:17: [ULX] UK Musket Warrior<STEAM_0:1:51163583> spawned model models/props_wasteland/interior_fence002d.mdl
L 12/28/2020 - 06:16:17: [ULX] UK Musket Warrior<STEAM_0:1:51163583> spawned model models/props_wasteland/interior_fence002d.mdl
L 12/28/2020 - 06:16:18: [ULX] UK Musket Warrior<STEAM_0:1:51163583> spawned model models/props_wasteland/interior_fence002d.mdl
L 12/28/2020 - 06:16:19: [ULX] UK Musket Warrior<STEAM_0:1:51163583> spawned model models/props_wasteland/interior_fence002d.mdl
L 12/28/2020 - 06:16:21: "Al Shebab<3><STEAM_0:0:103364981><Citizen>" say "!spc"

L 12/28/2020 - 06:16:22: [ULX] UK Musket Warrior<STEAM_0:1:51163583> spawned model models/props_wasteland/interior_fence002d.mdl
L 12/28/2020 - 06:16:22: [ULX] UK Musket Warrior<STEAM_0:1:51163583> spawned model models/props_wasteland/interior_fence002d.mdl
L 12/28/2020 - 06:16:23: [ULX] UK Musket Warrior<STEAM_0:1:51163583> spawned model models/props_wasteland/interior_fence002d.mdl
L 12/28/2020 - 06:16:24: [ULX] UK Musket Warrior<STEAM_0:1:51163583> spawned model models/props_wasteland/interior_fence002d.mdl
L 12/28/2020 - 06:16:24: [ULX] UK Musket Warrior<STEAM_0:1:51163583> spawned model models/props_wasteland/interior_fence002d.mdl
L 12/28/2020 - 06:16:25: [ULX] UK Musket Warrior<STEAM_0:1:51163583> spawned model models/props_wasteland/interior_fence002d.mdl
L 12/28/2020 - 06:16:27: [ULX] UK Musket Warrior<STEAM_0:1:51163583> spawned model models/props_wasteland/interior_fence002d.mdl
L 12/28/2020 - 06:16:28: [ULX] UK Musket Warrior<STEAM_0:1:51163583> spawned model models/props_wasteland/interior_fence002d.mdl
L 12/28/2020 - 06:16:28: [ULX] UK Musket Warrior<STEAM_0:1:51163583> spawned model models/props_wasteland/interior_fence002d.mdl
L 12/28/2020 - 06:16:29: [ULX] UK Musket Warrior<STEAM_0:1:51163583> spawned model models/props_wasteland/interior_fence002d.mdl
L 12/28/2020 - 06:16:30: [ULX] UK Musket Warrior<STEAM_0:1:51163583> spawned model models/props_wasteland/interior_fence002d.mdl
L 12/28/2020 - 06:16:30: [ULX] UK Musket Warrior<STEAM_0:1:51163583> spawned model models/props_wasteland/interior_fence002d.mdl
L 12/28/2020 - 06:16:33: "Al Shebab<3><STEAM_0:0:103364981><Citizen>" say "!spc"

L 12/28/2020 - 06:16:33: [ULX] UK Musket Warrior<STEAM_0:1:51163583> spawned model models/props_wasteland/interior_fence002d.mdl
L 12/28/2020 - 06:16:34: [ULX] UK Musket Warrior<STEAM_0:1:51163583> spawned model models/props_wasteland/interior_fence002d.mdl
L 12/28/2020 - 06:16:37: [ULX] UK Musket Warrior<STEAM_0:1:51163583> spawned model models/props_wasteland/interior_fence002d.mdl
L 12/28/2020 - 06:17:42: "Al Shebab<3><STEAM_0:0:103364981><Citizen>" say "!spc"

L 12/28/2020 - 06:17:47: "Feeyne<6><STEAM_0:1:128868430><>" connected, address "94.2.134.55:27005"
L 12/28/2020 - 06:17:48: "Feeyne<6><STEAM_0:1:128868430><>" STEAM USERID validated
L 12/28/2020 - 06:18:11: [ULX] brexit<STEAM_0:1:121087763> spawned model models/props_c17/fence01a.mdl
L 12/28/2020 - 06:18:15: [ULX] brexit<STEAM_0:1:121087763> spawned model models/props_c17/fence01a.mdl
L 12/28/2020 - 06:18:37: "Feeyne<6><STEAM_0:1:128868430><>" entered the game
L 12/28/2020 - 06:19:07: "Al Shebab<3><STEAM_0:0:103364981><Citizen>" say "!spc"

L 12/28/2020 - 06:19:14: "UK Musket Warrior<2><STEAM_0:1:51163583><Citizen>" say "!menu"

L 12/28/2020 - 06:19:20: [ULX] UK Musket Warrior respawned brexit
L 12/28/2020 - 06:19:24: [ULX] UK Musket Warrior respawned brexit
L 12/28/2020 - 06:19:51: "Al Shebab<3><STEAM_0:0:103364981><Citizen>" say "!spc"

L 12/28/2020 - 06:19:56: [ULX] UK Musket Warrior granted god mode upon Themself
L 12/28/2020 - 06:20:05: [ULX] UK Musket Warrior<STEAM_0:1:51163583> spawned model models/props_junk/plasticcrate01a.mdl
L 12/28/2020 - 06:20:09: [ULX] Al Shebab<STEAM_0:0:103364981> spawned model models/hunter/plates/plate2x2.mdl
L 12/28/2020 - 06:20:36: Player [1][Jacktank] is arming a dupe, size: 2169
L 12/28/2020 - 06:20:39: Player [1][Jacktank] is arming a dupe, size: 5196
L 12/28/2020 - 06:20:42: [ULX] UK Musket Warrior<STEAM_0:1:51163583> spawned model models/hunter/blocks/cube1x7x025.mdl
L 12/28/2020 - 06:21:16: [ULX] Al Shebab<STEAM_0:0:103364981> spawned model models/hunter/plates/plate075x6.mdl
L 12/28/2020 - 06:21:17: [ULX] Al Shebab<STEAM_0:0:103364981> spawned model models/hunter/plates/plate4x4.mdl
L 12/28/2020 - 06:21:23: [ULX] Al Shebab<STEAM_0:0:103364981> spawned model models/hunter/plates/plate4x4.mdl
L 12/28/2020 - 06:21:38: [ULX] UK Musket Warrior<STEAM_0:1:51163583> spawned model models/hunter/blocks/cube1x7x025.mdl
L 12/28/2020 - 06:22:04: [ULX] UK Musket Warrior<STEAM_0:1:51163583> spawned model models/hunter/blocks/cube1x7x025.mdl
L 12/28/2020 - 06:22:06: [ULX] UK Musket Warrior<STEAM_0:1:51163583> spawned model models/hunter/blocks/cube1x7x025.mdl
L 12/28/2020 - 06:22:07: [ULX] UK Musket Warrior<STEAM_0:1:51163583> spawned model models/hunter/blocks/cube1x7x025.mdl
L 12/28/2020 - 06:22:08: [ULX] UK Musket Warrior<STEAM_0:1:51163583> spawned model models/hunter/blocks/cube1x7x025.mdl
L 12/28/2020 - 06:22:08: [ULX] UK Musket Warrior<STEAM_0:1:51163583> spawned model models/hunter/blocks/cube1x7x025.mdl
L 12/28/2020 - 06:22:09: [ULX] UK Musket Warrior<STEAM_0:1:51163583> spawned model models/hunter/blocks/cube1x7x025.mdl
L 12/28/2020 - 06:22:10: [ULX] UK Musket Warrior<STEAM_0:1:51163583> spawned model models/hunter/blocks/cube1x7x025.mdl
L 12/28/2020 - 06:22:25: "Al Shebab<3><STEAM_0:0:103364981><Citizen>" say "!spc"

L 12/28/2020 - 06:22:25: "brexit<5><STEAM_0:1:121087763><Citizen>" say "!blogs"

L 12/28/2020 - 06:22:54: [ULX] UK Musket Warrior<STEAM_0:1:51163583> spawned model models/hunter/blocks/cube1x7x025.mdl
L 12/28/2020 - 06:22:55: [ULX] UK Musket Warrior<STEAM_0:1:51163583> spawned model models/hunter/blocks/cube1x7x025.mdl
L 12/28/2020 - 06:22:56: [ULX] UK Musket Warrior<STEAM_0:1:51163583> spawned model models/hunter/blocks/cube1x7x025.mdl
L 12/28/2020 - 06:22:56: [ULX] UK Musket Warrior<STEAM_0:1:51163583> spawned model models/hunter/blocks/cube1x7x025.mdl
L 12/28/2020 - 06:22:57: [ULX] UK Musket Warrior<STEAM_0:1:51163583> spawned model models/hunter/blocks/cube1x7x025.mdl
L 12/28/2020 - 06:22:58: [ULX] UK Musket Warrior<STEAM_0:1:51163583> spawned model models/hunter/blocks/cube1x7x025.mdl
L 12/28/2020 - 06:22:59: [ULX] UK Musket Warrior<STEAM_0:1:51163583> spawned model models/hunter/blocks/cube1x7x025.mdl
L 12/28/2020 - 06:23:06: [ULX] Al Shebab<STEAM_0:0:103364981> spawned sent durgz_alcohol
L 12/28/2020 - 06:23:07: [ULX] Al Shebab<STEAM_0:0:103364981> spawned sent durgz_aspirin
L 12/28/2020 - 06:23:08: [ULX] Al Shebab<STEAM_0:0:103364981> spawned sent durgz_cigarette
L 12/28/2020 - 06:23:09: [ULX] Al Shebab<STEAM_0:0:103364981> spawned sent durgz_cocaine
L 12/28/2020 - 06:23:10: [ULX] Al Shebab<STEAM_0:0:103364981> spawned sent durgz_heroine
L 12/28/2020 - 06:23:12: [ULX] Al Shebab<STEAM_0:0:103364981> spawned sent durgz_lsd
L 12/28/2020 - 06:23:13: [ULX] Al Shebab<STEAM_0:0:103364981> spawned sent durgz_weed
L 12/28/2020 - 06:23:14: [ULX] Al Shebab<STEAM_0:0:103364981> spawned sent durgz_meth
L 12/28/2020 - 06:23:15: [ULX] Al Shebab<STEAM_0:0:103364981> spawned sent durgz_mushroom
L 12/28/2020 - 06:23:16: [ULX] Al Shebab<STEAM_0:0:103364981> spawned sent durgz_pcp
L 12/28/2020 - 06:23:19: "Al Shebab<3><STEAM_0:0:103364981><Citizen>" say "waitt, wait. guysss. i need to tells u abuot micrsfoft excel!11!"

L 12/28/2020 - 06:23:29: "UK Musket Warrior<2><STEAM_0:1:51163583><Citizen>" say "MYNOSEISDRIBBLINGISANYONEELSESNOSEDRIBBLINGTHATSREALLYWEIRDIHOPEIDONTHAVEACOLD"

L 12/28/2020 - 06:23:33: [ULX] Al Shebab<STEAM_0:0:103364981> spawned sent durgz_aspirin
L 12/28/2020 - 06:23:36: [ULX] Al Shebab<STEAM_0:0:103364981> spawned sent durgz_cigarette
L 12/28/2020 - 06:23:37: "Al Shebab<3><STEAM_0:0:103364981><Citizen>" say "I am COOL."

L 12/28/2020 - 06:23:44: [ULX] Al Shebab<STEAM_0:0:103364981> spawned sent durgz_cocaine
L 12/28/2020 - 06:23:45: "Al Shebab<3><STEAM_0:0:103364981><Citizen>" say "MYNOSEISDRIBBLINGISANYONEELSESNOSEDRIBBLINGTHATSREALLYWEIRDIHOPEIDONTHAVEACOLD"

L 12/28/2020 - 06:24:01: [ULX] Al Shebab<STEAM_0:0:103364981> spawned sent durgz_alcohol
L 12/28/2020 - 06:24:01: [ULX] UK Musket Warrior<STEAM_0:1:51163583> spawned sent durgz_cocaine
L 12/28/2020 - 06:24:02: "UK Musket Warrior<2><STEAM_0:1:51163583><Citizen>" say "MYNOSEISDRIBBLINGISANYONEELSESNOSEDRIBBLINGTHATSREALLYWEIRDIHOPEIDONTHAVEACOLD"

L 12/28/2020 - 06:24:25: [ULX] Al Shebab<STEAM_0:0:103364981> spawned sent durgz_aspirin
L 12/28/2020 - 06:24:32: [ULX] Al Shebab<STEAM_0:0:103364981> spawned sent durgz_alcohol
L 12/28/2020 - 06:24:53: "UK Musket Warrior<2><STEAM_0:1:51163583><Citizen>" say "!blogs"

L 12/28/2020 - 06:24:56: "Feeyne<6><STEAM_0:1:128868430><>" disconnected (reason "Disconnect by user.")
L 12/28/2020 - 06:25:46: "UK Musket Warrior<2><STEAM_0:1:51163583><Citizen>" say "!menu"

L 12/28/2020 - 06:25:52: [ULX] UK Musket Warrior Launched brexit
L 12/28/2020 - 06:26:03: "Al Shebab<3><STEAM_0:0:103364981><Citizen>" say "waitt, wait. guysss. i need to tells u abuot micrsfoft excel!11!"

L 12/28/2020 - 06:26:05: [ULX] Al Shebab<STEAM_0:0:103364981> spawned sent durgz_aspirin
L 12/28/2020 - 06:26:20: [ULX] UK Musket Warrior<STEAM_0:1:51163583> spawned model models/hunter/blocks/cube1x7x025.mdl
L 12/28/2020 - 06:26:21: [ULX] UK Musket Warrior<STEAM_0:1:51163583> spawned model models/hunter/blocks/cube1x7x025.mdl
L 12/28/2020 - 06:26:22: [ULX] UK Musket Warrior<STEAM_0:1:51163583> spawned model models/hunter/blocks/cube1x7x025.mdl
L 12/28/2020 - 06:26:23: [ULX] UK Musket Warrior<STEAM_0:1:51163583> spawned model models/hunter/blocks/cube1x7x025.mdl
L 12/28/2020 - 06:26:41: Lua Error: 
[fading_door_tool_115753588] addons/fading_door_tool_115753588/lua/weapons/gmod_tool/stools/fading_door.lua:348: attempt to call global 'RemoveKeys' (a nil value)
  1. dooEet - addons/fading_door_tool_115753588/lua/weapons/gmod_tool/stools/fading_door.lua:348
   2. LeftClick - addons/fading_door_tool_115753588/lua/weapons/gmod_tool/stools/fading_door.lua:424
    3. unknown - gamemodes/sandbox/entities/weapons/gmod_tool/shared.lua:240


L 12/28/2020 - 06:26:42: Lua Error: 
[fading_door_tool_115753588] addons/fading_door_tool_115753588/lua/weapons/gmod_tool/stools/fading_door.lua:348: attempt to call global 'RemoveKeys' (a nil value)
  1. dooEet - addons/fading_door_tool_115753588/lua/weapons/gmod_tool/stools/fading_door.lua:348
   2. LeftClick - addons/fading_door_tool_115753588/lua/weapons/gmod_tool/stools/fading_door.lua:424
    3. unknown - gamemodes/sandbox/entities/weapons/gmod_tool/shared.lua:240


L 12/28/2020 - 06:26:46: Lua Error: 
[fading_door_tool_115753588] addons/fading_door_tool_115753588/lua/weapons/gmod_tool/stools/fading_door.lua:348: attempt to call global 'RemoveKeys' (a nil value)
  1. dooEet - addons/fading_door_tool_115753588/lua/weapons/gmod_tool/stools/fading_door.lua:348
   2. LeftClick - addons/fading_door_tool_115753588/lua/weapons/gmod_tool/stools/fading_door.lua:424
    3. unknown - gamemodes/sandbox/entities/weapons/gmod_tool/shared.lua:240


L 12/28/2020 - 06:26:47: Lua Error: 
[fading_door_tool_115753588] addons/fading_door_tool_115753588/lua/weapons/gmod_tool/stools/fading_door.lua:348: attempt to call global 'RemoveKeys' (a nil value)
  1. dooEet - addons/fading_door_tool_115753588/lua/weapons/gmod_tool/stools/fading_door.lua:348
   2. LeftClick - addons/fading_door_tool_115753588/lua/weapons/gmod_tool/stools/fading_door.lua:424
    3. unknown - gamemodes/sandbox/entities/weapons/gmod_tool/shared.lua:240


L 12/28/2020 - 06:26:48: Lua Error: 
[fading_door_tool_115753588] addons/fading_door_tool_115753588/lua/weapons/gmod_tool/stools/fading_door.lua:348: attempt to call global 'RemoveKeys' (a nil value)
  1. dooEet - addons/fading_door_tool_115753588/lua/weapons/gmod_tool/stools/fading_door.lua:348
   2. LeftClick - addons/fading_door_tool_115753588/lua/weapons/gmod_tool/stools/fading_door.lua:424
    3. unknown - gamemodes/sandbox/entities/weapons/gmod_tool/shared.lua:240


L 12/28/2020 - 06:26:48: Lua Error: 
[fading_door_tool_115753588] addons/fading_door_tool_115753588/lua/weapons/gmod_tool/stools/fading_door.lua:348: attempt to call global 'RemoveKeys' (a nil value)
  1. dooEet - addons/fading_door_tool_115753588/lua/weapons/gmod_tool/stools/fading_door.lua:348
   2. LeftClick - addons/fading_door_tool_115753588/lua/weapons/gmod_tool/stools/fading_door.lua:424
    3. unknown - gamemodes/sandbox/entities/weapons/gmod_tool/shared.lua:240


L 12/28/2020 - 06:26:49: "brexit<5><STEAM_0:1:121087763><Meth Cook>" say "/setmoney brexit 50000"

L 12/28/2020 - 06:26:51: [ULX] Al Shebab<STEAM_0:0:103364981> spawned sent durgz_cigarette
L 12/28/2020 - 06:27:13: Player [1][Jacktank] is arming a dupe, size: 5196
L 12/28/2020 - 06:27:23: [ULX] UK Musket Warrior<STEAM_0:1:51163583> spawned model models/hunter/blocks/cube05x05x05.mdl
L 12/28/2020 - 06:27:31: "Al Shebab<3><STEAM_0:0:103364981><Citizen>" say "I am COOL."

L 12/28/2020 - 06:27:33: [ULX] Al Shebab<STEAM_0:0:103364981> spawned sent durgz_aspirin
L 12/28/2020 - 06:27:37: [ULX] Al Shebab<STEAM_0:0:103364981> spawned sent durgz_heroine
L 12/28/2020 - 06:27:38: "Al Shebab<3><STEAM_0:0:103364981><Citizen>" say "It's my arm man! My fuckin' arm!"

L 12/28/2020 - 06:27:48: [ULX] Al Shebab<STEAM_0:0:103364981> spawned sent durgz_heroine
L 12/28/2020 - 06:30:23: [ULX] UK Musket Warrior<STEAM_0:1:51163583> spawned sent durgz_weed
L 12/28/2020 - 06:30:35: [ULX] UK Musket Warrior<STEAM_0:1:51163583> spawned vehicle models/tdmcars/emergency/dod_charger12.mdl
L 12/28/2020 - 06:30:40: [ULX] UK Musket Warrior<STEAM_0:1:51163583> spawned vehicle models/tdmcars/emergency/dod_charger12.mdl
L 12/28/2020 - 06:35:49: [ULX] Al Shebab<STEAM_0:0:103364981> spawned sent durgz_lsd
L 12/28/2020 - 06:36:27: AWarn: Your server info has been updated to the online statistics tracking
L 12/28/2020 - 06:36:28: [ULX] Al Shebab<STEAM_0:0:103364981> spawned sent durgz_weed
L 12/28/2020 - 06:36:50: "brexit<5><STEAM_0:1:121087763><LSD Cook>" say "/SETMONEY BREXIT 50000"

L 12/28/2020 - 06:37:09: [ULX] Al Shebab<STEAM_0:0:103364981> spawned sent durgz_meth
L 12/28/2020 - 06:37:42: [ULX] Al Shebab<STEAM_0:0:103364981> spawned sent durgz_meth
L 12/28/2020 - 06:38:31: [ULX] Al Shebab<STEAM_0:0:103364981> spawned sent durgz_mushroom
L 12/28/2020 - 06:39:13: [ULX] Al Shebab<STEAM_0:0:103364981> spawned sent durgz_pcp
L 12/28/2020 - 06:39:31: [ULX] UK Musket Warrior<STEAM_0:1:51163583> spawned sent durgz_aspirin
L 12/28/2020 - 06:39:33: [ULX] Al Shebab<STEAM_0:0:103364981> spawned sent durgz_aspirin
L 12/28/2020 - 06:40:31: [ULX] Al Shebab<STEAM_0:0:103364981> spawned sent durgz_water
L 12/28/2020 - 06:42:34: [ULX] UK Musket Warrior brought brexit
L 12/28/2020 - 06:42:34: "UK Musket Warrior<2><STEAM_0:1:51163583><Weed Dealer>" say "!bring brexit"

L 12/28/2020 - 06:46:09: [ULX] brexit<STEAM_0:1:121087763> spawned sent sent_lsd
L 12/28/2020 - 06:46:15: [ULX] brexit<STEAM_0:1:121087763> spawned sent sent_lsd
L 12/28/2020 - 06:46:22: [ULX] brexit<STEAM_0:1:121087763> spawned sent sent_lsd
L 12/28/2020 - 06:46:35: "brexit<5><STEAM_0:1:121087763><LSD Cook>" say "3570"

L 12/28/2020 - 06:47:35: [ULX] Al Shebab stopped sounds
L 12/28/2020 - 06:47:35: "Al Shebab<3><STEAM_0:0:103364981><Meth Cook>" say "!stopsounds"

L 12/28/2020 - 06:47:46: "brexit<5><STEAM_0:1:121087763><LSD Cook>" say "!3p"

L 12/28/2020 - 06:50:02: "brexit<5><STEAM_0:1:121087763><Weed Dealer>" say "!3p"

L 12/28/2020 - 06:53:05: [ULX] UK Musket Warrior stripped weapons from brexit
L 12/28/2020 - 06:53:05: "UK Musket Warrior<2><STEAM_0:1:51163583><Weed Dealer>" say "!strip brexit"

L 12/28/2020 - 06:53:26: "UK Musket Warrior<2><STEAM_0:1:51163583><Weed Dealer>" say "!menu"

L 12/28/2020 - 06:53:29: "Joshua Mitchelle<5><STEAM_0:1:121087763><Weed Dealer>" say "/rpname Joshua Mitchelle"

L 12/28/2020 - 06:53:41: "UK Musket Warrior<2><STEAM_0:1:51163583><Weed Dealer>" say "/job Cadet "

L 12/28/2020 - 06:55:20: [ULX] UK Musket Warrior stripped weapons from Al Shebab
L 12/28/2020 - 06:55:20: "UK Musket Warrior<2><STEAM_0:1:51163583><Weed Dealer>" say "!strip @"

L 12/28/2020 - 06:55:26: [ULX] Al Shebab kicked Joshua Mitchelle (Mitchelle)
L 12/28/2020 - 06:55:26: "brexit<5><STEAM_0:1:121087763><>" disconnected (reason "Kicked by Al Shebab(STEAM_0:0:103364981) - Mitchelle")
L 12/28/2020 - 06:55:49: "brexit<7><STEAM_0:1:121087763><>" connected, address "45.133.4.104:27005"
L 12/28/2020 - 06:55:49: "brexit<7><STEAM_0:1:121087763><>" STEAM USERID validated
L 12/28/2020 - 06:55:50: "Red Hairline<2><STEAM_0:1:51163583><Weed Dealer>" say "/rpname Red Hairline"

L 12/28/2020 - 06:56:18: "brexit<7><STEAM_0:1:121087763><>" entered the game
L 12/28/2020 - 06:57:46: [ULX] Red Hairline<STEAM_0:1:51163583> spawned sent zwf_buyer_npc
L 12/28/2020 - 06:58:42: [ULX] Red Hairline<STEAM_0:1:51163583> spawned sent zwf_bong02_ent
L 12/28/2020 - 06:58:47: [ULX] Red Hairline<STEAM_0:1:51163583> spawned sent zwf_weedblock
L 12/28/2020 - 06:59:03: [ULX] Red Hairline<STEAM_0:1:51163583> spawned sent zwf_jar
L 12/28/2020 - 06:59:25: "Red Hairline<2><STEAM_0:1:51163583><Weed Dealer>" say "/drop"

L 12/28/2020 - 07:01:03: [ULX] (SILENT) Red Hairline crashed Joshua Mitchelle
L 12/28/2020 - 07:01:21: [ULX] Red Hairline granted god mode upon Everyone
L 12/28/2020 - 07:01:21: "Red Hairline<2><STEAM_0:1:51163583><Weed Dealer>" say "!god A"

L 12/28/2020 - 07:01:51: Lua Error: 
[Screengrab] lua/autorun/sh_screengrab_v2.lua:134: Player is NULL(!?)
  1. Start - [C]:-1
   2. func - lua/autorun/sh_screengrab_v2.lua:134
    3. unknown - lua/includes/extensions/net.lua:32


L 12/28/2020 - 07:01:51: Lua Error: 
[Screengrab] umsg.Start: Starting new message without ending the old one!

  1. func - lua/autorun/sh_screengrab_v2.lua:134
   2. unknown - lua/includes/extensions/net.lua:32


L 12/28/2020 - 07:01:51: Lua Error: 
[Screengrab] lua/autorun/sh_screengrab_v2.lua:134: Player is NULL(!?)
  1. Start - [C]:-1
   2. func - lua/autorun/sh_screengrab_v2.lua:134
    3. unknown - lua/includes/extensions/net.lua:32


L 12/28/2020 - 07:01:57: Lua Error: 
[ulx-master] umsg.Start: Starting new message without ending the old one!

  1. unknown - addons/ulx-master/lua/autorun/server/sv_dban.lua:24
   2. unknown - lua/includes/modules/concommand.lua:54


L 12/28/2020 - 07:02:03: Lua Error: 
[Screengrab] lua/autorun/sh_screengrab_v2.lua:134: Player is NULL(!?)
  1. Start - [C]:-1
   2. func - lua/autorun/sh_screengrab_v2.lua:134
    3. unknown - lua/includes/extensions/net.lua:32


L 12/28/2020 - 07:02:03: Lua Error: 
[Screengrab] umsg.Start: Starting new message without ending the old one!

  1. func - lua/autorun/sh_screengrab_v2.lua:134
   2. unknown - lua/includes/extensions/net.lua:32


L 12/28/2020 - 07:02:03: Lua Error: 
[Screengrab] lua/autorun/sh_screengrab_v2.lua:134: Player is NULL(!?)
  1. Start - [C]:-1
   2. func - lua/autorun/sh_screengrab_v2.lua:134
    3. unknown - lua/includes/extensions/net.lua:32


L 12/28/2020 - 07:02:03: Lua Error: 
[Screengrab] umsg.Start: Starting new message without ending the old one!

  1. func - lua/autorun/sh_screengrab_v2.lua:134
   2. unknown - lua/includes/extensions/net.lua:32


L 12/28/2020 - 07:02:03: Lua Error: 
[Screengrab] lua/autorun/sh_screengrab_v2.lua:134: Player is NULL(!?)
  1. Start - [C]:-1
   2. func - lua/autorun/sh_screengrab_v2.lua:134
    3. unknown - lua/includes/extensions/net.lua:32


L 12/28/2020 - 07:02:03: Lua Error: 
[Screengrab] umsg.Start: Starting new message without ending the old one!

  1. func - lua/autorun/sh_screengrab_v2.lua:134
   2. unknown - lua/includes/extensions/net.lua:32


L 12/28/2020 - 07:02:03: Lua Error: 
[Screengrab] lua/autorun/sh_screengrab_v2.lua:134: Player is NULL(!?)
  1. Start - [C]:-1
   2. func - lua/autorun/sh_screengrab_v2.lua:134
    3. unknown - lua/includes/extensions/net.lua:32


L 12/28/2020 - 07:02:03: Lua Error: 
[Screengrab] umsg.Start: Starting new message without ending the old one!

  1. func - lua/autorun/sh_screengrab_v2.lua:134
   2. unknown - lua/includes/extensions/net.lua:32


L 12/28/2020 - 07:02:03: Lua Error: 
[Screengrab] lua/autorun/sh_screengrab_v2.lua:134: Player is NULL(!?)
  1. Start - [C]:-1
   2. func - lua/autorun/sh_screengrab_v2.lua:134
    3. unknown - lua/includes/extensions/net.lua:32


L 12/28/2020 - 07:02:03: Lua Error: 
[Screengrab] umsg.Start: Starting new message without ending the old one!

  1. func - lua/autorun/sh_screengrab_v2.lua:134
   2. unknown - lua/includes/extensions/net.lua:32


L 12/28/2020 - 07:02:03: Lua Error: 
[Screengrab] lua/autorun/sh_screengrab_v2.lua:134: Player is NULL(!?)
  1. Start - [C]:-1
   2. func - lua/autorun/sh_screengrab_v2.lua:134
    3. unknown - lua/includes/extensions/net.lua:32


L 12/28/2020 - 07:02:03: Lua Error: 
[Screengrab] umsg.Start: Starting new message without ending the old one!

  1. func - lua/autorun/sh_screengrab_v2.lua:134
   2. unknown - lua/includes/extensions/net.lua:32


L 12/28/2020 - 07:02:03: Lua Error: 
[Screengrab] lua/autorun/sh_screengrab_v2.lua:134: Player is NULL(!?)
  1. Start - [C]:-1
   2. func - lua/autorun/sh_screengrab_v2.lua:134
    3. unknown - lua/includes/extensions/net.lua:32


L 12/28/2020 - 07:02:03: Lua Error: 
[Screengrab] umsg.Start: Starting new message without ending the old one!

  1. func - lua/autorun/sh_screengrab_v2.lua:134
   2. unknown - lua/includes/extensions/net.lua:32


L 12/28/2020 - 07:02:03: Lua Error: 
[Screengrab] lua/autorun/sh_screengrab_v2.lua:134: Player is NULL(!?)
  1. Start - [C]:-1
   2. func - lua/autorun/sh_screengrab_v2.lua:134
    3. unknown - lua/includes/extensions/net.lua:32


L 12/28/2020 - 07:02:03: Lua Error: 
[Screengrab] umsg.Start: Starting new message without ending the old one!

  1. func - lua/autorun/sh_screengrab_v2.lua:134
   2. unknown - lua/includes/extensions/net.lua:32


L 12/28/2020 - 07:02:03: Lua Error: 
[Screengrab] lua/autorun/sh_screengrab_v2.lua:134: Player is NULL(!?)
  1. Start - [C]:-1
   2. func - lua/autorun/sh_screengrab_v2.lua:134
    3. unknown - lua/includes/extensions/net.lua:32


L 12/28/2020 - 07:02:03: Lua Error: 
[Screengrab] umsg.Start: Starting new message without ending the old one!

  1. func - lua/autorun/sh_screengrab_v2.lua:134
   2. unknown - lua/includes/extensions/net.lua:32


L 12/28/2020 - 07:02:03: Lua Error: 
[Screengrab] lua/autorun/sh_screengrab_v2.lua:134: Player is NULL(!?)
  1. Start - [C]:-1
   2. func - lua/autorun/sh_screengrab_v2.lua:134
    3. unknown - lua/includes/extensions/net.lua:32


L 12/28/2020 - 07:02:03: Lua Error: 
[Screengrab] umsg.Start: Starting new message without ending the old one!

  1. func - lua/autorun/sh_screengrab_v2.lua:134
   2. unknown - lua/includes/extensions/net.lua:32


L 12/28/2020 - 07:02:03: Lua Error: 
[Screengrab] lua/autorun/sh_screengrab_v2.lua:134: Player is NULL(!?)
  1. Start - [C]:-1
   2. func - lua/autorun/sh_screengrab_v2.lua:134
    3. unknown - lua/includes/extensions/net.lua:32


L 12/28/2020 - 07:02:03: Lua Error: 
[Screengrab] umsg.Start: Starting new message without ending the old one!

  1. func - lua/autorun/sh_screengrab_v2.lua:134
   2. unknown - lua/includes/extensions/net.lua:32


L 12/28/2020 - 07:02:03: Lua Error: 
[Sc