L 12/27/2020 - 05:39:01: Log file started (file "logs\L1227006.log") (game "C:\Users\Administrator\Desktop\FTP\Garry's Mod\steamapps\common\GarrysModDS\garrysmod") (version "7891")
L 12/27/2020 - 05:39:01: server_cvar: "sbox_noclip" "0"
L 12/27/2020 - 05:39:01: server_cvar: "sbox_maxprops" "150"
L 12/27/2020 - 05:39:01: server_cvar: "sbox_maxragdolls" "0"
L 12/27/2020 - 05:39:01: server_cvar: "sbox_maxnpcs" "0"
L 12/27/2020 - 05:39:01: server_cvar: "sbox_maxballoons" "0"
L 12/27/2020 - 05:39:01: server_cvar: "sbox_maxeffects" "0"
L 12/27/2020 - 05:39:01: server_cvar: "sbox_maxdynamite" "0"
L 12/27/2020 - 05:39:01: server_cvar: "sbox_maxthrusters" "0"
L 12/27/2020 - 05:39:01: server_cvar: "sbox_maxwheels" "0"
L 12/27/2020 - 05:39:01: server_cvar: "sbox_maxhoverballs" "0"
L 12/27/2020 - 05:39:01: server_cvar: "sbox_maxvehicles" "0"
L 12/27/2020 - 05:39:01: server_cvar: "sbox_maxbuttons" "10"
L 12/27/2020 - 05:39:01: server_cvar: "sbox_maxemitters" "0"
L 12/27/2020 - 05:39:01: server_cvar: "sv_airaccelerate" "1000"
L 12/27/2020 - 05:39:02: Connection to Steam servers successful.
L 12/27/2020 - 05:39:02:    Public IP is 134.255.252.243.
L 12/27/2020 - 05:39:02: Assigned anonymous gameserver Steam ID [A-1:1565208581(16176)].
L 12/27/2020 - 05:39:02: VAC secure mode is activated.
L 12/27/2020 - 05:39:45: "Al Shebab<2><STEAM_0:0:103364981><>" connected, address "60.242.220.28:27005"
L 12/27/2020 - 05:39:46: "Al Shebab<2><STEAM_0:0:103364981><>" STEAM USERID validated
L 12/27/2020 - 05:39:47: AWarn: Message Table Exists
L 12/27/2020 - 05:39:47: AWarn: Player Data Table Exists
L 12/27/2020 - 05:39:47: AWarn: Offline Player Data Table Exists
L 12/27/2020 - 05:39:52: AWarn: Your server info has been updated to the online statistics tracking
L 12/27/2020 - 05:39:57: "brexit<3><STEAM_0:1:121087763><>" connected, address "45.133.4.104:27005"
L 12/27/2020 - 05:39:57: "brexit<3><STEAM_0:1:121087763><>" STEAM USERID validated
L 12/27/2020 - 05:40:18: "Al Shebab<2><STEAM_0:0:103364981><>" entered the game
L 12/27/2020 - 05:40:18: "brexit<3><STEAM_0:1:121087763><>" entered the game
L 12/27/2020 - 05:40:47: Lua Error: 
[Screengrab] lua/autorun/sh_screengrab_v2.lua:134: Player is NULL(!?)
  1. Start - [C]:-1
   2. func - lua/autorun/sh_screengrab_v2.lua:134
    3. unknown - lua/includes/extensions/net.lua:32


L 12/27/2020 - 05:40:56: Lua Error: 
[Screengrab] umsg.Start: Starting new message without ending the old one!

  1. func - lua/autorun/sh_screengrab_v2.lua:134
   2. unknown - lua/includes/extensions/net.lua:32


L 12/27/2020 - 05:40:56: Lua Error: 
[Screengrab] lua/autorun/sh_screengrab_v2.lua:134: Player is NULL(!?)
  1. Start - [C]:-1
   2. func - lua/autorun/sh_screengrab_v2.lua:134
    3. unknown - lua/includes/extensions/net.lua:32


L 12/27/2020 - 05:40:56: Lua Error: 
[Screengrab] umsg.Start: Starting new message without ending the old one!

  1. func - lua/autorun/sh_screengrab_v2.lua:134
   2. unknown - lua/includes/extensions/net.lua:32


L 12/27/2020 - 05:40:56: Lua Error: 
[Screengrab] lua/autorun/sh_screengrab_v2.lua:134: Player is NULL(!?)
  1. Start - [C]:-1
   2. func - lua/autorun/sh_screengrab_v2.lua:134
    3. unknown - lua/includes/extensions/net.lua:32


L 12/27/2020 - 05:40:56: Lua Error: 
[Screengrab] umsg.Start: Starting new message without ending the old one!

  1. func - lua/autorun/sh_screengrab_v2.lua:134
   2. unknown - lua/includes/extensions/net.lua:32


L 12/27/2020 - 05:40:56: Lua Error: 
[Screengrab] lua/autorun/sh_screengrab_v2.lua:134: Player is NULL(!?)
  1. Start - [C]:-1
   2. func - lua/autorun/sh_screengrab_v2.lua:134
    3. unknown - lua/includes/extensions/net.lua:32


L 12/27/2020 - 05:40:56: Lua Error: 
[Screengrab] umsg.Start: Starting new message without ending the old one!

  1. func - lua/autorun/sh_screengrab_v2.lua:134
   2. unknown - lua/includes/extensions/net.lua:32


L 12/27/2020 - 05:40:56: Lua Error: 
[Screengrab] lua/autorun/sh_screengrab_v2.lua:134: Player is NULL(!?)
  1. Start - [C]:-1
   2. func - lua/autorun/sh_screengrab_v2.lua:134
    3. unknown - lua/includes/extensions/net.lua:32


L 12/27/2020 - 05:40:56: Lua Error: 
[Screengrab] umsg.Start: Starting new message without ending the old one!

  1. func - lua/autorun/sh_screengrab_v2.lua:134
   2. unknown - lua/includes/extensions/net.lua:32


L 12/27/2020 - 05:40:56: Lua Error: 
[Screengrab] lua/autorun/sh_screengrab_v2.lua:134: Player is NULL(!?)
  1. Start - [C]:-1
   2. func - lua/autorun/sh_screengrab_v2.lua:134
    3. unknown - lua/includes/extensions/net.lua:32


L 12/27/2020 - 05:40:56: Lua Error: 
[Screengrab] umsg.Start: Starting new message without ending the old one!

  1. func - lua/autorun/sh_screengrab_v2.lua:134
   2. unknown - lua/includes/extensions/net.lua:32


L 12/27/2020 - 05:40:56: Lua Error: 
[Screengrab] lua/autorun/sh_screengrab_v2.lua:134: Player is NULL(!?)
  1. Start - [C]:-1
   2. func - lua/autorun/sh_screengrab_v2.lua:134
    3. unknown - lua/includes/extensions/net.lua:32


L 12/27/2020 - 05:40:56: Lua Error: 
[Screengrab] umsg.Start: Starting new message without ending the old one!

  1. func - lua/autorun/sh_screengrab_v2.lua:134
   2. unknown - lua/includes/extensions/net.lua:32


L 12/27/2020 - 05:40:56: Lua Error: 
[Screengrab] lua/autorun/sh_screengrab_v2.lua:134: Player is NULL(!?)
  1. Start - [C]:-1
   2. func - lua/autorun/sh_screengrab_v2.lua:134
    3. unknown - lua/includes/extensions/net.lua:32


L 12/27/2020 - 05:40:56: Lua Error: 
[Screengrab] umsg.Start: Starting new message without ending the old one!

  1. func - lua/autorun/sh_screengrab_v2.lua:134
   2. unknown - lua/includes/extensions/net.lua:32


L 12/27/2020 - 05:40:56: Lua Error: 
[Screengrab] lua/autorun/sh_screengrab_v2.lua:134: Player is NULL(!?)
  1. Start - [C]:-1
   2. func - lua/autorun/sh_screengrab_v2.lua:134
    3. unknown - lua/includes/extensions/net.lua:32


L 12/27/2020 - 05:40:56: Lua Error: 
[Screengrab] umsg.Start: Starting new message without ending the old one!

  1. func - lua/autorun/sh_screengrab_v2.lua:134
   2. unknown - lua/includes/extensions/net.lua:32


L 12/27/2020 - 05:40:56: Lua Error: 
[Screengrab] lua/autorun/sh_screengrab_v2.lua:134: Player is NULL(!?)
  1. Start - [C]:-1
   2. func - lua/autorun/sh_screengrab_v2.lua:134
    3. unknown - lua/includes/extensions/net.lua:32


L 12/27/2020 - 05:40:56: Lua Error: 
[Screengrab] umsg.Start: Starting new message without ending the old one!

  1. func - lua/autorun/sh_screengrab_v2.lua:134
   2. unknown - lua/includes/extensions/net.lua:32


L 12/27/2020 - 05:40:56: Lua Error: 
[Screengrab] lua/autorun/sh_screengrab_v2.lua:134: Player is NULL(!?)
  1. Start - [C]:-1
   2. func - lua/autorun/sh_screengrab_v2.lua:134
    3. unknown - lua/includes/extensions/net.lua:32


L 12/27/2020 - 05:40:56: Lua Error: 
[Screengrab] umsg.Start: Starting new message without ending the old one!

  1. func - lua/autorun/sh_screengrab_v2.lua:134
   2. unknown - lua/includes/extensions/net.lua:32


L 12/27/2020 - 05:40:56: Lua Error: 
[Screengrab] lua/autorun/sh_screengrab_v2.lua:134: Player is NULL(!?)
  1. Start - [C]:-1
   2. func - lua/autorun/sh_screengrab_v2.lua:134
    3. unknown - lua/includes/extensions/net.lua:32


L 12/27/2020 - 05:41:02: Lua Error: 
[Screengrab] umsg.Start: Starting new message without ending the old one!

  1. func - lua/autorun/sh_screengrab_v2.lua:134
   2. unknown - lua/includes/extensions/net.lua:32


L 12/27/2020 - 05:41:02: Lua Error: 
[Screengrab] lua/autorun/sh_screengrab_v2.lua:134: Player is NULL(!?)
  1. Start - [C]:-1
   2. func - lua/autorun/sh_screengrab_v2.lua:134
    3. unknown - lua/includes/extensions/net.lua:32


L 12/27/2020 - 05:41:02: Lua Error: 
[Screengrab] umsg.Start: Starting new message without ending the old one!

  1. func - lua/autorun/sh_screengrab_v2.lua:134
   2. unknown - lua/includes/extensions/net.lua:32


L 12/27/2020 - 05:41:02: Lua Error: 
[Screengrab] lua/autorun/sh_screengrab_v2.lua:134: Player is NULL(!?)
  1. Start - [C]:-1
   2. func - lua/autorun/sh_screengrab_v2.lua:134
    3. unknown - lua/includes/extensions/net.lua:32


L 12/27/2020 - 05:41:14: Lua Error: 
[Screengrab] umsg.Start: Starting new message without ending the old one!

  1. func - lua/autorun/sh_screengrab_v2.lua:134
   2. unknown - lua/includes/extensions/net.lua:32


L 12/27/2020 - 05:41:14: Lua Error: 
[Screengrab] lua/autorun/sh_screengrab_v2.lua:134: Player is NULL(!?)
  1. Start - [C]:-1
   2. func - lua/autorun/sh_screengrab_v2.lua:134
    3. unknown - lua/includes/extensions/net.lua:32


L 12/27/2020 - 05:41:14: Lua Error: 
[Screengrab] umsg.Start: Starting new message without ending the old one!

  1. func - lua/autorun/sh_screengrab_v2.lua:134
   2. unknown - lua/includes/extensions/net.lua:32


L 12/27/2020 - 05:41:14: Lua Error: 
[Screengrab] lua/autorun/sh_screengrab_v2.lua:134: Player is NULL(!?)
  1. Start - [C]:-1
   2. func - lua/autorun/sh_screengrab_v2.lua:134
    3. unknown - lua/includes/extensions/net.lua:32


L 12/27/2020 - 05:41:14: Lua Error: 
[Screengrab] umsg.Start: Starting new message without ending the old one!

  1. func - lua/autorun/sh_screengrab_v2.lua:134
   2. unknown - lua/includes/extensions/net.lua:32


L 12/27/2020 - 05:41:14: Lua Error: 
[Screengrab] lua/autorun/sh_screengrab_v2.lua:134: Player is NULL(!?)
  1. Start - [C]:-1
   2. func - lua/autorun/sh_screengrab_v2.lua:134
    3. unknown - lua/includes/extensions/net.lua:32


L 12/27/2020 - 05:41:14: Lua Error: 
[Screengrab] umsg.Start: Starting new message without ending the old one!

  1. func - lua/autorun/sh_screengrab_v2.lua:134
   2. unknown - lua/includes/extensions/net.lua:32


L 12/27/2020 - 05:41:14: Lua Error: 
[Screengrab] lua/autorun/sh_screengrab_v2.lua:134: Player is NULL(!?)
  1. Start - [C]:-1
   2. func - lua/autorun/sh_screengrab_v2.lua:134
    3. unknown - lua/includes/extensions/net.lua:32


L 12/27/2020 - 05:41:14: Lua Error: 
[Screengrab] umsg.Start: Starting new message without ending the old one!

  1. func - lua/autorun/sh_screengrab_v2.lua:134
   2. unknown - lua/includes/extensions/net.lua:32


L 12/27/2020 - 05:41:14: Lua Error: 
[Screengrab] lua/autorun/sh_screengrab_v2.lua:134: Player is NULL(!?)
  1. Start - [C]:-1
   2. func - lua/autorun/sh_screengrab_v2.lua:134
    3. unknown - lua/includes/extensions/net.lua:32


L 12/27/2020 - 05:41:14: Lua Error: 
[Screengrab] umsg.Start: Starting new message without ending the old one!

  1. func - lua/autorun/sh_screengrab_v2.lua:134
   2. unknown - lua/includes/extensions/net.lua:32


L 12/27/2020 - 05:41:14: Lua Error: 
[Screengrab] lua/autorun/sh_screengrab_v2.lua:134: Player is NULL(!?)
  1. Start - [C]:-1
   2. func - lua/autorun/sh_screengrab_v2.lua:134
    3. unknown - lua/includes/extensions/net.lua:32


L 12/27/2020 - 05:41:14: Lua Error: 
[Screengrab] umsg.Start: Starting new message without ending the old one!

  1. func - lua/autorun/sh_screengrab_v2.lua:134
   2. unknown - lua/includes/extensions/net.lua:32


L 12/27/2020 - 05:41:14: Lua Error: 
[Screengrab] lua/autorun/sh_screengrab_v2.lua:134: Player is NULL(!?)
  1. Start - [C]:-1
   2. func - lua/autorun/sh_screengrab_v2.lua:134
    3. unknown - lua/includes/extensions/net.lua:32


L 12/27/2020 - 05:41:14: Lua Error: 
[Screengrab] umsg.Start: Starting new message without ending the old one!

  1. func - lua/autorun/sh_screengrab_v2.lua:134
   2. unknown - lua/includes/extensions/net.lua:32


L 12/27/2020 - 05:41:14: Lua Error: 
[Screengrab] lua/autorun/sh_screengrab_v2.lua:134: Player is NULL(!?)
  1. Start - [C]:-1
   2. func - lua/autorun/sh_screengrab_v2.lua:134
    3. unknown - lua/includes/extensions/net.lua:32


L 12/27/2020 - 05:41:14: Lua Error: 
[Screengrab] umsg.Start: Starting new message without ending the old one!

  1. func - lua/autorun/sh_screengrab_v2.lua:134
   2. unknown - lua/includes/extensions/net.lua:32


L 12/27/2020 - 05:41:14: Lua Error: 
[Screengrab] lua/autorun/sh_screengrab_v2.lua:134: Player is NULL(!?)
  1. Start - [C]:-1
   2. func - lua/autorun/sh_screengrab_v2.lua:134
    3. unknown - lua/includes/extensions/net.lua:32


L 12/27/2020 - 05:41:14: Lua Error: 
[Screengrab] umsg.Start: Starting new message without ending the old one!

  1. func - lua/autorun/sh_screengrab_v2.lua:134
   2. unknown - lua/includes/extensions/net.lua:32


L 12/27/2020 - 05:41:14: Lua Error: 
[Screengrab] lua/autorun/sh_screengrab_v2.lua:134: Player is NULL(!?)
  1. Start - [C]:-1
   2. func - lua/autorun/sh_screengrab_v2.lua:134
    3. unknown - lua/includes/extensions/net.lua:32


L 12/27/2020 - 05:41:14: Lua Error: 
[Screengrab] umsg.Start: Starting new message without ending the old one!

  1. func - lua/autorun/sh_screengrab_v2.lua:134
   2. unknown - lua/includes/extensions/net.lua:32


L 12/27/2020 - 05:41:14: Lua Error: 
[Screengrab] lua/autorun/sh_screengrab_v2.lua:134: Player is NULL(!?)
  1. Start - [C]:-1
   2. func - lua/autorun/sh_screengrab_v2.lua:134
    3. unknown - lua/includes/extensions/net.lua:32


L 12/27/2020 - 05:41:14: Lua Error: 
[Screengrab] umsg.Start: Starting new message without ending the old one!

  1. func - lua/autorun/sh_screengrab_v2.lua:134
   2. unknown - lua/includes/extensions/net.lua:32


L 12/27/2020 - 05:41:14: Lua Error: 
[Screengrab] lua/autorun/sh_screengrab_v2.lua:134: Player is NULL(!?)
  1. Start - [C]:-1
   2. func - lua/autorun/sh_screengrab_v2.lua:134
    3. unknown - lua/includes/extensions/net.lua:32


L 12/27/2020 - 05:41:14: Lua Error: 
[Screengrab] umsg.Start: Starting new message without ending the old one!

  1. func - lua/autorun/sh_screengrab_v2.lua:134
   2. unknown - lua/includes/extensions/net.lua:32


L 12/27/2020 - 05:41:14: Lua Error: 
[Screengrab] lua/autorun/sh_screengrab_v2.lua:134: Player is NULL(!?)
  1. Start - [C]:-1
   2. func - lua/autorun/sh_screengrab_v2.lua:134
    3. unknown - lua/includes/extensions/net.lua:32


L 12/27/2020 - 05:41:15: Lua Error: 
[Screengrab] umsg.Start: Starting new message without ending the old one!

  1. func - lua/autorun/sh_screengrab_v2.lua:134
   2. unknown - lua/includes/extensions/net.lua:32


L 12/27/2020 - 05:41:15: Lua Error: 
[Screengrab] lua/autorun/sh_screengrab_v2.lua:134: Player is NULL(!?)
  1. Start - [C]:-1
   2. func - lua/autorun/sh_screengrab_v2.lua:134
    3. unknown - lua/includes/extensions/net.lua:32


L 12/27/2020 - 05:41:15: Lua Error: 
[Screengrab] umsg.Start: Starting new message without ending the old one!

  1. func - lua/autorun/sh_screengrab_v2.lua:134
   2. unknown - lua/includes/extensions/net.lua:32


L 12/27/2020 - 05:41:15: Lua Error: 
[Screengrab] lua/autorun/sh_screengrab_v2.lua:134: Player is NULL(!?)
  1. Start - [C]:-1
   2. func - lua/autorun/sh_screengrab_v2.lua:134
    3. unknown - lua/includes/extensions/net.lua:32


L 12/27/2020 - 05:41:15: Lua Error: 
[Screengrab] umsg.Start: Starting new message without ending the old one!

  1. func - lua/autorun/sh_screengrab_v2.lua:134
   2. unknown - lua/includes/extensions/net.lua:32


L 12/27/2020 - 05:41:15: Lua Error: 
[Screengrab] lua/autorun/sh_screengrab_v2.lua:134: Player is NULL(!?)
  1. Start - [C]:-1
   2. func - lua/autorun/sh_screengrab_v2.lua:134
    3. unknown - lua/includes/extensions/net.lua:32


L 12/27/2020 - 05:41:15: Lua Error: 
[Screengrab] umsg.Start: Starting new message without ending the old one!

  1. func - lua/autorun/sh_screengrab_v2.lua:134
   2. unknown - lua/includes/extensions/net.lua:32


L 12/27/2020 - 05:41:15: Lua Error: 
[Screengrab] lua/autorun/sh_screengrab_v2.lua:134: Player is NULL(!?)
  1. Start - [C]:-1
   2. func - lua/autorun/sh_screengrab_v2.lua:134
    3. unknown - lua/includes/extensions/net.lua:32


L 12/27/2020 - 05:41:15: Lua Error: 
[Screengrab] umsg.Start: Starting new message without ending the old one!

  1. func - lua/autorun/sh_screengrab_v2.lua:134
   2. unknown - lua/includes/extensions/net.lua:32


L 12/27/2020 - 05:41:15: Lua Error: 
[Screengrab] lua/autorun/sh_screengrab_v2.lua:134: Player is NULL(!?)
  1. Start - [C]:-1
   2. func - lua/autorun/sh_screengrab_v2.lua:134
    3. unknown - lua/includes/extensions/net.lua:32


L 12/27/2020 - 05:41:15: Lua Error: 
[Screengrab] umsg.Start: Starting new message without ending the old one!

  1. func - lua/autorun/sh_screengrab_v2.lua:134
   2. unknown - lua/includes/extensions/net.lua:32


L 12/27/2020 - 05:41:15: Lua Error: 
[Screengrab] lua/autorun/sh_screengrab_v2.lua:134: Player is NULL(!?)
  1. Start - [C]:-1
   2. func - lua/autorun/sh_screengrab_v2.lua:134
    3. unknown - lua/includes/extensions/net.lua:32


L 12/27/2020 - 05:41:26: Lua Error: 
[Screengrab] umsg.Start: Starting new message without ending the old one!

  1. func - lua/autorun/sh_screengrab_v2.lua:134
   2. unknown - lua/includes/extensions/net.lua:32


L 12/27/2020 - 05:41:26: Lua Error: 
[Screengrab] lua/autorun/sh_screengrab_v2.lua:134: Player is NULL(!?)
  1. Start - [C]:-1
   2. func - lua/autorun/sh_screengrab_v2.lua:134
    3. unknown - lua/includes/extensions/net.lua:32


L 12/27/2020 - 05:41:26: Lua Error: 
[Screengrab] umsg.Start: Starting new message without ending the old one!

  1. func - lua/autorun/sh_screengrab_v2.lua:134
   2. unknown - lua/includes/extensions/net.lua:32


L 12/27/2020 - 05:41:26: Lua Error: 
[Screengrab] lua/autorun/sh_screengrab_v2.lua:134: Player is NULL(!?)
  1. Start - [C]:-1
   2. func - lua/autorun/sh_screengrab_v2.lua:134
    3. unknown - lua/includes/extensions/net.lua:32


L 12/27/2020 - 05:41:26: Lua Error: 
[Screengrab] umsg.Start: Starting new message without ending the old one!

  1. func - lua/autorun/sh_screengrab_v2.lua:134
   2. unknown - lua/includes/extensions/net.lua:32


L 12/27/2020 - 05:41:26: Lua Error: 
[Screengrab] lua/autorun/sh_screengrab_v2.lua:134: Player is NULL(!?)
  1. Start - [C]:-1
   2. func - lua/autorun/sh_screengrab_v2.lua:134
    3. unknown - lua/includes/extensions/net.lua:32


L 12/27/2020 - 05:41:26: Lua Error: 
[Screengrab] umsg.Start: Starting new message without ending the old one!

  1. func - lua/autorun/sh_screengrab_v2.lua:134
   2. unknown - lua/includes/extensions/net.lua:32


L 12/27/2020 - 05:41:26: Lua Error: 
[Screengrab] lua/autorun/sh_screengrab_v2.lua:134: Player is NULL(!?)
  1. Start - [C]:-1
   2. func - lua/autorun/sh_screengrab_v2.lua:134
    3. unknown - lua/includes/extensions/net.lua:32


L 12/27/2020 - 05:41:26: Lua Error: 
[Screengrab] umsg.Start: Starting new message without ending the old one!

  1. func - lua/autorun/sh_screengrab_v2.lua:134
   2. unknown - lua/includes/extensions/net.lua:32


L 12/27/2020 - 05:41:26: Lua Error: 
[Screengrab] lua/autorun/sh_screengrab_v2.lua:134: Player is NULL(!?)
  1. Start - [C]:-1
   2. func - lua/autorun/sh_screengrab_v2.lua:134
    3. unknown - lua/includes/extensions/net.lua:32


L 12/27/2020 - 05:41:26: Lua Error: 
[Screengrab] umsg.Start: Starting new message without ending the old one!

  1. func - lua/autorun/sh_screengrab_v2.lua:134
   2. unknown - lua/includes/extensions/net.lua:32


L 12/27/2020 - 05:41:26: Lua Error: 
[Screengrab] lua/autorun/sh_screengrab_v2.lua:134: Player is NULL(!?)
  1. Start - [C]:-1
   2. func - lua/autorun/sh_screengrab_v2.lua:134
    3. unknown - lua/includes/extensions/net.lua:32


L 12/27/2020 - 05:41:26: Lua Error: 
[Screengrab] umsg.Start: Starting new message without ending the old one!

  1. func - lua/autorun/sh_screengrab_v2.lua:134
   2. unknown - lua/includes/extensions/net.lua:32


L 12/27/2020 - 05:41:26: Lua Error: 
[Screengrab] lua/autorun/sh_screengrab_v2.lua:134: Player is NULL(!?)
  1. Start - [C]:-1
   2. func - lua/autorun/sh_screengrab_v2.lua:134
    3. unknown - lua/includes/extensions/net.lua:32


L 12/27/2020 - 05:41:26: Lua Error: 
[Screengrab] umsg.Start: Starting new message without ending the old one!

  1. func - lua/autorun/sh_screengrab_v2.lua:134
   2. unknown - lua/includes/extensions/net.lua:32


L 12/27/2020 - 05:41:26: Lua Error: 
[Screengrab] lua/autorun/sh_screengrab_v2.lua:134: Player is NULL(!?)
  1. Start - [C]:-1
   2. func - lua/autorun/sh_screengrab_v2.lua:134
    3. unknown - lua/includes/extensions/net.lua:32


L 12/27/2020 - 05:41:26: Lua Error: 
[Screengrab] umsg.Start: Starting new message without ending the old one!

  1. func - lua/autorun/sh_screengrab_v2.lua:134
   2. unknown - lua/includes/extensions/net.lua:32


L 12/27/2020 - 05:41:26: Lua Error: 
[Screengrab] lua/autorun/sh_screengrab_v2.lua:134: Player is NULL(!?)
  1. Start - [C]:-1
   2. func - lua/autorun/sh_screengrab_v2.lua:134
    3. unknown - lua/includes/extensions/net.lua:32


L 12/27/2020 - 05:41:26: Lua Error: 
[Screengrab] umsg.Start: Starting new message without ending the old one!

  1. func - lua/autorun/sh_screengrab_v2.lua:134
   2. unknown - lua/includes/extensions/net.lua:32


L 12/27/2020 - 05:41:26: Lua Error: 
[Screengrab] lua/autorun/sh_screengrab_v2.lua:134: Player is NULL(!?)
  1. Start - [C]:-1
   2. func - lua/autorun/sh_screengrab_v2.lua:134
    3. unknown - lua/includes/extensions/net.lua:32


L 12/27/2020 - 05:41:26: Lua Error: 
[Screengrab] umsg.Start: Starting new message without ending the old one!

  1. func - lua/autorun/sh_screengrab_v2.lua:134
   2. unknown - lua/includes/extensions/net.lua:32


L 12/27/2020 - 05:41:26: Lua Error: 
[Screengrab] lua/autorun/sh_screengrab_v2.lua:134: Player is NULL(!?)
  1. Start - [C]:-1
   2. func - lua/autorun/sh_screengrab_v2.lua:134
    3. unknown - lua/includes/extensions/net.lua:32


L 12/27/2020 - 05:41:26: Lua Error: 
[Screengrab] umsg.Start: Starting new message without ending the old one!

  1. func - lua/autorun/sh_screengrab_v2.lua:134
   2. unknown - lua/includes/extensions/net.lua:32


L 12/27/2020 - 05:41:26: Lua Error: 
[Screengrab] lua/autorun/sh_screengrab_v2.lua:134: Player is NULL(!?)
  1. Start - [C]:-1
   2. func - lua/autorun/sh_screengrab_v2.lua:134
    3. unknown - lua/includes/extensions/net.lua:32


L 12/27/2020 - 05:41:27: Lua Error: 
[Screengrab] lua/autorun/sh_screengrab_v2.lua:101: attempt to index field 'data' (a nil value)
  1. unknown - lua/autorun/sh_screengrab_v2.lua:101


L 12/27/2020 - 05:41:54: Lua Error: 
[Screengrab] Warning! A net message (SendPartBack) is already started! Discarding in favor of the new message! (StartScreengrab)

  1. func - lua/autorun/sh_screengrab_v2.lua:58
   2. unknown - lua/includes/extensions/net.lua:32


L 12/27/2020 - 05:41:56: Lua Error: 
[Screengrab] umsg.Start: Starting new message without ending the old one!

  1. func - lua/autorun/sh_screengrab_v2.lua:134
   2. unknown - lua/includes/extensions/net.lua:32


L 12/27/2020 - 05:41:56: Lua Error: 
[Screengrab] lua/autorun/sh_screengrab_v2.lua:134: Player is NULL(!?)
  1. Start - [C]:-1
   2. func - lua/autorun/sh_screengrab_v2.lua:134
    3. unknown - lua/includes/extensions/net.lua:32


L 12/27/2020 - 05:42:06: Lua Error: 
[Screengrab] umsg.Start: Starting new message without ending the old one!

  1. func - lua/autorun/sh_screengrab_v2.lua:134
   2. unknown - lua/includes/extensions/net.lua:32


L 12/27/2020 - 05:42:06: Lua Error: 
[Screengrab] lua/autorun/sh_screengrab_v2.lua:134: Player is NULL(!?)
  1. Start - [C]:-1
   2. func - lua/autorun/sh_screengrab_v2.lua:134
    3. unknown - lua/includes/extensions/net.lua:32


L 12/27/2020 - 05:42:06: Lua Error: 
[Screengrab] umsg.Start: Starting new message without ending the old one!

  1. func - lua/autorun/sh_screengrab_v2.lua:134
   2. unknown - lua/includes/extensions/net.lua:32


L 12/27/2020 - 05:42:06: Lua Error: 
[Screengrab] lua/autorun/sh_screengrab_v2.lua:134: Player is NULL(!?)
  1. Start - [C]:-1
   2. func - lua/autorun/sh_screengrab_v2.lua:134
    3. unknown - lua/includes/extensions/net.lua:32


L 12/27/2020 - 05:42:06: Lua Error: 
[Screengrab] umsg.Start: Starting new message without ending the old one!

  1. func - lua/autorun/sh_screengrab_v2.lua:134
   2. unknown - lua/includes/extensions/net.lua:32


L 12/27/2020 - 05:42:06: Lua Error: 
[Screengrab] lua/autorun/sh_screengrab_v2.lua:134: Player is NULL(!?)
  1. Start - [C]:-1
   2. func - lua/autorun/sh_screengrab_v2.lua:134
    3. unknown - lua/includes/extensions/net.lua:32


L 12/27/2020 - 05:42:06: Lua Error: 
[Screengrab] umsg.Start: Starting new message without ending the old one!

  1. func - lua/autorun/sh_screengrab_v2.lua:134
   2. unknown - lua/includes/extensions/net.lua:32


L 12/27/2020 - 05:42:06: Lua Error: 
[Screengrab] lua/autorun/sh_screengrab_v2.lua:134: Player is NULL(!?)
  1. Start - [C]:-1
   2. func - lua/autorun/sh_screengrab_v2.lua:134
    3. unknown - lua/includes/extensions/net.lua:32


L 12/27/2020 - 05:42:06: Lua Error: 
[Screengrab] umsg.Start: Starting new message without ending the old one!

  1. func - lua/autorun/sh_screengrab_v2.lua:134
   2. unknown - lua/includes/extensions/net.lua:32


L 12/27/2020 - 05:42:06: Lua Error: 
[Screengrab] lua/autorun/sh_screengrab_v2.lua:134: Player is NULL(!?)
  1. Start - [C]:-1
   2. func - lua/autorun/sh_screengrab_v2.lua:134
    3. unknown - lua/includes/extensions/net.lua:32


L 12/27/2020 - 05:42:06: Lua Error: 
[Screengrab] umsg.Start: Starting new message without ending the old one!

  1. func - lua/autorun/sh_screengrab_v2.lua:134
   2. unknown - lua/includes/extensions/net.lua:32


L 12/27/2020 - 05:42:06: Lua Error: 
[Screengrab] lua/autorun/sh_screengrab_v2.lua:134: Player is NULL(!?)
  1. Start - [C]:-1
   2. func - lua/autorun/sh_screengrab_v2.lua:134
    3. unknown - lua/includes/extensions/net.lua:32


L 12/27/2020 - 05:42:06: Lua Error: 
[Screengrab] umsg.Start: Starting new message without ending the old one!

  1. func - lua/autorun/sh_screengrab_v2.lua:134
   2. unknown - lua/includes/extensions/net.lua:32


L 12/27/2020 - 05:42:06: Lua Error: 
[Screengrab] lua/autorun/sh_screengrab_v2.lua:134: Player is NULL(!?)
  1. Start - [C]:-1
   2. func - lua/autorun/sh_screengrab_v2.lua:134
    3. unknown - lua/includes/extensions/net.lua:32


L 12/27/2020 - 05:42:07: Lua Error: 
[Screengrab] umsg.Start: Starting new message without ending the old one!

  1. func - lua/autorun/sh_screengrab_v2.lua:134
   2. unknown - lua/includes/extensions/net.lua:32


L 12/27/2020 - 05:42:07: Lua Error: 
[Screengrab] lua/autorun/sh_screengrab_v2.lua:134: Player is NULL(!?)
  1. Start - [C]:-1
   2. func - lua/autorun/sh_screengrab_v2.lua:134
    3. unknown - lua/includes/extensions/net.lua:32


L 12/27/2020 - 05:42:07: Lua Error: 
[Screengrab] umsg.Start: Starting new message without ending the old one!

  1. func - lua/autorun/sh_screengrab_v2.lua:134
   2. unknown - lua/includes/extensions/net.lua:32


L 12/27/2020 - 05:42:07: Lua Error: 
[Screengrab] lua/autorun/sh_screengrab_v2.lua:134: Player is NULL(!?)
  1. Start - [C]:-1
   2. func - lua/autorun/sh_screengrab_v2.lua:134
    3. unknown - lua/includes/extensions/net.lua:32


L 12/27/2020 - 05:42:07: Lua Error: 
[Screengrab] umsg.Start: Starting new message without ending the old one!

  1. func - lua/autorun/sh_screengrab_v2.lua:134
   2. unknown - lua/includes/extensions/net.lua:32


L 12/27/2020 - 05:42:07: Lua Error: 
[Screengrab] lua/autorun/sh_screengrab_v2.lua:134: Player is NULL(!?)
  1. Start - [C]:-1
   2. func - lua/autorun/sh_screengrab_v2.lua:134
    3. unknown - lua/includes/extensions/net.lua:32


L 12/27/2020 - 05:42:07: Lua Error: 
[Screengrab] umsg.Start: Starting new message without ending the old one!

  1. func - lua/autorun/sh_screengrab_v2.lua:134
   2. unknown - lua/includes/extensions/net.lua:32


L 12/27/2020 - 05:42:07: Lua Error: 
[Screengrab] lua/autorun/sh_screengrab_v2.lua:134: Player is NULL(!?)
  1. Start - [C]:-1
   2. func - lua/autorun/sh_screengrab_v2.lua:134
    3. unknown - lua/includes/extensions/net.lua:32


L 12/27/2020 - 05:42:07: Lua Error: 
[Screengrab] umsg.Start: Starting new message without ending the old one!

  1. func - lua/autorun/sh_screengrab_v2.lua:134
   2. unknown - lua/includes/extensions/net.lua:32


L 12/27/2020 - 05:42:07: Lua Error: 
[Screengrab] lua/autorun/sh_screengrab_v2.lua:134: Player is NULL(!?)
  1. Start - [C]:-1
   2. func - lua/autorun/sh_screengrab_v2.lua:134
    3. unknown - lua/includes/extensions/net.lua:32


L 12/27/2020 - 05:42:11: Lua Error: 
[Screengrab] umsg.Start: Starting new message without ending the old one!

  1. func - lua/autorun/sh_screengrab_v2.lua:134
   2. unknown - lua/includes/extensions/net.lua:32


L 12/27/2020 - 05:42:11: Lua Error: 
[Screengrab] lua/autorun/sh_screengrab_v2.lua:134: Player is NULL(!?)
  1. Start - [C]:-1
   2. func - lua/autorun/sh_screengrab_v2.lua:134
    3. unknown - lua/includes/extensions/net.lua:32


L 12/27/2020 - 05:42:11: Lua Error: 
[Screengrab] umsg.Start: Starting new message without ending the old one!

  1. func - lua/autorun/sh_screengrab_v2.lua:134
   2. unknown - lua/includes/extensions/net.lua:32


L 12/27/2020 - 05:42:11: Lua Error: 
[Screengrab] lua/autorun/sh_screengrab_v2.lua:134: Player is NULL(!?)
  1. Start - [C]:-1
   2. func - lua/autorun/sh_screengrab_v2.lua:134
    3. unknown - lua/includes/extensions/net.lua:32


L 12/27/2020 - 05:42:11: Lua Error: 
[Screengrab] umsg.Start: Starting new message without ending the old one!

  1. func - lua/autorun/sh_screengrab_v2.lua:134
   2. unknown - lua/includes/extensions/net.lua:32


L 12/27/2020 - 05:42:11: Lua Error: 
[Screengrab] lua/autorun/sh_screengrab_v2.lua:134: Player is NULL(!?)
  1. Start - [C]:-1
   2. func - lua/autorun/sh_screengrab_v2.lua:134
    3. unknown - lua/includes/extensions/net.lua:32


L 12/27/2020 - 05:42:11: Lua Error: 
[Screengrab] umsg.Start: Starting new message without ending the old one!

  1. func - lua/autorun/sh_screengrab_v2.lua:134
   2. unknown - lua/includes/extensions/net.lua:32


L 12/27/2020 - 05:42:11: Lua Error: 
[Screengrab] lua/autorun/sh_screengrab_v2.lua:134: Player is NULL(!?)
  1. Start - [C]:-1
   2. func - lua/autorun/sh_screengrab_v2.lua:134
    3. unknown - lua/includes/extensions/net.lua:32


L 12/27/2020 - 05:42:11: Lua Error: 
[Screengrab] umsg.Start: Starting new message without ending the old one!

  1. func - lua/autorun/sh_screengrab_v2.lua:134
   2. unknown - lua/includes/extensions/net.lua:32


L 12/27/2020 - 05:42:11: Lua Error: 
[Screengrab] lua/autorun/sh_screengrab_v2.lua:134: Player is NULL(!?)
  1. Start - [C]:-1
   2. func - lua/autorun/sh_screengrab_v2.lua:134
    3. unknown - lua/includes/extensions/net.lua:32


L 12/27/2020 - 05:42:30: Lua Error: 
[Screengrab] umsg.Start: Starting new message without ending the old one!

  1. func - lua/autorun/sh_screengrab_v2.lua:134
   2. unknown - lua/includes/extensions/net.lua:32


L 12/27/2020 - 05:42:30: Lua Error: 
[Screengrab] lua/autorun/sh_screengrab_v2.lua:134: Player is NULL(!?)
  1. Start - [C]:-1
   2. func - lua/autorun/sh_screengrab_v2.lua:134
    3. unknown - lua/includes/extensions/net.lua:32


L 12/27/2020 - 05:42:30: Lua Error: 
[Screengrab] umsg.Start: Starting new message without ending the old one!

  1. func - lua/autorun/sh_screengrab_v2.lua:134
   2. unknown - lua/includes/extensions/net.lua:32


L 12/27/2020 - 05:42:30: Lua Error: 
[Screengrab] lua/autorun/sh_screengrab_v2.lua:134: Player is NULL(!?)
  1. Start - [C]:-1
   2. func - lua/autorun/sh_screengrab_v2.lua:134
    3. unknown - lua/includes/extensions/net.lua:32


L 12/27/2020 - 05:42:35: Lua Error: 
[Screengrab] umsg.Start: Starting new message without ending the old one!

  1. func - lua/autorun/sh_screengrab_v2.lua:134
   2. unknown - lua/includes/extensions/net.lua:32


L 12/27/2020 - 05:42:35: Lua Error: 
[Screengrab] lua/autorun/sh_screengrab_v2.lua:134: Player is NULL(!?)
  1. Start - [C]:-1
   2. func - lua/autorun/sh_screengrab_v2.lua:134
    3. unknown - lua/includes/extensions/net.lua:32


L 12/27/2020 - 05:42:35: Lua Error: 
[Screengrab] umsg.Start: Starting new message without ending the old one!

  1. func - lua/autorun/sh_screengrab_v2.lua:134
   2. unknown - lua/includes/extensions/net.lua:32


L 12/27/2020 - 05:42:35: Lua Error: 
[Screengrab] lua/autorun/sh_screengrab_v2.lua:134: Player is NULL(!?)
  1. Start - [C]:-1
   2. func - lua/autorun/sh_screengrab_v2.lua:134
    3. unknown - lua/includes/extensions/net.lua:32


L 12/27/2020 - 05:42:35: Lua Error: 
[Screengrab] umsg.Start: Starting new message without ending the old one!

  1. func - lua/autorun/sh_screengrab_v2.lua:134
   2. unknown - lua/includes/extensions/net.lua:32


L 12/27/2020 - 05:42:35: Lua Error: 
[Screengrab] lua/autorun/sh_screengrab_v2.lua:134: Player is NULL(!?)
  1. Start - [C]:-1
   2. func - lua/autorun/sh_screengrab_v2.lua:134
    3. unknown - lua/includes/extensions/net.lua:32


L 12/27/2020 - 05:42:35: Lua Error: 
[Screengrab] lua/autorun/sh_screengrab_v2.lua:89: attempt to index local 'sendto' (a nil value)
  1. func - lua/autorun/sh_screengr