L 12/27/2020 - 00:06:03: Log file started (file "logs\L1227000.log") (game "C:\Users\Administrator\Desktop\FTP\Garry's Mod\steamapps\common\GarrysModDS\garrysmod") (version "7891")
L 12/27/2020 - 00:06:03: server_cvar: "sbox_noclip" "0"
L 12/27/2020 - 00:06:03: server_cvar: "sbox_maxprops" "150"
L 12/27/2020 - 00:06:03: server_cvar: "sbox_maxragdolls" "0"
L 12/27/2020 - 00:06:03: server_cvar: "sbox_maxnpcs" "0"
L 12/27/2020 - 00:06:03: server_cvar: "sbox_maxballoons" "0"
L 12/27/2020 - 00:06:03: server_cvar: "sbox_maxeffects" "0"
L 12/27/2020 - 00:06:03: server_cvar: "sbox_maxdynamite" "0"
L 12/27/2020 - 00:06:03: server_cvar: "sbox_maxthrusters" "0"
L 12/27/2020 - 00:06:03: server_cvar: "sbox_maxwheels" "0"
L 12/27/2020 - 00:06:03: server_cvar: "sbox_maxhoverballs" "0"
L 12/27/2020 - 00:06:03: server_cvar: "sbox_maxvehicles" "0"
L 12/27/2020 - 00:06:03: server_cvar: "sbox_maxbuttons" "10"
L 12/27/2020 - 00:06:03: server_cvar: "sbox_maxemitters" "0"
L 12/27/2020 - 00:06:03: server_cvar: "sv_airaccelerate" "1000"
L 12/27/2020 - 00:06:04: Connection to Steam servers successful.
L 12/27/2020 - 00:06:04:    Public IP is 134.255.252.243.
L 12/27/2020 - 00:06:04: Assigned anonymous gameserver Steam ID [A-1:2621944841(16173)].
L 12/27/2020 - 00:06:04: VAC secure mode is activated.
L 12/27/2020 - 00:13:22: "Al Shebab<2><STEAM_0:0:103364981><>" connected, address "60.242.220.28:27005"
L 12/27/2020 - 00:13:22: "Al Shebab<2><STEAM_0:0:103364981><>" STEAM USERID validated
L 12/27/2020 - 00:13:22: Lua Error: 
[tdw] addons/tdw/lua/tdw/api.lua:46: attempt to index local 'profile' (a nil value)
  1. callback - addons/tdw/lua/tdw/api.lua:46
   2. onsuccess - addons/tdw/lua/tdw/api.lua:15
    3. unknown - lua/includes/modules/http.lua:29


L 12/27/2020 - 00:13:23: AWarn: Message Table Exists
L 12/27/2020 - 00:13:23: AWarn: Player Data Table Exists
L 12/27/2020 - 00:13:23: AWarn: Offline Player Data Table Exists
L 12/27/2020 - 00:13:28: AWarn: Your server info has been updated to the online statistics tracking
L 12/27/2020 - 00:13:50: "Al Shebab<2><STEAM_0:0:103364981><>" entered the game
L 12/27/2020 - 00:13:50: Lua Error: 
[tdw] addons/tdw/lua/tdw/api.lua:46: attempt to index local 'profile' (a nil value)
  1. callback - addons/tdw/lua/tdw/api.lua:46
   2. onsuccess - addons/tdw/lua/tdw/api.lua:15
    3. unknown - lua/includes/modules/http.lua:29


L 12/27/2020 - 00:14:51: [ULX] Al Shebab gave $-871965756 to Themself
L 12/27/2020 - 00:14:51: "Al Shebab<2><STEAM_0:0:103364981><Citizen>" say "!givemoney shebab 892481231812"

L 12/27/2020 - 00:15:04: "brexit<3><STEAM_0:1:121087763><>" connected, address "45.133.4.104:27005"
L 12/27/2020 - 00:15:05: "brexit<3><STEAM_0:1:121087763><>" STEAM USERID validated
L 12/27/2020 - 00:15:05: Lua Error: 
[tdw] addons/tdw/lua/tdw/api.lua:46: attempt to index local 'profile' (a nil value)
  1. callback - addons/tdw/lua/tdw/api.lua:46
   2. onsuccess - addons/tdw/lua/tdw/api.lua:15
    3. unknown - lua/includes/modules/http.lua:29


L 12/27/2020 - 00:15:11: Lua Error: 
[tdw] addons/tdw/lua/tdw/api.lua:46: attempt to index local 'profile' (a nil value)
  1. callback - addons/tdw/lua/tdw/api.lua:46
   2. onsuccess - addons/tdw/lua/tdw/api.lua:15
    3. unknown - lua/includes/modules/http.lua:29


L 12/27/2020 - 00:15:25: "brexit<3><STEAM_0:1:121087763><>" entered the game
L 12/27/2020 - 00:15:25: Lua Error: 
[tdw] addons/tdw/lua/tdw/api.lua:46: attempt to index local 'profile' (a nil value)
  1. callback - addons/tdw/lua/tdw/api.lua:46
   2. onsuccess - addons/tdw/lua/tdw/api.lua:15
    3. unknown - lua/includes/modules/http.lua:29


L 12/27/2020 - 00:15:30: Lua Error: 
[tdw] addons/tdw/lua/tdw/api.lua:46: attempt to index local 'profile' (a nil value)
  1. callback - addons/tdw/lua/tdw/api.lua:46
   2. onsuccess - addons/tdw/lua/tdw/api.lua:15
    3. unknown - lua/includes/modules/http.lua:29


L 12/27/2020 - 00:15:50: Lua Error: 
[tdw] addons/tdw/lua/tdw/api.lua:46: attempt to index local 'profile' (a nil value)
  1. callback - addons/tdw/lua/tdw/api.lua:46
   2. onsuccess - addons/tdw/lua/tdw/api.lua:15
    3. unknown - lua/includes/modules/http.lua:29


L 12/27/2020 - 00:15:58: Lua Error: 
[tdw] addons/tdw/lua/tdw/api.lua:46: attempt to index local 'profile' (a nil value)
  1. callback - addons/tdw/lua/tdw/api.lua:46
   2. onsuccess - addons/tdw/lua/tdw/api.lua:15
    3. unknown - lua/includes/modules/http.lua:29


L 12/27/2020 - 00:16:28: Lua Error: 
[tdw] addons/tdw/lua/tdw/api.lua:46: attempt to index local 'profile' (a nil value)
  1. callback - addons/tdw/lua/tdw/api.lua:46
   2. onsuccess - addons/tdw/lua/tdw/api.lua:15
    3. unknown - lua/includes/modules/http.lua:29


L 12/27/2020 - 00:16:32: Lua Error: 
[tdw] addons/tdw/lua/tdw/api.lua:46: attempt to index local 'profile' (a nil value)
  1. callback - addons/tdw/lua/tdw/api.lua:46
   2. onsuccess - addons/tdw/lua/tdw/api.lua:15
    3. unknown - lua/includes/modules/http.lua:29


L 12/27/2020 - 00:17:40: Lua Error: 
[tdw] addons/tdw/lua/tdw/api.lua:46: attempt to index local 'profile' (a nil value)
  1. callback - addons/tdw/lua/tdw/api.lua:46
   2. onsuccess - addons/tdw/lua/tdw/api.lua:15
    3. unknown - lua/includes/modules/http.lua:29


L 12/27/2020 - 00:18:27: Lua Error: 
[tdw] addons/tdw/lua/tdw/api.lua:46: attempt to index local 'profile' (a nil value)
  1. callback - addons/tdw/lua/tdw/api.lua:46
   2. onsuccess - addons/tdw/lua/tdw/api.lua:15
    3. unknown - lua/includes/modules/http.lua:29


L 12/27/2020 - 00:18:40: Lua Error: 
[tdw] addons/tdw/lua/tdw/api.lua:46: attempt to index local 'profile' (a nil value)
  1. callback - addons/tdw/lua/tdw/api.lua:46
   2. onsuccess - addons/tdw/lua/tdw/api.lua:15
    3. unknown - lua/includes/modules/http.lua:29


L 12/27/2020 - 00:18:52: Lua Error: 
[tdw] addons/tdw/lua/tdw/api.lua:46: attempt to index local 'profile' (a nil value)
  1. callback - addons/tdw/lua/tdw/api.lua:46
   2. onsuccess - addons/tdw/lua/tdw/api.lua:15
    3. unknown - lua/includes/modules/http.lua:29


L 12/27/2020 - 00:18:58: Lua Error: 
[tdw] addons/tdw/lua/tdw/api.lua:46: attempt to index local 'profile' (a nil value)
  1. callback - addons/tdw/lua/tdw/api.lua:46
   2. onsuccess - addons/tdw/lua/tdw/api.lua:15
    3. unknown - lua/includes/modules/http.lua:29


L 12/27/2020 - 00:19:10: Lua Error: 
[tdw] addons/tdw/lua/tdw/api.lua:46: attempt to index local 'profile' (a nil value)
  1. callback - addons/tdw/lua/tdw/api.lua:46
   2. onsuccess - addons/tdw/lua/tdw/api.lua:15
    3. unknown - lua/includes/modules/http.lua:29


L 12/27/2020 - 00:19:24: Lua Error: 
[tdw] addons/tdw/lua/tdw/api.lua:46: attempt to index local 'profile' (a nil value)
  1. callback - addons/tdw/lua/tdw/api.lua:46
   2. onsuccess - addons/tdw/lua/tdw/api.lua:15
    3. unknown - lua/includes/modules/http.lua:29


L 12/27/2020 - 00:19:31: Lua Error: 
[tdw] addons/tdw/lua/tdw/api.lua:46: attempt to index local 'profile' (a nil value)
  1. callback - addons/tdw/lua/tdw/api.lua:46
   2. onsuccess - addons/tdw/lua/tdw/api.lua:15
    3. unknown - lua/includes/modules/http.lua:29


L 12/27/2020 - 00:19:37: Lua Error: 
[tdw] addons/tdw/lua/tdw/api.lua:46: attempt to index local 'profile' (a nil value)
  1. callback - addons/tdw/lua/tdw/api.lua:46
   2. onsuccess - addons/tdw/lua/tdw/api.lua:15
    3. unknown - lua/includes/modules/http.lua:29


L 12/27/2020 - 00:20:37: "Al Shebab<2><STEAM_0:0:103364981><Black Market Dealer>" say "!discord"

L 12/27/2020 - 00:20:52: Lua Error: 
[tdw] addons/tdw/lua/tdw/api.lua:46: attempt to index local 'profile' (a nil value)
  1. callback - addons/tdw/lua/tdw/api.lua:46
   2. onsuccess - addons/tdw/lua/tdw/api.lua:15
    3. unknown - lua/includes/modules/http.lua:29


L 12/27/2020 - 00:21:09: Lua Error: 
[tdw] addons/tdw/lua/tdw/api.lua:46: attempt to index local 'profile' (a nil value)
  1. callback - addons/tdw/lua/tdw/api.lua:46
   2. onsuccess - addons/tdw/lua/tdw/api.lua:15
    3. unknown - lua/includes/modules/http.lua:29


L 12/27/2020 - 00:21:21: Lua Error: 
[tdw] addons/tdw/lua/tdw/api.lua:46: attempt to index local 'profile' (a nil value)
  1. callback - addons/tdw/lua/tdw/api.lua:46
   2. onsuccess - addons/tdw/lua/tdw/api.lua:15
    3. unknown - lua/includes/modules/http.lua:29


L 12/27/2020 - 00:21:51: Lua Error: 
[tdw] addons/tdw/lua/tdw/api.lua:46: attempt to index local 'profile' (a nil value)
  1. callback - addons/tdw/lua/tdw/api.lua:46
   2. onsuccess - addons/tdw/lua/tdw/api.lua:15
    3. unknown - lua/includes/modules/http.lua:29


L 12/27/2020 - 00:22:17: Lua Error: 
[tdw] addons/tdw/lua/tdw/api.lua:46: attempt to index local 'profile' (a nil value)
  1. callback - addons/tdw/lua/tdw/api.lua:46
   2. onsuccess - addons/tdw/lua/tdw/api.lua:15
    3. unknown - lua/includes/modules/http.lua:29


L 12/27/2020 - 00:22:46: Lua Error: 
[tdw] addons/tdw/lua/tdw/api.lua:46: attempt to index local 'profile' (a nil value)
  1. callback - addons/tdw/lua/tdw/api.lua:46
   2. onsuccess - addons/tdw/lua/tdw/api.lua:15
    3. unknown - lua/includes/modules/http.lua:29


L 12/27/2020 - 00:23:01: Lua Error: 
[tdw] addons/tdw/lua/tdw/api.lua:46: attempt to index local 'profile' (a nil value)
  1. callback - addons/tdw/lua/tdw/api.lua:46
   2. onsuccess - addons/tdw/lua/tdw/api.lua:15
    3. unknown - lua/includes/modules/http.lua:29


L 12/27/2020 - 00:23:05: Lua Error: 
[tdw] addons/tdw/lua/tdw/api.lua:46: attempt to index local 'profile' (a nil value)
  1. callback - addons/tdw/lua/tdw/api.lua:46
   2. onsuccess - addons/tdw/lua/tdw/api.lua:15
    3. unknown - lua/includes/modules/http.lua:29


L 12/27/2020 - 00:23:09: Lua Error: 
[tdw] addons/tdw/lua/tdw/api.lua:46: attempt to index local 'profile' (a nil value)
  1. callback - addons/tdw/lua/tdw/api.lua:46
   2. onsuccess - addons/tdw/lua/tdw/api.lua:15
    3. unknown - lua/includes/modules/http.lua:29


L 12/27/2020 - 00:23:13: Lua Error: 
[tdw] addons/tdw/lua/tdw/api.lua:46: attempt to index local 'profile' (a nil value)
  1. callback - addons/tdw/lua/tdw/api.lua:46
   2. onsuccess - addons/tdw/lua/tdw/api.lua:15
    3. unknown - lua/includes/modules/http.lua:29


L 12/27/2020 - 00:25:24: [ULX] Al Shebab<STEAM_0:0:103364981> spawned sent sent_lsd_paper
L 12/27/2020 - 00:25:24: Lua Error: 
[tdw] addons/tdw/lua/tdw/api.lua:46: attempt to index local 'profile' (a nil value)
  1. callback - addons/tdw/lua/tdw/api.lua:46
   2. onsuccess - addons/tdw/lua/tdw/api.lua:15
    3. unknown - lua/includes/modules/http.lua:29


L 12/27/2020 - 00:25:28: [ULX] Al Shebab<STEAM_0:0:103364981> spawned sent armory
L 12/27/2020 - 00:25:28: Lua Error: 
[tdw] addons/tdw/lua/tdw/api.lua:46: attempt to index local 'profile' (a nil value)
  1. callback - addons/tdw/lua/tdw/api.lua:46
   2. onsuccess - addons/tdw/lua/tdw/api.lua:15
    3. unknown - lua/includes/modules/http.lua:29


L 12/27/2020 - 00:25:32: [ULX] Al Shebab<STEAM_0:0:103364981> spawned sent armory
L 12/27/2020 - 00:25:32: Lua Error: 
[tdw] addons/tdw/lua/tdw/api.lua:46: attempt to index local 'profile' (a nil value)
  1. callback - addons/tdw/lua/tdw/api.lua:46
   2. onsuccess - addons/tdw/lua/tdw/api.lua:15
    3. unknown - lua/includes/modules/http.lua:29


L 12/27/2020 - 00:25:37: [ULX] Al Shebab<STEAM_0:0:103364981> spawned sent bm2_bitminer_2
L 12/27/2020 - 00:25:37: Lua Error: 
[tdw] addons/tdw/lua/tdw/api.lua:46: attempt to index local 'profile' (a nil value)
  1. callback - addons/tdw/lua/tdw/api.lua:46
   2. onsuccess - addons/tdw/lua/tdw/api.lua:15
    3. unknown - lua/includes/modules/http.lua:29


L 12/27/2020 - 00:25:42: [ULX] Al Shebab<STEAM_0:0:103364981> spawned sent bm2_extra_fuel_tank
L 12/27/2020 - 00:25:42: Lua Error: 
[tdw] addons/tdw/lua/tdw/api.lua:46: attempt to index local 'profile' (a nil value)
  1. callback - addons/tdw/lua/tdw/api.lua:46
   2. onsuccess - addons/tdw/lua/tdw/api.lua:15
    3. unknown - lua/includes/modules/http.lua:29


L 12/27/2020 - 00:25:46: [ULX] Al Shebab<STEAM_0:0:103364981> spawned sent wheel_of_luck
L 12/27/2020 - 00:25:47: Lua Error: 
[tdw] addons/tdw/lua/tdw/api.lua:46: attempt to index local 'profile' (a nil value)
  1. callback - addons/tdw/lua/tdw/api.lua:46
   2. onsuccess - addons/tdw/lua/tdw/api.lua:15
    3. unknown - lua/includes/modules/http.lua:29


L 12/27/2020 - 00:25:52: [ULX] Al Shebab<STEAM_0:0:103364981> spawned sent casinokit_blackjack
L 12/27/2020 - 00:25:52: Lua Error: 
[tdw] addons/tdw/lua/tdw/api.lua:46: attempt to index local 'profile' (a nil value)
  1. callback - addons/tdw/lua/tdw/api.lua:46
   2. onsuccess - addons/tdw/lua/tdw/api.lua:15
    3. unknown - lua/includes/modules/http.lua:29


L 12/27/2020 - 00:25:56: [ULX] Al Shebab<STEAM_0:0:103364981> spawned sent darkrp_moneypot
L 12/27/2020 - 00:25:56: Lua Error: 
[tdw] addons/tdw/lua/tdw/api.lua:46: attempt to index local 'profile' (a nil value)
  1. callback - addons/tdw/lua/tdw/api.lua:46
   2. onsuccess - addons/tdw/lua/tdw/api.lua:15
    3. unknown - lua/includes/modules/http.lua:29


L 12/27/2020 - 00:25:57: [ULX] Al Shebab<STEAM_0:0:103364981> spawned sent darkrp_moneypot
L 12/27/2020 - 00:25:58: Lua Error: 
[tdw] addons/tdw/lua/tdw/api.lua:46: attempt to index local 'profile' (a nil value)
  1. callback - addons/tdw/lua/tdw/api.lua:46
   2. onsuccess - addons/tdw/lua/tdw/api.lua:15
    3. unknown - lua/includes/modules/http.lua:29


L 12/27/2020 - 00:26:00: [ULX] Al Shebab<STEAM_0:0:103364981> spawned sent darkrp_moneypot
L 12/27/2020 - 00:26:01: Lua Error: 
[tdw] addons/tdw/lua/tdw/api.lua:46: attempt to index local 'profile' (a nil value)
  1. callback - addons/tdw/lua/tdw/api.lua:46
   2. onsuccess - addons/tdw/lua/tdw/api.lua:15
    3. unknown - lua/includes/modules/http.lua:29


L 12/27/2020 - 00:26:02: [ULX] Al Shebab<STEAM_0:0:103364981> spawned sent darkrp_moneypot
L 12/27/2020 - 00:26:02: Lua Error: 
[tdw] addons/tdw/lua/tdw/api.lua:46: attempt to index local 'profile' (a nil value)
  1. callback - addons/tdw/lua/tdw/api.lua:46
   2. onsuccess - addons/tdw/lua/tdw/api.lua:15
    3. unknown - lua/includes/modules/http.lua:29


L 12/27/2020 - 00:26:02: [ULX] Al Shebab<STEAM_0:0:103364981> spawned sent darkrp_moneypot
L 12/27/2020 - 00:26:02: [ULX] Al Shebab<STEAM_0:0:103364981> spawned sent darkrp_moneypot
L 12/27/2020 - 00:26:02: Lua Error: 
[tdw] addons/tdw/lua/tdw/api.lua:46: attempt to index local 'profile' (a nil value)
  1. callback - addons/tdw/lua/tdw/api.lua:46
   2. onsuccess - addons/tdw/lua/tdw/api.lua:15
    3. unknown - lua/includes/modules/http.lua:29


L 12/27/2020 - 00:26:02: Lua Error: 
[tdw] addons/tdw/lua/tdw/api.lua:46: attempt to index local 'profile' (a nil value)
  1. callback - addons/tdw/lua/tdw/api.lua:46
   2. onsuccess - addons/tdw/lua/tdw/api.lua:15
    3. unknown - lua/includes/modules/http.lua:29


L 12/27/2020 - 00:26:03: [ULX] Al Shebab<STEAM_0:0:103364981> spawned sent darkrp_moneypot
L 12/27/2020 - 00:26:03: [ULX] Al Shebab<STEAM_0:0:103364981> spawned sent darkrp_moneypot
L 12/27/2020 - 00:26:03: Lua Error: 
[tdw] addons/tdw/lua/tdw/api.lua:46: attempt to index local 'profile' (a nil value)
  1. callback - addons/tdw/lua/tdw/api.lua:46
   2. onsuccess - addons/tdw/lua/tdw/api.lua:15
    3. unknown - lua/includes/modules/http.lua:29


L 12/27/2020 - 00:26:03: Lua Error: 
[tdw] addons/tdw/lua/tdw/api.lua:46: attempt to index local 'profile' (a nil value)
  1. callback - addons/tdw/lua/tdw/api.lua:46
   2. onsuccess - addons/tdw/lua/tdw/api.lua:15
    3. unknown - lua/includes/modules/http.lua:29


L 12/27/2020 - 00:26:06: [ULX] Al Shebab<STEAM_0:0:103364981> spawned sent darkrp_moneypot
L 12/27/2020 - 00:26:07: Lua Error: 
[tdw] addons/tdw/lua/tdw/api.lua:46: attempt to index local 'profile' (a nil value)
  1. callback - addons/tdw/lua/tdw/api.lua:46
   2. onsuccess - addons/tdw/lua/tdw/api.lua:15
    3. unknown - lua/includes/modules/http.lua:29


L 12/27/2020 - 00:26:12: [ULX] Al Shebab<STEAM_0:0:103364981> spawned sent durgz_lsd
L 12/27/2020 - 00:26:12: Lua Error: 
[tdw] addons/tdw/lua/tdw/api.lua:46: attempt to index local 'profile' (a nil value)
  1. callback - addons/tdw/lua/tdw/api.lua:46
   2. onsuccess - addons/tdw/lua/tdw/api.lua:15
    3. unknown - lua/includes/modules/http.lua:29


L 12/27/2020 - 00:26:16: "brexit<3><STEAM_0:1:121087763><Citizen>" say "I WONDER WHAT HAPPENS WHEN I POUR GASOLINE ALL OVER MYSELF? THAT MUST BE THE CURE FOR CANCER, DUDE"

L 12/27/2020 - 00:26:21: "Jacktank<4><STEAM_0:1:51163583><>" connected, address "119.18.2.45:23949"
L 12/27/2020 - 00:26:21: [ULX] Al Shebab<STEAM_0:0:103364981> spawned sent sent_crash
L 12/27/2020 - 00:26:21: "Jacktank<4><STEAM_0:1:51163583><>" STEAM USERID validated
L 12/27/2020 - 00:26:21: Lua Error: 
[tdw] addons/tdw/lua/tdw/api.lua:46: attempt to index local 'profile' (a nil value)
  1. callback - addons/tdw/lua/tdw/api.lua:46
   2. onsuccess - addons/tdw/lua/tdw/api.lua:15
    3. unknown - lua/includes/modules/http.lua:29


L 12/27/2020 - 00:26:22: Lua Error: 
[tdw] addons/tdw/lua/tdw/api.lua:46: attempt to index local 'profile' (a nil value)
  1. callback - addons/tdw/lua/tdw/api.lua:46
   2. onsuccess - addons/tdw/lua/tdw/api.lua:15
    3. unknown - lua/includes/modules/http.lua:29


L 12/27/2020 - 00:26:23: Lua Error: 
[tdw] addons/tdw/lua/tdw/api.lua:46: attempt to index local 'profile' (a nil value)
  1. callback - addons/tdw/lua/tdw/api.lua:46
   2. onsuccess - addons/tdw/lua/tdw/api.lua:15
    3. unknown - lua/includes/modules/http.lua:29


L 12/27/2020 - 00:26:27: [ULX] Al Shebab<STEAM_0:0:103364981> spawned sent sent_crash
L 12/27/2020 - 00:26:27: Lua Error: 
[tdw] addons/tdw/lua/tdw/api.lua:46: attempt to index local 'profile' (a nil value)
  1. callback - addons/tdw/lua/tdw/api.lua:46
   2. onsuccess - addons/tdw/lua/tdw/api.lua:15
    3. unknown - lua/includes/modules/http.lua:29


L 12/27/2020 - 00:26:44: [ULX] Al Shebab<STEAM_0:0:103364981> spawned sent sent_lsd_flank_support
L 12/27/2020 - 00:26:44: Lua Error: 
[tdw] addons/tdw/lua/tdw/api.lua:46: attempt to index local 'profile' (a nil value)
  1. callback - addons/tdw/lua/tdw/api.lua:46
   2. onsuccess - addons/tdw/lua/tdw/api.lua:15
    3. unknown - lua/includes/modules/http.lua:29


L 12/27/2020 - 00:26:45: [ULX] Al Shebab<STEAM_0:0:103364981> spawned sent sent_lsd_flask
L 12/27/2020 - 00:26:45: Lua Error: 
[tdw] addons/tdw/lua/tdw/api.lua:46: attempt to index local 'profile' (a nil value)
  1. callback - addons/tdw/lua/tdw/api.lua:46
   2. onsuccess - addons/tdw/lua/tdw/api.lua:15
    3. unknown - lua/includes/modules/http.lua:29


L 12/27/2020 - 00:26:45: [ULX] Al Shebab<STEAM_0:0:103364981> spawned sent sent_lsd_flask
L 12/27/2020 - 00:26:46: Lua Error: 
[tdw] addons/tdw/lua/tdw/api.lua:46: attempt to index local 'profile' (a nil value)
  1. callback - addons/tdw/lua/tdw/api.lua:46
   2. onsuccess - addons/tdw/lua/tdw/api.lua:15
    3. unknown - lua/includes/modules/http.lua:29


L 12/27/2020 - 00:26:49: [ULX] Al Shebab<STEAM_0:0:103364981> spawned sent lean_barrel
L 12/27/2020 - 00:26:49: Lua Error: 
[tdw] addons/tdw/lua/tdw/api.lua:46: attempt to index local 'profile' (a nil value)
  1. callback - addons/tdw/lua/tdw/api.lua:46
   2. onsuccess - addons/tdw/lua/tdw/api.lua:15
    3. unknown - lua/includes/modules/http.lua:29


L 12/27/2020 - 00:26:55: [ULX] Al Shebab<STEAM_0:0:103364981> spawned sent printer_gold
L 12/27/2020 - 00:26:55: Lua Error: 
[tdw] addons/tdw/lua/tdw/api.lua:46: attempt to index local 'profile' (a nil value)
  1. callback - addons/tdw/lua/tdw/api.lua:46
   2. onsuccess - addons/tdw/lua/tdw/api.lua:15
    3. unknown - lua/includes/modules/http.lua:29


L 12/27/2020 - 00:26:58: [ULX] Al Shebab<STEAM_0:0:103364981> spawned sent printer_addon_solarpower
L 12/27/2020 - 00:26:58: Lua Error: 
[tdw] addons/tdw/lua/tdw/api.lua:46: attempt to index local 'profile' (a nil value)
  1. callback - addons/tdw/lua/tdw/api.lua:46
   2. onsuccess - addons/tdw/lua/tdw/api.lua:15
    3. unknown - lua/includes/modules/http.lua:29


L 12/27/2020 - 00:27:04: [ULX] Al Shebab<STEAM_0:0:103364981> spawned sent printer_addon_silent
L 12/27/2020 - 00:27:04: Lua Error: 
[tdw] addons/tdw/lua/tdw/api.lua:46: attempt to index local 'profile' (a nil value)
  1. callback - addons/tdw/lua/tdw/api.lua:46
   2. onsuccess - addons/tdw/lua/tdw/api.lua:15
    3. unknown - lua/includes/modules/http.lua:29


L 12/27/2020 - 00:27:04: [ULX] Al Shebab<STEAM_0:0:103364981> spawned sent printer_silver
L 12/27/2020 - 00:27:05: Lua Error: 
[tdw] addons/tdw/lua/tdw/api.lua:46: attempt to index local 'profile' (a nil value)
  1. callback - addons/tdw/lua/tdw/api.lua:46
   2. onsuccess - addons/tdw/lua/tdw/api.lua:15
    3. unknown - lua/includes/modules/http.lua:29


L 12/27/2020 - 00:27:05: [ULX] Al Shebab<STEAM_0:0:103364981> spawned sent keypad_wire
L 12/27/2020 - 00:27:05: Lua Error: 
[tdw] addons/tdw/lua/tdw/api.lua:46: attempt to index local 'profile' (a nil value)
  1. callback - addons/tdw/lua/tdw/api.lua:46
   2. onsuccess - addons/tdw/lua/tdw/api.lua:15
    3. unknown - lua/includes/modules/http.lua:29


L 12/27/2020 - 00:27:05: [ULX] Al Shebab<STEAM_0:0:103364981> spawned sent keypad
L 12/27/2020 - 00:27:05: Lua Error: 
[tdw] addons/tdw/lua/tdw/api.lua:46: attempt to index local 'profile' (a nil value)
  1. callback - addons/tdw/lua/tdw/api.lua:46
   2. onsuccess - addons/tdw/lua/tdw/api.lua:15
    3. unknown - lua/includes/modules/http.lua:29


L 12/27/2020 - 00:27:17: [ULX] Al Shebab<STEAM_0:0:103364981> spawned sent tierp_printer
L 12/27/2020 - 00:27:18: Lua Error: 
[tdw] addons/tdw/lua/tdw/api.lua:46: attempt to index local 'profile' (a nil value)
  1. callback - addons/tdw/lua/tdw/api.lua:46
   2. onsuccess - addons/tdw/lua/tdw/api.lua:15
    3. unknown - lua/includes/modules/http.lua:29


L 12/27/2020 - 00:27:23: [ULX] Al Shebab<STEAM_0:0:103364981> spawned sent chopshop
L 12/27/2020 - 00:27:23: Lua Error: 
[tdw] addons/tdw/lua/tdw/api.lua:46: attempt to index local 'profile' (a nil value)
  1. callback - addons/tdw/lua/tdw/api.lua:46
   2. onsuccess - addons/tdw/lua/tdw/api.lua:15
    3. unknown - lua/includes/modules/http.lua:29


L 12/27/2020 - 00:27:24: [ULX] Al Shebab<STEAM_0:0:103364981> spawned sent freshcardealer
L 12/27/2020 - 00:27:24: Lua Error: 
[tdw] addons/tdw/lua/tdw/api.lua:46: attempt to index local 'profile' (a nil value)
  1. callback - addons/tdw/lua/tdw/api.lua:46
   2. onsuccess - addons/tdw/lua/tdw/api.lua:15
    3. unknown - lua/includes/modules/http.lua:29


L 12/27/2020 - 00:27:26: [ULX] Al Shebab<STEAM_0:0:103364981> spawned sent freshcardealer
L 12/27/2020 - 00:27:26: Lua Error: 
[tdw] addons/tdw/lua/tdw/api.lua:46: attempt to index local 'profile' (a nil value)
  1. callback - addons/tdw/lua/tdw/api.lua:46
   2. onsuccess - addons/tdw/lua/tdw/api.lua:15
    3. unknown - lua/includes/modules/http.lua:29


L 12/27/2020 - 00:27:57: [ULX] Al Shebab<STEAM_0:0:103364981> spawned sent bit_cornet
L 12/27/2020 - 00:27:58: Lua Error: 
[tdw] addons/tdw/lua/tdw/api.lua:46: attempt to index local 'profile' (a nil value)
  1. callback - addons/tdw/lua/tdw/api.lua:46
   2. onsuccess - addons/tdw/lua/tdw/api.lua:15
    3. unknown - lua/includes/modules/http.lua:29


L 12/27/2020 - 00:28:20: Lua Error: 
[tdw] addons/tdw/lua/tdw/api.lua:46: attempt to index local 'profile' (a nil value)
  1. callback - addons/tdw/lua/tdw/api.lua:46
   2. onsuccess - addons/tdw/lua/tdw/api.lua:15
    3. unknown - lua/includes/modules/http.lua:29


L 12/27/2020 - 00:29:05: Lua Error: 
[tdw] addons/tdw/lua/tdw/api.lua:46: attempt to index local 'profile' (a nil value)
  1. callback - addons/tdw/lua/tdw/api.lua:46
   2. onsuccess - addons/tdw/lua/tdw/api.lua:15
    3. unknown - lua/includes/modules/http.lua:29


L 12/27/2020 - 00:30:57: "Jacktank<4><STEAM_0:1:51163583><>" entered the game
L 12/27/2020 - 00:30:58: Lua Error: 
[tdw] addons/tdw/lua/tdw/api.lua:46: attempt to index local 'profile' (a nil value)
  1. callback - addons/tdw/lua/tdw/api.lua:46
   2. onsuccess - addons/tdw/lua/tdw/api.lua:15
    3. unknown - lua/includes/modules/http.lua:29


L 12/27/2020 - 00:34:29: Lua Error: 
[tdw] addons/tdw/lua/tdw/api.lua:46: attempt to index local 'profile' (a nil value)
  1. callback - addons/tdw/lua/tdw/api.lua:46
   2. onsuccess - addons/tdw/lua/tdw/api.lua:15
    3. unknown - lua/includes/modules/http.lua:29


L 12/27/2020 - 00:34:31: Lua Error: 
[tdw] addons/tdw/lua/tdw/api.lua:46: attempt to index local 'profile' (a nil value)
  1. callback - addons/tdw/lua/tdw/api.lua:46
   2. onsuccess - addons/tdw/lua/tdw/api.lua:15
    3. unknown - lua/includes/modules/http.lua:29


L 12/27/2020 - 00:34:37: Lua Error: 
[tdw] addons/tdw/lua/tdw/api.lua:46: attempt to index local 'profile' (a nil value)
  1. callback - addons/tdw/lua/tdw/api.lua:46
   2. onsuccess - addons/tdw/lua/tdw/api.lua:15
    3. unknown - lua/includes/modules/http.lua:29


L 12/27/2020 - 00:36:17: "brexit<3><STEAM_0:1:121087763><Citizen>" say "!cleanup"

L 12/27/2020 - 00:36:19: "brexit<3><STEAM_0:1:121087763><Citizen>" say "!menu"

L 12/27/2020 - 00:36:31: [ULX] Al Shebab<STEAM_0:0:103364981> spawned sent durgz_aspirin
L 12/27/2020 - 00:36:31: Lua Error: 
[tdw] addons/tdw/lua/tdw/api.lua:46: attempt to index local 'profile' (a nil value)
  1. callback - addons/tdw/lua/tdw/api.lua:46
   2. onsuccess - addons/tdw/lua/tdw/api.lua:15
    3. unknown - lua/includes/modules/http.lua:29


L 12/27/2020 - 00:36:31: [ULX] Al Shebab<STEAM_0:0:103364981> spawned sent durgz_cigarette
L 12/27/2020 - 00:36:32: [ULX] Al Shebab<STEAM_0:0:103364981> spawned sent durgz_cocaine
L 12/27/2020 - 00:36:32: Lua Error: 
[tdw] addons/tdw/lua/tdw/api.lua:46: attempt to index local 'profile' (a nil value)
  1. callback - addons/tdw/lua/tdw/api.lua:46
   2. onsuccess - addons/tdw/lua/tdw/api.lua:15
    3. unknown - lua/includes/modules/http.lua:29


L 12/27/2020 - 00:36:32: Lua Error: 
[tdw] addons/tdw/lua/tdw/api.lua:46: attempt to index local 'profile' (a nil value)
  1. callback - addons/tdw/lua/tdw/api.lua:46
   2. onsuccess - addons/tdw/lua/tdw/api.lua:15
    3. unknown - lua/includes/modules/http.lua:29


L 12/27/2020 - 00:36:32: [ULX] Al Shebab<STEAM_0:0:103364981> spawned sent durgz_heroine
L 12/27/2020 - 00:36:32: Lua Error: 
[tdw] addons/tdw/lua/tdw/api.lua:46: attempt to index local 'profile' (a nil value)
  1. callback - addons/tdw/lua/tdw/api.lua:46
   2. onsuccess - addons/tdw/lua/tdw/api.lua:15
    3. unknown - lua/includes/modules/http.lua:29


L 12/27/2020 - 00:36:33: [ULX] Al Shebab<STEAM_0:0:103364981> spawned sent durgz_lsd
L 12/27/2020 - 00:36:33: [ULX] Al Shebab<STEAM_0:0:103364981> spawned sent durgz_weed
L 12/27/2020 - 00:36:33: [ULX] Al Shebab<STEAM_0:0:103364981> spawned sent durgz_meth
L 12/27/2020 - 00:36:33: Lua Error: 
[tdw] addons/tdw/lua/tdw/api.lua:46: attempt to index local 'profile' (a nil value)
  1. callback - addons/tdw/lua/tdw/api.lua:46
   2. onsuccess - addons/tdw/lua/tdw/api.lua:15
    3. unknown - lua/includes/modules/http.lua:29


L 12/27/2020 - 00:36:33: Lua Error: 
[tdw] addons/tdw/lua/tdw/api.lua:46: attempt to index local 'profile' (a nil value)
  1. callback - addons/tdw/lua/tdw/api.lua:46
   2. onsuccess - addons/tdw/lua/tdw/api.lua:15
    3. unknown - lua/includes/modules/http.lua:29


L 12/27/2020 - 00:36:33: Lua Error: 
[tdw] addons/tdw/lua/tdw/api.lua:46: attempt to index local 'profile' (a nil value)
  1. callback - addons/tdw/lua/tdw/api.lua:46
   2. onsuccess - addons/tdw/lua/tdw/api.lua:15
    3. unknown - lua/includes/modules/http.lua:29


L 12/27/2020 - 00:36:34: [ULX] Al Shebab<STEAM_0:0:103364981> spawned sent durgz_water
L 12/27/2020 - 00:36:34: [ULX] Al Shebab<STEAM_0:0:103364981> spawned sent durgz_pcp
L 12/27/2020 - 00:36:34: Lua Error: 
[tdw] addons/tdw/lua/tdw/api.lua:46: attempt to index local 'profile' (a nil value)
  1. callback - addons/tdw/lua/tdw/api.lua:46
   2. onsuccess - addons/tdw/lua/tdw/api.lua:15
    3. unknown - lua/includes/modules/http.lua:29


L 12/27/2020 - 00:36:35: Lua Error: 
[tdw] addons/tdw/lua/tdw/api.lua:46: attempt to index local 'profile' (a nil value)
  1. callback - addons/tdw/lua/tdw/api.lua:46
   2. onsuccess - addons/tdw/lua/tdw/api.lua:15
    3. unknown - lua/includes/modules/http.lua:29


L 12/27/2020 - 00:36:35: [ULX] Al Shebab<STEAM_0:0:103364981> spawned sent durgz_mushroom
L 12/27/2020 - 00:36:35: Lua Error: 
[tdw] addons/tdw/lua/tdw/api.lua:46: attempt to index local 'profile' (a nil value)
  1. callback - addons/tdw/lua/tdw/api.lua:46
   2. onsuccess - addons/tdw/lua/tdw/api.lua:15
    3. unknown - lua/includes/modules/http.lua:29


L 12/27/2020 - 00:36:44: "Al Shebab<2><STEAM_0:0:103364981><Black Market Dealer>" say "I WONDER WHAT HAPPENS WHEN I POUR GASOLINE ALL OVER MYSELF? THAT MUST BE THE CURE FOR CANCER, DUDE"

L 12/27/2020 - 00:36:45: [ULX] Jacktank<STEAM_0:1:51163583> spawned sent durgz_pcp
L 12/27/2020 - 00:36:45: Lua Error: 
[tdw] addons/tdw/lua/tdw/api.lua:46: attempt to index local 'profile' (a nil value)
  1. callback - addons/tdw/lua/tdw/api.lua:46
   2. onsuccess - addons/tdw/lua/tdw/api.lua:15
    3. unknown - lua/includes/modules/http.lua:29


L 12/27/2020 - 00:36:45: "Al Shebab<2><STEAM_0:0:103364981><Black Market Dealer>" say "MY ARMS ARE LIKE FUCKING CANNONS"

L 12/27/2020 - 00:36:46: "Al Shebab<2><STEAM_0:0:103364981><Black Market Dealer>" say "It's my arm man! My fuckin' arm!"

L 12/27/2020 - 00:36:48: "Jacktank<4><STEAM_0:1:51163583><Drug Dealer>" say "HELLO. MY NAME IS JARED AND I LIKE FOOTBALL."

L 12/27/2020 - 00:36:56: Lua Error: 
[tdw] addons/tdw/lua/tdw/api.lua:46: attempt to index local 'profile' (a nil value)
  1. callback - addons/tdw/lua/tdw/api.lua:46
   2. onsuccess - addons/tdw/lua/tdw/api.lua:15
    3. unknown - lua/includes/modules/http.lua:29


L 12/27/2020 - 00:37:01: [ULX] Jacktank<STEAM_0:1:51163583> spawned sent durgz_water
L 12/27/2020 - 00:37:01: Lua Error: 
[tdw] addons/tdw/lua/tdw/api.lua:46: attempt to index local 'profile' (a nil value)
  1. callback - addons/tdw/lua/tdw/api.lua:46
   2. onsuccess - addons/tdw/lua/tdw/api.lua:15
    3. unknown - lua/includes/modules/http.lua:29


L 12/27/2020 - 00:37:02: [ULX] Jacktank<STEAM_0:1:51163583> spawned sent durgz_water
L 12/27/2020 - 00:37:02: Lua Error: 
[tdw] addons/tdw/lua/tdw/api.lua:46: attempt to index local 'profile' (a nil value)
  1. callback - addons/tdw/lua/tdw/api.lua:46
   2. onsuccess - addons/tdw/lua/tdw/api.lua:15
    3. unknown - lua/includes/modules/http.lua:29


L 12/27/2020 - 00:37:03: [ULX] Jacktank<STEAM_0:1:51163583> spawned sent durgz_water
L 12/27/2020 - 00:37:03: Lua Error: 
[tdw] addons/tdw/lua/tdw/api.lua:46: attempt to index local 'profile' (a nil value)
  1. callback - addons/tdw/lua/tdw/api.lua:46
   2. onsuccess - addons/tdw/lua/tdw/api.lua:15
    3. unknown - lua/includes/modules/http.lua:29


L 12/27/2020 - 00:37:03: [ULX] Jacktank<STEAM_0:1:51163583> spawned sent durgz_water
L 12/27/2020 - 00:37:03: [ULX] Jacktank<STEAM_0:1:51163583> spawned sent durgz_water
L 12/27/2020 - 00:37:03: Lua Error: 
[tdw] addons/tdw/lua/tdw/api.lua:46: attempt to index local 'profile' (a nil value)
  1. callback - addons/tdw/lua/tdw/api.lua:46
   2. onsuccess - addons/tdw/lua/tdw/api.lua:15
    3. unknown - lua/includes/modules/http.lua:29


L 12/27/2020 - 00:37:03: Lua Error: 
[tdw] addons/tdw/lua/tdw/api.lua:46: attempt to index local 'profile' (a nil value)
  1. callback - addons/tdw/lua/tdw/api.lua:46
   2. onsuccess - addons/tdw/lua/tdw/api.lua:15
    3. unknown - lua/includes/modules/http.lua:29


L 12/27/2020 - 00:37:04: [ULX] Jacktank<STEAM_0:1:51163583> spawned sent durgz_water
L 12/27/2020 - 00:37:04: [ULX] Jacktank<STEAM_0:1:51163583> spawned sent durgz_water
L 12/27/2020 - 00:37:04: Lua Error: 
[tdw] addons/tdw/lua/tdw/api.lua:46: attempt to index local 'profile' (a nil value)
  1. callback - addons/tdw/lua/tdw/api.lua:46
   2. onsuccess - addons/tdw/lua/tdw/api.lua:15
    3. unknown - lua/includes/modules/http.lua:29


L 12/27/2020 - 00:37:04: Lua Error: 
[tdw] addons/tdw/lua/tdw/api.lua:46: attempt to index local 'profile' (a nil value)
  1. callback - addons/tdw/lua/tdw/api.lua:46
   2. onsuccess - addons/tdw/lua/tdw/api.lua:15
    3. unknown - lua/includes/modules/http.lua:29


L 12/27/2020 - 00:37:06: [ULX] Al Shebab<STEAM_0:0:103364981> spawned sent durgz_water
L 12/27/2020 - 00:37:06: [ULX] brexit cleared decals
L 12/27/2020 - 00:37:06: Lua Error: 
[tdw] addons/tdw/lua/tdw/api.lua:46: attempt to index local 'profile' (a nil value)
  1. callback - addons/tdw/lua/tdw/api.lua:46
   2. onsuccess - addons/tdw/lua/tdw/api.lua:15
    3. unknown - lua/includes/modules/http.lua:29


L 12/27/2020 - 00:37:06: [ULX] Al Shebab<STEAM_0:0:103364981> spawned sent durgz_water
L 12/27/2020 - 00:37:06: [ULX] Al Shebab<STEAM_0:0:103364981> spawned sent durgz_water
L 12/27/2020 - 00:37:06: L