[14:41:30] [main/INFO]: Environment: authHost='https://authserver.mojang.com', accountsHost='https://api.mojang.com', sessionHost='https://sessionserver.mojang.com', servicesHost='https://api.minecraftservices.com', name='PROD'
[14:41:31] [main/INFO]: Reloading ResourceManager: Default, bukkit
[14:41:31] [Worker-Main-5/INFO]: Loaded 7 recipes
[14:41:32] [Server thread/INFO]: Starting minecraft server version 1.16.4
[14:41:32] [Server thread/INFO]: Loading properties
[14:41:33] [Server thread/INFO]: This server is running Paper version git-Paper-324 (MC: 1.16.4) (Implementing API version 1.16.4-R0.1-SNAPSHOT)
[14:41:33] [Server thread/INFO]: Debug logging is disabled
[14:41:33] [Server thread/INFO]: Using 4 threads for Netty based IO
[14:41:33] [Server thread/INFO]: Server Ping Player Sample Count: 12
[14:41:33] [Server thread/INFO]: Default game type: SURVIVAL
[14:41:33] [Server thread/INFO]: Generating keypair
[14:41:33] [Server thread/INFO]: Starting Minecraft server on *:25565
[14:41:33] [Server thread/INFO]: Using default channel type
[14:41:35] [Server thread/WARN]: Initializing Legacy Material Support. Unless you have legacy plugins and/or data this is a bug!
[14:41:42] [Server thread/WARN]: Legacy plugin NightVision v2.0 does not specify an api-version.
[14:41:42] [Server thread/WARN]: Legacy plugin SaneEconomy v0.17.0-SNAPSHOT does not specify an api-version.
[14:41:43] [Server thread/INFO]: [NightVision] Loading NightVision v2.0
[14:41:43] [Server thread/INFO]: [Vault] Loading Vault v1.7.3-b${env.TRAVIS_BUILD_NUMBER}
[14:41:43] [Server thread/INFO]: [SaneEconomy] Loading SaneEconomy v0.17.0-SNAPSHOT
[14:41:43] [Server thread/INFO]: [PlaceholderAPI] Loading PlaceholderAPI v2.10.9
[14:41:43] [Server thread/INFO]: [TAB] Loading TAB v2.8.9
[14:41:43] [Server thread/INFO]: [WorldEdit] Loading WorldEdit v7.2.0+a51fa43
[14:41:44] [Server thread/INFO]: Got request to register class com.sk89q.worldedit.bukkit.BukkitServerInterface with WorldEdit [com.sk89q.worldedit.extension.platform.PlatformManager@6336aeb5]
[14:41:44] [Server thread/INFO]: [WorldGuard] Loading WorldGuard v7.0.4+f7ff984
[14:41:44] [Server thread/INFO]: [CMI] Loading CMI v8.7.11.3
[14:41:44] [Server thread/INFO]: [Prison] Loading Prison v3.2.3
[14:41:44] [Server thread/INFO]: Server permissions file permissions.yml is empty, ignoring it
[14:41:44] [Server thread/INFO]: [Vault] Enabling Vault v1.7.3-b${env.TRAVIS_BUILD_NUMBER}
[14:41:44] [Server thread/INFO]: [Vault] [Permission] SuperPermissions loaded as backup permission system.
[14:41:44] [Server thread/INFO]: [Vault] Enabled Version 1.7.3-b${env.TRAVIS_BUILD_NUMBER}
[14:41:44] [Server thread/INFO]: [SaneEconomy] Enabling SaneEconomy v0.17.0-SNAPSHOT*
[14:41:44] [Server thread/INFO]: [SaneEconomy] Using YAML-backed I18n from D:\Dev shit\Aystralia Network MC\Prison Server\plugins\SaneEconomy\messages.yml
[14:41:44] [Server thread/INFO]: [SaneEconomy] Initializing currency...
[14:41:44] [Server thread/INFO]: [SaneEconomy] Initialized currency: dollars
[14:41:44] [Server thread/INFO]: [SaneEconomy] Initializing economy storage backend...
[14:41:44] [Server thread/INFO]: [SaneEconomy] Initialized JSON backend with file D:\Dev shit\Aystralia Network MC\Prison Server\plugins\SaneEconomy\economy.json
[14:41:44] [Server thread/INFO]: [SaneEconomy] Performing initial data load...
[14:41:44] [Server thread/INFO]: [SaneEconomy] Data loaded!
[14:41:44] [Server thread/INFO]: [SaneEconomy] Initializing commands...
[14:41:44] [Server thread/INFO]: [SaneEconomy] Initialized commands.
[14:41:44] [Server thread/INFO]: [SaneEconomy] Initializing listeners...
[14:41:44] [Server thread/INFO]: [SaneEconomy] Initialized listeners.
[14:41:44] [Server thread/INFO]: [SaneEconomy] Hooked into Vault.
[14:41:44] [Server thread/INFO]: [WorldEdit] Enabling WorldEdit v7.2.0+a51fa43
[14:41:44] [Server thread/INFO]: WEPIF: Vault detected! Using Vault for permissions
[14:41:44] [Server thread/INFO]: Using com.sk89q.worldedit.bukkit.adapter.impl.Spigot_v1_16_R3 as the Bukkit adapter
[14:41:46] [Server thread/INFO]: Preparing level "world"
[14:41:46] [Server thread/INFO]: Registering commands with com.sk89q.worldedit.bukkit.BukkitServerInterface
[14:41:47] [Server thread/INFO]: Preparing start region for dimension minecraft:overworld
[14:41:48] [Server thread/INFO]: Loaded 0 spawn chunks for world world
[14:41:48] [Server thread/INFO]: Preparing spawn area: 0%
[14:41:48] [Server thread/INFO]: Preparing spawn area: 0%
[14:41:48] [Server thread/INFO]: Time elapsed: 789 ms
[14:41:48] [Server thread/INFO]: Preparing start region for dimension minecraft:the_nether
[14:41:48] [Server thread/INFO]: Loaded 0 spawn chunks for world world_nether
[14:41:48] [Server thread/INFO]: Preparing spawn area: 0%
[14:41:48] [Server thread/INFO]: Time elapsed: 376 ms
[14:41:48] [Server thread/INFO]: Preparing start region for dimension minecraft:the_end
[14:41:48] [Server thread/INFO]: Loaded 0 spawn chunks for world world_the_end
[14:41:48] [Worker-Main-7/INFO]: Preparing spawn area: 0%
[14:41:49] [Worker-Main-6/INFO]: Preparing spawn area: 0%
[14:41:49] [Worker-Main-6/INFO]: Preparing spawn area: 0%
[14:41:50] [Worker-Main-7/INFO]: Preparing spawn area: 0%
[14:41:50] [Worker-Main-7/INFO]: Preparing spawn area: 0%
[14:41:50] [Server thread/INFO]: Time elapsed: 2360 ms
[14:41:50] [Server thread/INFO]: [NightVision] Enabling NightVision v2.0*
[14:41:50] [Server thread/INFO]: [PlaceholderAPI] Enabling PlaceholderAPI v2.10.9
[14:41:51] [Server thread/INFO]: [PlaceholderAPI] Fetching available expansion information...
[14:41:51] [Server thread/INFO]: [TAB] Enabling TAB v2.8.9
[14:41:51] [Server thread/INFO]: [TAB] Server version: 1.16.4 (v1_16_R3)
[14:41:51] [Server thread/INFO]: [TAB] Unknown animation "barcolors" used in configuration. You need to define it in animations.yml
[14:41:51] [Server thread/INFO]: [TAB] There was 1 startup warning.
[14:41:51] [Server thread/INFO]: [TAB] Enabled in 254ms
[14:41:51] [Server thread/INFO]: [WorldGuard] Enabling WorldGuard v7.0.4+f7ff984
[14:41:52] [Server thread/INFO]: [WorldGuard] (world) TNT ignition is PERMITTED.
[14:41:52] [Server thread/INFO]: [WorldGuard] (world) Lighters are PERMITTED.
[14:41:52] [Server thread/INFO]: [WorldGuard] (world) Lava fire is PERMITTED.
[14:41:52] [Server thread/INFO]: [WorldGuard] (world) Fire spread is UNRESTRICTED.
[14:41:52] [Server thread/INFO]: [WorldGuard] Loaded configuration for world 'world'
[14:41:52] [Server thread/INFO]: [WorldGuard] (world_nether) TNT ignition is PERMITTED.
[14:41:52] [Server thread/INFO]: [WorldGuard] (world_nether) Lighters are PERMITTED.
[14:41:52] [Server thread/INFO]: [WorldGuard] (world_nether) Lava fire is PERMITTED.
[14:41:52] [Server thread/INFO]: [WorldGuard] (world_nether) Fire spread is UNRESTRICTED.
[14:41:52] [Server thread/INFO]: [WorldGuard] Loaded configuration for world 'world_nether'
[14:41:52] [Server thread/INFO]: [WorldGuard] (world_the_end) TNT ignition is PERMITTED.
[14:41:52] [Server thread/INFO]: [WorldGuard] (world_the_end) Lighters are PERMITTED.
[14:41:52] [Server thread/INFO]: [WorldGuard] (world_the_end) Lava fire is PERMITTED.
[14:41:52] [Server thread/INFO]: [WorldGuard] (world_the_end) Fire spread is UNRESTRICTED.
[14:41:52] [Server thread/INFO]: [WorldGuard] Loaded configuration for world 'world_the_end'
[14:41:52] [Server thread/INFO]: [WorldGuard] Loading region data...
[14:41:52] [Server thread/INFO]: [CMI] Enabling CMI v8.7.11.3
[14:41:53] [Server thread/INFO]: [CMIPaperLib] Enabling CMIPaperLib v1.0.0
[14:41:56] [Server thread/INFO]: ????? ?????? ????
[14:41:56] [Server thread/INFO]: ????? ? ?? ? ????
[14:41:56] [Server thread/INFO]: ?? ?? ??????  ?? 
[14:41:56] [Server thread/INFO]: ?? ?? ??????  ?? 
[14:41:56] [Server thread/INFO]: ????? ?????? ????
[14:41:56] [Server thread/INFO]: ????? ?????? ????
[14:41:56] [Server thread/INFO]: _______________________________________________________
[14:41:56] [Server thread/INFO]:   Integrating PaperSpigot async methods
[14:41:58] [Server thread/INFO]:   54 Enabled and 0 Disabled modules
[14:41:58] [Server thread/INFO]:   Permission plugin: Vault
[14:41:58] [Server thread/INFO]:   Initialized Cipher256 AES
[14:41:59] [Server thread/INFO]:   Loaded (52) regular alias into memory. Took 95ms
[14:41:59] [Server thread/INFO]:   Loaded (1) custom text's into memory. Took 27ms
[14:41:59] [Server thread/INFO]:   3.32.3 data base type detected
[14:41:59] [Server thread/INFO]:   Started SqLite data base. Took 360ms
[14:41:59] [Server thread/INFO]:   Vault was found - Enabling capabilities. Economy: SaneEconomy
[14:41:59] [Server thread/INFO]:   Loaded (5) warning categories into memory. Took 1ms
[14:41:59] [Server thread/INFO]:   Loaded (3) warning commands into memory. Took 0ms
[14:42:00] [Server thread/INFO]:   Loaded (131) custom mob heads into memory. Took 45ms
[14:42:00] [Server thread/INFO]:   Loaded (0) cooldowns into memory. Took 55ms
[14:42:00] [Server thread/INFO]:   Initializing BungeeCord
[14:42:00] [Server thread/INFO]:   Loaded (5) kits into memory. Took 42ms
[14:42:00] [Server thread/INFO]:   Loaded (7) ranks into memory. Took 47ms
[14:42:00] [Server thread/INFO]:   Loaded (8) playtime rewards into memory. Took 36ms
[14:42:00] [Server thread/INFO]:   Loaded (1) player data into memory. Took 10ms
[14:42:00] [Server thread/INFO]:   Loaded (0) playtime records into memory. Took 0ms
[14:42:00] [Server thread/INFO]:   Loaded (0) playtime reward records into memory. Took 0ms
[14:42:01] [Server thread/INFO]:   Registered events. Took 709ms
[14:42:01] [Server thread/INFO]:   Loaded (0) event action commands into memory. Took 17ms
[14:42:01] [Server thread/INFO]:   Updated (EN) language file. Took 242ms
[14:42:01] [Server thread/INFO]:   Loaded (245) worth values into memory. Took 41ms
[14:42:01] [Server thread/INFO]:   Vault permissions was found - Enabling capabilities.
[14:42:01] [Server thread/INFO]: [PlaceholderAPI] Successfully registered expansion: cmi
[14:42:01] [Server thread/INFO]:   PlaceholderAPI hooked.
[14:42:01] [Server thread/INFO]:   PlaceholderAPI was found - Enabling capabilities.
[14:42:01] [Server thread/INFO]:   Starting world timer.
[14:42:01] [Server thread/INFO]:   Initializing world manager.
[14:42:01] [Server thread/INFO]:   Loaded (5) schedules into memory. Took 43ms
[14:42:01] [Server thread/INFO]:   Loaded GeoIP
[14:42:01] [Server thread/INFO]:   Loaded (0) skin cache entries into memory. Took 0ms
[14:42:01] [Server thread/INFO]:   Version 8.7.11.3 has been enabled
[14:42:01] [Server thread/INFO]: ???????????????????????????????????????????????????????
[14:42:01] [Server thread/INFO]: [Prison] Enabling Prison v3.2.3
[14:42:01] [Server thread/INFO]: [Prison] Using version adapter tech.mcprison.prison.spigot.compat.Spigot113
[14:42:01] [Server thread/INFO]: | Prison |  
[14:42:01] [Server thread/INFO]: | Prison |   _____      _                 
[14:42:01] [Server thread/INFO]: | Prison |  |  __ \    (_)                
[14:42:01] [Server thread/INFO]: | Prison |  | |__) | __ _ ___  ___  _ __  
[14:42:01] [Server thread/INFO]: | Prison |  |  ___/ '__| / __|/ _ \| '_ \
[14:42:01] [Server thread/INFO]: | Prison |  | |   | |  | \__ \ (_) | | | |
[14:42:01] [Server thread/INFO]: | Prison |  |_|   |_|  |_|___/\___/|_| |_|
[14:42:01] [Server thread/INFO]: | Prison |  
[14:42:01] [Server thread/INFO]: | Prison |  Loading Prison version: 3.2.3
[14:42:01] [Server thread/INFO]: | Prison |  Running on platform: SpigotPlatform
[14:42:01] [Server thread/INFO]: | Prison |  Minecraft version: git-Paper-324 (MC: 1.16.4)
[14:42:01] [Server thread/INFO]: | Prison |  
[14:42:01] [Server thread/INFO]: | Prison |  Enabling and starting...
[14:42:02] [Server thread/INFO]: | Prison |  Enabled Prison v3.2.3 in 285 milliseconds.
[14:42:02] [Server thread/INFO]: | Prison |  ###--### AutoFeaturesFileConfig: test autoPickupBlockNameList: length = 2  value = [coal_block, iron_ore] 
[14:42:02] [Server thread/INFO]: | Prison |  ### VaultEconomyWrapper : vaultVersion = 1.7.3-b${env.TRAVIS_BUILD_NUMBER}  is pre1_4= true
[14:42:02] [Server thread/INFO]: | Prison |  SaneEconomy is not directly enabled - Available as backup. 
[14:42:02] [Server thread/INFO]: [PlaceholderAPI] Successfully registered expansion: prison
[14:42:02] [Server thread/INFO]: | Prison |  Mines Module enablement starting...
[14:42:02] [Server thread/INFO]: | Prison |  Mines Module enabled successfully in 206 milliseconds.
[14:42:02] [Server thread/INFO]: | Prison |  Ranks Module enablement starting...
[14:42:02] [Server thread/INFO]: | Prison |  Loaded 0 ranks.
[14:42:02] [Server thread/INFO]: | Prison |  Loaded 2 ladders.
[14:42:02] [Server thread/INFO]: | Prison |  Loaded 1 players.
[14:42:02] [Server thread/INFO]: | Prison |  Ranks by ladders:
[14:42:02] [Server thread/INFO]: | Prison |    default: 
[14:42:02] [Server thread/INFO]: | Prison |    prestiges: 
[14:42:02] [Server thread/INFO]: | Prison |    none: 
[14:42:02] [Server thread/INFO]: | Prison |  Ranks Module enabled successfully in 67 milliseconds.
[14:42:02] [Server thread/INFO]: | Prison |  Loaded 0 mines and submitted with a 5000 millisecond offset timing for auto resets.
[14:42:02] [Server thread/INFO]: [PlaceholderAPI] Successfully registered expansion: prison
[14:42:02] [Server thread/INFO]: | Prison |  Total placeholders generated: 100
[14:42:02] [Server thread/INFO]: | Prison |    PLAYER: 24
[14:42:02] [Server thread/INFO]: | Prison |    LADDERS: 48
[14:42:02] [Server thread/INFO]: | Prison |    PLAYERMINES: 28
[14:42:02] [Server thread/INFO]: | Prison |    ALIAS: 50
[14:42:02] [Server thread/INFO]: | Prison |  Total placeholders available to be Registered: 100
[14:42:02] [Server thread/INFO]: | Prison |  A total of 0 Mines and Ranks have been linked together.
[14:42:02] [Server thread/INFO]: | Prison |  ------------- < /prison version > ---------------
[14:42:02] [Server thread/INFO]: | Prison |  Prison Version: 3.2.3
[14:42:02] [Server thread/INFO]: | Prison |  Running on Platform: tech.mcprison.prison.spigot.SpigotPlatform
[14:42:02] [Server thread/INFO]: | Prison |  Minecraft Version: git-Paper-324 (MC: 1.16.4)
[14:42:02] [Server thread/INFO]: | Prison |  
[14:42:02] [Server thread/INFO]: | Prison |  Commands: /prison
[14:42:02] [Server thread/INFO]: | Prison |  Module: Mines : Enabled 
[14:42:02] [Server thread/INFO]: | Prison |      Base Commands: /mines
[14:42:02] [Server thread/INFO]: | Prison |  Module: Ranks : Enabled 
[14:42:02] [Server thread/INFO]: | Prison |      Base Commands: /ranks /rankup /rankupMax /prestige /prestiges
[14:42:02] [Server thread/INFO]: | Prison |  
[14:42:02] [Server thread/INFO]: | Prison |  Integrations:
[14:42:02] [Server thread/INFO]: | Prison |      Permissions: SuperPerms (Vault)
[14:42:02] [Server thread/INFO]: | Prison |      Economy: SaneEconomy (Vault)
[14:42:02] [Server thread/INFO]: | Prison |  Integration Type: ECONOMY
[14:42:02] [Server thread/INFO]: | Prison |      SaneEconomy (Vault) <Active> [URL]
[14:42:02] [Server thread/INFO]: | Prison |      Essentials (EssentialsX) <Inactive> [URL]
[14:42:02] [Server thread/INFO]: | Prison |      SaneEconomy (API v0.15.0) (disabled) <Inactive> [URL]
[14:42:02] [Server thread/INFO]: | Prison |      GemsEconomy <Inactive> [URL]
[14:42:02] [Server thread/INFO]: | Prison |  Integration Type: PERMISSION
[14:42:02] [Server thread/INFO]: | Prison |      SuperPerms (Vault) <Active> 
[14:42:02] [Server thread/INFO]: | Prison |      LuckPerms (LuckPermsV5) <Inactive> [URL]
[14:42:02] [Server thread/INFO]: | Prison |      LuckPerms (LuckPerms-Legacy) <Inactive> [URL]
[14:42:02] [Server thread/INFO]: | Prison |  Integration Type: PLACEHOLDER
[14:42:02] [Server thread/INFO]: | Prison |      To list all or search for placeholders see: /prison placeholders
[14:42:02] [Server thread/INFO]: | Prison |      MVdWPlaceholderAPI <Inactive> [URL]
[14:42:02] [Server thread/INFO]: | Prison |      PlaceholderAPI <Active> [URL]
[14:42:02] [Server thread/INFO]: | Prison |      MVdWPlaceholderAPI <Inactive> [URL]
[14:42:02] [Server thread/INFO]: | Prison |      PlaceholderAPI <Active> [URL]
[14:42:02] [Server thread/INFO]: | Prison |  Integration Type: WORLDGUARD
[14:42:02] [Server thread/INFO]: | Prison |      WorldGuard integration has not been added to Prison yet. WorldGuard can still be used normally since this is not an error.
[14:42:02] [Server thread/INFO]: | Prison |  Integration Type: CUSTOMBLOCK
[14:42:02] [Server thread/INFO]: | Prison |      CustomItems <Inactive> [URL]
[14:42:02] [Server thread/INFO]: | Prison |  Registered Plugins: 
[14:42:02] [Server thread/INFO]: | Prison |    NightVision (2.0),  Vault (1.7.3-b${env.TRAVIS_BUILD_NUMBER})
[14:42:02] [Server thread/INFO]: | Prison |    SaneEconomy (0.17.0-SNAPSHOT),  PlaceholderAPI (2.10.9)
[14:42:02] [Server thread/INFO]: | Prison |    TAB (2.8.9),  WorldEdit (7.2.0+a51fa43)
[14:42:02] [Server thread/INFO]: | Prison |    WorldGuard (7.0.4+f7ff984),  CMI (8.7.11.3)
[14:42:02] [Server thread/INFO]: | Prison |    Prison (3.2.3),  CMIPaperLib (1.0.0)
[14:42:02] [Server thread/INFO]: | Prison |  Prison - Finished loading.
[14:42:02] [Server thread/INFO]: [PlaceholderAPI] Placeholder expansion registration initializing...
[14:42:02] [Server thread/INFO]: No expansions were registered!
[14:42:02] [Server thread/INFO]: Running delayed init tasks
[14:42:02] [Server thread/INFO]: [PlaceholderAPI] Successfully registered expansion: tab
[14:42:02] [Craft Scheduler Thread - 4/INFO]: [Vault] Checking for Updates ... 
[14:42:02] [Server thread/INFO]: Done (29.858s)! For help, type "help"
[14:42:02] [Server thread/WARN]: [io.papermc.paper.util.PaperJvmChecker] ************************************************************
[14:42:02] [Server thread/WARN]: [io.papermc.paper.util.PaperJvmChecker] * WARNING - YOU ARE RUNNING AN OUTDATED VERSION OF JAVA.
[14:42:02] [Server thread/WARN]: [io.papermc.paper.util.PaperJvmChecker] * PAPER WILL STOP BEING COMPATIBLE WITH THIS VERSION OF
[14:42:02] [Server thread/WARN]: [io.papermc.paper.util.PaperJvmChecker] * JAVA WHEN MINECRAFT 1.17 IS RELEASED.
[14:42:02] [Server thread/WARN]: [io.papermc.paper.util.PaperJvmChecker] *
[14:42:02] [Server thread/WARN]: [io.papermc.paper.util.PaperJvmChecker] * Please update the version of Java you use to run Paper
[14:42:02] [Server thread/WARN]: [io.papermc.paper.util.PaperJvmChecker] * to at least Java 11. When Paper for Minecraft 1.17 is
[14:42:02] [Server thread/WARN]: [io.papermc.paper.util.PaperJvmChecker] * released support for versions of Java before 11 will
[14:42:02] [Server thread/WARN]: [io.papermc.paper.util.PaperJvmChecker] * be dropped.
[14:42:02] [Server thread/WARN]: [io.papermc.paper.util.PaperJvmChecker] *
[14:42:02] [Server thread/WARN]: [io.papermc.paper.util.PaperJvmChecker] * Current Java version: 1.8.0_271
[14:42:02] [Server thread/WARN]: [io.papermc.paper.util.PaperJvmChecker] *
[14:42:02] [Server thread/WARN]: [io.papermc.paper.util.PaperJvmChecker] * Check this forum post for more information: 
[14:42:02] [Server thread/WARN]: [io.papermc.paper.util.PaperJvmChecker] *   https://papermc.io/java11
[14:42:02] [Server thread/WARN]: [io.papermc.paper.util.PaperJvmChecker] ************************************************************
[14:42:02] [Server thread/INFO]: Timings Reset
[14:42:03] [Craft Scheduler Thread - 4/INFO]: [Vault] No new version available
[14:42:16] [User Authenticator #1/INFO]: UUID of player AimJunkiesFeeyne is 5e9388ba-0573-444c-a761-b6d9174042af
[14:42:17] [Server thread/INFO]: AimJunkiesFeeyne joined the game
[14:42:17] [Server thread/INFO]: AimJunkiesFeeyne[/127.0.0.1:60820] logged in with entity id 437 at ([world]-664.6300427486407, 59.889088931479364, 678.323689619922)
[14:43:13] [Server thread/INFO]: AimJunkiesFeeyne issued server command: //paste GreekMineByJusser
[14:43:18] [Server thread/INFO]: AimJunkiesFeeyne issued server command: //paste GreekMineByJusser
[14:43:23] [Server thread/INFO]: AimJunkiesFeeyne issued server command: //paste
[14:43:28] [Server thread/INFO]: AimJunkiesFeeyne issued server command: //copy GreekMineByJusser
[14:44:22] [Server thread/INFO]: AimJunkiesFeeyne issued server command: /nv
[14:45:07] [Server thread/INFO]: AimJunkiesFeeyne lost connection: Disconnected
[14:45:07] [Server thread/INFO]: AimJunkiesFeeyne left the game
